Model: UNetImproved
Loss Function: CombinedLoss
Optimizer: Adam
Learning Rate: 0.0001
Scheduler: CosineAnnealingLR
Scheduler Params: {'T_max': 10, 'eta_min': 1e-06}
Batch Size: 16
Epochs: 50
Seed: 42
Dataset Details:
Dataset Path: /net/ens/am4ip/datasets/project-dataset
Train Split: 0.8
Validation Split: 0.1
Test Split: 0.1
Augmentation Details:
Use Augmentation: False

    Epoch 1:
      Train Loss: 2.0846, Train Accuracy: 0.5818
      Val Loss: 2.0007
      Metrics:
        val_loss: 2.0007
        val_accuracy: 0.6292
        IoU: { Unlabeled: 0.0011, Unused: 0.0000, Unused: 0.0000, Unused: 0.0000, Static: 0.0000, Dynamic: 0.0000, Ground: 0.0000, Road: 0.8607, Sidewalk: 0.0000, Parking: 0.0000, Rail track: 0.0000, Building: 0.6640, Wall: 0.0000, Fence: 0.0000, Guard rail: 0.0000, Bridge: 0.0000, Tunnel: 0.0000, Pole: 0.0000, Pole group: 0.0000, Traffic light: 0.0000, Traffic sign: 0.0000, Vegetation: 0.0032, Terrain: 0.0000, Sky: 0.8060, Person: 0.0000, Rider: 0.0000, Car: 0.0024, Truck: 0.0000, Bus: 0.0000, Caravan: 0.0000, Trailer: 0.0000, Train: 0.0000, Motorcycle: 0.0000, Bicycle: 0.0000 }
        MeanIoU: 0.1105
        PixelAccuracy: 0.6290
        DICE: { Unlabeled: 0.0023, Unused: 0.0000, Unused: 0.0000, Unused: 0.0000, Static: 0.0000, Dynamic: 0.0000, Ground: 0.0000, Road: 0.9250, Sidewalk: 0.0000, Parking: 0.0000, Rail track: 0.0000, Building: 0.7969, Wall: 0.0001, Fence: 0.0000, Guard rail: 0.0000, Bridge: 0.0000, Tunnel: 0.0000, Pole: 0.0000, Pole group: 0.0000, Traffic light: 0.0000, Traffic sign: 0.0000, Vegetation: 0.0063, Terrain: 0.0000, Sky: 0.8919, Person: 0.0000, Rider: 0.0000, Car: 0.0047, Truck: 0.0000, Bus: 0.0000, Caravan: 0.0000, Trailer: 0.0000, Train: 0.0000, Motorcycle: 0.0000, Bicycle: 0.0000 }
        MeanDICE: 0.1242
    

    Epoch 2:
      Train Loss: 1.9712, Train Accuracy: 0.7178
      Val Loss: 1.9261
      Metrics:
        val_loss: 1.9261
        val_accuracy: 0.7813
        IoU: { Unlabeled: 0.0000, Unused: 0.0000, Unused: 0.0000, Unused: 0.0000, Static: 0.0000, Dynamic: 0.0000, Ground: 0.0000, Road: 0.8615, Sidewalk: 0.0000, Parking: 0.0000, Rail track: 0.0000, Building: 0.7247, Wall: 0.0000, Fence: 0.0000, Guard rail: 0.0000, Bridge: 0.0000, Tunnel: 0.0000, Pole: 0.0000, Pole group: 0.0000, Traffic light: 0.0000, Traffic sign: 0.0000, Vegetation: 0.6115, Terrain: 0.0000, Sky: 0.8370, Person: 0.0000, Rider: 0.0000, Car: 0.0000, Truck: 0.0000, Bus: 0.0000, Caravan: 0.0000, Trailer: 0.0000, Train: 0.0000, Motorcycle: 0.0000, Bicycle: 0.0000 }
        MeanIoU: 0.1586
        PixelAccuracy: 0.7818
        DICE: { Unlabeled: 0.0000, Unused: 0.0000, Unused: 0.0000, Unused: 0.0000, Static: 0.0000, Dynamic: 0.0000, Ground: 0.0000, Road: 0.9254, Sidewalk: 0.0000, Parking: 0.0000, Rail track: 0.0000, Building: 0.8398, Wall: 0.0000, Fence: 0.0000, Guard rail: 0.0000, Bridge: 0.0000, Tunnel: 0.0000, Pole: 0.0000, Pole group: 0.0000, Traffic light: 0.0000, Traffic sign: 0.0000, Vegetation: 0.7578, Terrain: 0.0000, Sky: 0.9109, Person: 0.0000, Rider: 0.0000, Car: 0.0000, Truck: 0.0000, Bus: 0.0000, Caravan: 0.0000, Trailer: 0.0000, Train: 0.0000, Motorcycle: 0.0000, Bicycle: 0.0000 }
        MeanDICE: 0.1794
    

    Epoch 3:
      Train Loss: 1.9079, Train Accuracy: 0.7809
      Val Loss: 1.8999
      Metrics:
        val_loss: 1.8999
        val_accuracy: 0.7807
        IoU: { Unlabeled: 0.0000, Unused: 0.0000, Unused: 0.0000, Unused: 0.0000, Static: 0.0000, Dynamic: 0.0000, Ground: 0.0000, Road: 0.8273, Sidewalk: 0.0000, Parking: 0.0000, Rail track: 0.0000, Building: 0.6894, Wall: 0.0000, Fence: 0.0000, Guard rail: 0.0000, Bridge: 0.0000, Tunnel: 0.0000, Pole: 0.0000, Pole group: 0.0000, Traffic light: 0.0000, Traffic sign: 0.0000, Vegetation: 0.6025, Terrain: 0.0000, Sky: 0.9273, Person: 0.0000, Rider: 0.0000, Car: 0.0000, Truck: 0.0000, Bus: 0.0000, Caravan: 0.0000, Trailer: 0.0000, Train: 0.0000, Motorcycle: 0.0000, Bicycle: 0.0000 }
        MeanIoU: 0.1592
        PixelAccuracy: 0.7812
        DICE: { Unlabeled: 0.0000, Unused: 0.0000, Unused: 0.0000, Unused: 0.0000, Static: 0.0000, Dynamic: 0.0000, Ground: 0.0000, Road: 0.9053, Sidewalk: 0.0000, Parking: 0.0000, Rail track: 0.0000, Building: 0.8154, Wall: 0.0000, Fence: 0.0000, Guard rail: 0.0000, Bridge: 0.0000, Tunnel: 0.0000, Pole: 0.0000, Pole group: 0.0000, Traffic light: 0.0000, Traffic sign: 0.0000, Vegetation: 0.7509, Terrain: 0.0000, Sky: 0.9622, Person: 0.0000, Rider: 0.0000, Car: 0.0000, Truck: 0.0000, Bus: 0.0000, Caravan: 0.0000, Trailer: 0.0000, Train: 0.0000, Motorcycle: 0.0000, Bicycle: 0.0000 }
        MeanDICE: 0.1794
    

    Epoch 4:
      Train Loss: 1.8924, Train Accuracy: 0.7857
      Val Loss: 1.8879
      Metrics:
        val_loss: 1.8879
        val_accuracy: 0.7880
        IoU: { Unlabeled: 0.0002, Unused: 0.0000, Unused: 0.0000, Unused: 0.0000, Static: 0.0000, Dynamic: 0.0000, Ground: 0.0000, Road: 0.8598, Sidewalk: 0.0000, Parking: 0.0000, Rail track: 0.0000, Building: 0.7850, Wall: 0.0000, Fence: 0.0000, Guard rail: 0.0000, Bridge: 0.0000, Tunnel: 0.0000, Pole: 0.0000, Pole group: 0.0000, Traffic light: 0.0000, Traffic sign: 0.0000, Vegetation: 0.5572, Terrain: 0.0000, Sky: 0.9340, Person: 0.0000, Rider: 0.0000, Car: 0.0001, Truck: 0.0000, Bus: 0.0000, Caravan: 0.0000, Trailer: 0.0000, Train: 0.0000, Motorcycle: 0.0000, Bicycle: 0.0000 }
        MeanIoU: 0.1639
        PixelAccuracy: 0.7887
        DICE: { Unlabeled: 0.0003, Unused: 0.0000, Unused: 0.0000, Unused: 0.0000, Static: 0.0000, Dynamic: 0.0000, Ground: 0.0000, Road: 0.9244, Sidewalk: 0.0000, Parking: 0.0000, Rail track: 0.0000, Building: 0.8791, Wall: 0.0000, Fence: 0.0000, Guard rail: 0.0000, Bridge: 0.0000, Tunnel: 0.0000, Pole: 0.0000, Pole group: 0.0000, Traffic light: 0.0000, Traffic sign: 0.0000, Vegetation: 0.7142, Terrain: 0.0000, Sky: 0.9658, Person: 0.0000, Rider: 0.0000, Car: 0.0002, Truck: 0.0000, Bus: 0.0000, Caravan: 0.0000, Trailer: 0.0000, Train: 0.0000, Motorcycle: 0.0000, Bicycle: 0.0000 }
        MeanDICE: 0.1820
    

    Epoch 5:
      Train Loss: 1.8722, Train Accuracy: 0.8364
      Val Loss: 1.8566
      Metrics:
        val_loss: 1.8566
        val_accuracy: 0.8624
        IoU: { Unlabeled: 0.2954, Unused: 0.0000, Unused: 0.0000, Unused: 0.0000, Static: 0.0000, Dynamic: 0.0000, Ground: 0.0000, Road: 0.9245, Sidewalk: 0.0000, Parking: 0.0000, Rail track: 0.0000, Building: 0.8242, Wall: 0.0000, Fence: 0.0000, Guard rail: 0.0000, Bridge: 0.0000, Tunnel: 0.0000, Pole: 0.0000, Pole group: 0.0000, Traffic light: 0.0000, Traffic sign: 0.0000, Vegetation: 0.8266, Terrain: 0.0000, Sky: 0.9615, Person: 0.0000, Rider: 0.0000, Car: 0.6353, Truck: 0.0000, Bus: 0.0000, Caravan: 0.0000, Trailer: 0.0000, Train: 0.0000, Motorcycle: 0.0000, Bicycle: 0.0000 }
        MeanIoU: 0.2335
        PixelAccuracy: 0.8630
        DICE: { Unlabeled: 0.4555, Unused: 0.0000, Unused: 0.0000, Unused: 0.0000, Static: 0.0000, Dynamic: 0.0000, Ground: 0.0000, Road: 0.9606, Sidewalk: 0.0000, Parking: 0.0000, Rail track: 0.0000, Building: 0.9032, Wall: 0.0000, Fence: 0.0000, Guard rail: 0.0000, Bridge: 0.0000, Tunnel: 0.0000, Pole: 0.0000, Pole group: 0.0000, Traffic light: 0.0000, Traffic sign: 0.0000, Vegetation: 0.9048, Terrain: 0.0000, Sky: 0.9803, Person: 0.0000, Rider: 0.0000, Car: 0.7731, Truck: 0.0000, Bus: 0.0000, Caravan: 0.0000, Trailer: 0.0000, Train: 0.0000, Motorcycle: 0.0000, Bicycle: 0.0000 }
        MeanDICE: 0.2601
    

    Epoch 6:
      Train Loss: 1.8522, Train Accuracy: 0.8658
      Val Loss: 1.8469
      Metrics:
        val_loss: 1.8469
        val_accuracy: 0.8719
        IoU: { Unlabeled: 0.3618, Unused: 0.0000, Unused: 0.0000, Unused: 0.0000, Static: 0.0000, Dynamic: 0.0000, Ground: 0.0000, Road: 0.9304, Sidewalk: 0.0000, Parking: 0.0000, Rail track: 0.0000, Building: 0.8309, Wall: 0.0000, Fence: 0.0000, Guard rail: 0.0000, Bridge: 0.0000, Tunnel: 0.0000, Pole: 0.0000, Pole group: 0.0000, Traffic light: 0.0000, Traffic sign: 0.0000, Vegetation: 0.8503, Terrain: 0.0000, Sky: 0.9713, Person: 0.0000, Rider: 0.0000, Car: 0.7007, Truck: 0.0000, Bus: 0.0000, Caravan: 0.0000, Trailer: 0.0000, Train: 0.0000, Motorcycle: 0.0000, Bicycle: 0.0000 }
        MeanIoU: 0.2427
        PixelAccuracy: 0.8724
        DICE: { Unlabeled: 0.5307, Unused: 0.0000, Unused: 0.0000, Unused: 0.0000, Static: 0.0000, Dynamic: 0.0000, Ground: 0.0000, Road: 0.9638, Sidewalk: 0.0000, Parking: 0.0000, Rail track: 0.0000, Building: 0.9072, Wall: 0.0000, Fence: 0.0000, Guard rail: 0.0000, Bridge: 0.0000, Tunnel: 0.0000, Pole: 0.0000, Pole group: 0.0000, Traffic light: 0.0000, Traffic sign: 0.0000, Vegetation: 0.9188, Terrain: 0.0000, Sky: 0.9854, Person: 0.0000, Rider: 0.0000, Car: 0.8207, Truck: 0.0000, Bus: 0.0000, Caravan: 0.0000, Trailer: 0.0000, Train: 0.0000, Motorcycle: 0.0000, Bicycle: 0.0000 }
        MeanDICE: 0.2678
    

    Epoch 7:
      Train Loss: 1.8443, Train Accuracy: 0.8772
      Val Loss: 1.8395
      Metrics:
        val_loss: 1.8395
        val_accuracy: 0.8847
        IoU: { Unlabeled: 0.3940, Unused: 0.0000, Unused: 0.0000, Unused: 0.0000, Static: 0.0000, Dynamic: 0.0000, Ground: 0.0000, Road: 0.9303, Sidewalk: 0.0000, Parking: 0.0000, Rail track: 0.0000, Building: 0.8443, Wall: 0.0000, Fence: 0.0000, Guard rail: 0.0000, Bridge: 0.0000, Tunnel: 0.0000, Pole: 0.0000, Pole group: 0.0000, Traffic light: 0.0000, Traffic sign: 0.0000, Vegetation: 0.8575, Terrain: 0.4837, Sky: 0.9743, Person: 0.0000, Rider: 0.0000, Car: 0.7666, Truck: 0.0000, Bus: 0.0000, Caravan: 0.0000, Trailer: 0.0000, Train: 0.0000, Motorcycle: 0.0000, Bicycle: 0.0000 }
        MeanIoU: 0.2744
        PixelAccuracy: 0.8851
        DICE: { Unlabeled: 0.5647, Unused: 0.0000, Unused: 0.0000, Unused: 0.0000, Static: 0.0000, Dynamic: 0.0000, Ground: 0.0000, Road: 0.9638, Sidewalk: 0.0000, Parking: 0.0000, Rail track: 0.0000, Building: 0.9151, Wall: 0.0000, Fence: 0.0000, Guard rail: 0.0000, Bridge: 0.0000, Tunnel: 0.0000, Pole: 0.0000, Pole group: 0.0000, Traffic light: 0.0000, Traffic sign: 0.0000, Vegetation: 0.9230, Terrain: 0.6403, Sky: 0.9869, Person: 0.0000, Rider: 0.0000, Car: 0.8665, Truck: 0.0000, Bus: 0.0000, Caravan: 0.0000, Trailer: 0.0000, Train: 0.0000, Motorcycle: 0.0000, Bicycle: 0.0000 }
        MeanDICE: 0.3062
    

    Epoch 8:
      Train Loss: 1.8383, Train Accuracy: 0.8857
      Val Loss: 1.8352
      Metrics:
        val_loss: 1.8352
        val_accuracy: 0.8900
        IoU: { Unlabeled: 0.4204, Unused: 0.0000, Unused: 0.0000, Unused: 0.0000, Static: 0.0000, Dynamic: 0.0000, Ground: 0.0000, Road: 0.9432, Sidewalk: 0.0000, Parking: 0.0000, Rail track: 0.0000, Building: 0.8608, Wall: 0.0000, Fence: 0.0000, Guard rail: 0.0000, Bridge: 0.0000, Tunnel: 0.0000, Pole: 0.0000, Pole group: 0.0000, Traffic light: 0.0000, Traffic sign: 0.0000, Vegetation: 0.8662, Terrain: 0.5399, Sky: 0.9758, Person: 0.0000, Rider: 0.0000, Car: 0.7657, Truck: 0.0000, Bus: 0.0000, Caravan: 0.0000, Trailer: 0.0000, Train: 0.0000, Motorcycle: 0.0000, Bicycle: 0.0000 }
        MeanIoU: 0.2808
        PixelAccuracy: 0.8904
        DICE: { Unlabeled: 0.5914, Unused: 0.0000, Unused: 0.0000, Unused: 0.0000, Static: 0.0000, Dynamic: 0.0000, Ground: 0.0000, Road: 0.9707, Sidewalk: 0.0000, Parking: 0.0000, Rail track: 0.0000, Building: 0.9248, Wall: 0.0000, Fence: 0.0000, Guard rail: 0.0000, Bridge: 0.0000, Tunnel: 0.0000, Pole: 0.0000, Pole group: 0.0000, Traffic light: 0.0000, Traffic sign: 0.0000, Vegetation: 0.9281, Terrain: 0.6904, Sky: 0.9877, Person: 0.0000, Rider: 0.0000, Car: 0.8655, Truck: 0.0000, Bus: 0.0000, Caravan: 0.0000, Trailer: 0.0000, Train: 0.0000, Motorcycle: 0.0000, Bicycle: 0.0000 }
        MeanDICE: 0.3113
    

    Epoch 9:
      Train Loss: 1.8349, Train Accuracy: 0.8910
      Val Loss: 1.8308
      Metrics:
        val_loss: 1.8308
        val_accuracy: 0.8991
        IoU: { Unlabeled: 0.4359, Unused: 0.0000, Unused: 0.0000, Unused: 0.0000, Static: 0.0000, Dynamic: 0.0000, Ground: 0.0000, Road: 0.9462, Sidewalk: 0.5901, Parking: 0.0000, Rail track: 0.0000, Building: 0.8509, Wall: 0.0000, Fence: 0.0000, Guard rail: 0.0000, Bridge: 0.0000, Tunnel: 0.0000, Pole: 0.0000, Pole group: 0.0000, Traffic light: 0.0000, Traffic sign: 0.0000, Vegetation: 0.8653, Terrain: 0.6241, Sky: 0.9732, Person: 0.0000, Rider: 0.0000, Car: 0.7912, Truck: 0.0000, Bus: 0.0000, Caravan: 0.0000, Trailer: 0.0000, Train: 0.0000, Motorcycle: 0.0000, Bicycle: 0.0000 }
        MeanIoU: 0.3176
        PixelAccuracy: 0.8995
        DICE: { Unlabeled: 0.6066, Unused: 0.0000, Unused: 0.0000, Unused: 0.0000, Static: 0.0000, Dynamic: 0.0000, Ground: 0.0000, Road: 0.9723, Sidewalk: 0.7389, Parking: 0.0000, Rail track: 0.0000, Building: 0.9190, Wall: 0.0000, Fence: 0.0000, Guard rail: 0.0000, Bridge: 0.0000, Tunnel: 0.0000, Pole: 0.0000, Pole group: 0.0000, Traffic light: 0.0000, Traffic sign: 0.0000, Vegetation: 0.9276, Terrain: 0.7588, Sky: 0.9864, Person: 0.0000, Rider: 0.0000, Car: 0.8817, Truck: 0.0000, Bus: 0.0000, Caravan: 0.0000, Trailer: 0.0000, Train: 0.0000, Motorcycle: 0.0000, Bicycle: 0.0000 }
        MeanDICE: 0.3548
    

    Epoch 10:
      Train Loss: 1.8299, Train Accuracy: 0.8999
      Val Loss: 1.8293
      Metrics:
        val_loss: 1.8293
        val_accuracy: 0.9002
        IoU: { Unlabeled: 0.4398, Unused: 0.0000, Unused: 0.0000, Unused: 0.0000, Static: 0.0000, Dynamic: 0.0000, Ground: 0.0000, Road: 0.9497, Sidewalk: 0.6573, Parking: 0.0000, Rail track: 0.0000, Building: 0.8509, Wall: 0.0000, Fence: 0.0000, Guard rail: 0.0000, Bridge: 0.0000, Tunnel: 0.0000, Pole: 0.0000, Pole group: 0.0000, Traffic light: 0.0000, Traffic sign: 0.0000, Vegetation: 0.8680, Terrain: 0.6107, Sky: 0.9763, Person: 0.0000, Rider: 0.0000, Car: 0.7895, Truck: 0.0000, Bus: 0.0000, Caravan: 0.0000, Trailer: 0.0000, Train: 0.0000, Motorcycle: 0.0000, Bicycle: 0.0000 }
        MeanIoU: 0.3210
        PixelAccuracy: 0.9005
        DICE: { Unlabeled: 0.6104, Unused: 0.0000, Unused: 0.0000, Unused: 0.0000, Static: 0.0000, Dynamic: 0.0000, Ground: 0.0000, Road: 0.9741, Sidewalk: 0.7909, Parking: 0.0000, Rail track: 0.0000, Building: 0.9190, Wall: 0.0000, Fence: 0.0000, Guard rail: 0.0000, Bridge: 0.0000, Tunnel: 0.0000, Pole: 0.0000, Pole group: 0.0000, Traffic light: 0.0000, Traffic sign: 0.0000, Vegetation: 0.9292, Terrain: 0.7476, Sky: 0.9880, Person: 0.0000, Rider: 0.0000, Car: 0.8807, Truck: 0.0000, Bus: 0.0000, Caravan: 0.0000, Trailer: 0.0000, Train: 0.0000, Motorcycle: 0.0000, Bicycle: 0.0000 }
        MeanDICE: 0.3573
    

    Epoch 11:
      Train Loss: 1.8276, Train Accuracy: 0.9030
      Val Loss: 1.8261
      Metrics:
        val_loss: 1.8261
        val_accuracy: 0.9052
        IoU: { Unlabeled: 0.4618, Unused: 0.0000, Unused: 0.0000, Unused: 0.0000, Static: 0.0000, Dynamic: 0.0000, Ground: 0.0000, Road: 0.9529, Sidewalk: 0.7048, Parking: 0.0000, Rail track: 0.0000, Building: 0.8642, Wall: 0.0000, Fence: 0.0000, Guard rail: 0.0000, Bridge: 0.0000, Tunnel: 0.0000, Pole: 0.0000, Pole group: 0.0000, Traffic light: 0.0000, Traffic sign: 0.0000, Vegetation: 0.8773, Terrain: 0.6141, Sky: 0.9777, Person: 0.0000, Rider: 0.0000, Car: 0.7883, Truck: 0.0000, Bus: 0.0000, Caravan: 0.0000, Trailer: 0.0000, Train: 0.0000, Motorcycle: 0.0000, Bicycle: 0.0000 }
        MeanIoU: 0.3261
        PixelAccuracy: 0.9056
        DICE: { Unlabeled: 0.6312, Unused: 0.0000, Unused: 0.0000, Unused: 0.0000, Static: 0.0000, Dynamic: 0.0000, Ground: 0.0000, Road: 0.9758, Sidewalk: 0.8251, Parking: 0.0000, Rail track: 0.0000, Building: 0.9268, Wall: 0.0000, Fence: 0.0000, Guard rail: 0.0000, Bridge: 0.0000, Tunnel: 0.0000, Pole: 0.0000, Pole group: 0.0000, Traffic light: 0.0000, Traffic sign: 0.0000, Vegetation: 0.9344, Terrain: 0.7497, Sky: 0.9887, Person: 0.0000, Rider: 0.0000, Car: 0.8802, Truck: 0.0000, Bus: 0.0000, Caravan: 0.0000, Trailer: 0.0000, Train: 0.0000, Motorcycle: 0.0000, Bicycle: 0.0000 }
        MeanDICE: 0.3611
    

    Epoch 12:
      Train Loss: 1.8260, Train Accuracy: 0.9057
      Val Loss: 1.8254
      Metrics:
        val_loss: 1.8254
        val_accuracy: 0.9066
        IoU: { Unlabeled: 0.4558, Unused: 0.0000, Unused: 0.0000, Unused: 0.0000, Static: 0.0000, Dynamic: 0.0000, Ground: 0.0000, Road: 0.9527, Sidewalk: 0.6887, Parking: 0.0000, Rail track: 0.0000, Building: 0.8561, Wall: 0.0000, Fence: 0.1688, Guard rail: 0.0000, Bridge: 0.0000, Tunnel: 0.0000, Pole: 0.0000, Pole group: 0.0000, Traffic light: 0.0000, Traffic sign: 0.0000, Vegetation: 0.8712, Terrain: 0.6450, Sky: 0.9775, Person: 0.0000, Rider: 0.0000, Car: 0.8122, Truck: 0.0000, Bus: 0.0000, Caravan: 0.0000, Trailer: 0.0000, Train: 0.0000, Motorcycle: 0.0000, Bicycle: 0.0000 }
        MeanIoU: 0.3359
        PixelAccuracy: 0.9069
        DICE: { Unlabeled: 0.6255, Unused: 0.0000, Unused: 0.0000, Unused: 0.0000, Static: 0.0000, Dynamic: 0.0000, Ground: 0.0000, Road: 0.9757, Sidewalk: 0.8138, Parking: 0.0000, Rail track: 0.0000, Building: 0.9221, Wall: 0.0000, Fence: 0.2470, Guard rail: 0.0000, Bridge: 0.0000, Tunnel: 0.0000, Pole: 0.0000, Pole group: 0.0000, Traffic light: 0.0000, Traffic sign: 0.0000, Vegetation: 0.9309, Terrain: 0.7749, Sky: 0.9886, Person: 0.0000, Rider: 0.0000, Car: 0.8952, Truck: 0.0000, Bus: 0.0000, Caravan: 0.0000, Trailer: 0.0000, Train: 0.0000, Motorcycle: 0.0000, Bicycle: 0.0000 }
        MeanDICE: 0.3748
    

    Epoch 13:
      Train Loss: 1.8242, Train Accuracy: 0.9088
      Val Loss: 1.8226
      Metrics:
        val_loss: 1.8226
        val_accuracy: 0.9116
        IoU: { Unlabeled: 0.4683, Unused: 0.0000, Unused: 0.0000, Unused: 0.0000, Static: 0.0000, Dynamic: 0.0000, Ground: 0.0000, Road: 0.9545, Sidewalk: 0.7294, Parking: 0.0000, Rail track: 0.0000, Building: 0.8726, Wall: 0.0000, Fence: 0.3633, Guard rail: 0.0000, Bridge: 0.0000, Tunnel: 0.0000, Pole: 0.0000, Pole group: 0.0000, Traffic light: 0.0000, Traffic sign: 0.0000, Vegetation: 0.8680, Terrain: 0.6562, Sky: 0.9769, Person: 0.0000, Rider: 0.0000, Car: 0.8390, Truck: 0.0000, Bus: 0.0000, Caravan: 0.0000, Trailer: 0.0000, Train: 0.0000, Motorcycle: 0.0000, Bicycle: 0.0000 }
        MeanIoU: 0.3516
        PixelAccuracy: 0.9120
        DICE: { Unlabeled: 0.6372, Unused: 0.0000, Unused: 0.0000, Unused: 0.0000, Static: 0.0000, Dynamic: 0.0000, Ground: 0.0000, Road: 0.9766, Sidewalk: 0.8421, Parking: 0.0000, Rail track: 0.0000, Building: 0.9316, Wall: 0.0000, Fence: 0.4995, Guard rail: 0.0000, Bridge: 0.0000, Tunnel: 0.0000, Pole: 0.0000, Pole group: 0.0000, Traffic light: 0.0000, Traffic sign: 0.0000, Vegetation: 0.9291, Terrain: 0.7836, Sky: 0.9883, Person: 0.0000, Rider: 0.0000, Car: 0.9115, Truck: 0.0000, Bus: 0.0000, Caravan: 0.0000, Trailer: 0.0000, Train: 0.0000, Motorcycle: 0.0000, Bicycle: 0.0000 }
        MeanDICE: 0.3918
    

    Epoch 14:
      Train Loss: 1.8224, Train Accuracy: 0.9120
      Val Loss: 1.8205
      Metrics:
        val_loss: 1.8205
        val_accuracy: 0.9153
        IoU: { Unlabeled: 0.4834, Unused: 0.0000, Unused: 0.0000, Unused: 0.0000, Static: 0.0000, Dynamic: 0.0000, Ground: 0.0000, Road: 0.9548, Sidewalk: 0.7299, Parking: 0.0000, Rail track: 0.0000, Building: 0.8728, Wall: 0.0000, Fence: 0.5199, Guard rail: 0.0000, Bridge: 0.0000, Tunnel: 0.0000, Pole: 0.0000, Pole group: 0.0000, Traffic light: 0.0000, Traffic sign: 0.0000, Vegetation: 0.8813, Terrain: 0.6626, Sky: 0.9787, Person: 0.0000, Rider: 0.0000, Car: 0.8514, Truck: 0.0000, Bus: 0.0000, Caravan: 0.0000, Trailer: 0.0000, Train: 0.0000, Motorcycle: 0.0000, Bicycle: 0.0000 }
        MeanIoU: 0.3625
        PixelAccuracy: 0.9156
        DICE: { Unlabeled: 0.6511, Unused: 0.0000, Unused: 0.0000, Unused: 0.0000, Static: 0.0000, Dynamic: 0.0000, Ground: 0.0000, Road: 0.9768, Sidewalk: 0.8425, Parking: 0.0000, Rail track: 0.0000, Building: 0.9318, Wall: 0.0000, Fence: 0.6717, Guard rail: 0.0000, Bridge: 0.0000, Tunnel: 0.0000, Pole: 0.0000, Pole group: 0.0000, Traffic light: 0.0000, Traffic sign: 0.0000, Vegetation: 0.9367, Terrain: 0.7886, Sky: 0.9892, Person: 0.0000, Rider: 0.0000, Car: 0.9189, Truck: 0.0000, Bus: 0.0000, Caravan: 0.0000, Trailer: 0.0000, Train: 0.0000, Motorcycle: 0.0000, Bicycle: 0.0000 }
        MeanDICE: 0.4028
    

    Epoch 15:
      Train Loss: 1.8215, Train Accuracy: 0.9134
      Val Loss: 1.8208
      Metrics:
        val_loss: 1.8208
        val_accuracy: 0.9144
        IoU: { Unlabeled: 0.4842, Unused: 0.0000, Unused: 0.0000, Unused: 0.0000, Static: 0.0000, Dynamic: 0.0000, Ground: 0.0000, Road: 0.9552, Sidewalk: 0.7269, Parking: 0.0000, Rail track: 0.0000, Building: 0.8709, Wall: 0.0000, Fence: 0.5278, Guard rail: 0.0000, Bridge: 0.0000, Tunnel: 0.0000, Pole: 0.0000, Pole group: 0.0000, Traffic light: 0.0000, Traffic sign: 0.0000, Vegetation: 0.8784, Terrain: 0.6616, Sky: 0.9788, Person: 0.0000, Rider: 0.0000, Car: 0.8550, Truck: 0.0000, Bus: 0.0000, Caravan: 0.0000, Trailer: 0.0000, Train: 0.0000, Motorcycle: 0.0000, Bicycle: 0.0000 }
        MeanIoU: 0.3627
        PixelAccuracy: 0.9148
        DICE: { Unlabeled: 0.6519, Unused: 0.0000, Unused: 0.0000, Unused: 0.0000, Static: 0.0000, Dynamic: 0.0000, Ground: 0.0000, Road: 0.9770, Sidewalk: 0.8403, Parking: 0.0000, Rail track: 0.0000, Building: 0.9307, Wall: 0.0000, Fence: 0.6782, Guard rail: 0.0000, Bridge: 0.0000, Tunnel: 0.0000, Pole: 0.0000, Pole group: 0.0000, Traffic light: 0.0000, Traffic sign: 0.0000, Vegetation: 0.9351, Terrain: 0.7876, Sky: 0.9892, Person: 0.0000, Rider: 0.0000, Car: 0.9210, Truck: 0.0000, Bus: 0.0000, Caravan: 0.0000, Trailer: 0.0000, Train: 0.0000, Motorcycle: 0.0000, Bicycle: 0.0000 }
        MeanDICE: 0.4029
    

    Epoch 16:
      Train Loss: 1.8207, Train Accuracy: 0.9147
      Val Loss: 1.8194
      Metrics:
        val_loss: 1.8194
        val_accuracy: 0.9167
        IoU: { Unlabeled: 0.4867, Unused: 0.0000, Unused: 0.0000, Unused: 0.0000, Static: 0.0000, Dynamic: 0.0000, Ground: 0.0000, Road: 0.9556, Sidewalk: 0.7484, Parking: 0.0000, Rail track: 0.0000, Building: 0.8709, Wall: 0.0000, Fence: 0.5389, Guard rail: 0.0000, Bridge: 0.0000, Tunnel: 0.0000, Pole: 0.0000, Pole group: 0.0000, Traffic light: 0.0000, Traffic sign: 0.0000, Vegetation: 0.8874, Terrain: 0.6630, Sky: 0.9794, Person: 0.0000, Rider: 0.0000, Car: 0.8584, Truck: 0.0000, Bus: 0.0000, Caravan: 0.0000, Trailer: 0.0000, Train: 0.0000, Motorcycle: 0.0000, Bicycle: 0.0000 }
        MeanIoU: 0.3653
        PixelAccuracy: 0.9170
        DICE: { Unlabeled: 0.6541, Unused: 0.0000, Unused: 0.0000, Unused: 0.0000, Static: 0.0000, Dynamic: 0.0000, Ground: 0.0000, Road: 0.9772, Sidewalk: 0.8546, Parking: 0.0000, Rail track: 0.0000, Building: 0.9307, Wall: 0.0000, Fence: 0.6871, Guard rail: 0.0000, Bridge: 0.0000, Tunnel: 0.0000, Pole: 0.0000, Pole group: 0.0000, Traffic light: 0.0000, Traffic sign: 0.0000, Vegetation: 0.9402, Terrain: 0.7892, Sky: 0.9896, Person: 0.0000, Rider: 0.0000, Car: 0.9230, Truck: 0.0000, Bus: 0.0000, Caravan: 0.0000, Trailer: 0.0000, Train: 0.0000, Motorcycle: 0.0000, Bicycle: 0.0000 }
        MeanDICE: 0.4047
    

    Epoch 17:
      Train Loss: 1.8201, Train Accuracy: 0.9156
      Val Loss: 1.8183
      Metrics:
        val_loss: 1.8183
        val_accuracy: 0.9194
        IoU: { Unlabeled: 0.5008, Unused: 0.0000, Unused: 0.0000, Unused: 0.0000, Static: 0.0000, Dynamic: 0.0000, Ground: 0.0000, Road: 0.9576, Sidewalk: 0.7514, Parking: 0.0000, Rail track: 0.0000, Building: 0.8773, Wall: 0.0000, Fence: 0.5599, Guard rail: 0.0000, Bridge: 0.0000, Tunnel: 0.0000, Pole: 0.0000, Pole group: 0.2559, Traffic light: 0.0000, Traffic sign: 0.0023, Vegetation: 0.8911, Terrain: 0.6798, Sky: 0.9794, Person: 0.0000, Rider: 0.0000, Car: 0.8688, Truck: 0.0000, Bus: 0.0000, Caravan: 0.0000, Trailer: 0.0000, Train: 0.0000, Motorcycle: 0.0000, Bicycle: 0.0000 }
        MeanIoU: 0.3828
        PixelAccuracy: 0.9197
        DICE: { Unlabeled: 0.6667, Unused: 0.0000, Unused: 0.0000, Unused: 0.0000, Static: 0.0000, Dynamic: 0.0000, Ground: 0.0000, Road: 0.9782, Sidewalk: 0.8567, Parking: 0.0000, Rail track: 0.0000, Building: 0.9343, Wall: 0.0000, Fence: 0.7055, Guard rail: 0.0000, Bridge: 0.0000, Tunnel: 0.0000, Pole: 0.0000, Pole group: 0.3979, Traffic light: 0.0000, Traffic sign: 0.0046, Vegetation: 0.9423, Terrain: 0.8013, Sky: 0.9896, Person: 0.0000, Rider: 0.0000, Car: 0.9291, Truck: 0.0000, Bus: 0.0000, Caravan: 0.0000, Trailer: 0.0000, Train: 0.0000, Motorcycle: 0.0000, Bicycle: 0.0000 }
        MeanDICE: 0.4287
    

    Epoch 18:
      Train Loss: 1.8186, Train Accuracy: 0.9190
      Val Loss: 1.8182
      Metrics:
        val_loss: 1.8182
        val_accuracy: 0.9195
        IoU: { Unlabeled: 0.4857, Unused: 0.0000, Unused: 0.0000, Unused: 0.0000, Static: 0.0000, Dynamic: 0.0000, Ground: 0.0000, Road: 0.9550, Sidewalk: 0.7335, Parking: 0.0000, Rail track: 0.0000, Building: 0.8780, Wall: 0.0000, Fence: 0.5794, Guard rail: 0.0000, Bridge: 0.0000, Tunnel: 0.0000, Pole: 0.0000, Pole group: 0.4434, Traffic light: 0.0000, Traffic sign: 0.5535, Vegetation: 0.8770, Terrain: 0.6745, Sky: 0.9779, Person: 0.0000, Rider: 0.0000, Car: 0.8598, Truck: 0.0000, Bus: 0.0000, Caravan: 0.0000, Trailer: 0.0000, Train: 0.0000, Motorcycle: 0.0000, Bicycle: 0.0000 }
        MeanIoU: 0.4189
        PixelAccuracy: 0.9197
        DICE: { Unlabeled: 0.6531, Unused: 0.0000, Unused: 0.0000, Unused: 0.0000, Static: 0.0000, Dynamic: 0.0000, Ground: 0.0000, Road: 0.9769, Sidewalk: 0.8446, Parking: 0.0000, Rail track: 0.0000, Building: 0.9347, Wall: 0.0000, Fence: 0.7255, Guard rail: 0.0000, Bridge: 0.0000, Tunnel: 0.0000, Pole: 0.0000, Pole group: 0.5932, Traffic light: 0.0000, Traffic sign: 0.6763, Vegetation: 0.9343, Terrain: 0.7973, Sky: 0.9888, Person: 0.0000, Rider: 0.0000, Car: 0.9239, Truck: 0.0000, Bus: 0.0000, Caravan: 0.0000, Trailer: 0.0000, Train: 0.0000, Motorcycle: 0.0000, Bicycle: 0.0000 }
        MeanDICE: 0.4726
    

    Epoch 19:
      Train Loss: 1.8169, Train Accuracy: 0.9218
      Val Loss: 1.8163
      Metrics:
        val_loss: 1.8163
        val_accuracy: 0.9228
        IoU: { Unlabeled: 0.5058, Unused: 0.0000, Unused: 0.0000, Unused: 0.0000, Static: 0.0000, Dynamic: 0.0000, Ground: 0.0000, Road: 0.9564, Sidewalk: 0.7490, Parking: 0.0000, Rail track: 0.0000, Building: 0.8780, Wall: 0.0000, Fence: 0.6070, Guard rail: 0.0000, Bridge: 0.0000, Tunnel: 0.0000, Pole: 0.0000, Pole group: 0.4719, Traffic light: 0.0000, Traffic sign: 0.5648, Vegetation: 0.8931, Terrain: 0.6825, Sky: 0.9799, Person: 0.0000, Rider: 0.0000, Car: 0.8694, Truck: 0.0000, Bus: 0.0000, Caravan: 0.0000, Trailer: 0.0000, Train: 0.0000, Motorcycle: 0.0000, Bicycle: 0.0000 }
        MeanIoU: 0.4262
        PixelAccuracy: 0.9230
        DICE: { Unlabeled: 0.6711, Unused: 0.0000, Unused: 0.0000, Unused: 0.0000, Static: 0.0000, Dynamic: 0.0000, Ground: 0.0000, Road: 0.9777, Sidewalk: 0.8552, Parking: 0.0000, Rail track: 0.0000, Building: 0.9347, Wall: 0.0000, Fence: 0.7486, Guard rail: 0.0000, Bridge: 0.0000, Tunnel: 0.0000, Pole: 0.0000, Pole group: 0.6232, Traffic light: 0.0000, Traffic sign: 0.6862, Vegetation: 0.9434, Terrain: 0.8030, Sky: 0.9898, Person: 0.0000, Rider: 0.0000, Car: 0.9295, Truck: 0.0000, Bus: 0.0000, Caravan: 0.0000, Trailer: 0.0000, Train: 0.0000, Motorcycle: 0.0000, Bicycle: 0.0000 }
        MeanDICE: 0.4785
    

    Epoch 20:
      Train Loss: 1.8167, Train Accuracy: 0.9221
      Val Loss: 1.8164
      Metrics:
        val_loss: 1.8164
        val_accuracy: 0.9226
        IoU: { Unlabeled: 0.4958, Unused: 0.0000, Unused: 0.0000, Unused: 0.0000, Static: 0.0000, Dynamic: 0.0000, Ground: 0.0000, Road: 0.9575, Sidewalk: 0.7516, Parking: 0.0000, Rail track: 0.0000, Building: 0.8735, Wall: 0.0000, Fence: 0.6017, Guard rail: 0.0000, Bridge: 0.0000, Tunnel: 0.0000, Pole: 0.0000, Pole group: 0.4801, Traffic light: 0.0000, Traffic sign: 0.5601, Vegetation: 0.8941, Terrain: 0.6714, Sky: 0.9792, Person: 0.0000, Rider: 0.0000, Car: 0.8713, Truck: 0.0000, Bus: 0.0000, Caravan: 0.0000, Trailer: 0.0000, Train: 0.0000, Motorcycle: 0.0000, Bicycle: 0.0000 }
        MeanIoU: 0.4251
        PixelAccuracy: 0.9228
        DICE: { Unlabeled: 0.6622, Unused: 0.0000, Unused: 0.0000, Unused: 0.0000, Static: 0.0000, Dynamic: 0.0000, Ground: 0.0000, Road: 0.9782, Sidewalk: 0.8571, Parking: 0.0000, Rail track: 0.0000, Building: 0.9322, Wall: 0.0000, Fence: 0.7442, Guard rail: 0.0000, Bridge: 0.0000, Tunnel: 0.0000, Pole: 0.0000, Pole group: 0.6332, Traffic light: 0.0000, Traffic sign: 0.6824, Vegetation: 0.9440, Terrain: 0.7955, Sky: 0.9894, Person: 0.0000, Rider: 0.0000, Car: 0.9306, Truck: 0.0000, Bus: 0.0000, Caravan: 0.0000, Trailer: 0.0000, Train: 0.0000, Motorcycle: 0.0000, Bicycle: 0.0000 }
        MeanDICE: 0.4778
    

    Epoch 21:
      Train Loss: 1.8165, Train Accuracy: 0.9224
      Val Loss: 1.8155
      Metrics:
        val_loss: 1.8155
        val_accuracy: 0.9242
        IoU: { Unlabeled: 0.5151, Unused: 0.0000, Unused: 0.0000, Unused: 0.0000, Static: 0.0000, Dynamic: 0.0000, Ground: 0.0000, Road: 0.9582, Sidewalk: 0.7678, Parking: 0.0000, Rail track: 0.0000, Building: 0.8826, Wall: 0.0000, Fence: 0.6045, Guard rail: 0.0000, Bridge: 0.0000, Tunnel: 0.0000, Pole: 0.0000, Pole group: 0.5230, Traffic light: 0.0000, Traffic sign: 0.5818, Vegetation: 0.8922, Terrain: 0.6840, Sky: 0.9804, Person: 0.0000, Rider: 0.0000, Car: 0.8724, Truck: 0.0000, Bus: 0.0000, Caravan: 0.0000, Trailer: 0.0000, Train: 0.0000, Motorcycle: 0.0000, Bicycle: 0.0000 }
        MeanIoU: 0.4317
        PixelAccuracy: 0.9244
        DICE: { Unlabeled: 0.6793, Unused: 0.0000, Unused: 0.0000, Unused: 0.0000, Static: 0.0000, Dynamic: 0.0000, Ground: 0.0000, Road: 0.9786, Sidewalk: 0.8674, Parking: 0.0000, Rail track: 0.0000, Building: 0.9373, Wall: 0.0000, Fence: 0.7463, Guard rail: 0.0000, Bridge: 0.0000, Tunnel: 0.0000, Pole: 0.0000, Pole group: 0.6753, Traffic light: 0.0000, Traffic sign: 0.7002, Vegetation: 0.9429, Terrain: 0.8041, Sky: 0.9901, Person: 0.0000, Rider: 0.0000, Car: 0.9313, Truck: 0.0000, Bus: 0.0000, Caravan: 0.0000, Trailer: 0.0000, Train: 0.0000, Motorcycle: 0.0000, Bicycle: 0.0000 }
        MeanDICE: 0.4833
    

    Epoch 22:
      Train Loss: 1.8158, Train Accuracy: 0.9236
      Val Loss: 1.8150
      Metrics:
        val_loss: 1.8150
        val_accuracy: 0.9249
        IoU: { Unlabeled: 0.5128, Unused: 0.0000, Unused: 0.0000, Unused: 0.0000, Static: 0.0000, Dynamic: 0.0000, Ground: 0.0000, Road: 0.9576, Sidewalk: 0.7680, Parking: 0.0000, Rail track: 0.0000, Building: 0.8822, Wall: 0.0000, Fence: 0.6163, Guard rail: 0.0000, Bridge: 0.0000, Tunnel: 0.0000, Pole: 0.0000, Pole group: 0.5365, Traffic light: 0.0000, Traffic sign: 0.5921, Vegetation: 0.8968, Terrain: 0.6865, Sky: 0.9808, Person: 0.0000, Rider: 0.0000, Car: 0.8752, Truck: 0.0000, Bus: 0.0000, Caravan: 0.0000, Trailer: 0.0000, Train: 0.0000, Motorcycle: 0.0000, Bicycle: 0.0000 }
        MeanIoU: 0.4339
        PixelAccuracy: 0.9252
        DICE: { Unlabeled: 0.6772, Unused: 0.0000, Unused: 0.0000, Unused: 0.0000, Static: 0.0000, Dynamic: 0.0000, Ground: 0.0000, Road: 0.9783, Sidewalk: 0.8676, Parking: 0.0000, Rail track: 0.0000, Building: 0.9371, Wall: 0.0000, Fence: 0.7553, Guard rail: 0.0000, Bridge: 0.0000, Tunnel: 0.0000, Pole: 0.0000, Pole group: 0.6877, Traffic light: 0.0000, Traffic sign: 0.7078, Vegetation: 0.9454, Terrain: 0.8064, Sky: 0.9903, Person: 0.0000, Rider: 0.0000, Car: 0.9329, Truck: 0.0000, Bus: 0.0000, Caravan: 0.0000, Trailer: 0.0000, Train: 0.0000, Motorcycle: 0.0000, Bicycle: 0.0000 }
        MeanDICE: 0.4850
    

    Epoch 23:
      Train Loss: 1.8157, Train Accuracy: 0.9237
      Val Loss: 1.8155
      Metrics:
        val_loss: 1.8155
        val_accuracy: 0.9241
        IoU: { Unlabeled: 0.5086, Unused: 0.0000, Unused: 0.0000, Unused: 0.0000, Static: 0.0000, Dynamic: 0.0000, Ground: 0.0000, Road: 0.9590, Sidewalk: 0.7502, Parking: 0.0000, Rail track: 0.0000, Building: 0.8837, Wall: 0.0000, Fence: 0.6232, Guard rail: 0.0000, Bridge: 0.0000, Tunnel: 0.0000, Pole: 0.0000, Pole group: 0.5449, Traffic light: 0.0000, Traffic sign: 0.5947, Vegetation: 0.8949, Terrain: 0.6779, Sky: 0.9791, Person: 0.0000, Rider: 0.0000, Car: 0.8739, Truck: 0.0000, Bus: 0.0000, Caravan: 0.0000, Trailer: 0.0000, Train: 0.0000, Motorcycle: 0.0000, Bicycle: 0.0000 }
        MeanIoU: 0.4331
        PixelAccuracy: 0.9243
        DICE: { Unlabeled: 0.6735, Unused: 0.0000, Unused: 0.0000, Unused: 0.0000, Static: 0.0000, Dynamic: 0.0000, Ground: 0.0000, Road: 0.9790, Sidewalk: 0.8558, Parking: 0.0000, Rail track: 0.0000, Building: 0.9380, Wall: 0.0000, Fence: 0.7619, Guard rail: 0.0000, Bridge: 0.0000, Tunnel: 0.0000, Pole: 0.0000, Pole group: 0.6953, Traffic light: 0.0000, Traffic sign: 0.7104, Vegetation: 0.9444, Terrain: 0.7991, Sky: 0.9894, Person: 0.0000, Rider: 0.0000, Car: 0.9322, Truck: 0.0000, Bus: 0.0000, Caravan: 0.0000, Trailer: 0.0000, Train: 0.0000, Motorcycle: 0.0000, Bicycle: 0.0000 }
        MeanDICE: 0.4846
    

    Epoch 24:
      Train Loss: 1.8157, Train Accuracy: 0.9237
      Val Loss: 1.8145
      Metrics:
        val_loss: 1.8145
        val_accuracy: 0.9259
        IoU: { Unlabeled: 0.5136, Unused: 0.0000, Unused: 0.0000, Unused: 0.0000, Static: 0.0000, Dynamic: 0.0000, Ground: 0.0000, Road: 0.9569, Sidewalk: 0.7655, Parking: 0.0000, Rail track: 0.0000, Building: 0.8812, Wall: 0.0000, Fence: 0.6219, Guard rail: 0.0000, Bridge: 0.0000, Tunnel: 0.0000, Pole: 0.0000, Pole group: 0.5526, Traffic light: 0.0000, Traffic sign: 0.6009, Vegetation: 0.9023, Terrain: 0.6891, Sky: 0.9809, Person: 0.0000, Rider: 0.0000, Car: 0.8830, Truck: 0.0000, Bus: 0.0000, Caravan: 0.0000, Trailer: 0.0000, Train: 0.0000, Motorcycle: 0.0000, Bicycle: 0.0000 }
        MeanIoU: 0.4361
        PixelAccuracy: 0.9261
        DICE: { Unlabeled: 0.6779, Unused: 0.0000, Unused: 0.0000, Unused: 0.0000, Static: 0.0000, Dynamic: 0.0000, Ground: 0.0000, Road: 0.9779, Sidewalk: 0.8659, Parking: 0.0000, Rail track: 0.0000, Building: 0.9365, Wall: 0.0000, Fence: 0.7606, Guard rail: 0.0000, Bridge: 0.0000, Tunnel: 0.0000, Pole: 0.0000, Pole group: 0.7016, Traffic light: 0.0000, Traffic sign: 0.7154, Vegetation: 0.9485, Terrain: 0.8076, Sky: 0.9903, Person: 0.0000, Rider: 0.0000, Car: 0.9373, Truck: 0.0000, Bus: 0.0000, Caravan: 0.0000, Trailer: 0.0000, Train: 0.0000, Motorcycle: 0.0000, Bicycle: 0.0000 }
        MeanDICE: 0.4867
    

    Epoch 25:
      Train Loss: 1.8149, Train Accuracy: 0.9252
      Val Loss: 1.8147
      Metrics:
        val_loss: 1.8147
        val_accuracy: 0.9255
        IoU: { Unlabeled: 0.5139, Unused: 0.0000, Unused: 0.0000, Unused: 0.0000, Static: 0.0000, Dynamic: 0.0000, Ground: 0.0000, Road: 0.9589, Sidewalk: 0.7739, Parking: 0.0000, Rail track: 0.0000, Building: 0.8839, Wall: 0.0000, Fence: 0.6188, Guard rail: 0.0000, Bridge: 0.0000, Tunnel: 0.0000, Pole: 0.0000, Pole group: 0.5527, Traffic light: 0.0000, Traffic sign: 0.6213, Vegetation: 0.8971, Terrain: 0.6846, Sky: 0.9811, Person: 0.0000, Rider: 0.0000, Car: 0.8752, Truck: 0.0000, Bus: 0.0000, Caravan: 0.0000, Trailer: 0.0000, Train: 0.0000, Motorcycle: 0.0000, Bicycle: 0.0000 }
        MeanIoU: 0.4369
        PixelAccuracy: 0.9258
        DICE: { Unlabeled: 0.6782, Unused: 0.0000, Unused: 0.0000, Unused: 0.0000, Static: 0.0000, Dynamic: 0.0000, Ground: 0.0000, Road: 0.9789, Sidewalk: 0.8713, Parking: 0.0000, Rail track: 0.0000, Building: 0.9381, Wall: 0.0000, Fence: 0.7578, Guard rail: 0.0000, Bridge: 0.0000, Tunnel: 0.0000, Pole: 0.0000, Pole group: 0.7033, Traffic light: 0.0000, Traffic sign: 0.7378, Vegetation: 0.9456, Terrain: 0.8054, Sky: 0.9904, Person: 0.0000, Rider: 0.0000, Car: 0.9329, Truck: 0.0000, Bus: 0.0000, Caravan: 0.0000, Trailer: 0.0000, Train: 0.0000, Motorcycle: 0.0000, Bicycle: 0.0000 }
        MeanDICE: 0.4878
    

    Epoch 26:
      Train Loss: 1.8145, Train Accuracy: 0.9259
      Val Loss: 1.8139
      Metrics:
        val_loss: 1.8139
        val_accuracy: 0.9270
        IoU: { Unlabeled: 0.5187, Unused: 0.0000, Unused: 0.0000, Unused: 0.0000, Static: 0.0000, Dynamic: 0.0000, Ground: 0.0000, Road: 0.9589, Sidewalk: 0.7770, Parking: 0.0000, Rail track: 0.0000, Building: 0.8848, Wall: 0.0000, Fence: 0.6367, Guard rail: 0.0000, Bridge: 0.0000, Tunnel: 0.0000, Pole: 0.0000, Pole group: 0.5698, Traffic light: 0.0000, Traffic sign: 0.6291, Vegetation: 0.9055, Terrain: 0.6880, Sky: 0.9815, Person: 0.0000, Rider: 0.0000, Car: 0.8713, Truck: 0.0000, Bus: 0.0000, Caravan: 0.0000, Trailer: 0.0000, Train: 0.0000, Motorcycle: 0.0000, Bicycle: 0.0000 }
        MeanIoU: 0.4400
        PixelAccuracy: 0.9272
        DICE: { Unlabeled: 0.6824, Unused: 0.0000, Unused: 0.0000, Unused: 0.0000, Static: 0.0000, Dynamic: 0.0000, Ground: 0.0000, Road: 0.9789, Sidewalk: 0.8735, Parking: 0.0000, Rail track: 0.0000, Building: 0.9386, Wall: 0.0000, Fence: 0.7722, Guard rail: 0.0000, Bridge: 0.0000, Tunnel: 0.0000, Pole: 0.0000, Pole group: 0.7169, Traffic light: 0.0000, Traffic sign: 0.7439, Vegetation: 0.9503, Terrain: 0.8074, Sky: 0.9906, Person: 0.0000, Rider: 0.0000, Car: 0.9305, Truck: 0.0000, Bus: 0.0000, Caravan: 0.0000, Trailer: 0.0000, Train: 0.0000, Motorcycle: 0.0000, Bicycle: 0.0000 }
        MeanDICE: 0.4902
    

    Epoch 27:
      Train Loss: 1.8155, Train Accuracy: 0.9241
      Val Loss: 1.8145
      Metrics:
        val_loss: 1.8145
        val_accuracy: 0.9257
        IoU: { Unlabeled: 0.5157, Unused: 0.0000, Unused: 0.0000, Unused: 0.0000, Static: 0.0000, Dynamic: 0.0000, Ground: 0.0000, Road: 0.9587, Sidewalk: 0.7645, Parking: 0.0000, Rail track: 0.0000, Building: 0.8866, Wall: 0.0000, Fence: 0.6311, Guard rail: 0.0000, Bridge: 0.0000, Tunnel: 0.0000, Pole: 0.0000, Pole group: 0.5676, Traffic light: 0.0000, Traffic sign: 0.6040, Vegetation: 0.8959, Terrain: 0.6863, Sky: 0.9801, Person: 0.0000, Rider: 0.0000, Car: 0.8783, Truck: 0.0000, Bus: 0.0000, Caravan: 0.0000, Trailer: 0.0000, Train: 0.0000, Motorcycle: 0.0000, Bicycle: 0.0000 }
        MeanIoU: 0.4372
        PixelAccuracy: 0.9259
        DICE: { Unlabeled: 0.6797, Unused: 0.0000, Unused: 0.0000, Unused: 0.0000, Static: 0.0000, Dynamic: 0.0000, Ground: 0.0000, Road: 0.9788, Sidewalk: 0.8653, Parking: 0.0000, Rail track: 0.0000, Building: 0.9396, Wall: 0.0000, Fence: 0.7679, Guard rail: 0.0000, Bridge: 0.0000, Tunnel: 0.0000, Pole: 0.0000, Pole group: 0.7150, Traffic light: 0.0000, Traffic sign: 0.7257, Vegetation: 0.9449, Terrain: 0.8059, Sky: 0.9899, Person: 0.0000, Rider: 0.0000, Car: 0.9347, Truck: 0.0000, Bus: 0.0000, Caravan: 0.0000, Trailer: 0.0000, Train: 0.0000, Motorcycle: 0.0000, Bicycle: 0.0000 }
        MeanDICE: 0.4882
    

    Epoch 28:
      Train Loss: 1.8142, Train Accuracy: 0.9264
      Val Loss: 1.8139
      Metrics:
        val_loss: 1.8139
        val_accuracy: 0.9270
        IoU: { Unlabeled: 0.5202, Unused: 0.0000, Unused: 0.0000, Unused: 0.0000, Static: 0.0000, Dynamic: 0.0000, Ground: 0.0000, Road: 0.9601, Sidewalk: 0.7796, Parking: 0.0000, Rail track: 0.0000, Building: 0.8852, Wall: 0.0000, Fence: 0.6503, Guard rail: 0.0000, Bridge: 0.0000, Tunnel: 0.0000, Pole: 0.0000, Pole group: 0.5704, Traffic light: 0.0000, Traffic sign: 0.6327, Vegetation: 0.8991, Terrain: 0.6926, Sky: 0.9813, Person: 0.0000, Rider: 0.0000, Car: 0.8853, Truck: 0.0000, Bus: 0.0000, Caravan: 0.0000, Trailer: 0.0000, Train: 0.0000, Motorcycle: 0.0000, Bicycle: 0.0000 }
        MeanIoU: 0.4418
        PixelAccuracy: 0.9272
        DICE: { Unlabeled: 0.6837, Unused: 0.0000, Unused: 0.0000, Unused: 0.0000, Static: 0.0000, Dynamic: 0.0000, Ground: 0.0000, Road: 0.9796, Sidewalk: 0.8750, Parking: 0.0000, Rail track: 0.0000, Building: 0.9388, Wall: 0.0000, Fence: 0.7828, Guard rail: 0.0000, Bridge: 0.0000, Tunnel: 0.0000, Pole: 0.0000, Pole group: 0.7185, Traffic light: 0.0000, Traffic sign: 0.7472, Vegetation: 0.9468, Terrain: 0.8102, Sky: 0.9905, Person: 0.0000, Rider: 0.0000, Car: 0.9387, Truck: 0.0000, Bus: 0.0000, Caravan: 0.0000, Trailer: 0.0000, Train: 0.0000, Motorcycle: 0.0000, Bicycle: 0.0000 }
        MeanDICE: 0.4916
    

    Epoch 29:
      Train Loss: 1.8142, Train Accuracy: 0.9266
      Val Loss: 1.8146
      Metrics:
        val_loss: 1.8146
        val_accuracy: 0.9256
        IoU: { Unlabeled: 0.5196, Unused: 0.0000, Unused: 0.0000, Unused: 0.0000, Static: 0.0000, Dynamic: 0.0000, Ground: 0.0000, Road: 0.9583, Sidewalk: 0.7577, Parking: 0.0000, Rail track: 0.0000, Building: 0.8842, Wall: 0.0000, Fence: 0.6311, Guard rail: 0.0000, Bridge: 0.0000, Tunnel: 0.0000, Pole: 0.0000, Pole group: 0.5771, Traffic light: 0.0000, Traffic sign: 0.6392, Vegetation: 0.8974, Terrain: 0.6851, Sky: 0.9805, Person: 0.0000, Rider: 0.0000, Car: 0.8734, Truck: 0.0000, Bus: 0.0000, Caravan: 0.0000, Trailer: 0.0000, Train: 0.0000, Motorcycle: 0.0000, Bicycle: 0.0000 }
        MeanIoU: 0.4390
        PixelAccuracy: 0.9258
        DICE: { Unlabeled: 0.6831, Unused: 0.0000, Unused: 0.0000, Unused: 0.0000, Static: 0.0000, Dynamic: 0.0000, Ground: 0.0000, Road: 0.9786, Sidewalk: 0.8609, Parking: 0.0000, Rail track: 0.0000, Building: 0.9383, Wall: 0.0000, Fence: 0.7679, Guard rail: 0.0000, Bridge: 0.0000, Tunnel: 0.0000, Pole: 0.0000, Pole group: 0.7235, Traffic light: 0.0000, Traffic sign: 0.7511, Vegetation: 0.9458, Terrain: 0.8056, Sky: 0.9901, Person: 0.0000, Rider: 0.0000, Car: 0.9319, Truck: 0.0000, Bus: 0.0000, Caravan: 0.0000, Trailer: 0.0000, Train: 0.0000, Motorcycle: 0.0000, Bicycle: 0.0000 }
        MeanDICE: 0.4898
    

    Epoch 30:
      Train Loss: 1.8138, Train Accuracy: 0.9273
      Val Loss: 1.8146
      Metrics:
        val_loss: 1.8146
        val_accuracy: 0.9257
        IoU: { Unlabeled: 0.5146, Unused: 0.0000, Unused: 0.0000, Unused: 0.0000, Static: 0.0000, Dynamic: 0.0000, Ground: 0.0000, Road: 0.9553, Sidewalk: 0.7688, Parking: 0.0000, Rail track: 0.0000, Building: 0.8894, Wall: 0.0000, Fence: 0.6342, Guard rail: 0.0000, Bridge: 0.0000, Tunnel: 0.0000, Pole: 0.0000, Pole group: 0.5827, Traffic light: 0.0000, Traffic sign: 0.6616, Vegetation: 0.8933, Terrain: 0.6894, Sky: 0.9814, Person: 0.0000, Rider: 0.0000, Car: 0.8687, Truck: 0.0000, Bus: 0.0000, Caravan: 0.0000, Trailer: 0.0000, Train: 0.0000, Motorcycle: 0.0000, Bicycle: 0.0000 }
        MeanIoU: 0.4409
        PixelAccuracy: 0.9259
        DICE: { Unlabeled: 0.6788, Unused: 0.0000, Unused: 0.0000, Unused: 0.0000, Static: 0.0000, Dynamic: 0.0000, Ground: 0.0000, Road: 0.9771, Sidewalk: 0.8681, Parking: 0.0000, Rail track: 0.0000, Building: 0.9412, Wall: 0.0000, Fence: 0.7703, Guard rail: 0.0000, Bridge: 0.0000, Tunnel: 0.0000, Pole: 0.0000, Pole group: 0.7274, Traffic light: 0.0000, Traffic sign: 0.7702, Vegetation: 0.9435, Terrain: 0.8084, Sky: 0.9906, Person: 0.0000, Rider: 0.0000, Car: 0.9291, Truck: 0.0000, Bus: 0.0000, Caravan: 0.0000, Trailer: 0.0000, Train: 0.0000, Motorcycle: 0.0000, Bicycle: 0.0000 }
        MeanDICE: 0.4912
    

    Epoch 31:
      Train Loss: 1.8136, Train Accuracy: 0.9276
      Val Loss: 1.8133
      Metrics:
        val_loss: 1.8133
        val_accuracy: 0.9281
        IoU: { Unlabeled: 0.5223, Unused: 0.0000, Unused: 0.0000, Unused: 0.0000, Static: 0.0000, Dynamic: 0.0000, Ground: 0.0000, Road: 0.9605, Sidewalk: 0.7849, Parking: 0.0000, Rail track: 0.0000, Building: 0.8873, Wall: 0.0000, Fence: 0.6428, Guard rail: 0.0000, Bridge: 0.0000, Tunnel: 0.0000, Pole: 0.0000, Pole group: 0.5798, Traffic light: 0.0000, Traffic sign: 0.6689, Vegetation: 0.9022, Terrain: 0.6940, Sky: 0.9813, Person: 0.0000, Rider: 0.0000, Car: 0.8909, Truck: 0.0000, Bus: 0.0000, Caravan: 0.0000, Trailer: 0.0000, Train: 0.0000, Motorcycle: 0.0000, Bicycle: 0.0000 }
        MeanIoU: 0.4448
        PixelAccuracy: 0.9283
        DICE: { Unlabeled: 0.6855, Unused: 0.0000, Unused: 0.0000, Unused: 0.0000, Static: 0.0000, Dynamic: 0.0000, Ground: 0.0000, Road: 0.9798, Sidewalk: 0.8784, Parking: 0.0000, Rail track: 0.0000, Building: 0.9400, Wall: 0.0000, Fence: 0.7762, Guard rail: 0.0000, Bridge: 0.0000, Tunnel: 0.0000, Pole: 0.0000, Pole group: 0.7253, Traffic light: 0.0000, Traffic sign: 0.7771, Vegetation: 0.9485, Terrain: 0.8116, Sky: 0.9906, Person: 0.0000, Rider: 0.0000, Car: 0.9418, Truck: 0.0000, Bus: 0.0000, Caravan: 0.0000, Trailer: 0.0000, Train: 0.0000, Motorcycle: 0.0000, Bicycle: 0.0000 }
        MeanDICE: 0.4938
    

    Epoch 32:
      Train Loss: 1.8137, Train Accuracy: 0.9275
      Val Loss: 1.8139
      Metrics:
        val_loss: 1.8139
        val_accuracy: 0.9269
        IoU: { Unlabeled: 0.5219, Unused: 0.0000, Unused: 0.0000, Unused: 0.0000, Static: 0.0000, Dynamic: 0.0000, Ground: 0.0000, Road: 0.9582, Sidewalk: 0.7682, Parking: 0.0000, Rail track: 0.0000, Building: 0.8866, Wall: 0.0000, Fence: 0.6486, Guard rail: 0.0000, Bridge: 0.0000, Tunnel: 0.0000, Pole: 0.0000, Pole group: 0.5890, Traffic light: 0.0000, Traffic sign: 0.6758, Vegetation: 0.9029, Terrain: 0.6833, Sky: 0.9809, Person: 0.0000, Rider: 0.0000, Car: 0.8808, Truck: 0.0000, Bus: 0.0000, Caravan: 0.0000, Trailer: 0.0000, Train: 0.0000, Motorcycle: 0.0000, Bicycle: 0.0000 }
        MeanIoU: 0.4439
        PixelAccuracy: 0.9271
        DICE: { Unlabeled: 0.6852, Unused: 0.0000, Unused: 0.0000, Unused: 0.0000, Static: 0.0000, Dynamic: 0.0000, Ground: 0.0000, Road: 0.9786, Sidewalk: 0.8677, Parking: 0.0000, Rail track: 0.0000, Building: 0.9396, Wall: 0.0000, Fence: 0.7816, Guard rail: 0.0000, Bridge: 0.0000, Tunnel: 0.0000, Pole: 0.0000, Pole group: 0.7331, Traffic light: 0.0000, Traffic sign: 0.7828, Vegetation: 0.9489, Terrain: 0.8026, Sky: 0.9903, Person: 0.0000, Rider: 0.0000, Car: 0.9361, Truck: 0.0000, Bus: 0.0000, Caravan: 0.0000, Trailer: 0.0000, Train: 0.0000, Motorcycle: 0.0000, Bicycle: 0.0000 }
        MeanDICE: 0.4934
    

    Epoch 33:
      Train Loss: 1.8137, Train Accuracy: 0.9274
      Val Loss: 1.8136
      Metrics:
        val_loss: 1.8136
        val_accuracy: 0.9274
        IoU: { Unlabeled: 0.5236, Unused: 0.0000, Unused: 0.0000, Unused: 0.0000, Static: 0.0000, Dynamic: 0.0000, Ground: 0.0000, Road: 0.9591, Sidewalk: 0.7794, Parking: 0.0000, Rail track: 0.0000, Building: 0.8872, Wall: 0.0000, Fence: 0.6395, Guard rail: 0.0000, Bridge: 0.0000, Tunnel: 0.0000, Pole: 0.0000, Pole group: 0.5910, Traffic light: 0.0000, Traffic sign: 0.6782, Vegetation: 0.9019, Terrain: 0.6950, Sky: 0.9814, Person: 0.0000, Rider: 0.0000, Car: 0.8816, Truck: 0.0000, Bus: 0.0000, Caravan: 0.0000, Trailer: 0.0000, Train: 0.0000, Motorcycle: 0.0000, Bicycle: 0.0000 }
        MeanIoU: 0.4450
        PixelAccuracy: 0.9276
        DICE: { Unlabeled: 0.6867, Unused: 0.0000, Unused: 0.0000, Unused: 0.0000, Static: 0.0000, Dynamic: 0.0000, Ground: 0.0000, Road: 0.9791, Sidewalk: 0.8750, Parking: 0.0000, Rail track: 0.0000, Building: 0.9399, Wall: 0.0000, Fence: 0.7746, Guard rail: 0.0000, Bridge: 0.0000, Tunnel: 0.0000, Pole: 0.0000, Pole group: 0.7353, Traffic light: 0.0000, Traffic sign: 0.7855, Vegetation: 0.9483, Terrain: 0.8118, Sky: 0.9906, Person: 0.0000, Rider: 0.0000, Car: 0.9366, Truck: 0.0000, Bus: 0.0000, Caravan: 0.0000, Trailer: 0.0000, Train: 0.0000, Motorcycle: 0.0000, Bicycle: 0.0000 }
        MeanDICE: 0.4943
    

    Epoch 34:
      Train Loss: 1.8133, Train Accuracy: 0.9282
      Val Loss: 1.8137
      Metrics:
        val_loss: 1.8137
        val_accuracy: 0.9272
        IoU: { Unlabeled: 0.5226, Unused: 0.0000, Unused: 0.0000, Unused: 0.0000, Static: 0.0000, Dynamic: 0.0000, Ground: 0.0000, Road: 0.9597, Sidewalk: 0.7774, Parking: 0.0000, Rail track: 0.0000, Building: 0.8919, Wall: 0.0000, Fence: 0.6431, Guard rail: 0.0000, Bridge: 0.0000, Tunnel: 0.0000, Pole: 0.0000, Pole group: 0.5946, Traffic light: 0.0000, Traffic sign: 0.6736, Vegetation: 0.8946, Terrain: 0.6920, Sky: 0.9815, Person: 0.0000, Rider: 0.0000, Car: 0.8713, Truck: 0.0000, Bus: 0.0000, Caravan: 0.0000, Trailer: 0.0000, Train: 0.0000, Motorcycle: 0.0000, Bicycle: 0.0000 }
        MeanIoU: 0.4442
        PixelAccuracy: 0.9274
        DICE: { Unlabeled: 0.6858, Unused: 0.0000, Unused: 0.0000, Unused: 0.0000, Static: 0.0000, Dynamic: 0.0000, Ground: 0.0000, Road: 0.9794, Sidewalk: 0.8737, Parking: 0.0000, Rail track: 0.0000, Building: 0.9426, Wall: 0.0000, Fence: 0.7775, Guard rail: 0.0000, Bridge: 0.0000, Tunnel: 0.0000, Pole: 0.0000, Pole group: 0.7372, Traffic light: 0.0000, Traffic sign: 0.7822, Vegetation: 0.9442, Terrain: 0.8101, Sky: 0.9906, Person: 0.0000, Rider: 0.0000, Car: 0.9306, Truck: 0.0000, Bus: 0.0000, Caravan: 0.0000, Trailer: 0.0000, Train: 0.0000, Motorcycle: 0.0000, Bicycle: 0.0000 }
        MeanDICE: 0.4938
    

    Epoch 35:
      Train Loss: 1.8132, Train Accuracy: 0.9283
      Val Loss: 1.8134
      Metrics:
        val_loss: 1.8134
        val_accuracy: 0.9278
        IoU: { Unlabeled: 0.5243, Unused: 0.0000, Unused: 0.0000, Unused: 0.0000, Static: 0.0000, Dynamic: 0.0000, Ground: 0.0000, Road: 0.9581, Sidewalk: 0.7805, Parking: 0.0000, Rail track: 0.0000, Building: 0.8864, Wall: 0.0000, Fence: 0.6674, Guard rail: 0.0000, Bridge: 0.0000, Tunnel: 0.0000, Pole: 0.0000, Pole group: 0.5936, Traffic light: 0.0000, Traffic sign: 0.6840, Vegetation: 0.9035, Terrain: 0.6920, Sky: 0.9806, Person: 0.0000, Rider: 0.0000, Car: 0.8858, Truck: 0.0000, Bus: 0.0000, Caravan: 0.0000, Trailer: 0.0000, Train: 0.0000, Motorcycle: 0.0000, Bicycle: 0.0000 }
        MeanIoU: 0.4470
        PixelAccuracy: 0.9280
        DICE: { Unlabeled: 0.6872, Unused: 0.0000, Unused: 0.0000, Unused: 0.0000, Static: 0.0000, Dynamic: 0.0000, Ground: 0.0000, Road: 0.9785, Sidewalk: 0.8757, Parking: 0.0000, Rail track: 0.0000, Building: 0.9395, Wall: 0.0000, Fence: 0.7957, Guard rail: 0.0000, Bridge: 0.0000, Tunnel: 0.0000, Pole: 0.0000, Pole group: 0.7374, Traffic light: 0.0000, Traffic sign: 0.7914, Vegetation: 0.9492, Terrain: 0.8100, Sky: 0.9902, Person: 0.0000, Rider: 0.0000, Car: 0.9390, Truck: 0.0000, Bus: 0.0000, Caravan: 0.0000, Trailer: 0.0000, Train: 0.0000, Motorcycle: 0.0000, Bicycle: 0.0000 }
        MeanDICE: 0.4958
    

    Epoch 36:
      Train Loss: 1.8130, Train Accuracy: 0.9287
      Val Loss: 1.8128
      Metrics:
        val_loss: 1.8128
        val_accuracy: 0.9289
        IoU: { Unlabeled: 0.5227, Unused: 0.0000, Unused: 0.0000, Unused: 0.0000, Static: 0.0000, Dynamic: 0.0000, Ground: 0.0000, Road: 0.9605, Sidewalk: 0.7788, Parking: 0.0000, Rail track: 0.0000, Building: 0.8919, Wall: 0.0000, Fence: 0.6699, Guard rail: 0.0000, Bridge: 0.0000, Tunnel: 0.0000, Pole: 0.0000, Pole group: 0.5950, Traffic light: 0.0000, Traffic sign: 0.6655, Vegetation: 0.9063, Terrain: 0.6951, Sky: 0.9812, Person: 0.0000, Rider: 0.0000, Car: 0.8849, Truck: 0.0000, Bus: 0.0000, Caravan: 0.0000, Trailer: 0.0000, Train: 0.0000, Motorcycle: 0.0000, Bicycle: 0.0000 }
        MeanIoU: 0.4468
        PixelAccuracy: 0.9291
        DICE: { Unlabeled: 0.6859, Unused: 0.0000, Unused: 0.0000, Unused: 0.0000, Static: 0.0000, Dynamic: 0.0000, Ground: 0.0000, Road: 0.9798, Sidewalk: 0.8746, Parking: 0.0000, Rail track: 0.0000, Building: 0.9426, Wall: 0.0000, Fence: 0.7977, Guard rail: 0.0000, Bridge: 0.0000, Tunnel: 0.0000, Pole: 0.0000, Pole group: 0.7392, Traffic light: 0.0000, Traffic sign: 0.7794, Vegetation: 0.9507, Terrain: 0.8123, Sky: 0.9905, Person: 0.0000, Rider: 0.0000, Car: 0.9385, Truck: 0.0000, Bus: 0.0000, Caravan: 0.0000, Trailer: 0.0000, Train: 0.0000, Motorcycle: 0.0000, Bicycle: 0.0000 }
        MeanDICE: 0.4957
    

    Epoch 37:
      Train Loss: 1.8130, Train Accuracy: 0.9288
      Val Loss: 1.8131
      Metrics:
        val_loss: 1.8131
        val_accuracy: 0.9284
        IoU: { Unlabeled: 0.5261, Unused: 0.0000, Unused: 0.0000, Unused: 0.0000, Static: 0.0000, Dynamic: 0.0000, Ground: 0.0000, Road: 0.9610, Sidewalk: 0.7789, Parking: 0.0000, Rail track: 0.0000, Building: 0.8912, Wall: 0.0000, Fence: 0.6577, Guard rail: 0.0000, Bridge: 0.0000, Tunnel: 0.0000, Pole: 0.0000, Pole group: 0.5918, Traffic light: 0.0000, Traffic sign: 0.6910, Vegetation: 0.9050, Terrain: 0.6962, Sky: 0.9812, Person: 0.0000, Rider: 0.0000, Car: 0.8803, Truck: 0.0000, Bus: 0.0000, Caravan: 0.0000, Trailer: 0.0000, Train: 0.0000, Motorcycle: 0.0000, Bicycle: 0.0000 }
        MeanIoU: 0.4472
        PixelAccuracy: 0.9286
        DICE: { Unlabeled: 0.6888, Unused: 0.0000, Unused: 0.0000, Unused: 0.0000, Static: 0.0000, Dynamic: 0.0000, Ground: 0.0000, Road: 0.9800, Sidewalk: 0.8745, Parking: 0.0000, Rail track: 0.0000, Building: 0.9422, Wall: 0.0000, Fence: 0.7880, Guard rail: 0.0000, Bridge: 0.0000, Tunnel: 0.0000, Pole: 0.0000, Pole group: 0.7350, Traffic light: 0.0000, Traffic sign: 0.7946, Vegetation: 0.9500, Terrain: 0.8131, Sky: 0.9905, Person: 0.0000, Rider: 0.0000, Car: 0.9359, Truck: 0.0000, Bus: 0.0000, Caravan: 0.0000, Trailer: 0.0000, Train: 0.0000, Motorcycle: 0.0000, Bicycle: 0.0000 }
        MeanDICE: 0.4958
    

    Epoch 38:
      Train Loss: 1.8127, Train Accuracy: 0.9293
      Val Loss: 1.8130
      Metrics:
        val_loss: 1.8130
        val_accuracy: 0.9285
        IoU: { Unlabeled: 0.5273, Unused: 0.0000, Unused: 0.0000, Unused: 0.0000, Static: 0.0000, Dynamic: 0.0000, Ground: 0.0000, Road: 0.9606, Sidewalk: 0.7842, Parking: 0.0000, Rail track: 0.0000, Building: 0.8901, Wall: 0.0000, Fence: 0.6668, Guard rail: 0.0000, Bridge: 0.0000, Tunnel: 0.0000, Pole: 0.0000, Pole group: 0.5964, Traffic light: 0.0000, Traffic sign: 0.7008, Vegetation: 0.9036, Terrain: 0.6967, Sky: 0.9820, Person: 0.0000, Rider: 0.0000, Car: 0.8894, Truck: 0.0000, Bus: 0.0000, Caravan: 0.0000, Trailer: 0.0000, Train: 0.0000, Motorcycle: 0.0000, Bicycle: 0.0000 }
        MeanIoU: 0.4491
        PixelAccuracy: 0.9287
        DICE: { Unlabeled: 0.6898, Unused: 0.0000, Unused: 0.0000, Unused: 0.0000, Static: 0.0000, Dynamic: 0.0000, Ground: 0.0000, Road: 0.9798, Sidewalk: 0.8780, Parking: 0.0000, Rail track: 0.0000, Building: 0.9416, Wall: 0.0000, Fence: 0.7951, Guard rail: 0.0000, Bridge: 0.0000, Tunnel: 0.0000, Pole: 0.0000, Pole group: 0.7385, Traffic light: 0.0000, Traffic sign: 0.8049, Vegetation: 0.9493, Terrain: 0.8129, Sky: 0.9909, Person: 0.0000, Rider: 0.0000, Car: 0.9411, Truck: 0.0000, Bus: 0.0000, Caravan: 0.0000, Trailer: 0.0000, Train: 0.0000, Motorcycle: 0.0000, Bicycle: 0.0000 }
        MeanDICE: 0.4973
    

    Epoch 39:
      Train Loss: 1.8128, Train Accuracy: 0.9291
      Val Loss: 1.8129
      Metrics:
        val_loss: 1.8129
        val_accuracy: 0.9287
        IoU: { Unlabeled: 0.5225, Unused: 0.0000, Unused: 0.0000, Unused: 0.0000, Static: 0.0000, Dynamic: 0.0000, Ground: 0.0000, Road: 0.9606, Sidewalk: 0.7855, Parking: 0.0000, Rail track: 0.0000, Building: 0.8923, Wall: 0.0000, Fence: 0.6529, Guard rail: 0.0000, Bridge: 0.0000, Tunnel: 0.0000, Pole: 0.0000, Pole group: 0.6041, Traffic light: 0.0000, Traffic sign: 0.7108, Vegetation: 0.9074, Terrain: 0.6862, Sky: 0.9813, Person: 0.0000, Rider: 0.0000, Car: 0.8782, Truck: 0.0000, Bus: 0.0000, Caravan: 0.0000, Trailer: 0.0000, Train: 0.0000, Motorcycle: 0.0000, Bicycle: 0.0000 }
        MeanIoU: 0.4483
        PixelAccuracy: 0.9289
        DICE: { Unlabeled: 0.6857, Unused: 0.0000, Unused: 0.0000, Unused: 0.0000, Static: 0.0000, Dynamic: 0.0000, Ground: 0.0000, Road: 0.9799, Sidewalk: 0.8790, Parking: 0.0000, Rail track: 0.0000, Building: 0.9429, Wall: 0.0000, Fence: 0.7848, Guard rail: 0.0000, Bridge: 0.0000, Tunnel: 0.0000, Pole: 0.0000, Pole group: 0.7457, Traffic light: 0.0000, Traffic sign: 0.8156, Vegetation: 0.9514, Terrain: 0.8056, Sky: 0.9906, Person: 0.0000, Rider: 0.0000, Car: 0.9345, Truck: 0.0000, Bus: 0.0000, Caravan: 0.0000, Trailer: 0.0000, Train: 0.0000, Motorcycle: 0.0000, Bicycle: 0.0000 }
        MeanDICE: 0.4970
    

    Epoch 40:
      Train Loss: 1.8126, Train Accuracy: 0.9294
      Val Loss: 1.8134
      Metrics:
        val_loss: 1.8134
        val_accuracy: 0.9279
        IoU: { Unlabeled: 0.5237, Unused: 0.0000, Unused: 0.0000, Unused: 0.0000, Static: 0.0000, Dynamic: 0.0000, Ground: 0.0000, Road: 0.9568, Sidewalk: 0.7820, Parking: 0.0000, Rail track: 0.0000, Building: 0.8885, Wall: 0.0000, Fence: 0.6532, Guard rail: 0.0000, Bridge: 0.0000, Tunnel: 0.0000, Pole: 0.0000, Pole group: 0.5964, Traffic light: 0.0000, Traffic sign: 0.7075, Vegetation: 0.9049, Terrain: 0.6962, Sky: 0.9812, Person: 0.0000, Rider: 0.0000, Car: 0.8839, Truck: 0.0000, Bus: 0.0000, Caravan: 0.0000, Trailer: 0.0000, Train: 0.0000, Motorcycle: 0.0000, Bicycle: 0.0000 }
        MeanIoU: 0.4479
        PixelAccuracy: 0.9281
        DICE: { Unlabeled: 0.6867, Unused: 0.0000, Unused: 0.0000, Unused: 0.0000, Static: 0.0000, Dynamic: 0.0000, Ground: 0.0000, Road: 0.9778, Sidewalk: 0.8766, Parking: 0.0000, Rail track: 0.0000, Building: 0.9407, Wall: 0.0000, Fence: 0.7848, Guard rail: 0.0000, Bridge: 0.0000, Tunnel: 0.0000, Pole: 0.0000, Pole group: 0.7403, Traffic light: 0.0000, Traffic sign: 0.8119, Vegetation: 0.9500, Terrain: 0.8133, Sky: 0.9905, Person: 0.0000, Rider: 0.0000, Car: 0.9379, Truck: 0.0000, Bus: 0.0000, Caravan: 0.0000, Trailer: 0.0000, Train: 0.0000, Motorcycle: 0.0000, Bicycle: 0.0000 }
        MeanDICE: 0.4968
    
Training started at: 2025-01-02 01:56:49.163828
Training ended at: 2025-01-02 05:08:18.760856
Training duration: 3:11:29.597028
Results on Test Data Set :
  IoU:
    0 (Unlabeled): 0.5325997471809387
    1 (Unused): 0.000000
    2 (Unused): 0.000000
    3 (Unused): 0.000000
    4 (Static): 0.000000
    5 (Dynamic): 0.000000
    6 (Ground): 0.000000
    7 (Road): 0.9617453813552856
    8 (Sidewalk): 0.8019596934318542
    9 (Parking): 0.000000
    10 (Rail track): 0.000000
    11 (Building): 0.8944161534309387
    12 (Wall): 0.0
    13 (Fence): 0.632964015007019
    14 (Guard rail): 0.000000
    15 (Bridge): 0.000000
    16 (Tunnel): 0.000000
    17 (Pole): 0.000000
    18 (Pole group): 0.619474470615387
    19 (Traffic light): 0.0
    20 (Traffic sign): 0.7100066542625427
    21 (Vegetation): 0.9035279154777527
    22 (Terrain): 0.6861404180526733
    23 (Sky): 0.9813147783279419
    24 (Person): 0.0
    25 (Rider): 0.0
    26 (Car): 0.8909838795661926
    27 (Truck): 0.0
    28 (Bus): 0.0
    29 (Caravan): 0.0
    30 (Trailer): 0.0
    31 (Train): 0.0
    32 (Motorcycle): 0.0
    33 (Bicycle): 0.0
  MeanIoU: 0.448518
  PixelAccuracy: 0.927904
  DICE:
    0 (Unlabeled): 0.6944946050643921
    1 (Unused): 0.000000
    2 (Unused): 0.000000
    3 (Unused): 0.000000
    4 (Static): 0.000000
    5 (Dynamic): 0.000000
    6 (Ground): 0.000000
    7 (Road): 0.9804474115371704
    8 (Sidewalk): 0.8891379237174988
    9 (Parking): 0.000000
    10 (Rail track): 0.000000
    11 (Building): 0.9440906643867493
    12 (Wall): 0.0
    13 (Fence): 0.7706958055496216
    14 (Guard rail): 0.000000
    15 (Bridge): 0.000000
    16 (Tunnel): 0.000000
    17 (Pole): 0.000000
    18 (Pole group): 0.759801983833313
    19 (Traffic light): 0.0
    20 (Traffic sign): 0.8156680464744568
    21 (Vegetation): 0.9491669535636902
    22 (Terrain): 0.8012827038764954
    23 (Sky): 0.9905633330345154
    24 (Person): 0.0
    25 (Rider): 0.0
    26 (Car): 0.9420433044433594
    27 (Truck): 0.0
    28 (Bus): 0.0
    29 (Caravan): 0.0
    30 (Trailer): 0.0
    31 (Train): 0.0
    32 (Motorcycle): 0.0
    33 (Bicycle): 0.0
  MeanDICE: 0.496475
  val_loss: 1.813374
  val_accuracy: 0.927818

Testing started at: 2025-01-02 05:08:18.774683
Testing ended at: 2025-01-02 05:08:40.939333
Testing duration: 0:00:22.164650
