Model: UNetWithResNet
Loss Function: DiceLoss
Optimizer: Adam
Learning Rate: 0.0001
Scheduler: CosineAnnealingLR
Scheduler Params: {'T_max': 50, 'eta_min': 1e-06}
Batch Size: 16
Epochs: 50
Seed: 42
Dataset Details:
Dataset Path: /net/ens/am4ip/datasets/project-dataset
Train Split: 0.8
Validation Split: 0.1
Test Split: 0.1
Augmentation Details:
Use Augmentation: False

    Epoch 1:
      Train Loss: 0.9247, Train Accuracy: 0.6242
      Val Loss: 0.8913
      Metrics:
        val_loss: 0.8913
        val_accuracy: 0.7741
        IoU: { Unlabeled: 0.1120, Unused: 0.0000, Unused: 0.0000, Unused: 0.0000, Static: 0.0000, Dynamic: 0.0000, Ground: 0.0000, Road: 0.8693, Sidewalk: 0.3450, Parking: 0.0000, Rail track: 0.0000, Building: 0.5817, Wall: 0.0000, Fence: 0.4663, Guard rail: 0.0000, Bridge: 0.0000, Tunnel: 0.0000, Pole: 0.0000, Pole group: 0.0000, Traffic light: 0.0000, Traffic sign: 0.0000, Vegetation: 0.7356, Terrain: 0.0351, Sky: 0.8695, Person: 0.0000, Rider: 0.0000, Car: 0.5600, Truck: 0.0000, Bus: 0.0000, Caravan: 0.0000, Trailer: 0.0000, Train: 0.3359, Motorcycle: 0.0000, Bicycle: 0.0000 }
        MeanIoU: 0.2554
        PixelAccuracy: 0.7745
        DICE: { Unlabeled: 0.2012, Unused: 0.0000, Unused: 0.0000, Unused: 0.0000, Static: 0.0000, Dynamic: 0.0000, Ground: 0.0000, Road: 0.9299, Sidewalk: 0.5094, Parking: 0.0000, Rail track: 0.0000, Building: 0.7351, Wall: 0.0000, Fence: 0.6267, Guard rail: 0.0000, Bridge: 0.0000, Tunnel: 0.0000, Pole: 0.0000, Pole group: 0.0000, Traffic light: 0.0000, Traffic sign: 0.0000, Vegetation: 0.8473, Terrain: 0.0663, Sky: 0.9301, Person: 0.0000, Rider: 0.0000, Car: 0.7148, Truck: 0.0000, Bus: 0.0000, Caravan: 0.0000, Trailer: 0.0000, Train: 0.4688, Motorcycle: 0.0000, Bicycle: 0.0000 }
        MeanDICE: 0.2548
        overAllIOU: 0.6326
    

    Epoch 2:
      Train Loss: 0.8674, Train Accuracy: 0.8152
      Val Loss: 0.8520
      Metrics:
        val_loss: 0.8520
        val_accuracy: 0.8393
        IoU: { Unlabeled: 0.1982, Unused: 0.0000, Unused: 0.0000, Unused: 0.0000, Static: 0.0000, Dynamic: 0.0000, Ground: 0.0000, Road: 0.9112, Sidewalk: 0.5705, Parking: 0.0000, Rail track: 0.0000, Building: 0.7311, Wall: 0.0000, Fence: 0.4149, Guard rail: 0.0000, Bridge: 0.0000, Tunnel: 0.0000, Pole: 0.0000, Pole group: 0.0000, Traffic light: 0.0000, Traffic sign: 0.0000, Vegetation: 0.7745, Terrain: 0.5078, Sky: 0.9020, Person: 0.0000, Rider: 0.0000, Car: 0.7130, Truck: 0.0000, Bus: 0.1917, Caravan: 0.0000, Trailer: 0.0000, Train: 0.4955, Motorcycle: 0.0000, Bicycle: 0.0000 }
        MeanIoU: 0.3334
        PixelAccuracy: 0.8398
        DICE: { Unlabeled: 0.3307, Unused: 0.0000, Unused: 0.0000, Unused: 0.0000, Static: 0.0000, Dynamic: 0.0000, Ground: 0.0000, Road: 0.9535, Sidewalk: 0.7247, Parking: 0.0000, Rail track: 0.0000, Building: 0.8445, Wall: 0.0000, Fence: 0.5745, Guard rail: 0.0000, Bridge: 0.0000, Tunnel: 0.0000, Pole: 0.0000, Pole group: 0.0000, Traffic light: 0.0000, Traffic sign: 0.0000, Vegetation: 0.8726, Terrain: 0.6671, Sky: 0.9484, Person: 0.0000, Rider: 0.0000, Car: 0.8311, Truck: 0.0000, Bus: 0.2873, Caravan: 0.0000, Trailer: 0.0000, Train: 0.6121, Motorcycle: 0.0000, Bicycle: 0.0000 }
        MeanDICE: 0.3969
        overAllIOU: 0.7241
    

    Epoch 3:
      Train Loss: 0.6964, Train Accuracy: 0.7453
      Val Loss: 0.4443
      Metrics:
        val_loss: 0.4443
        val_accuracy: 0.6437
        IoU: { Unlabeled: 0.1568, Unused: 0.0000, Unused: 0.0000, Unused: 0.0000, Static: 0.0000, Dynamic: 0.0000, Ground: 0.0000, Road: 0.7521, Sidewalk: 0.1082, Parking: 0.0000, Rail track: 0.0000, Building: 0.3320, Wall: 0.0000, Fence: 0.0001, Guard rail: 0.0000, Bridge: 0.0000, Tunnel: 0.0000, Pole: 0.0000, Pole group: 0.0000, Traffic light: 0.0000, Traffic sign: 0.0000, Vegetation: 0.4063, Terrain: 0.0000, Sky: 0.7373, Person: 0.0000, Rider: 0.0000, Car: 0.4051, Truck: 0.0000, Bus: 0.0000, Caravan: 0.0000, Trailer: 0.0000, Train: 0.0000, Motorcycle: 0.0000, Bicycle: 0.0000 }
        MeanIoU: 0.1517
        PixelAccuracy: 0.6442
        DICE: { Unlabeled: 0.2706, Unused: 0.0000, Unused: 0.0000, Unused: 0.0000, Static: 0.0000, Dynamic: 0.0000, Ground: 0.0000, Road: 0.8566, Sidewalk: 0.1876, Parking: 0.0000, Rail track: 0.0000, Building: 0.4922, Wall: 0.0000, Fence: 0.0001, Guard rail: 0.0000, Bridge: 0.0000, Tunnel: 0.0000, Pole: 0.0000, Pole group: 0.0000, Traffic light: 0.0000, Traffic sign: 0.0000, Vegetation: 0.5742, Terrain: 0.0000, Sky: 0.8476, Person: 0.0000, Rider: 0.0000, Car: 0.5686, Truck: 0.0000, Bus: 0.0000, Caravan: 0.0000, Trailer: 0.0000, Train: 0.0000, Motorcycle: 0.0000, Bicycle: 0.0000 }
        MeanDICE: 0.1987
        overAllIOU: 0.4768
    

    Epoch 4:
      Train Loss: 0.3578, Train Accuracy: 0.7052
      Val Loss: 0.3087
      Metrics:
        val_loss: 0.3087
        val_accuracy: 0.7473
        IoU: { Unlabeled: 0.1768, Unused: 0.0000, Unused: 0.0000, Unused: 0.0000, Static: 0.0000, Dynamic: 0.0000, Ground: 0.0000, Road: 0.8506, Sidewalk: 0.2914, Parking: 0.0000, Rail track: 0.0000, Building: 0.4927, Wall: 0.0000, Fence: 0.0000, Guard rail: 0.0000, Bridge: 0.0000, Tunnel: 0.0000, Pole: 0.0000, Pole group: 0.0000, Traffic light: 0.0000, Traffic sign: 0.0000, Vegetation: 0.5975, Terrain: 0.0000, Sky: 0.8572, Person: 0.0000, Rider: 0.0000, Car: 0.4954, Truck: 0.0000, Bus: 0.0000, Caravan: 0.0000, Trailer: 0.0000, Train: 0.0000, Motorcycle: 0.0000, Bicycle: 0.0000 }
        MeanIoU: 0.1964
        PixelAccuracy: 0.7473
        DICE: { Unlabeled: 0.3003, Unused: 0.0000, Unused: 0.0000, Unused: 0.0000, Static: 0.0000, Dynamic: 0.0000, Ground: 0.0000, Road: 0.9190, Sidewalk: 0.4459, Parking: 0.0000, Rail track: 0.0000, Building: 0.6568, Wall: 0.0000, Fence: 0.0000, Guard rail: 0.0000, Bridge: 0.0000, Tunnel: 0.0000, Pole: 0.0000, Pole group: 0.0000, Traffic light: 0.0000, Traffic sign: 0.0000, Vegetation: 0.7461, Terrain: 0.0000, Sky: 0.9229, Person: 0.0000, Rider: 0.0000, Car: 0.6572, Truck: 0.0000, Bus: 0.0000, Caravan: 0.0000, Trailer: 0.0000, Train: 0.0000, Motorcycle: 0.0000, Bicycle: 0.0000 }
        MeanDICE: 0.2427
        overAllIOU: 0.5974
    

    Epoch 5:
      Train Loss: 0.2568, Train Accuracy: 0.7751
      Val Loss: 0.2396
      Metrics:
        val_loss: 0.2396
        val_accuracy: 0.8055
        IoU: { Unlabeled: 0.2013, Unused: 0.0000, Unused: 0.0000, Unused: 0.0000, Static: 0.0000, Dynamic: 0.0000, Ground: 0.0000, Road: 0.8846, Sidewalk: 0.4269, Parking: 0.0000, Rail track: 0.0000, Building: 0.6733, Wall: 0.0000, Fence: 0.0000, Guard rail: 0.0000, Bridge: 0.0000, Tunnel: 0.0000, Pole: 0.0000, Pole group: 0.0000, Traffic light: 0.0000, Traffic sign: 0.0000, Vegetation: 0.7288, Terrain: 0.0000, Sky: 0.8914, Person: 0.0000, Rider: 0.0000, Car: 0.6768, Truck: 0.0000, Bus: 0.0000, Caravan: 0.0000, Trailer: 0.0000, Train: 0.0000, Motorcycle: 0.0000, Bicycle: 0.0000 }
        MeanIoU: 0.2343
        PixelAccuracy: 0.8059
        DICE: { Unlabeled: 0.3350, Unused: 0.0000, Unused: 0.0000, Unused: 0.0000, Static: 0.0000, Dynamic: 0.0000, Ground: 0.0000, Road: 0.9386, Sidewalk: 0.5950, Parking: 0.0000, Rail track: 0.0000, Building: 0.8042, Wall: 0.0000, Fence: 0.0000, Guard rail: 0.0000, Bridge: 0.0000, Tunnel: 0.0000, Pole: 0.0000, Pole group: 0.0000, Traffic light: 0.0000, Traffic sign: 0.0000, Vegetation: 0.8427, Terrain: 0.0000, Sky: 0.9425, Person: 0.0000, Rider: 0.0000, Car: 0.8056, Truck: 0.0000, Bus: 0.0000, Caravan: 0.0000, Trailer: 0.0000, Train: 0.0000, Motorcycle: 0.0000, Bicycle: 0.0000 }
        MeanDICE: 0.2750
        overAllIOU: 0.6752
    

    Epoch 6:
      Train Loss: 0.2377, Train Accuracy: 0.8119
      Val Loss: 0.2312
      Metrics:
        val_loss: 0.2312
        val_accuracy: 0.8217
        IoU: { Unlabeled: 0.2080, Unused: 0.0000, Unused: 0.0000, Unused: 0.0000, Static: 0.0000, Dynamic: 0.0000, Ground: 0.0000, Road: 0.8980, Sidewalk: 0.4798, Parking: 0.0000, Rail track: 0.0000, Building: 0.7188, Wall: 0.0000, Fence: 0.0000, Guard rail: 0.0000, Bridge: 0.0000, Tunnel: 0.0000, Pole: 0.0000, Pole group: 0.0000, Traffic light: 0.0000, Traffic sign: 0.0000, Vegetation: 0.7596, Terrain: 0.0000, Sky: 0.9009, Person: 0.0000, Rider: 0.0000, Car: 0.7190, Truck: 0.0000, Bus: 0.0000, Caravan: 0.0000, Trailer: 0.0000, Train: 0.0000, Motorcycle: 0.0000, Bicycle: 0.0000 }
        MeanIoU: 0.2448
        PixelAccuracy: 0.8223
        DICE: { Unlabeled: 0.3442, Unused: 0.0000, Unused: 0.0000, Unused: 0.0000, Static: 0.0000, Dynamic: 0.0000, Ground: 0.0000, Road: 0.9461, Sidewalk: 0.6447, Parking: 0.0000, Rail track: 0.0000, Building: 0.8360, Wall: 0.0000, Fence: 0.0000, Guard rail: 0.0000, Bridge: 0.0000, Tunnel: 0.0000, Pole: 0.0000, Pole group: 0.0000, Traffic light: 0.0000, Traffic sign: 0.0000, Vegetation: 0.8630, Terrain: 0.0000, Sky: 0.9478, Person: 0.0000, Rider: 0.0000, Car: 0.8353, Truck: 0.0000, Bus: 0.0000, Caravan: 0.0000, Trailer: 0.0000, Train: 0.0000, Motorcycle: 0.0000, Bicycle: 0.0000 }
        MeanDICE: 0.2831
        overAllIOU: 0.6985
    

    Epoch 7:
      Train Loss: 0.2307, Train Accuracy: 0.8210
      Val Loss: 0.2275
      Metrics:
        val_loss: 0.2275
        val_accuracy: 0.8254
        IoU: { Unlabeled: 0.2129, Unused: 0.0000, Unused: 0.0000, Unused: 0.0000, Static: 0.0000, Dynamic: 0.0000, Ground: 0.0000, Road: 0.9015, Sidewalk: 0.5088, Parking: 0.0000, Rail track: 0.0000, Building: 0.7326, Wall: 0.0000, Fence: 0.0000, Guard rail: 0.0000, Bridge: 0.0000, Tunnel: 0.0000, Pole: 0.0000, Pole group: 0.0000, Traffic light: 0.0000, Traffic sign: 0.0000, Vegetation: 0.7712, Terrain: 0.0000, Sky: 0.9034, Person: 0.0000, Rider: 0.0000, Car: 0.7096, Truck: 0.0000, Bus: 0.0000, Caravan: 0.0000, Trailer: 0.0000, Train: 0.0000, Motorcycle: 0.0000, Bicycle: 0.0000 }
        MeanIoU: 0.2477
        PixelAccuracy: 0.8259
        DICE: { Unlabeled: 0.3509, Unused: 0.0000, Unused: 0.0000, Unused: 0.0000, Static: 0.0000, Dynamic: 0.0000, Ground: 0.0000, Road: 0.9480, Sidewalk: 0.6711, Parking: 0.0000, Rail track: 0.0000, Building: 0.8452, Wall: 0.0000, Fence: 0.0000, Guard rail: 0.0000, Bridge: 0.0000, Tunnel: 0.0000, Pole: 0.0000, Pole group: 0.0000, Traffic light: 0.0000, Traffic sign: 0.0000, Vegetation: 0.8705, Terrain: 0.0000, Sky: 0.9492, Person: 0.0000, Rider: 0.0000, Car: 0.8290, Truck: 0.0000, Bus: 0.0000, Caravan: 0.0000, Trailer: 0.0000, Train: 0.0000, Motorcycle: 0.0000, Bicycle: 0.0000 }
        MeanDICE: 0.2855
        overAllIOU: 0.7038
    

    Epoch 8:
      Train Loss: 0.2265, Train Accuracy: 0.8260
      Val Loss: 0.2229
      Metrics:
        val_loss: 0.2229
        val_accuracy: 0.8315
        IoU: { Unlabeled: 0.2193, Unused: 0.0000, Unused: 0.0000, Unused: 0.0000, Static: 0.0000, Dynamic: 0.0000, Ground: 0.0000, Road: 0.9071, Sidewalk: 0.5421, Parking: 0.0000, Rail track: 0.0000, Building: 0.7485, Wall: 0.0000, Fence: 0.0000, Guard rail: 0.0000, Bridge: 0.0000, Tunnel: 0.0000, Pole: 0.0000, Pole group: 0.0000, Traffic light: 0.0000, Traffic sign: 0.0000, Vegetation: 0.7799, Terrain: 0.0000, Sky: 0.9054, Person: 0.0000, Rider: 0.0000, Car: 0.7480, Truck: 0.0000, Bus: 0.0000, Caravan: 0.0000, Trailer: 0.0000, Train: 0.0000, Motorcycle: 0.0000, Bicycle: 0.0000 }
        MeanIoU: 0.2535
        PixelAccuracy: 0.8321
        DICE: { Unlabeled: 0.3596, Unused: 0.0000, Unused: 0.0000, Unused: 0.0000, Static: 0.0000, Dynamic: 0.0000, Ground: 0.0000, Road: 0.9511, Sidewalk: 0.7004, Parking: 0.0000, Rail track: 0.0000, Building: 0.8557, Wall: 0.0000, Fence: 0.0000, Guard rail: 0.0000, Bridge: 0.0000, Tunnel: 0.0000, Pole: 0.0000, Pole group: 0.0000, Traffic light: 0.0000, Traffic sign: 0.0000, Vegetation: 0.8761, Terrain: 0.0000, Sky: 0.9503, Person: 0.0000, Rider: 0.0000, Car: 0.8546, Truck: 0.0000, Bus: 0.0000, Caravan: 0.0000, Trailer: 0.0000, Train: 0.0000, Motorcycle: 0.0000, Bicycle: 0.0000 }
        MeanDICE: 0.2899
        overAllIOU: 0.7128
    

    Epoch 9:
      Train Loss: 0.2233, Train Accuracy: 0.8300
      Val Loss: 0.2203
      Metrics:
        val_loss: 0.2203
        val_accuracy: 0.8325
        IoU: { Unlabeled: 0.2314, Unused: 0.0000, Unused: 0.0000, Unused: 0.0000, Static: 0.0000, Dynamic: 0.0000, Ground: 0.0000, Road: 0.9098, Sidewalk: 0.5797, Parking: 0.0000, Rail track: 0.0000, Building: 0.7526, Wall: 0.0000, Fence: 0.0000, Guard rail: 0.0000, Bridge: 0.0000, Tunnel: 0.0000, Pole: 0.0000, Pole group: 0.0000, Traffic light: 0.0000, Traffic sign: 0.0000, Vegetation: 0.7834, Terrain: 0.0000, Sky: 0.9089, Person: 0.0000, Rider: 0.0000, Car: 0.7493, Truck: 0.0000, Bus: 0.0000, Caravan: 0.0000, Trailer: 0.0000, Train: 0.0000, Motorcycle: 0.0000, Bicycle: 0.0000 }
        MeanIoU: 0.2569
        PixelAccuracy: 0.8331
        DICE: { Unlabeled: 0.3756, Unused: 0.0000, Unused: 0.0000, Unused: 0.0000, Static: 0.0000, Dynamic: 0.0000, Ground: 0.0000, Road: 0.9526, Sidewalk: 0.7316, Parking: 0.0000, Rail track: 0.0000, Building: 0.8584, Wall: 0.0000, Fence: 0.0000, Guard rail: 0.0000, Bridge: 0.0000, Tunnel: 0.0000, Pole: 0.0000, Pole group: 0.0000, Traffic light: 0.0000, Traffic sign: 0.0000, Vegetation: 0.8783, Terrain: 0.0000, Sky: 0.9522, Person: 0.0000, Rider: 0.0000, Car: 0.8556, Truck: 0.0000, Bus: 0.0000, Caravan: 0.0000, Trailer: 0.0000, Train: 0.0000, Motorcycle: 0.0000, Bicycle: 0.0000 }
        MeanDICE: 0.2928
        overAllIOU: 0.7142
    

    Epoch 10:
      Train Loss: 0.2212, Train Accuracy: 0.8323
      Val Loss: 0.2187
      Metrics:
        val_loss: 0.2187
        val_accuracy: 0.8341
        IoU: { Unlabeled: 0.2360, Unused: 0.0000, Unused: 0.0000, Unused: 0.0000, Static: 0.0000, Dynamic: 0.0000, Ground: 0.0000, Road: 0.9140, Sidewalk: 0.5990, Parking: 0.0000, Rail track: 0.0000, Building: 0.7618, Wall: 0.0000, Fence: 0.0000, Guard rail: 0.0000, Bridge: 0.0000, Tunnel: 0.0000, Pole: 0.0000, Pole group: 0.0000, Traffic light: 0.0000, Traffic sign: 0.0000, Vegetation: 0.7895, Terrain: 0.0000, Sky: 0.9093, Person: 0.0000, Rider: 0.0000, Car: 0.7504, Truck: 0.0000, Bus: 0.0000, Caravan: 0.0000, Trailer: 0.0000, Train: 0.0000, Motorcycle: 0.0000, Bicycle: 0.0000 }
        MeanIoU: 0.2592
        PixelAccuracy: 0.8347
        DICE: { Unlabeled: 0.3817, Unused: 0.0000, Unused: 0.0000, Unused: 0.0000, Static: 0.0000, Dynamic: 0.0000, Ground: 0.0000, Road: 0.9549, Sidewalk: 0.7471, Parking: 0.0000, Rail track: 0.0000, Building: 0.8645, Wall: 0.0000, Fence: 0.0000, Guard rail: 0.0000, Bridge: 0.0000, Tunnel: 0.0000, Pole: 0.0000, Pole group: 0.0000, Traffic light: 0.0000, Traffic sign: 0.0000, Vegetation: 0.8821, Terrain: 0.0000, Sky: 0.9524, Person: 0.0000, Rider: 0.0000, Car: 0.8564, Truck: 0.0000, Bus: 0.0000, Caravan: 0.0000, Trailer: 0.0000, Train: 0.0000, Motorcycle: 0.0000, Bicycle: 0.0000 }
        MeanDICE: 0.2946
        overAllIOU: 0.7166
    

    Epoch 11:
      Train Loss: 0.2193, Train Accuracy: 0.8347
      Val Loss: 0.2173
      Metrics:
        val_loss: 0.2173
        val_accuracy: 0.8361
        IoU: { Unlabeled: 0.2396, Unused: 0.0000, Unused: 0.0000, Unused: 0.0000, Static: 0.0000, Dynamic: 0.0000, Ground: 0.0000, Road: 0.9160, Sidewalk: 0.6042, Parking: 0.0000, Rail track: 0.0000, Building: 0.7665, Wall: 0.0000, Fence: 0.0000, Guard rail: 0.0000, Bridge: 0.0000, Tunnel: 0.0000, Pole: 0.0000, Pole group: 0.0000, Traffic light: 0.0000, Traffic sign: 0.0000, Vegetation: 0.7923, Terrain: 0.0000, Sky: 0.9101, Person: 0.0000, Rider: 0.0000, Car: 0.7648, Truck: 0.0000, Bus: 0.0000, Caravan: 0.0000, Trailer: 0.0000, Train: 0.0000, Motorcycle: 0.0000, Bicycle: 0.0000 }
        MeanIoU: 0.2610
        PixelAccuracy: 0.8367
        DICE: { Unlabeled: 0.3863, Unused: 0.0000, Unused: 0.0000, Unused: 0.0000, Static: 0.0000, Dynamic: 0.0000, Ground: 0.0000, Road: 0.9560, Sidewalk: 0.7511, Parking: 0.0000, Rail track: 0.0000, Building: 0.8675, Wall: 0.0000, Fence: 0.0000, Guard rail: 0.0000, Bridge: 0.0000, Tunnel: 0.0000, Pole: 0.0000, Pole group: 0.0000, Traffic light: 0.0000, Traffic sign: 0.0000, Vegetation: 0.8838, Terrain: 0.0000, Sky: 0.9529, Person: 0.0000, Rider: 0.0000, Car: 0.8657, Truck: 0.0000, Bus: 0.0000, Caravan: 0.0000, Trailer: 0.0000, Train: 0.0000, Motorcycle: 0.0000, Bicycle: 0.0000 }
        MeanDICE: 0.2959
        overAllIOU: 0.7195
    

    Epoch 12:
      Train Loss: 0.2180, Train Accuracy: 0.8361
      Val Loss: 0.2171
      Metrics:
        val_loss: 0.2171
        val_accuracy: 0.8408
        IoU: { Unlabeled: 0.2267, Unused: 0.0000, Unused: 0.0000, Unused: 0.0000, Static: 0.0000, Dynamic: 0.0000, Ground: 0.0000, Road: 0.9199, Sidewalk: 0.6300, Parking: 0.0000, Rail track: 0.0000, Building: 0.7668, Wall: 0.0000, Fence: 0.0000, Guard rail: 0.0000, Bridge: 0.0000, Tunnel: 0.0000, Pole: 0.0000, Pole group: 0.0000, Traffic light: 0.0000, Traffic sign: 0.0000, Vegetation: 0.7969, Terrain: 0.0000, Sky: 0.9161, Person: 0.0000, Rider: 0.0000, Car: 0.7729, Truck: 0.0000, Bus: 0.0000, Caravan: 0.0000, Trailer: 0.0000, Train: 0.0000, Motorcycle: 0.0000, Bicycle: 0.0000 }
        MeanIoU: 0.2628
        PixelAccuracy: 0.8413
        DICE: { Unlabeled: 0.3695, Unused: 0.0000, Unused: 0.0000, Unused: 0.0000, Static: 0.0000, Dynamic: 0.0000, Ground: 0.0000, Road: 0.9582, Sidewalk: 0.7711, Parking: 0.0000, Rail track: 0.0000, Building: 0.8677, Wall: 0.0000, Fence: 0.0000, Guard rail: 0.0000, Bridge: 0.0000, Tunnel: 0.0000, Pole: 0.0000, Pole group: 0.0000, Traffic light: 0.0000, Traffic sign: 0.0000, Vegetation: 0.8867, Terrain: 0.0000, Sky: 0.9562, Person: 0.0000, Rider: 0.0000, Car: 0.8711, Truck: 0.0000, Bus: 0.0000, Caravan: 0.0000, Trailer: 0.0000, Train: 0.0000, Motorcycle: 0.0000, Bicycle: 0.0000 }
        MeanDICE: 0.2968
        overAllIOU: 0.7264
    

    Epoch 13:
      Train Loss: 0.2167, Train Accuracy: 0.8379
      Val Loss: 0.2146
      Metrics:
        val_loss: 0.2146
        val_accuracy: 0.8416
        IoU: { Unlabeled: 0.2420, Unused: 0.0000, Unused: 0.0000, Unused: 0.0000, Static: 0.0000, Dynamic: 0.0000, Ground: 0.0000, Road: 0.9215, Sidewalk: 0.6437, Parking: 0.0000, Rail track: 0.0000, Building: 0.7750, Wall: 0.0000, Fence: 0.0000, Guard rail: 0.0000, Bridge: 0.0000, Tunnel: 0.0000, Pole: 0.0000, Pole group: 0.0000, Traffic light: 0.0000, Traffic sign: 0.0000, Vegetation: 0.8026, Terrain: 0.0000, Sky: 0.9166, Person: 0.0000, Rider: 0.0000, Car: 0.7783, Truck: 0.0000, Bus: 0.0000, Caravan: 0.0000, Trailer: 0.0000, Train: 0.0000, Motorcycle: 0.0000, Bicycle: 0.0000 }
        MeanIoU: 0.2655
        PixelAccuracy: 0.8422
        DICE: { Unlabeled: 0.3895, Unused: 0.0000, Unused: 0.0000, Unused: 0.0000, Static: 0.0000, Dynamic: 0.0000, Ground: 0.0000, Road: 0.9591, Sidewalk: 0.7812, Parking: 0.0000, Rail track: 0.0000, Building: 0.8730, Wall: 0.0000, Fence: 0.0000, Guard rail: 0.0000, Bridge: 0.0000, Tunnel: 0.0000, Pole: 0.0000, Pole group: 0.0000, Traffic light: 0.0000, Traffic sign: 0.0000, Vegetation: 0.8902, Terrain: 0.0000, Sky: 0.9564, Person: 0.0000, Rider: 0.0000, Car: 0.8744, Truck: 0.0000, Bus: 0.0000, Caravan: 0.0000, Trailer: 0.0000, Train: 0.0000, Motorcycle: 0.0000, Bicycle: 0.0000 }
        MeanDICE: 0.2991
        overAllIOU: 0.7277
    

    Epoch 14:
      Train Loss: 0.2157, Train Accuracy: 0.8391
      Val Loss: 0.2143
      Metrics:
        val_loss: 0.2143
        val_accuracy: 0.8405
        IoU: { Unlabeled: 0.2450, Unused: 0.0000, Unused: 0.0000, Unused: 0.0000, Static: 0.0000, Dynamic: 0.0000, Ground: 0.0000, Road: 0.9220, Sidewalk: 0.6386, Parking: 0.0000, Rail track: 0.0000, Building: 0.7747, Wall: 0.0000, Fence: 0.0000, Guard rail: 0.0000, Bridge: 0.0000, Tunnel: 0.0000, Pole: 0.0000, Pole group: 0.0000, Traffic light: 0.0000, Traffic sign: 0.0000, Vegetation: 0.8024, Terrain: 0.0000, Sky: 0.9162, Person: 0.0000, Rider: 0.0000, Car: 0.7832, Truck: 0.0000, Bus: 0.0000, Caravan: 0.0000, Trailer: 0.0000, Train: 0.0000, Motorcycle: 0.0000, Bicycle: 0.0000 }
        MeanIoU: 0.2656
        PixelAccuracy: 0.8410
        DICE: { Unlabeled: 0.3935, Unused: 0.0000, Unused: 0.0000, Unused: 0.0000, Static: 0.0000, Dynamic: 0.0000, Ground: 0.0000, Road: 0.9593, Sidewalk: 0.7777, Parking: 0.0000, Rail track: 0.0000, Building: 0.8727, Wall: 0.0000, Fence: 0.0000, Guard rail: 0.0000, Bridge: 0.0000, Tunnel: 0.0000, Pole: 0.0000, Pole group: 0.0000, Traffic light: 0.0000, Traffic sign: 0.0000, Vegetation: 0.8902, Terrain: 0.0000, Sky: 0.9562, Person: 0.0000, Rider: 0.0000, Car: 0.8776, Truck: 0.0000, Bus: 0.0000, Caravan: 0.0000, Trailer: 0.0000, Train: 0.0000, Motorcycle: 0.0000, Bicycle: 0.0000 }
        MeanDICE: 0.2992
        overAllIOU: 0.7260
    

    Epoch 15:
      Train Loss: 0.2148, Train Accuracy: 0.8400
      Val Loss: 0.2137
      Metrics:
        val_loss: 0.2137
        val_accuracy: 0.8412
        IoU: { Unlabeled: 0.2486, Unused: 0.0000, Unused: 0.0000, Unused: 0.0000, Static: 0.0000, Dynamic: 0.0000, Ground: 0.0000, Road: 0.9208, Sidewalk: 0.6443, Parking: 0.0000, Rail track: 0.0000, Building: 0.7788, Wall: 0.0000, Fence: 0.0000, Guard rail: 0.0000, Bridge: 0.0000, Tunnel: 0.0000, Pole: 0.0000, Pole group: 0.0000, Traffic light: 0.0000, Traffic sign: 0.0000, Vegetation: 0.8055, Terrain: 0.0000, Sky: 0.9179, Person: 0.0000, Rider: 0.0000, Car: 0.7737, Truck: 0.0000, Bus: 0.0000, Caravan: 0.0000, Trailer: 0.0000, Train: 0.0000, Motorcycle: 0.0000, Bicycle: 0.0000 }
        MeanIoU: 0.2660
        PixelAccuracy: 0.8418
        DICE: { Unlabeled: 0.3980, Unused: 0.0000, Unused: 0.0000, Unused: 0.0000, Static: 0.0000, Dynamic: 0.0000, Ground: 0.0000, Road: 0.9587, Sidewalk: 0.7817, Parking: 0.0000, Rail track: 0.0000, Building: 0.8754, Wall: 0.0000, Fence: 0.0000, Guard rail: 0.0000, Bridge: 0.0000, Tunnel: 0.0000, Pole: 0.0000, Pole group: 0.0000, Traffic light: 0.0000, Traffic sign: 0.0000, Vegetation: 0.8921, Terrain: 0.0000, Sky: 0.9572, Person: 0.0000, Rider: 0.0000, Car: 0.8714, Truck: 0.0000, Bus: 0.0000, Caravan: 0.0000, Trailer: 0.0000, Train: 0.0000, Motorcycle: 0.0000, Bicycle: 0.0000 }
        MeanDICE: 0.2996
        overAllIOU: 0.7271
    

    Epoch 16:
      Train Loss: 0.2141, Train Accuracy: 0.8410
      Val Loss: 0.2125
      Metrics:
        val_loss: 0.2125
        val_accuracy: 0.8425
        IoU: { Unlabeled: 0.2550, Unused: 0.0000, Unused: 0.0000, Unused: 0.0000, Static: 0.0000, Dynamic: 0.0000, Ground: 0.0000, Road: 0.9230, Sidewalk: 0.6649, Parking: 0.0000, Rail track: 0.0000, Building: 0.7830, Wall: 0.0000, Fence: 0.0000, Guard rail: 0.0000, Bridge: 0.0000, Tunnel: 0.0000, Pole: 0.0000, Pole group: 0.0000, Traffic light: 0.0000, Traffic sign: 0.0000, Vegetation: 0.8022, Terrain: 0.0000, Sky: 0.9185, Person: 0.0000, Rider: 0.0000, Car: 0.7829, Truck: 0.0000, Bus: 0.0000, Caravan: 0.0000, Trailer: 0.0000, Train: 0.0000, Motorcycle: 0.0000, Bicycle: 0.0000 }
        MeanIoU: 0.2681
        PixelAccuracy: 0.8431
        DICE: { Unlabeled: 0.4062, Unused: 0.0000, Unused: 0.0000, Unused: 0.0000, Static: 0.0000, Dynamic: 0.0000, Ground: 0.0000, Road: 0.9599, Sidewalk: 0.7969, Parking: 0.0000, Rail track: 0.0000, Building: 0.8781, Wall: 0.0000, Fence: 0.0000, Guard rail: 0.0000, Bridge: 0.0000, Tunnel: 0.0000, Pole: 0.0000, Pole group: 0.0000, Traffic light: 0.0000, Traffic sign: 0.0000, Vegetation: 0.8900, Terrain: 0.0000, Sky: 0.9575, Person: 0.0000, Rider: 0.0000, Car: 0.8773, Truck: 0.0000, Bus: 0.0000, Caravan: 0.0000, Trailer: 0.0000, Train: 0.0000, Motorcycle: 0.0000, Bicycle: 0.0000 }
        MeanDICE: 0.3013
        overAllIOU: 0.7291
    

    Epoch 17:
      Train Loss: 0.2136, Train Accuracy: 0.8419
      Val Loss: 0.2121
      Metrics:
        val_loss: 0.2121
        val_accuracy: 0.8437
        IoU: { Unlabeled: 0.2528, Unused: 0.0000, Unused: 0.0000, Unused: 0.0000, Static: 0.0000, Dynamic: 0.0000, Ground: 0.0000, Road: 0.9227, Sidewalk: 0.6527, Parking: 0.0000, Rail track: 0.0000, Building: 0.7842, Wall: 0.0000, Fence: 0.0000, Guard rail: 0.0000, Bridge: 0.0000, Tunnel: 0.0000, Pole: 0.0000, Pole group: 0.0000, Traffic light: 0.0000, Traffic sign: 0.0000, Vegetation: 0.8090, Terrain: 0.0000, Sky: 0.9185, Person: 0.0000, Rider: 0.0000, Car: 0.7895, Truck: 0.0000, Bus: 0.0000, Caravan: 0.0000, Trailer: 0.0000, Train: 0.0000, Motorcycle: 0.0000, Bicycle: 0.0000 }
        MeanIoU: 0.2681
        PixelAccuracy: 0.8442
        DICE: { Unlabeled: 0.4034, Unused: 0.0000, Unused: 0.0000, Unused: 0.0000, Static: 0.0000, Dynamic: 0.0000, Ground: 0.0000, Road: 0.9597, Sidewalk: 0.7882, Parking: 0.0000, Rail track: 0.0000, Building: 0.8788, Wall: 0.0000, Fence: 0.0000, Guard rail: 0.0000, Bridge: 0.0000, Tunnel: 0.0000, Pole: 0.0000, Pole group: 0.0000, Traffic light: 0.0000, Traffic sign: 0.0000, Vegetation: 0.8943, Terrain: 0.0000, Sky: 0.9575, Person: 0.0000, Rider: 0.0000, Car: 0.8814, Truck: 0.0000, Bus: 0.0000, Caravan: 0.0000, Trailer: 0.0000, Train: 0.0000, Motorcycle: 0.0000, Bicycle: 0.0000 }
        MeanDICE: 0.3011
        overAllIOU: 0.7307
    

    Epoch 18:
      Train Loss: 0.2128, Train Accuracy: 0.8428
      Val Loss: 0.2121
      Metrics:
        val_loss: 0.2121
        val_accuracy: 0.8437
        IoU: { Unlabeled: 0.2511, Unused: 0.0000, Unused: 0.0000, Unused: 0.0000, Static: 0.0000, Dynamic: 0.0000, Ground: 0.0000, Road: 0.9213, Sidewalk: 0.6629, Parking: 0.0000, Rail track: 0.0000, Building: 0.7826, Wall: 0.0000, Fence: 0.0000, Guard rail: 0.0000, Bridge: 0.0000, Tunnel: 0.0000, Pole: 0.0000, Pole group: 0.0000, Traffic light: 0.0000, Traffic sign: 0.0000, Vegetation: 0.8076, Terrain: 0.0000, Sky: 0.9190, Person: 0.0000, Rider: 0.0000, Car: 0.7907, Truck: 0.0000, Bus: 0.0000, Caravan: 0.0000, Trailer: 0.0000, Train: 0.0000, Motorcycle: 0.0000, Bicycle: 0.0000 }
        MeanIoU: 0.2684
        PixelAccuracy: 0.8443
        DICE: { Unlabeled: 0.4012, Unused: 0.0000, Unused: 0.0000, Unused: 0.0000, Static: 0.0000, Dynamic: 0.0000, Ground: 0.0000, Road: 0.9590, Sidewalk: 0.7953, Parking: 0.0000, Rail track: 0.0000, Building: 0.8778, Wall: 0.0000, Fence: 0.0000, Guard rail: 0.0000, Bridge: 0.0000, Tunnel: 0.0000, Pole: 0.0000, Pole group: 0.0000, Traffic light: 0.0000, Traffic sign: 0.0000, Vegetation: 0.8934, Terrain: 0.0000, Sky: 0.9577, Person: 0.0000, Rider: 0.0000, Car: 0.8823, Truck: 0.0000, Bus: 0.0000, Caravan: 0.0000, Trailer: 0.0000, Train: 0.0000, Motorcycle: 0.0000, Bicycle: 0.0000 }
        MeanDICE: 0.3013
        overAllIOU: 0.7308
    

    Epoch 19:
      Train Loss: 0.2123, Train Accuracy: 0.8437
      Val Loss: 0.2117
      Metrics:
        val_loss: 0.2117
        val_accuracy: 0.8439
        IoU: { Unlabeled: 0.2564, Unused: 0.0000, Unused: 0.0000, Unused: 0.0000, Static: 0.0000, Dynamic: 0.0000, Ground: 0.0000, Road: 0.9240, Sidewalk: 0.6669, Parking: 0.0000, Rail track: 0.0000, Building: 0.7787, Wall: 0.0000, Fence: 0.0000, Guard rail: 0.0000, Bridge: 0.0000, Tunnel: 0.0000, Pole: 0.0000, Pole group: 0.0000, Traffic light: 0.0000, Traffic sign: 0.0000, Vegetation: 0.8072, Terrain: 0.0000, Sky: 0.9211, Person: 0.0000, Rider: 0.0000, Car: 0.7941, Truck: 0.0000, Bus: 0.0000, Caravan: 0.0000, Trailer: 0.0000, Train: 0.0000, Motorcycle: 0.0000, Bicycle: 0.0000 }
        MeanIoU: 0.2691
        PixelAccuracy: 0.8445
        DICE: { Unlabeled: 0.4080, Unused: 0.0000, Unused: 0.0000, Unused: 0.0000, Static: 0.0000, Dynamic: 0.0000, Ground: 0.0000, Road: 0.9604, Sidewalk: 0.7986, Parking: 0.0000, Rail track: 0.0000, Building: 0.8754, Wall: 0.0000, Fence: 0.0000, Guard rail: 0.0000, Bridge: 0.0000, Tunnel: 0.0000, Pole: 0.0000, Pole group: 0.0000, Traffic light: 0.0000, Traffic sign: 0.0000, Vegetation: 0.8931, Terrain: 0.0000, Sky: 0.9589, Person: 0.0000, Rider: 0.0000, Car: 0.8845, Truck: 0.0000, Bus: 0.0000, Caravan: 0.0000, Trailer: 0.0000, Train: 0.0000, Motorcycle: 0.0000, Bicycle: 0.0000 }
        MeanDICE: 0.3019
        overAllIOU: 0.7311
    

    Epoch 20:
      Train Loss: 0.2117, Train Accuracy: 0.8446
      Val Loss: 0.2107
      Metrics:
        val_loss: 0.2107
        val_accuracy: 0.8459
        IoU: { Unlabeled: 0.2588, Unused: 0.0000, Unused: 0.0000, Unused: 0.0000, Static: 0.0000, Dynamic: 0.0000, Ground: 0.0000, Road: 0.9252, Sidewalk: 0.6743, Parking: 0.0000, Rail track: 0.0000, Building: 0.7876, Wall: 0.0000, Fence: 0.0000, Guard rail: 0.0000, Bridge: 0.0000, Tunnel: 0.0000, Pole: 0.0000, Pole group: 0.0000, Traffic light: 0.0000, Traffic sign: 0.0000, Vegetation: 0.8134, Terrain: 0.0000, Sky: 0.9210, Person: 0.0000, Rider: 0.0000, Car: 0.7976, Truck: 0.0000, Bus: 0.0000, Caravan: 0.0000, Trailer: 0.0000, Train: 0.0000, Motorcycle: 0.0000, Bicycle: 0.0000 }
        MeanIoU: 0.2706
        PixelAccuracy: 0.8464
        DICE: { Unlabeled: 0.4110, Unused: 0.0000, Unused: 0.0000, Unused: 0.0000, Static: 0.0000, Dynamic: 0.0000, Ground: 0.0000, Road: 0.9611, Sidewalk: 0.8039, Parking: 0.0000, Rail track: 0.0000, Building: 0.8810, Wall: 0.0000, Fence: 0.0000, Guard rail: 0.0000, Bridge: 0.0000, Tunnel: 0.0000, Pole: 0.0000, Pole group: 0.0000, Traffic light: 0.0000, Traffic sign: 0.0000, Vegetation: 0.8969, Terrain: 0.0000, Sky: 0.9588, Person: 0.0000, Rider: 0.0000, Car: 0.8867, Truck: 0.0000, Bus: 0.0000, Caravan: 0.0000, Trailer: 0.0000, Train: 0.0000, Motorcycle: 0.0000, Bicycle: 0.0000 }
        MeanDICE: 0.3030
        overAllIOU: 0.7340
    

    Epoch 21:
      Train Loss: 0.2112, Train Accuracy: 0.8454
      Val Loss: 0.2105
      Metrics:
        val_loss: 0.2105
        val_accuracy: 0.8461
        IoU: { Unlabeled: 0.2601, Unused: 0.0000, Unused: 0.0000, Unused: 0.0000, Static: 0.0000, Dynamic: 0.0000, Ground: 0.0000, Road: 0.9264, Sidewalk: 0.6785, Parking: 0.0000, Rail track: 0.0000, Building: 0.7881, Wall: 0.0000, Fence: 0.0000, Guard rail: 0.0000, Bridge: 0.0000, Tunnel: 0.0000, Pole: 0.0000, Pole group: 0.0000, Traffic light: 0.0000, Traffic sign: 0.0000, Vegetation: 0.8156, Terrain: 0.0000, Sky: 0.9205, Person: 0.0000, Rider: 0.0000, Car: 0.7946, Truck: 0.0000, Bus: 0.0000, Caravan: 0.0000, Trailer: 0.0000, Train: 0.0000, Motorcycle: 0.0000, Bicycle: 0.0000 }
        MeanIoU: 0.2709
        PixelAccuracy: 0.8466
        DICE: { Unlabeled: 0.4127, Unused: 0.0000, Unused: 0.0000, Unused: 0.0000, Static: 0.0000, Dynamic: 0.0000, Ground: 0.0000, Road: 0.9617, Sidewalk: 0.8066, Parking: 0.0000, Rail track: 0.0000, Building: 0.8813, Wall: 0.0000, Fence: 0.0000, Guard rail: 0.0000, Bridge: 0.0000, Tunnel: 0.0000, Pole: 0.0000, Pole group: 0.0000, Traffic light: 0.0000, Traffic sign: 0.0000, Vegetation: 0.8983, Terrain: 0.0000, Sky: 0.9585, Person: 0.0000, Rider: 0.0000, Car: 0.8847, Truck: 0.0000, Bus: 0.0000, Caravan: 0.0000, Trailer: 0.0000, Train: 0.0000, Motorcycle: 0.0000, Bicycle: 0.0000 }
        MeanDICE: 0.3032
        overAllIOU: 0.7343
    

    Epoch 22:
      Train Loss: 0.2111, Train Accuracy: 0.8454
      Val Loss: 0.2099
      Metrics:
        val_loss: 0.2099
        val_accuracy: 0.8465
        IoU: { Unlabeled: 0.2632, Unused: 0.0000, Unused: 0.0000, Unused: 0.0000, Static: 0.0000, Dynamic: 0.0000, Ground: 0.0000, Road: 0.9255, Sidewalk: 0.6767, Parking: 0.0000, Rail track: 0.0000, Building: 0.7905, Wall: 0.0000, Fence: 0.0000, Guard rail: 0.0000, Bridge: 0.0000, Tunnel: 0.0000, Pole: 0.0000, Pole group: 0.0000, Traffic light: 0.0000, Traffic sign: 0.0000, Vegetation: 0.8133, Terrain: 0.0000, Sky: 0.9228, Person: 0.0000, Rider: 0.0000, Car: 0.7996, Truck: 0.0000, Bus: 0.0000, Caravan: 0.0000, Trailer: 0.0000, Train: 0.0000, Motorcycle: 0.0000, Bicycle: 0.0000 }
        MeanIoU: 0.2713
        PixelAccuracy: 0.8470
        DICE: { Unlabeled: 0.4165, Unused: 0.0000, Unused: 0.0000, Unused: 0.0000, Static: 0.0000, Dynamic: 0.0000, Ground: 0.0000, Road: 0.9612, Sidewalk: 0.8053, Parking: 0.0000, Rail track: 0.0000, Building: 0.8828, Wall: 0.0000, Fence: 0.0000, Guard rail: 0.0000, Bridge: 0.0000, Tunnel: 0.0000, Pole: 0.0000, Pole group: 0.0000, Traffic light: 0.0000, Traffic sign: 0.0000, Vegetation: 0.8969, Terrain: 0.0000, Sky: 0.9598, Person: 0.0000, Rider: 0.0000, Car: 0.8878, Truck: 0.0000, Bus: 0.0000, Caravan: 0.0000, Trailer: 0.0000, Train: 0.0000, Motorcycle: 0.0000, Bicycle: 0.0000 }
        MeanDICE: 0.3036
        overAllIOU: 0.7349
    

    Epoch 23:
      Train Loss: 0.2107, Train Accuracy: 0.8460
      Val Loss: 0.2097
      Metrics:
        val_loss: 0.2097
        val_accuracy: 0.8444
        IoU: { Unlabeled: 0.2685, Unused: 0.0000, Unused: 0.0000, Unused: 0.0000, Static: 0.0000, Dynamic: 0.0000, Ground: 0.0000, Road: 0.9272, Sidewalk: 0.6883, Parking: 0.0000, Rail track: 0.0000, Building: 0.7806, Wall: 0.0000, Fence: 0.0000, Guard rail: 0.0000, Bridge: 0.0000, Tunnel: 0.0000, Pole: 0.0000, Pole group: 0.0000, Traffic light: 0.0000, Traffic sign: 0.0000, Vegetation: 0.8163, Terrain: 0.0000, Sky: 0.9233, Person: 0.0000, Rider: 0.0000, Car: 0.7981, Truck: 0.0000, Bus: 0.0000, Caravan: 0.0000, Trailer: 0.0000, Train: 0.0000, Motorcycle: 0.0000, Bicycle: 0.0000 }
        MeanIoU: 0.2719
        PixelAccuracy: 0.8449
        DICE: { Unlabeled: 0.4231, Unused: 0.0000, Unused: 0.0000, Unused: 0.0000, Static: 0.0000, Dynamic: 0.0000, Ground: 0.0000, Road: 0.9621, Sidewalk: 0.8142, Parking: 0.0000, Rail track: 0.0000, Building: 0.8767, Wall: 0.0000, Fence: 0.0000, Guard rail: 0.0000, Bridge: 0.0000, Tunnel: 0.0000, Pole: 0.0000, Pole group: 0.0000, Traffic light: 0.0000, Traffic sign: 0.0000, Vegetation: 0.8987, Terrain: 0.0000, Sky: 0.9601, Person: 0.0000, Rider: 0.0000, Car: 0.8870, Truck: 0.0000, Bus: 0.0000, Caravan: 0.0000, Trailer: 0.0000, Train: 0.0000, Motorcycle: 0.0000, Bicycle: 0.0000 }
        MeanDICE: 0.3042
        overAllIOU: 0.7317
    

    Epoch 24:
      Train Loss: 0.2100, Train Accuracy: 0.8473
      Val Loss: 0.2094
      Metrics:
        val_loss: 0.2094
        val_accuracy: 0.8475
        IoU: { Unlabeled: 0.2672, Unused: 0.0000, Unused: 0.0000, Unused: 0.0000, Static: 0.0000, Dynamic: 0.0000, Ground: 0.0000, Road: 0.9281, Sidewalk: 0.6877, Parking: 0.0000, Rail track: 0.0000, Building: 0.7920, Wall: 0.0000, Fence: 0.0000, Guard rail: 0.0000, Bridge: 0.0000, Tunnel: 0.0000, Pole: 0.0000, Pole group: 0.0000, Traffic light: 0.0000, Traffic sign: 0.0000, Vegetation: 0.8193, Terrain: 0.0000, Sky: 0.9230, Person: 0.0000, Rider: 0.0000, Car: 0.8004, Truck: 0.0000, Bus: 0.0000, Caravan: 0.0000, Trailer: 0.0000, Train: 0.0000, Motorcycle: 0.0000, Bicycle: 0.0000 }
        MeanIoU: 0.2727
        PixelAccuracy: 0.8480
        DICE: { Unlabeled: 0.4215, Unused: 0.0000, Unused: 0.0000, Unused: 0.0000, Static: 0.0000, Dynamic: 0.0000, Ground: 0.0000, Road: 0.9626, Sidewalk: 0.8138, Parking: 0.0000, Rail track: 0.0000, Building: 0.8838, Wall: 0.0000, Fence: 0.0000, Guard rail: 0.0000, Bridge: 0.0000, Tunnel: 0.0000, Pole: 0.0000, Pole group: 0.0000, Traffic light: 0.0000, Traffic sign: 0.0000, Vegetation: 0.9005, Terrain: 0.0000, Sky: 0.9599, Person: 0.0000, Rider: 0.0000, Car: 0.8883, Truck: 0.0000, Bus: 0.0000, Caravan: 0.0000, Trailer: 0.0000, Train: 0.0000, Motorcycle: 0.0000, Bicycle: 0.0000 }
        MeanDICE: 0.3046
        overAllIOU: 0.7364
    

    Epoch 25:
      Train Loss: 0.2099, Train Accuracy: 0.8476
      Val Loss: 0.2094
      Metrics:
        val_loss: 0.2094
        val_accuracy: 0.8479
        IoU: { Unlabeled: 0.2665, Unused: 0.0000, Unused: 0.0000, Unused: 0.0000, Static: 0.0000, Dynamic: 0.0000, Ground: 0.0000, Road: 0.9266, Sidewalk: 0.6962, Parking: 0.0000, Rail track: 0.0000, Building: 0.7934, Wall: 0.0000, Fence: 0.0000, Guard rail: 0.0000, Bridge: 0.0000, Tunnel: 0.0000, Pole: 0.0000, Pole group: 0.0000, Traffic light: 0.0000, Traffic sign: 0.0000, Vegetation: 0.8178, Terrain: 0.0000, Sky: 0.9235, Person: 0.0000, Rider: 0.0000, Car: 0.7953, Truck: 0.0000, Bus: 0.0000, Caravan: 0.0000, Trailer: 0.0000, Train: 0.0000, Motorcycle: 0.0000, Bicycle: 0.0000 }
        MeanIoU: 0.2727
        PixelAccuracy: 0.8484
        DICE: { Unlabeled: 0.4207, Unused: 0.0000, Unused: 0.0000, Unused: 0.0000, Static: 0.0000, Dynamic: 0.0000, Ground: 0.0000, Road: 0.9618, Sidewalk: 0.8198, Parking: 0.0000, Rail track: 0.0000, Building: 0.8846, Wall: 0.0000, Fence: 0.0000, Guard rail: 0.0000, Bridge: 0.0000, Tunnel: 0.0000, Pole: 0.0000, Pole group: 0.0000, Traffic light: 0.0000, Traffic sign: 0.0000, Vegetation: 0.8996, Terrain: 0.0000, Sky: 0.9602, Person: 0.0000, Rider: 0.0000, Car: 0.8852, Truck: 0.0000, Bus: 0.0000, Caravan: 0.0000, Trailer: 0.0000, Train: 0.0000, Motorcycle: 0.0000, Bicycle: 0.0000 }
        MeanDICE: 0.3047
        overAllIOU: 0.7369
    

    Epoch 26:
      Train Loss: 0.2095, Train Accuracy: 0.8483
      Val Loss: 0.2091
      Metrics:
        val_loss: 0.2091
        val_accuracy: 0.8461
        IoU: { Unlabeled: 0.2730, Unused: 0.0000, Unused: 0.0000, Unused: 0.0000, Static: 0.0000, Dynamic: 0.0000, Ground: 0.0000, Road: 0.9280, Sidewalk: 0.6932, Parking: 0.0000, Rail track: 0.0000, Building: 0.7900, Wall: 0.0000, Fence: 0.0000, Guard rail: 0.0000, Bridge: 0.0000, Tunnel: 0.0000, Pole: 0.0000, Pole group: 0.0000, Traffic light: 0.0000, Traffic sign: 0.0000, Vegetation: 0.8106, Terrain: 0.0000, Sky: 0.9235, Person: 0.0000, Rider: 0.0000, Car: 0.8013, Truck: 0.0000, Bus: 0.0000, Caravan: 0.0000, Trailer: 0.0000, Train: 0.0000, Motorcycle: 0.0000, Bicycle: 0.0000 }
        MeanIoU: 0.2728
        PixelAccuracy: 0.8466
        DICE: { Unlabeled: 0.4288, Unused: 0.0000, Unused: 0.0000, Unused: 0.0000, Static: 0.0000, Dynamic: 0.0000, Ground: 0.0000, Road: 0.9626, Sidewalk: 0.8179, Parking: 0.0000, Rail track: 0.0000, Building: 0.8825, Wall: 0.0000, Fence: 0.0000, Guard rail: 0.0000, Bridge: 0.0000, Tunnel: 0.0000, Pole: 0.0000, Pole group: 0.0000, Traffic light: 0.0000, Traffic sign: 0.0000, Vegetation: 0.8952, Terrain: 0.0000, Sky: 0.9602, Person: 0.0000, Rider: 0.0000, Car: 0.8889, Truck: 0.0000, Bus: 0.0000, Caravan: 0.0000, Trailer: 0.0000, Train: 0.0000, Motorcycle: 0.0000, Bicycle: 0.0000 }
        MeanDICE: 0.3049
        overAllIOU: 0.7343
    

    Epoch 27:
      Train Loss: 0.2093, Train Accuracy: 0.8487
      Val Loss: 0.2091
      Metrics:
        val_loss: 0.2091
        val_accuracy: 0.8490
        IoU: { Unlabeled: 0.2652, Unused: 0.0000, Unused: 0.0000, Unused: 0.0000, Static: 0.0000, Dynamic: 0.0000, Ground: 0.0000, Road: 0.9270, Sidewalk: 0.6822, Parking: 0.0000, Rail track: 0.0000, Building: 0.7948, Wall: 0.0000, Fence: 0.0000, Guard rail: 0.0000, Bridge: 0.0000, Tunnel: 0.0000, Pole: 0.0000, Pole group: 0.0000, Traffic light: 0.0000, Traffic sign: 0.0000, Vegetation: 0.8162, Terrain: 0.0000, Sky: 0.9250, Person: 0.0000, Rider: 0.0000, Car: 0.8091, Truck: 0.0000, Bus: 0.0000, Caravan: 0.0000, Trailer: 0.0000, Train: 0.0000, Motorcycle: 0.0000, Bicycle: 0.0000 }
        MeanIoU: 0.2727
        PixelAccuracy: 0.8495
        DICE: { Unlabeled: 0.4191, Unused: 0.0000, Unused: 0.0000, Unused: 0.0000, Static: 0.0000, Dynamic: 0.0000, Ground: 0.0000, Road: 0.9620, Sidewalk: 0.8097, Parking: 0.0000, Rail track: 0.0000, Building: 0.8856, Wall: 0.0000, Fence: 0.0000, Guard rail: 0.0000, Bridge: 0.0000, Tunnel: 0.0000, Pole: 0.0000, Pole group: 0.0000, Traffic light: 0.0000, Traffic sign: 0.0000, Vegetation: 0.8986, Terrain: 0.0000, Sky: 0.9610, Person: 0.0000, Rider: 0.0000, Car: 0.8938, Truck: 0.0000, Bus: 0.0000, Caravan: 0.0000, Trailer: 0.0000, Train: 0.0000, Motorcycle: 0.0000, Bicycle: 0.0000 }
        MeanDICE: 0.3046
        overAllIOU: 0.7386
    

    Epoch 28:
      Train Loss: 0.2091, Train Accuracy: 0.8489
      Val Loss: 0.2083
      Metrics:
        val_loss: 0.2083
        val_accuracy: 0.8481
        IoU: { Unlabeled: 0.2746, Unused: 0.0000, Unused: 0.0000, Unused: 0.0000, Static: 0.0000, Dynamic: 0.0000, Ground: 0.0000, Road: 0.9283, Sidewalk: 0.7056, Parking: 0.0000, Rail track: 0.0000, Building: 0.7968, Wall: 0.0000, Fence: 0.0000, Guard rail: 0.0000, Bridge: 0.0000, Tunnel: 0.0000, Pole: 0.0000, Pole group: 0.0000, Traffic light: 0.0000, Traffic sign: 0.0000, Vegetation: 0.8150, Terrain: 0.0000, Sky: 0.9226, Person: 0.0000, Rider: 0.0000, Car: 0.8064, Truck: 0.0000, Bus: 0.0000, Caravan: 0.0000, Trailer: 0.0000, Train: 0.0000, Motorcycle: 0.0000, Bicycle: 0.0000 }
        MeanIoU: 0.2743
        PixelAccuracy: 0.8486
        DICE: { Unlabeled: 0.4307, Unused: 0.0000, Unused: 0.0000, Unused: 0.0000, Static: 0.0000, Dynamic: 0.0000, Ground: 0.0000, Road: 0.9627, Sidewalk: 0.8267, Parking: 0.0000, Rail track: 0.0000, Building: 0.8868, Wall: 0.0000, Fence: 0.0000, Guard rail: 0.0000, Bridge: 0.0000, Tunnel: 0.0000, Pole: 0.0000, Pole group: 0.0000, Traffic light: 0.0000, Traffic sign: 0.0000, Vegetation: 0.8979, Terrain: 0.0000, Sky: 0.9597, Person: 0.0000, Rider: 0.0000, Car: 0.8921, Truck: 0.0000, Bus: 0.0000, Caravan: 0.0000, Trailer: 0.0000, Train: 0.0000, Motorcycle: 0.0000, Bicycle: 0.0000 }
        MeanDICE: 0.3060
        overAllIOU: 0.7373
    

    Epoch 29:
      Train Loss: 0.2088, Train Accuracy: 0.8495
      Val Loss: 0.2083
      Metrics:
        val_loss: 0.2083
        val_accuracy: 0.8485
        IoU: { Unlabeled: 0.2771, Unused: 0.0000, Unused: 0.0000, Unused: 0.0000, Static: 0.0000, Dynamic: 0.0000, Ground: 0.0000, Road: 0.9296, Sidewalk: 0.7023, Parking: 0.0000, Rail track: 0.0000, Building: 0.7936, Wall: 0.0000, Fence: 0.0000, Guard rail: 0.0000, Bridge: 0.0000, Tunnel: 0.0000, Pole: 0.0000, Pole group: 0.0000, Traffic light: 0.0000, Traffic sign: 0.0000, Vegetation: 0.8215, Terrain: 0.0000, Sky: 0.9239, Person: 0.0000, Rider: 0.0000, Car: 0.8048, Truck: 0.0000, Bus: 0.0000, Caravan: 0.0000, Trailer: 0.0000, Train: 0.0000, Motorcycle: 0.0000, Bicycle: 0.0000 }
        MeanIoU: 0.2745
        PixelAccuracy: 0.8491
        DICE: { Unlabeled: 0.4338, Unused: 0.0000, Unused: 0.0000, Unused: 0.0000, Static: 0.0000, Dynamic: 0.0000, Ground: 0.0000, Road: 0.9634, Sidewalk: 0.8240, Parking: 0.0000, Rail track: 0.0000, Building: 0.8848, Wall: 0.0000, Fence: 0.0000, Guard rail: 0.0000, Bridge: 0.0000, Tunnel: 0.0000, Pole: 0.0000, Pole group: 0.0000, Traffic light: 0.0000, Traffic sign: 0.0000, Vegetation: 0.9019, Terrain: 0.0000, Sky: 0.9604, Person: 0.0000, Rider: 0.0000, Car: 0.8912, Truck: 0.0000, Bus: 0.0000, Caravan: 0.0000, Trailer: 0.0000, Train: 0.0000, Motorcycle: 0.0000, Bicycle: 0.0000 }
        MeanDICE: 0.3061
        overAllIOU: 0.7380
    

    Epoch 30:
      Train Loss: 0.2087, Train Accuracy: 0.8498
      Val Loss: 0.2083
      Metrics:
        val_loss: 0.2083
        val_accuracy: 0.8488
        IoU: { Unlabeled: 0.2752, Unused: 0.0000, Unused: 0.0000, Unused: 0.0000, Static: 0.0000, Dynamic: 0.0000, Ground: 0.0000, Road: 0.9278, Sidewalk: 0.7024, Parking: 0.0000, Rail track: 0.0000, Building: 0.7936, Wall: 0.0000, Fence: 0.0000, Guard rail: 0.0000, Bridge: 0.0000, Tunnel: 0.0000, Pole: 0.0000, Pole group: 0.0000, Traffic light: 0.0000, Traffic sign: 0.0000, Vegetation: 0.8239, Terrain: 0.0000, Sky: 0.9250, Person: 0.0000, Rider: 0.0000, Car: 0.8094, Truck: 0.0000, Bus: 0.0000, Caravan: 0.0000, Trailer: 0.0000, Train: 0.0000, Motorcycle: 0.0000, Bicycle: 0.0000 }
        MeanIoU: 0.2747
        PixelAccuracy: 0.8494
        DICE: { Unlabeled: 0.4315, Unused: 0.0000, Unused: 0.0000, Unused: 0.0000, Static: 0.0000, Dynamic: 0.0000, Ground: 0.0000, Road: 0.9625, Sidewalk: 0.8243, Parking: 0.0000, Rail track: 0.0000, Building: 0.8848, Wall: 0.0000, Fence: 0.0000, Guard rail: 0.0000, Bridge: 0.0000, Tunnel: 0.0000, Pole: 0.0000, Pole group: 0.0000, Traffic light: 0.0000, Traffic sign: 0.0000, Vegetation: 0.9033, Terrain: 0.0000, Sky: 0.9610, Person: 0.0000, Rider: 0.0000, Car: 0.8940, Truck: 0.0000, Bus: 0.0000, Caravan: 0.0000, Trailer: 0.0000, Train: 0.0000, Motorcycle: 0.0000, Bicycle: 0.0000 }
        MeanDICE: 0.3062
        overAllIOU: 0.7384
    

    Epoch 31:
      Train Loss: 0.2085, Train Accuracy: 0.8503
      Val Loss: 0.2078
      Metrics:
        val_loss: 0.2078
        val_accuracy: 0.8497
        IoU: { Unlabeled: 0.2767, Unused: 0.0000, Unused: 0.0000, Unused: 0.0000, Static: 0.0000, Dynamic: 0.0000, Ground: 0.0000, Road: 0.9304, Sidewalk: 0.7028, Parking: 0.0000, Rail track: 0.0000, Building: 0.7974, Wall: 0.0000, Fence: 0.0000, Guard rail: 0.0000, Bridge: 0.0000, Tunnel: 0.0000, Pole: 0.0000, Pole group: 0.0000, Traffic light: 0.0000, Traffic sign: 0.0000, Vegetation: 0.8225, Terrain: 0.0000, Sky: 0.9243, Person: 0.0000, Rider: 0.0000, Car: 0.8118, Truck: 0.0000, Bus: 0.0000, Caravan: 0.0000, Trailer: 0.0000, Train: 0.0000, Motorcycle: 0.0000, Bicycle: 0.0000 }
        MeanIoU: 0.2752
        PixelAccuracy: 0.8502
        DICE: { Unlabeled: 0.4333, Unused: 0.0000, Unused: 0.0000, Unused: 0.0000, Static: 0.0000, Dynamic: 0.0000, Ground: 0.0000, Road: 0.9639, Sidewalk: 0.8245, Parking: 0.0000, Rail track: 0.0000, Building: 0.8872, Wall: 0.0000, Fence: 0.0000, Guard rail: 0.0000, Bridge: 0.0000, Tunnel: 0.0000, Pole: 0.0000, Pole group: 0.0000, Traffic light: 0.0000, Traffic sign: 0.0000, Vegetation: 0.9025, Terrain: 0.0000, Sky: 0.9606, Person: 0.0000, Rider: 0.0000, Car: 0.8955, Truck: 0.0000, Bus: 0.0000, Caravan: 0.0000, Trailer: 0.0000, Train: 0.0000, Motorcycle: 0.0000, Bicycle: 0.0000 }
        MeanDICE: 0.3065
        overAllIOU: 0.7397
    

    Epoch 32:
      Train Loss: 0.2083, Train Accuracy: 0.8505
      Val Loss: 0.2077
      Metrics:
        val_loss: 0.2077
        val_accuracy: 0.8495
        IoU: { Unlabeled: 0.2753, Unused: 0.0000, Unused: 0.0000, Unused: 0.0000, Static: 0.0000, Dynamic: 0.0000, Ground: 0.0000, Road: 0.9306, Sidewalk: 0.7078, Parking: 0.0000, Rail track: 0.0000, Building: 0.7992, Wall: 0.0000, Fence: 0.0000, Guard rail: 0.0000, Bridge: 0.0000, Tunnel: 0.0000, Pole: 0.0000, Pole group: 0.0000, Traffic light: 0.0000, Traffic sign: 0.0000, Vegetation: 0.8255, Terrain: 0.0000, Sky: 0.9220, Person: 0.0000, Rider: 0.0000, Car: 0.8092, Truck: 0.0000, Bus: 0.0000, Caravan: 0.0000, Trailer: 0.0000, Train: 0.0000, Motorcycle: 0.0000, Bicycle: 0.0000 }
        MeanIoU: 0.2753
        PixelAccuracy: 0.8501
        DICE: { Unlabeled: 0.4316, Unused: 0.0000, Unused: 0.0000, Unused: 0.0000, Static: 0.0000, Dynamic: 0.0000, Ground: 0.0000, Road: 0.9640, Sidewalk: 0.8279, Parking: 0.0000, Rail track: 0.0000, Building: 0.8883, Wall: 0.0000, Fence: 0.0000, Guard rail: 0.0000, Bridge: 0.0000, Tunnel: 0.0000, Pole: 0.0000, Pole group: 0.0000, Traffic light: 0.0000, Traffic sign: 0.0000, Vegetation: 0.9042, Terrain: 0.0000, Sky: 0.9594, Person: 0.0000, Rider: 0.0000, Car: 0.8939, Truck: 0.0000, Bus: 0.0000, Caravan: 0.0000, Trailer: 0.0000, Train: 0.0000, Motorcycle: 0.0000, Bicycle: 0.0000 }
        MeanDICE: 0.3066
        overAllIOU: 0.7395
    

    Epoch 33:
      Train Loss: 0.2082, Train Accuracy: 0.8506
      Val Loss: 0.2089
      Metrics:
        val_loss: 0.2089
        val_accuracy: 0.8426
        IoU: { Unlabeled: 0.2796, Unused: 0.0000, Unused: 0.0000, Unused: 0.0000, Static: 0.0000, Dynamic: 0.0000, Ground: 0.0000, Road: 0.9276, Sidewalk: 0.6961, Parking: 0.0000, Rail track: 0.0000, Building: 0.7824, Wall: 0.0000, Fence: 0.0000, Guard rail: 0.0000, Bridge: 0.0000, Tunnel: 0.0000, Pole: 0.0000, Pole group: 0.0000, Traffic light: 0.0000, Traffic sign: 0.0000, Vegetation: 0.8125, Terrain: 0.0000, Sky: 0.9214, Person: 0.0000, Rider: 0.0000, Car: 0.7822, Truck: 0.0000, Bus: 0.0000, Caravan: 0.0000, Trailer: 0.0000, Train: 0.0000, Motorcycle: 0.0000, Bicycle: 0.0000 }
        MeanIoU: 0.2718
        PixelAccuracy: 0.8431
        DICE: { Unlabeled: 0.4368, Unused: 0.0000, Unused: 0.0000, Unused: 0.0000, Static: 0.0000, Dynamic: 0.0000, Ground: 0.0000, Road: 0.9624, Sidewalk: 0.8198, Parking: 0.0000, Rail track: 0.0000, Building: 0.8778, Wall: 0.0000, Fence: 0.0000, Guard rail: 0.0000, Bridge: 0.0000, Tunnel: 0.0000, Pole: 0.0000, Pole group: 0.0000, Traffic light: 0.0000, Traffic sign: 0.0000, Vegetation: 0.8964, Terrain: 0.0000, Sky: 0.9590, Person: 0.0000, Rider: 0.0000, Car: 0.8770, Truck: 0.0000, Bus: 0.0000, Caravan: 0.0000, Trailer: 0.0000, Train: 0.0000, Motorcycle: 0.0000, Bicycle: 0.0000 }
        MeanDICE: 0.3045
        overAllIOU: 0.7290
    

    Epoch 34:
      Train Loss: 0.2084, Train Accuracy: 0.8501
      Val Loss: 0.2079
      Metrics:
        val_loss: 0.2079
        val_accuracy: 0.8513
        IoU: { Unlabeled: 0.2728, Unused: 0.0000, Unused: 0.0000, Unused: 0.0000, Static: 0.0000, Dynamic: 0.0000, Ground: 0.0000, Road: 0.9293, Sidewalk: 0.6945, Parking: 0.0000, Rail track: 0.0000, Building: 0.7993, Wall: 0.0000, Fence: 0.0000, Guard rail: 0.0000, Bridge: 0.0000, Tunnel: 0.0000, Pole: 0.0000, Pole group: 0.0000, Traffic light: 0.0000, Traffic sign: 0.0000, Vegetation: 0.8233, Terrain: 0.0000, Sky: 0.9276, Person: 0.0000, Rider: 0.0000, Car: 0.8124, Truck: 0.0000, Bus: 0.0000, Caravan: 0.0000, Trailer: 0.0000, Train: 0.0000, Motorcycle: 0.0000, Bicycle: 0.0000 }
        MeanIoU: 0.2748
        PixelAccuracy: 0.8518
        DICE: { Unlabeled: 0.4286, Unused: 0.0000, Unused: 0.0000, Unused: 0.0000, Static: 0.0000, Dynamic: 0.0000, Ground: 0.0000, Road: 0.9633, Sidewalk: 0.8186, Parking: 0.0000, Rail track: 0.0000, Building: 0.8883, Wall: 0.0000, Fence: 0.0000, Guard rail: 0.0000, Bridge: 0.0000, Tunnel: 0.0000, Pole: 0.0000, Pole group: 0.0000, Traffic light: 0.0000, Traffic sign: 0.0000, Vegetation: 0.9030, Terrain: 0.0000, Sky: 0.9624, Person: 0.0000, Rider: 0.0000, Car: 0.8959, Truck: 0.0000, Bus: 0.0000, Caravan: 0.0000, Trailer: 0.0000, Train: 0.0000, Motorcycle: 0.0000, Bicycle: 0.0000 }
        MeanDICE: 0.3061
        overAllIOU: 0.7422
    

    Epoch 35:
      Train Loss: 0.2079, Train Accuracy: 0.8514
      Val Loss: 0.2081
      Metrics:
        val_loss: 0.2081
        val_accuracy: 0.8483
        IoU: { Unlabeled: 0.2768, Unused: 0.0000, Unused: 0.0000, Unused: 0.0000, Static: 0.0000, Dynamic: 0.0000, Ground: 0.0000, Road: 0.9285, Sidewalk: 0.7053, Parking: 0.0000, Rail track: 0.0000, Building: 0.7903, Wall: 0.0000, Fence: 0.0000, Guard rail: 0.0000, Bridge: 0.0000, Tunnel: 0.0000, Pole: 0.0000, Pole group: 0.0000, Traffic light: 0.0000, Traffic sign: 0.0000, Vegetation: 0.8194, Terrain: 0.0000, Sky: 0.9268, Person: 0.0000, Rider: 0.0000, Car: 0.8056, Truck: 0.0000, Bus: 0.0000, Caravan: 0.0000, Trailer: 0.0000, Train: 0.0000, Motorcycle: 0.0000, Bicycle: 0.0000 }
        MeanIoU: 0.2745
        PixelAccuracy: 0.8488
        DICE: { Unlabeled: 0.4334, Unused: 0.0000, Unused: 0.0000, Unused: 0.0000, Static: 0.0000, Dynamic: 0.0000, Ground: 0.0000, Road: 0.9628, Sidewalk: 0.8263, Parking: 0.0000, Rail track: 0.0000, Building: 0.8828, Wall: 0.0000, Fence: 0.0000, Guard rail: 0.0000, Bridge: 0.0000, Tunnel: 0.0000, Pole: 0.0000, Pole group: 0.0000, Traffic light: 0.0000, Traffic sign: 0.0000, Vegetation: 0.9006, Terrain: 0.0000, Sky: 0.9620, Person: 0.0000, Rider: 0.0000, Car: 0.8916, Truck: 0.0000, Bus: 0.0000, Caravan: 0.0000, Trailer: 0.0000, Train: 0.0000, Motorcycle: 0.0000, Bicycle: 0.0000 }
        MeanDICE: 0.3061
        overAllIOU: 0.7375
    

    Epoch 36:
      Train Loss: 0.2078, Train Accuracy: 0.8517
      Val Loss: 0.2075
      Metrics:
        val_loss: 0.2075
        val_accuracy: 0.8487
        IoU: { Unlabeled: 0.2808, Unused: 0.0000, Unused: 0.0000, Unused: 0.0000, Static: 0.0000, Dynamic: 0.0000, Ground: 0.0000, Road: 0.9307, Sidewalk: 0.7103, Parking: 0.0000, Rail track: 0.0000, Building: 0.8013, Wall: 0.0000, Fence: 0.0000, Guard rail: 0.0000, Bridge: 0.0000, Tunnel: 0.0000, Pole: 0.0000, Pole group: 0.0000, Traffic light: 0.0000, Traffic sign: 0.0000, Vegetation: 0.8200, Terrain: 0.0000, Sky: 0.9199, Person: 0.0000, Rider: 0.0000, Car: 0.8160, Truck: 0.0000, Bus: 0.0000, Caravan: 0.0000, Trailer: 0.0000, Train: 0.0000, Motorcycle: 0.0000, Bicycle: 0.0000 }
        MeanIoU: 0.2758
        PixelAccuracy: 0.8491
        DICE: { Unlabeled: 0.4383, Unused: 0.0000, Unused: 0.0000, Unused: 0.0000, Static: 0.0000, Dynamic: 0.0000, Ground: 0.0000, Road: 0.9641, Sidewalk: 0.8298, Parking: 0.0000, Rail track: 0.0000, Building: 0.8896, Wall: 0.0000, Fence: 0.0000, Guard rail: 0.0000, Bridge: 0.0000, Tunnel: 0.0000, Pole: 0.0000, Pole group: 0.0000, Traffic light: 0.0000, Traffic sign: 0.0000, Vegetation: 0.9009, Terrain: 0.0000, Sky: 0.9582, Person: 0.0000, Rider: 0.0000, Car: 0.8980, Truck: 0.0000, Bus: 0.0000, Caravan: 0.0000, Trailer: 0.0000, Train: 0.0000, Motorcycle: 0.0000, Bicycle: 0.0000 }
        MeanDICE: 0.3071
        overAllIOU: 0.7381
    

    Epoch 37:
      Train Loss: 0.2077, Train Accuracy: 0.8524
      Val Loss: 0.2072
      Metrics:
        val_loss: 0.2072
        val_accuracy: 0.8530
        IoU: { Unlabeled: 0.2762, Unused: 0.0000, Unused: 0.0000, Unused: 0.0000, Static: 0.0000, Dynamic: 0.0000, Ground: 0.0000, Road: 0.9307, Sidewalk: 0.7083, Parking: 0.0000, Rail track: 0.0000, Building: 0.8043, Wall: 0.0000, Fence: 0.0000, Guard rail: 0.0000, Bridge: 0.0000, Tunnel: 0.0000, Pole: 0.0000, Pole group: 0.0000, Traffic light: 0.0000, Traffic sign: 0.0000, Vegetation: 0.8283, Terrain: 0.0000, Sky: 0.9270, Person: 0.0000, Rider: 0.0000, Car: 0.8158, Truck: 0.0000, Bus: 0.0000, Caravan: 0.0000, Trailer: 0.0000, Train: 0.0000, Motorcycle: 0.0000, Bicycle: 0.0000 }
        MeanIoU: 0.2764
        PixelAccuracy: 0.8535
        DICE: { Unlabeled: 0.4326, Unused: 0.0000, Unused: 0.0000, Unused: 0.0000, Static: 0.0000, Dynamic: 0.0000, Ground: 0.0000, Road: 0.9640, Sidewalk: 0.8282, Parking: 0.0000, Rail track: 0.0000, Building: 0.8914, Wall: 0.0000, Fence: 0.0000, Guard rail: 0.0000, Bridge: 0.0000, Tunnel: 0.0000, Pole: 0.0000, Pole group: 0.0000, Traffic light: 0.0000, Traffic sign: 0.0000, Vegetation: 0.9060, Terrain: 0.0000, Sky: 0.9621, Person: 0.0000, Rider: 0.0000, Car: 0.8980, Truck: 0.0000, Bus: 0.0000, Caravan: 0.0000, Trailer: 0.0000, Train: 0.0000, Motorcycle: 0.0000, Bicycle: 0.0000 }
        MeanDICE: 0.3073
        overAllIOU: 0.7447
    

    Epoch 38:
      Train Loss: 0.2078, Train Accuracy: 0.8523
      Val Loss: 0.2077
      Metrics:
        val_loss: 0.2077
        val_accuracy: 0.8535
        IoU: { Unlabeled: 0.2713, Unused: 0.0000, Unused: 0.0000, Unused: 0.0000, Static: 0.0000, Dynamic: 0.0000, Ground: 0.0000, Road: 0.9310, Sidewalk: 0.7081, Parking: 0.0000, Rail track: 0.0000, Building: 0.8065, Wall: 0.0000, Fence: 0.0000, Guard rail: 0.0000, Bridge: 0.0000, Tunnel: 0.0000, Pole: 0.0000, Pole group: 0.0000, Traffic light: 0.0000, Traffic sign: 0.0000, Vegetation: 0.8267, Terrain: 0.0000, Sky: 0.9289, Person: 0.0000, Rider: 0.0000, Car: 0.8102, Truck: 0.0000, Bus: 0.0000, Caravan: 0.0000, Trailer: 0.0000, Train: 0.0000, Motorcycle: 0.0000, Bicycle: 0.0000 }
        MeanIoU: 0.2760
        PixelAccuracy: 0.8540
        DICE: { Unlabeled: 0.4266, Unused: 0.0000, Unused: 0.0000, Unused: 0.0000, Static: 0.0000, Dynamic: 0.0000, Ground: 0.0000, Road: 0.9642, Sidewalk: 0.8281, Parking: 0.0000, Rail track: 0.0000, Building: 0.8928, Wall: 0.0000, Fence: 0.0000, Guard rail: 0.0000, Bridge: 0.0000, Tunnel: 0.0000, Pole: 0.0000, Pole group: 0.0000, Traffic light: 0.0000, Traffic sign: 0.0000, Vegetation: 0.9050, Terrain: 0.0000, Sky: 0.9631, Person: 0.0000, Rider: 0.0000, Car: 0.8946, Truck: 0.0000, Bus: 0.0000, Caravan: 0.0000, Trailer: 0.0000, Train: 0.0000, Motorcycle: 0.0000, Bicycle: 0.0000 }
        MeanDICE: 0.3069
        overAllIOU: 0.7455
    

    Epoch 39:
      Train Loss: 0.2073, Train Accuracy: 0.8534
      Val Loss: 0.2069
      Metrics:
        val_loss: 0.2069
        val_accuracy: 0.8512
        IoU: { Unlabeled: 0.2846, Unused: 0.0000, Unused: 0.0000, Unused: 0.0000, Static: 0.0000, Dynamic: 0.0000, Ground: 0.0000, Road: 0.9320, Sidewalk: 0.7086, Parking: 0.0000, Rail track: 0.0000, Building: 0.8021, Wall: 0.0000, Fence: 0.0000, Guard rail: 0.0000, Bridge: 0.0000, Tunnel: 0.0000, Pole: 0.0000, Pole group: 0.0000, Traffic light: 0.0000, Traffic sign: 0.0000, Vegetation: 0.8220, Terrain: 0.0000, Sky: 0.9271, Person: 0.0000, Rider: 0.0000, Car: 0.8182, Truck: 0.0000, Bus: 0.0000, Caravan: 0.0000, Trailer: 0.0000, Train: 0.0000, Motorcycle: 0.0000, Bicycle: 0.0000 }
        MeanIoU: 0.2766
        PixelAccuracy: 0.8517
        DICE: { Unlabeled: 0.4430, Unused: 0.0000, Unused: 0.0000, Unused: 0.0000, Static: 0.0000, Dynamic: 0.0000, Ground: 0.0000, Road: 0.9648, Sidewalk: 0.8286, Parking: 0.0000, Rail track: 0.0000, Building: 0.8901, Wall: 0.0000, Fence: 0.0000, Guard rail: 0.0000, Bridge: 0.0000, Tunnel: 0.0000, Pole: 0.0000, Pole group: 0.0000, Traffic light: 0.0000, Traffic sign: 0.0000, Vegetation: 0.9022, Terrain: 0.0000, Sky: 0.9622, Person: 0.0000, Rider: 0.0000, Car: 0.8994, Truck: 0.0000, Bus: 0.0000, Caravan: 0.0000, Trailer: 0.0000, Train: 0.0000, Motorcycle: 0.0000, Bicycle: 0.0000 }
        MeanDICE: 0.3077
        overAllIOU: 0.7420
    

    Epoch 40:
      Train Loss: 0.2071, Train Accuracy: 0.8539
      Val Loss: 0.2070
      Metrics:
        val_loss: 0.2070
        val_accuracy: 0.8523
        IoU: { Unlabeled: 0.2809, Unused: 0.0000, Unused: 0.0000, Unused: 0.0000, Static: 0.0000, Dynamic: 0.0000, Ground: 0.0000, Road: 0.9312, Sidewalk: 0.7093, Parking: 0.0000, Rail track: 0.0000, Building: 0.8031, Wall: 0.0000, Fence: 0.0000, Guard rail: 0.0000, Bridge: 0.0000, Tunnel: 0.0000, Pole: 0.0000, Pole group: 0.0000, Traffic light: 0.0000, Traffic sign: 0.0000, Vegetation: 0.8230, Terrain: 0.0000, Sky: 0.9292, Person: 0.0000, Rider: 0.0000, Car: 0.8169, Truck: 0.0000, Bus: 0.0000, Caravan: 0.0000, Trailer: 0.0000, Train: 0.0000, Motorcycle: 0.0000, Bicycle: 0.0000 }
        MeanIoU: 0.2766
        PixelAccuracy: 0.8528
        DICE: { Unlabeled: 0.4384, Unused: 0.0000, Unused: 0.0000, Unused: 0.0000, Static: 0.0000, Dynamic: 0.0000, Ground: 0.0000, Road: 0.9643, Sidewalk: 0.8290, Parking: 0.0000, Rail track: 0.0000, Building: 0.8906, Wall: 0.0000, Fence: 0.0000, Guard rail: 0.0000, Bridge: 0.0000, Tunnel: 0.0000, Pole: 0.0000, Pole group: 0.0000, Traffic light: 0.0000, Traffic sign: 0.0000, Vegetation: 0.9028, Terrain: 0.0000, Sky: 0.9632, Person: 0.0000, Rider: 0.0000, Car: 0.8985, Truck: 0.0000, Bus: 0.0000, Caravan: 0.0000, Trailer: 0.0000, Train: 0.0000, Motorcycle: 0.0000, Bicycle: 0.0000 }
        MeanDICE: 0.3076
        overAllIOU: 0.7437
    

    Epoch 41:
      Train Loss: 0.2075, Train Accuracy: 0.8527
      Val Loss: 0.2073
      Metrics:
        val_loss: 0.2073
        val_accuracy: 0.8500
        IoU: { Unlabeled: 0.2835, Unused: 0.0000, Unused: 0.0000, Unused: 0.0000, Static: 0.0000, Dynamic: 0.0000, Ground: 0.0000, Road: 0.9281, Sidewalk: 0.6911, Parking: 0.0000, Rail track: 0.0000, Building: 0.8014, Wall: 0.0000, Fence: 0.0000, Guard rail: 0.0000, Bridge: 0.0000, Tunnel: 0.0000, Pole: 0.0000, Pole group: 0.0000, Traffic light: 0.0000, Traffic sign: 0.0000, Vegetation: 0.8225, Terrain: 0.0000, Sky: 0.9263, Person: 0.0000, Rider: 0.0000, Car: 0.8091, Truck: 0.0000, Bus: 0.0000, Caravan: 0.0000, Trailer: 0.0000, Train: 0.0000, Motorcycle: 0.0000, Bicycle: 0.0000 }
        MeanIoU: 0.2749
        PixelAccuracy: 0.8505
        DICE: { Unlabeled: 0.4416, Unused: 0.0000, Unused: 0.0000, Unused: 0.0000, Static: 0.0000, Dynamic: 0.0000, Ground: 0.0000, Road: 0.9627, Sidewalk: 0.8161, Parking: 0.0000, Rail track: 0.0000, Building: 0.8896, Wall: 0.0000, Fence: 0.0000, Guard rail: 0.0000, Bridge: 0.0000, Tunnel: 0.0000, Pole: 0.0000, Pole group: 0.0000, Traffic light: 0.0000, Traffic sign: 0.0000, Vegetation: 0.9024, Terrain: 0.0000, Sky: 0.9617, Person: 0.0000, Rider: 0.0000, Car: 0.8938, Truck: 0.0000, Bus: 0.0000, Caravan: 0.0000, Trailer: 0.0000, Train: 0.0000, Motorcycle: 0.0000, Bicycle: 0.0000 }
        MeanDICE: 0.3066
        overAllIOU: 0.7401
    

    Epoch 42:
      Train Loss: 0.2072, Train Accuracy: 0.8538
      Val Loss: 0.2064
      Metrics:
        val_loss: 0.2064
        val_accuracy: 0.8517
        IoU: { Unlabeled: 0.2875, Unused: 0.0000, Unused: 0.0000, Unused: 0.0000, Static: 0.0000, Dynamic: 0.0000, Ground: 0.0000, Road: 0.9331, Sidewalk: 0.7154, Parking: 0.0000, Rail track: 0.0000, Building: 0.8028, Wall: 0.0000, Fence: 0.0000, Guard rail: 0.0000, Bridge: 0.0000, Tunnel: 0.0000, Pole: 0.0000, Pole group: 0.0000, Traffic light: 0.0000, Traffic sign: 0.0000, Vegetation: 0.8264, Terrain: 0.0000, Sky: 0.9263, Person: 0.0000, Rider: 0.0000, Car: 0.8200, Truck: 0.0000, Bus: 0.0000, Caravan: 0.0000, Trailer: 0.0000, Train: 0.0000, Motorcycle: 0.0000, Bicycle: 0.0000 }
        MeanIoU: 0.2775
        PixelAccuracy: 0.8522
        DICE: { Unlabeled: 0.4464, Unused: 0.0000, Unused: 0.0000, Unused: 0.0000, Static: 0.0000, Dynamic: 0.0000, Ground: 0.0000, Road: 0.9654, Sidewalk: 0.8331, Parking: 0.0000, Rail track: 0.0000, Building: 0.8905, Wall: 0.0000, Fence: 0.0000, Guard rail: 0.0000, Bridge: 0.0000, Tunnel: 0.0000, Pole: 0.0000, Pole group: 0.0000, Traffic light: 0.0000, Traffic sign: 0.0000, Vegetation: 0.9048, Terrain: 0.0000, Sky: 0.9617, Person: 0.0000, Rider: 0.0000, Car: 0.9005, Truck: 0.0000, Bus: 0.0000, Caravan: 0.0000, Trailer: 0.0000, Train: 0.0000, Motorcycle: 0.0000, Bicycle: 0.0000 }
        MeanDICE: 0.3084
        overAllIOU: 0.7427
    

    Epoch 43:
      Train Loss: 0.2069, Train Accuracy: 0.8541
      Val Loss: 0.2068
      Metrics:
        val_loss: 0.2068
        val_accuracy: 0.8521
        IoU: { Unlabeled: 0.2839, Unused: 0.0000, Unused: 0.0000, Unused: 0.0000, Static: 0.0000, Dynamic: 0.0000, Ground: 0.0000, Road: 0.9323, Sidewalk: 0.7039, Parking: 0.0000, Rail track: 0.0000, Building: 0.8006, Wall: 0.0000, Fence: 0.0000, Guard rail: 0.0000, Bridge: 0.0000, Tunnel: 0.0000, Pole: 0.0000, Pole group: 0.0000, Traffic light: 0.0000, Traffic sign: 0.0000, Vegetation: 0.8249, Terrain: 0.0000, Sky: 0.9299, Person: 0.0000, Rider: 0.0000, Car: 0.8158, Truck: 0.0000, Bus: 0.0000, Caravan: 0.0000, Trailer: 0.0000, Train: 0.0000, Motorcycle: 0.0000, Bicycle: 0.0000 }
        MeanIoU: 0.2765
        PixelAccuracy: 0.8526
        DICE: { Unlabeled: 0.4421, Unused: 0.0000, Unused: 0.0000, Unused: 0.0000, Static: 0.0000, Dynamic: 0.0000, Ground: 0.0000, Road: 0.9649, Sidewalk: 0.8252, Parking: 0.0000, Rail track: 0.0000, Building: 0.8891, Wall: 0.0000, Fence: 0.0000, Guard rail: 0.0000, Bridge: 0.0000, Tunnel: 0.0000, Pole: 0.0000, Pole group: 0.0000, Traffic light: 0.0000, Traffic sign: 0.0000, Vegetation: 0.9039, Terrain: 0.0000, Sky: 0.9636, Person: 0.0000, Rider: 0.0000, Car: 0.8979, Truck: 0.0000, Bus: 0.0000, Caravan: 0.0000, Trailer: 0.0000, Train: 0.0000, Motorcycle: 0.0000, Bicycle: 0.0000 }
        MeanDICE: 0.3075
        overAllIOU: 0.7433
    

    Epoch 44:
      Train Loss: 0.2067, Train Accuracy: 0.8547
      Val Loss: 0.2067
      Metrics:
        val_loss: 0.2067
        val_accuracy: 0.8522
        IoU: { Unlabeled: 0.2839, Unused: 0.0000, Unused: 0.0000, Unused: 0.0000, Static: 0.0000, Dynamic: 0.0000, Ground: 0.0000, Road: 0.9322, Sidewalk: 0.7158, Parking: 0.0000, Rail track: 0.0000, Building: 0.8057, Wall: 0.0000, Fence: 0.0000, Guard rail: 0.0000, Bridge: 0.0000, Tunnel: 0.0000, Pole: 0.0000, Pole group: 0.0000, Traffic light: 0.0000, Traffic sign: 0.0000, Vegetation: 0.8250, Terrain: 0.0000, Sky: 0.9251, Person: 0.0000, Rider: 0.0000, Car: 0.8186, Truck: 0.0000, Bus: 0.0000, Caravan: 0.0000, Trailer: 0.0000, Train: 0.0000, Motorcycle: 0.0000, Bicycle: 0.0000 }
        MeanIoU: 0.2773
        PixelAccuracy: 0.8527
        DICE: { Unlabeled: 0.4420, Unused: 0.0000, Unused: 0.0000, Unused: 0.0000, Static: 0.0000, Dynamic: 0.0000, Ground: 0.0000, Road: 0.9649, Sidewalk: 0.8335, Parking: 0.0000, Rail track: 0.0000, Building: 0.8923, Wall: 0.0000, Fence: 0.0000, Guard rail: 0.0000, Bridge: 0.0000, Tunnel: 0.0000, Pole: 0.0000, Pole group: 0.0000, Traffic light: 0.0000, Traffic sign: 0.0000, Vegetation: 0.9039, Terrain: 0.0000, Sky: 0.9610, Person: 0.0000, Rider: 0.0000, Car: 0.8995, Truck: 0.0000, Bus: 0.0000, Caravan: 0.0000, Trailer: 0.0000, Train: 0.0000, Motorcycle: 0.0000, Bicycle: 0.0000 }
        MeanDICE: 0.3081
        overAllIOU: 0.7434
    

    Epoch 45:
      Train Loss: 0.2068, Train Accuracy: 0.8546
      Val Loss: 0.2069
      Metrics:
        val_loss: 0.2069
        val_accuracy: 0.8513
        IoU: { Unlabeled: 0.2831, Unused: 0.0000, Unused: 0.0000, Unused: 0.0000, Static: 0.0000, Dynamic: 0.0000, Ground: 0.0000, Road: 0.9322, Sidewalk: 0.7131, Parking: 0.0000, Rail track: 0.0000, Building: 0.7992, Wall: 0.0000, Fence: 0.0000, Guard rail: 0.0000, Bridge: 0.0000, Tunnel: 0.0000, Pole: 0.0000, Pole group: 0.0000, Traffic light: 0.0000, Traffic sign: 0.0000, Vegetation: 0.8237, Terrain: 0.0000, Sky: 0.9267, Person: 0.0000, Rider: 0.0000, Car: 0.8214, Truck: 0.0000, Bus: 0.0000, Caravan: 0.0000, Trailer: 0.0000, Train: 0.0000, Motorcycle: 0.0000, Bicycle: 0.0000 }
        MeanIoU: 0.2769
        PixelAccuracy: 0.8518
        DICE: { Unlabeled: 0.4411, Unused: 0.0000, Unused: 0.0000, Unused: 0.0000, Static: 0.0000, Dynamic: 0.0000, Ground: 0.0000, Road: 0.9649, Sidewalk: 0.8317, Parking: 0.0000, Rail track: 0.0000, Building: 0.8883, Wall: 0.0000, Fence: 0.0000, Guard rail: 0.0000, Bridge: 0.0000, Tunnel: 0.0000, Pole: 0.0000, Pole group: 0.0000, Traffic light: 0.0000, Traffic sign: 0.0000, Vegetation: 0.9032, Terrain: 0.0000, Sky: 0.9619, Person: 0.0000, Rider: 0.0000, Car: 0.9014, Truck: 0.0000, Bus: 0.0000, Caravan: 0.0000, Trailer: 0.0000, Train: 0.0000, Motorcycle: 0.0000, Bicycle: 0.0000 }
        MeanDICE: 0.3078
        overAllIOU: 0.7422
    

    Epoch 46:
      Train Loss: 0.2068, Train Accuracy: 0.8542
      Val Loss: 0.2071
      Metrics:
        val_loss: 0.2071
        val_accuracy: 0.8517
        IoU: { Unlabeled: 0.2827, Unused: 0.0000, Unused: 0.0000, Unused: 0.0000, Static: 0.0000, Dynamic: 0.0000, Ground: 0.0000, Road: 0.9307, Sidewalk: 0.7007, Parking: 0.0000, Rail track: 0.0000, Building: 0.8027, Wall: 0.0000, Fence: 0.0000, Guard rail: 0.0000, Bridge: 0.0000, Tunnel: 0.0000, Pole: 0.0000, Pole group: 0.0000, Traffic light: 0.0000, Traffic sign: 0.0000, Vegetation: 0.8259, Terrain: 0.0000, Sky: 0.9283, Person: 0.0000, Rider: 0.0000, Car: 0.8158, Truck: 0.0000, Bus: 0.0000, Caravan: 0.0000, Trailer: 0.0000, Train: 0.0000, Motorcycle: 0.0000, Bicycle: 0.0000 }
        MeanIoU: 0.2762
        PixelAccuracy: 0.8522
        DICE: { Unlabeled: 0.4407, Unused: 0.0000, Unused: 0.0000, Unused: 0.0000, Static: 0.0000, Dynamic: 0.0000, Ground: 0.0000, Road: 0.9641, Sidewalk: 0.8231, Parking: 0.0000, Rail track: 0.0000, Building: 0.8904, Wall: 0.0000, Fence: 0.0000, Guard rail: 0.0000, Bridge: 0.0000, Tunnel: 0.0000, Pole: 0.0000, Pole group: 0.0000, Traffic light: 0.0000, Traffic sign: 0.0000, Vegetation: 0.9045, Terrain: 0.0000, Sky: 0.9628, Person: 0.0000, Rider: 0.0000, Car: 0.8979, Truck: 0.0000, Bus: 0.0000, Caravan: 0.0000, Trailer: 0.0000, Train: 0.0000, Motorcycle: 0.0000, Bicycle: 0.0000 }
        MeanDICE: 0.3074
        overAllIOU: 0.7428
    

    Epoch 47:
      Train Loss: 0.2070, Train Accuracy: 0.8540
      Val Loss: 0.2064
      Metrics:
        val_loss: 0.2064
        val_accuracy: 0.8533
        IoU: { Unlabeled: 0.2867, Unused: 0.0000, Unused: 0.0000, Unused: 0.0000, Static: 0.0000, Dynamic: 0.0000, Ground: 0.0000, Road: 0.9339, Sidewalk: 0.7107, Parking: 0.0000, Rail track: 0.0000, Building: 0.8037, Wall: 0.0000, Fence: 0.0000, Guard rail: 0.0000, Bridge: 0.0000, Tunnel: 0.0000, Pole: 0.0000, Pole group: 0.0000, Traffic light: 0.0000, Traffic sign: 0.0000, Vegetation: 0.8299, Terrain: 0.0000, Sky: 0.9288, Person: 0.0000, Rider: 0.0000, Car: 0.8209, Truck: 0.0000, Bus: 0.0000, Caravan: 0.0000, Trailer: 0.0000, Train: 0.0000, Motorcycle: 0.0000, Bicycle: 0.0000 }
        MeanIoU: 0.2777
        PixelAccuracy: 0.8539
        DICE: { Unlabeled: 0.4455, Unused: 0.0000, Unused: 0.0000, Unused: 0.0000, Static: 0.0000, Dynamic: 0.0000, Ground: 0.0000, Road: 0.9658, Sidewalk: 0.8300, Parking: 0.0000, Rail track: 0.0000, Building: 0.8910, Wall: 0.0000, Fence: 0.0000, Guard rail: 0.0000, Bridge: 0.0000, Tunnel: 0.0000, Pole: 0.0000, Pole group: 0.0000, Traffic light: 0.0000, Traffic sign: 0.0000, Vegetation: 0.9069, Terrain: 0.0000, Sky: 0.9630, Person: 0.0000, Rider: 0.0000, Car: 0.9011, Truck: 0.0000, Bus: 0.0000, Caravan: 0.0000, Trailer: 0.0000, Train: 0.0000, Motorcycle: 0.0000, Bicycle: 0.0000 }
        MeanDICE: 0.3084
        overAllIOU: 0.7452
    

    Epoch 48:
      Train Loss: 0.2067, Train Accuracy: 0.8546
      Val Loss: 0.2066
      Metrics:
        val_loss: 0.2066
        val_accuracy: 0.8528
        IoU: { Unlabeled: 0.2850, Unused: 0.0000, Unused: 0.0000, Unused: 0.0000, Static: 0.0000, Dynamic: 0.0000, Ground: 0.0000, Road: 0.9329, Sidewalk: 0.7109, Parking: 0.0000, Rail track: 0.0000, Building: 0.8055, Wall: 0.0000, Fence: 0.0000, Guard rail: 0.0000, Bridge: 0.0000, Tunnel: 0.0000, Pole: 0.0000, Pole group: 0.0000, Traffic light: 0.0000, Traffic sign: 0.0000, Vegetation: 0.8266, Terrain: 0.0000, Sky: 0.9281, Person: 0.0000, Rider: 0.0000, Car: 0.8167, Truck: 0.0000, Bus: 0.0000, Caravan: 0.0000, Trailer: 0.0000, Train: 0.0000, Motorcycle: 0.0000, Bicycle: 0.0000 }
        MeanIoU: 0.2772
        PixelAccuracy: 0.8534
        DICE: { Unlabeled: 0.4434, Unused: 0.0000, Unused: 0.0000, Unused: 0.0000, Static: 0.0000, Dynamic: 0.0000, Ground: 0.0000, Road: 0.9652, Sidewalk: 0.8301, Parking: 0.0000, Rail track: 0.0000, Building: 0.8921, Wall: 0.0000, Fence: 0.0000, Guard rail: 0.0000, Bridge: 0.0000, Tunnel: 0.0000, Pole: 0.0000, Pole group: 0.0000, Traffic light: 0.0000, Traffic sign: 0.0000, Vegetation: 0.9049, Terrain: 0.0000, Sky: 0.9626, Person: 0.0000, Rider: 0.0000, Car: 0.8984, Truck: 0.0000, Bus: 0.0000, Caravan: 0.0000, Trailer: 0.0000, Train: 0.0000, Motorcycle: 0.0000, Bicycle: 0.0000 }
        MeanDICE: 0.3081
        overAllIOU: 0.7445
    

    Epoch 49:
      Train Loss: 0.2065, Train Accuracy: 0.8551
      Val Loss: 0.2065
      Metrics:
        val_loss: 0.2065
        val_accuracy: 0.8513
        IoU: { Unlabeled: 0.2893, Unused: 0.0000, Unused: 0.0000, Unused: 0.0000, Static: 0.0000, Dynamic: 0.0000, Ground: 0.0000, Road: 0.9326, Sidewalk: 0.7030, Parking: 0.0000, Rail track: 0.0000, Building: 0.8032, Wall: 0.0000, Fence: 0.0000, Guard rail: 0.0000, Bridge: 0.0000, Tunnel: 0.0000, Pole: 0.0000, Pole group: 0.0000, Traffic light: 0.0000, Traffic sign: 0.0000, Vegetation: 0.8300, Terrain: 0.0000, Sky: 0.9262, Person: 0.0000, Rider: 0.0000, Car: 0.8161, Truck: 0.0000, Bus: 0.0000, Caravan: 0.0000, Trailer: 0.0000, Train: 0.0000, Motorcycle: 0.0000, Bicycle: 0.0000 }
        MeanIoU: 0.2770
        PixelAccuracy: 0.8518
        DICE: { Unlabeled: 0.4486, Unused: 0.0000, Unused: 0.0000, Unused: 0.0000, Static: 0.0000, Dynamic: 0.0000, Ground: 0.0000, Road: 0.9651, Sidewalk: 0.8248, Parking: 0.0000, Rail track: 0.0000, Building: 0.8908, Wall: 0.0000, Fence: 0.0000, Guard rail: 0.0000, Bridge: 0.0000, Tunnel: 0.0000, Pole: 0.0000, Pole group: 0.0000, Traffic light: 0.0000, Traffic sign: 0.0000, Vegetation: 0.9070, Terrain: 0.0000, Sky: 0.9616, Person: 0.0000, Rider: 0.0000, Car: 0.8981, Truck: 0.0000, Bus: 0.0000, Caravan: 0.0000, Trailer: 0.0000, Train: 0.0000, Motorcycle: 0.0000, Bicycle: 0.0000 }
        MeanDICE: 0.3080
        overAllIOU: 0.7421
    

    Epoch 50:
      Train Loss: 0.2063, Train Accuracy: 0.8557
      Val Loss: 0.2069
      Metrics:
        val_loss: 0.2069
        val_accuracy: 0.8503
        IoU: { Unlabeled: 0.2862, Unused: 0.0000, Unused: 0.0000, Unused: 0.0000, Static: 0.0000, Dynamic: 0.0000, Ground: 0.0000, Road: 0.9334, Sidewalk: 0.7161, Parking: 0.0000, Rail track: 0.0000, Building: 0.7959, Wall: 0.0000, Fence: 0.0000, Guard rail: 0.0000, Bridge: 0.0000, Tunnel: 0.0000, Pole: 0.0000, Pole group: 0.0000, Traffic light: 0.0000, Traffic sign: 0.0000, Vegetation: 0.8248, Terrain: 0.0000, Sky: 0.9266, Person: 0.0000, Rider: 0.0000, Car: 0.8194, Truck: 0.0000, Bus: 0.0000, Caravan: 0.0000, Trailer: 0.0000, Train: 0.0000, Motorcycle: 0.0000, Bicycle: 0.0000 }
        MeanIoU: 0.2770
        PixelAccuracy: 0.8508
        DICE: { Unlabeled: 0.4448, Unused: 0.0000, Unused: 0.0000, Unused: 0.0000, Static: 0.0000, Dynamic: 0.0000, Ground: 0.0000, Road: 0.9655, Sidewalk: 0.8337, Parking: 0.0000, Rail track: 0.0000, Building: 0.8862, Wall: 0.0000, Fence: 0.0000, Guard rail: 0.0000, Bridge: 0.0000, Tunnel: 0.0000, Pole: 0.0000, Pole group: 0.0000, Traffic light: 0.0000, Traffic sign: 0.0000, Vegetation: 0.9039, Terrain: 0.0000, Sky: 0.9619, Person: 0.0000, Rider: 0.0000, Car: 0.9001, Truck: 0.0000, Bus: 0.0000, Caravan: 0.0000, Trailer: 0.0000, Train: 0.0000, Motorcycle: 0.0000, Bicycle: 0.0000 }
        MeanDICE: 0.3080
        overAllIOU: 0.7407
    
Training started at: 2025-01-03 13:24:21.006094
Training ended at: 2025-01-03 15:22:55.316617
Training duration: 1:58:34.310523
Results on Test Data Set :
  IoU:
    0 (Unlabeled): 0.2852184474468231
    1 (Unused): 0.000000
    2 (Unused): 0.000000
    3 (Unused): 0.000000
    4 (Static): 0.000000
    5 (Dynamic): 0.000000
    6 (Ground): 0.000000
    7 (Road): 0.9336830377578735
    8 (Sidewalk): 0.7328859567642212
    9 (Parking): 0.000000
    10 (Rail track): 0.000000
    11 (Building): 0.7990455031394958
    12 (Wall): 0.0
    13 (Fence): 0.0
    14 (Guard rail): 0.000000
    15 (Bridge): 0.000000
    16 (Tunnel): 0.000000
    17 (Pole): 0.000000
    18 (Pole group): 0.0
    19 (Traffic light): 0.0
    20 (Traffic sign): 0.0
    21 (Vegetation): 0.8285630345344543
    22 (Terrain): 0.0
    23 (Sky): 0.9258891940116882
    24 (Person): 0.0
    25 (Rider): 0.0
    26 (Car): 0.8240416646003723
    27 (Truck): 0.0
    28 (Bus): 0.0
    29 (Caravan): 0.0
    30 (Trailer): 0.0
    31 (Train): 0.0
    32 (Motorcycle): 0.0
    33 (Bicycle): 0.0
  MeanIoU: 0.2773987650871277
  IoUoverall: 0.7393218278884888
  PixelAccuracy: 0.849971
  DICE:
    0 (Unlabeled): 0.44367969036102295
    1 (Unused): 0.000000
    2 (Unused): 0.000000
    3 (Unused): 0.000000
    4 (Static): 0.000000
    5 (Dynamic): 0.000000
    6 (Ground): 0.000000
    7 (Road): 0.9656583070755005
    8 (Sidewalk): 0.8449539542198181
    9 (Parking): 0.000000
    10 (Rail track): 0.000000
    11 (Building): 0.8882338404655457
    12 (Wall): 0.0
    13 (Fence): 0.0
    14 (Guard rail): 0.000000
    15 (Bridge): 0.000000
    16 (Tunnel): 0.000000
    17 (Pole): 0.000000
    18 (Pole group): 0.0
    19 (Traffic light): 0.0
    20 (Traffic sign): 0.0
    21 (Vegetation): 0.9061012864112854
    22 (Terrain): 0.0
    23 (Sky): 0.9615011215209961
    24 (Person): 0.0
    25 (Rider): 0.0
    26 (Car): 0.9031555652618408
    27 (Truck): 0.0
    28 (Bus): 0.0
    29 (Caravan): 0.0
    30 (Trailer): 0.0
    31 (Train): 0.0
    32 (Motorcycle): 0.0
    33 (Bicycle): 0.0
  MeanDICE: 0.307756
  val_loss: 0.206127
  val_accuracy: 0.849993

Testing started at: 2025-01-03 15:22:55.321211
Testing ended at: 2025-01-03 15:23:11.023101
Testing duration: 0:00:15.701890
