Model: UNet
Loss Function: FocalLoss
Optimizer: Adam
Learning Rate: 0.0001
Scheduler: CosineAnnealingLR
Scheduler Params: {'T_max': 10, 'eta_min': 1e-06}
Batch Size: 16
Epochs: 50
Seed: 42
Dataset Details:
Dataset Path: /net/ens/am4ip/datasets/project-dataset
Train Split: 0.8
Validation Split: 0.1
Test Split: 0.1
Augmentation Details:
Use Augmentation: False

    Epoch 1:
      Train Loss: 2.7923, Train Accuracy: 0.7903
      Val Loss: 2.6059
      Metrics:
        val_loss: 2.6059
        val_accuracy: 0.8561
        IoU: { Unlabeled: 0.2708, Unused: 0.0000, Unused: 0.0000, Unused: 0.0000, Static: 0.0000, Dynamic: 0.0000, Ground: 0.0000, Road: 0.9113, Sidewalk: 0.1344, Parking: 0.0000, Rail track: 0.0000, Building: 0.8013, Wall: 0.0000, Fence: 0.0000, Guard rail: 0.0000, Bridge: 0.0000, Tunnel: 0.0000, Pole: 0.0000, Pole group: 0.0000, Traffic light: 0.0000, Traffic sign: 0.0000, Vegetation: 0.7770, Terrain: 0.4115, Sky: 0.9612, Person: 0.0000, Rider: 0.0000, Car: 0.6928, Truck: 0.0000, Bus: 0.0000, Caravan: 0.0000, Trailer: 0.0000, Train: 0.0000, Motorcycle: 0.0000, Bicycle: 0.0000 }
        MeanIoU: 0.2593
        PixelAccuracy: 0.8566
        DICE: { Unlabeled: 0.4259, Unused: 0.0000, Unused: 0.0000, Unused: 0.0000, Static: 0.0000, Dynamic: 0.0000, Ground: 0.0000, Road: 0.9535, Sidewalk: 0.2353, Parking: 0.0000, Rail track: 0.0000, Building: 0.8893, Wall: 0.0000, Fence: 0.0000, Guard rail: 0.0000, Bridge: 0.0000, Tunnel: 0.0000, Pole: 0.0000, Pole group: 0.0000, Traffic light: 0.0000, Traffic sign: 0.0000, Vegetation: 0.8740, Terrain: 0.5686, Sky: 0.9802, Person: 0.0000, Rider: 0.0000, Car: 0.8165, Truck: 0.0000, Bus: 0.0000, Caravan: 0.0000, Trailer: 0.0000, Train: 0.0000, Motorcycle: 0.0000, Bicycle: 0.0000 }
        MeanDICE: 0.3002
    

    Epoch 2:
      Train Loss: 2.5092, Train Accuracy: 0.8577
      Val Loss: 2.4284
      Metrics:
        val_loss: 2.4284
        val_accuracy: 0.8664
        IoU: { Unlabeled: 0.2859, Unused: 0.0000, Unused: 0.0000, Unused: 0.0000, Static: 0.0000, Dynamic: 0.0000, Ground: 0.0000, Road: 0.9257, Sidewalk: 0.5569, Parking: 0.0000, Rail track: 0.0000, Building: 0.8166, Wall: 0.0000, Fence: 0.0000, Guard rail: 0.0000, Bridge: 0.0000, Tunnel: 0.0000, Pole: 0.0000, Pole group: 0.0000, Traffic light: 0.0000, Traffic sign: 0.0000, Vegetation: 0.8294, Terrain: 0.0000, Sky: 0.9622, Person: 0.0000, Rider: 0.0000, Car: 0.7582, Truck: 0.0000, Bus: 0.0000, Caravan: 0.0000, Trailer: 0.0000, Train: 0.0000, Motorcycle: 0.0000, Bicycle: 0.0000 }
        MeanIoU: 0.2683
        PixelAccuracy: 0.8670
        DICE: { Unlabeled: 0.4444, Unused: 0.0000, Unused: 0.0000, Unused: 0.0000, Static: 0.0000, Dynamic: 0.0000, Ground: 0.0000, Road: 0.9613, Sidewalk: 0.7128, Parking: 0.0000, Rail track: 0.0000, Building: 0.8988, Wall: 0.0000, Fence: 0.0000, Guard rail: 0.0000, Bridge: 0.0000, Tunnel: 0.0000, Pole: 0.0000, Pole group: 0.0000, Traffic light: 0.0000, Traffic sign: 0.0000, Vegetation: 0.9065, Terrain: 0.0000, Sky: 0.9807, Person: 0.0000, Rider: 0.0000, Car: 0.8613, Truck: 0.0000, Bus: 0.0000, Caravan: 0.0000, Trailer: 0.0000, Train: 0.0000, Motorcycle: 0.0000, Bicycle: 0.0000 }
        MeanDICE: 0.3012
    

    Epoch 3:
      Train Loss: 2.3897, Train Accuracy: 0.8688
      Val Loss: 2.3554
      Metrics:
        val_loss: 2.3554
        val_accuracy: 0.8718
        IoU: { Unlabeled: 0.2995, Unused: 0.0000, Unused: 0.0000, Unused: 0.0000, Static: 0.0000, Dynamic: 0.0000, Ground: 0.0000, Road: 0.9426, Sidewalk: 0.6155, Parking: 0.0000, Rail track: 0.0000, Building: 0.8095, Wall: 0.0000, Fence: 0.0000, Guard rail: 0.0000, Bridge: 0.0000, Tunnel: 0.0000, Pole: 0.0000, Pole group: 0.0000, Traffic light: 0.0000, Traffic sign: 0.0000, Vegetation: 0.8311, Terrain: 0.0000, Sky: 0.9692, Person: 0.0000, Rider: 0.0000, Car: 0.7771, Truck: 0.0000, Bus: 0.0000, Caravan: 0.0000, Trailer: 0.0000, Train: 0.0000, Motorcycle: 0.0000, Bicycle: 0.0000 }
        MeanIoU: 0.2741
        PixelAccuracy: 0.8724
        DICE: { Unlabeled: 0.4607, Unused: 0.0000, Unused: 0.0000, Unused: 0.0000, Static: 0.0000, Dynamic: 0.0000, Ground: 0.0000, Road: 0.9704, Sidewalk: 0.7601, Parking: 0.0000, Rail track: 0.0000, Building: 0.8945, Wall: 0.0000, Fence: 0.0000, Guard rail: 0.0000, Bridge: 0.0000, Tunnel: 0.0000, Pole: 0.0000, Pole group: 0.0000, Traffic light: 0.0000, Traffic sign: 0.0000, Vegetation: 0.9074, Terrain: 0.0000, Sky: 0.9843, Person: 0.0000, Rider: 0.0000, Car: 0.8735, Truck: 0.0000, Bus: 0.0000, Caravan: 0.0000, Trailer: 0.0000, Train: 0.0000, Motorcycle: 0.0000, Bicycle: 0.0000 }
        MeanDICE: 0.3057
    

    Epoch 4:
      Train Loss: 2.3324, Train Accuracy: 0.8761
      Val Loss: 2.3106
      Metrics:
        val_loss: 2.3106
        val_accuracy: 0.8843
        IoU: { Unlabeled: 0.3701, Unused: 0.0000, Unused: 0.0000, Unused: 0.0000, Static: 0.0000, Dynamic: 0.0000, Ground: 0.0000, Road: 0.9458, Sidewalk: 0.5856, Parking: 0.0000, Rail track: 0.0000, Building: 0.8566, Wall: 0.0000, Fence: 0.0000, Guard rail: 0.0000, Bridge: 0.0000, Tunnel: 0.0000, Pole: 0.0000, Pole group: 0.0000, Traffic light: 0.0000, Traffic sign: 0.1071, Vegetation: 0.8649, Terrain: 0.0029, Sky: 0.9732, Person: 0.0000, Rider: 0.0000, Car: 0.8168, Truck: 0.0000, Bus: 0.0000, Caravan: 0.0000, Trailer: 0.0000, Train: 0.0000, Motorcycle: 0.0000, Bicycle: 0.0000 }
        MeanIoU: 0.2885
        PixelAccuracy: 0.8848
        DICE: { Unlabeled: 0.5398, Unused: 0.0000, Unused: 0.0000, Unused: 0.0000, Static: 0.0000, Dynamic: 0.0000, Ground: 0.0000, Road: 0.9721, Sidewalk: 0.7362, Parking: 0.0000, Rail track: 0.0000, Building: 0.9225, Wall: 0.0000, Fence: 0.0000, Guard rail: 0.0000, Bridge: 0.0000, Tunnel: 0.0000, Pole: 0.0000, Pole group: 0.0000, Traffic light: 0.0000, Traffic sign: 0.1898, Vegetation: 0.9274, Terrain: 0.0056, Sky: 0.9864, Person: 0.0000, Rider: 0.0000, Car: 0.8984, Truck: 0.0000, Bus: 0.0000, Caravan: 0.0000, Trailer: 0.0000, Train: 0.0000, Motorcycle: 0.0000, Bicycle: 0.0000 }
        MeanDICE: 0.3227
    

    Epoch 5:
      Train Loss: 2.3019, Train Accuracy: 0.8811
      Val Loss: 2.2899
      Metrics:
        val_loss: 2.2899
        val_accuracy: 0.8851
        IoU: { Unlabeled: 0.3755, Unused: 0.0000, Unused: 0.0000, Unused: 0.0000, Static: 0.0000, Dynamic: 0.0000, Ground: 0.0000, Road: 0.9467, Sidewalk: 0.6003, Parking: 0.0000, Rail track: 0.0000, Building: 0.8561, Wall: 0.0000, Fence: 0.0000, Guard rail: 0.0000, Bridge: 0.0000, Tunnel: 0.0000, Pole: 0.0000, Pole group: 0.0000, Traffic light: 0.0000, Traffic sign: 0.4784, Vegetation: 0.8676, Terrain: 0.0075, Sky: 0.9746, Person: 0.0000, Rider: 0.0000, Car: 0.8000, Truck: 0.0000, Bus: 0.0000, Caravan: 0.0000, Trailer: 0.0000, Train: 0.0000, Motorcycle: 0.0000, Bicycle: 0.0000 }
        MeanIoU: 0.3086
        PixelAccuracy: 0.8856
        DICE: { Unlabeled: 0.5455, Unused: 0.0000, Unused: 0.0000, Unused: 0.0000, Static: 0.0000, Dynamic: 0.0000, Ground: 0.0000, Road: 0.9726, Sidewalk: 0.7473, Parking: 0.0000, Rail track: 0.0000, Building: 0.9223, Wall: 0.0000, Fence: 0.0000, Guard rail: 0.0000, Bridge: 0.0000, Tunnel: 0.0000, Pole: 0.0000, Pole group: 0.0000, Traffic light: 0.0000, Traffic sign: 0.6146, Vegetation: 0.9290, Terrain: 0.0147, Sky: 0.9871, Person: 0.0000, Rider: 0.0000, Car: 0.8879, Truck: 0.0000, Bus: 0.0000, Caravan: 0.0000, Trailer: 0.0000, Train: 0.0000, Motorcycle: 0.0000, Bicycle: 0.0000 }
        MeanDICE: 0.3458
    

    Epoch 6:
      Train Loss: 2.2806, Train Accuracy: 0.8865
      Val Loss: 2.2741
      Metrics:
        val_loss: 2.2741
        val_accuracy: 0.8858
        IoU: { Unlabeled: 0.3841, Unused: 0.0000, Unused: 0.0000, Unused: 0.0000, Static: 0.0000, Dynamic: 0.0000, Ground: 0.0000, Road: 0.9503, Sidewalk: 0.5642, Parking: 0.0000, Rail track: 0.0000, Building: 0.8578, Wall: 0.0000, Fence: 0.0000, Guard rail: 0.0000, Bridge: 0.0000, Tunnel: 0.0000, Pole: 0.0000, Pole group: 0.0000, Traffic light: 0.0000, Traffic sign: 0.5868, Vegetation: 0.8656, Terrain: 0.0470, Sky: 0.9713, Person: 0.0000, Rider: 0.0000, Car: 0.8210, Truck: 0.0000, Bus: 0.0000, Caravan: 0.0000, Trailer: 0.0000, Train: 0.0000, Motorcycle: 0.0000, Bicycle: 0.0000 }
        MeanIoU: 0.3159
        PixelAccuracy: 0.8862
        DICE: { Unlabeled: 0.5545, Unused: 0.0000, Unused: 0.0000, Unused: 0.0000, Static: 0.0000, Dynamic: 0.0000, Ground: 0.0000, Road: 0.9745, Sidewalk: 0.7182, Parking: 0.0000, Rail track: 0.0000, Building: 0.9232, Wall: 0.0000, Fence: 0.0000, Guard rail: 0.0000, Bridge: 0.0000, Tunnel: 0.0000, Pole: 0.0000, Pole group: 0.0000, Traffic light: 0.0000, Traffic sign: 0.7110, Vegetation: 0.9278, Terrain: 0.0884, Sky: 0.9854, Person: 0.0000, Rider: 0.0000, Car: 0.9010, Truck: 0.0000, Bus: 0.0000, Caravan: 0.0000, Trailer: 0.0000, Train: 0.0000, Motorcycle: 0.0000, Bicycle: 0.0000 }
        MeanDICE: 0.3543
    

    Epoch 7:
      Train Loss: 2.2694, Train Accuracy: 0.8842
      Val Loss: 2.2622
      Metrics:
        val_loss: 2.2622
        val_accuracy: 0.8812
        IoU: { Unlabeled: 0.3817, Unused: 0.0000, Unused: 0.0000, Unused: 0.0000, Static: 0.0000, Dynamic: 0.0000, Ground: 0.0000, Road: 0.9524, Sidewalk: 0.2159, Parking: 0.0000, Rail track: 0.0000, Building: 0.8646, Wall: 0.0000, Fence: 0.0000, Guard rail: 0.0000, Bridge: 0.0000, Tunnel: 0.0000, Pole: 0.0000, Pole group: 0.0000, Traffic light: 0.0000, Traffic sign: 0.6083, Vegetation: 0.8752, Terrain: 0.0482, Sky: 0.9765, Person: 0.0000, Rider: 0.0000, Car: 0.7868, Truck: 0.0000, Bus: 0.0000, Caravan: 0.0000, Trailer: 0.0000, Train: 0.0000, Motorcycle: 0.0000, Bicycle: 0.0000 }
        MeanIoU: 0.2982
        PixelAccuracy: 0.8817
        DICE: { Unlabeled: 0.5520, Unused: 0.0000, Unused: 0.0000, Unused: 0.0000, Static: 0.0000, Dynamic: 0.0000, Ground: 0.0000, Road: 0.9756, Sidewalk: 0.3503, Parking: 0.0000, Rail track: 0.0000, Building: 0.9272, Wall: 0.0000, Fence: 0.0000, Guard rail: 0.0000, Bridge: 0.0000, Tunnel: 0.0000, Pole: 0.0000, Pole group: 0.0000, Traffic light: 0.0000, Traffic sign: 0.7323, Vegetation: 0.9333, Terrain: 0.0900, Sky: 0.9881, Person: 0.0000, Rider: 0.0000, Car: 0.8799, Truck: 0.0000, Bus: 0.0000, Caravan: 0.0000, Trailer: 0.0000, Train: 0.0000, Motorcycle: 0.0000, Bicycle: 0.0000 }
        MeanDICE: 0.3357
    

    Epoch 8:
      Train Loss: 2.2584, Train Accuracy: 0.8872
      Val Loss: 2.2579
      Metrics:
        val_loss: 2.2579
        val_accuracy: 0.8858
        IoU: { Unlabeled: 0.3944, Unused: 0.0000, Unused: 0.0000, Unused: 0.0000, Static: 0.0000, Dynamic: 0.0000, Ground: 0.0000, Road: 0.9496, Sidewalk: 0.6579, Parking: 0.0000, Rail track: 0.0000, Building: 0.8609, Wall: 0.0000, Fence: 0.0000, Guard rail: 0.0000, Bridge: 0.0000, Tunnel: 0.0000, Pole: 0.0000, Pole group: 0.0000, Traffic light: 0.0000, Traffic sign: 0.6198, Vegetation: 0.8463, Terrain: 0.0777, Sky: 0.9747, Person: 0.0000, Rider: 0.0000, Car: 0.8232, Truck: 0.0000, Bus: 0.0000, Caravan: 0.0000, Trailer: 0.0000, Train: 0.0000, Motorcycle: 0.0000, Bicycle: 0.0000 }
        MeanIoU: 0.3241
        PixelAccuracy: 0.8861
        DICE: { Unlabeled: 0.5652, Unused: 0.0000, Unused: 0.0000, Unused: 0.0000, Static: 0.0000, Dynamic: 0.0000, Ground: 0.0000, Road: 0.9741, Sidewalk: 0.7917, Parking: 0.0000, Rail track: 0.0000, Building: 0.9251, Wall: 0.0000, Fence: 0.0000, Guard rail: 0.0000, Bridge: 0.0000, Tunnel: 0.0000, Pole: 0.0000, Pole group: 0.0000, Traffic light: 0.0000, Traffic sign: 0.7402, Vegetation: 0.9166, Terrain: 0.1422, Sky: 0.9872, Person: 0.0000, Rider: 0.0000, Car: 0.9023, Truck: 0.0000, Bus: 0.0000, Caravan: 0.0000, Trailer: 0.0000, Train: 0.0000, Motorcycle: 0.0000, Bicycle: 0.0000 }
        MeanDICE: 0.3627
    

    Epoch 9:
      Train Loss: 2.2529, Train Accuracy: 0.8916
      Val Loss: 2.2500
      Metrics:
        val_loss: 2.2500
        val_accuracy: 0.9017
        IoU: { Unlabeled: 0.4209, Unused: 0.0000, Unused: 0.0000, Unused: 0.0000, Static: 0.0000, Dynamic: 0.0000, Ground: 0.0000, Road: 0.9570, Sidewalk: 0.6204, Parking: 0.0000, Rail track: 0.0000, Building: 0.8701, Wall: 0.0000, Fence: 0.0000, Guard rail: 0.0000, Bridge: 0.0000, Tunnel: 0.0000, Pole: 0.0000, Pole group: 0.0005, Traffic light: 0.0000, Traffic sign: 0.6022, Vegetation: 0.8753, Terrain: 0.6256, Sky: 0.9747, Person: 0.0000, Rider: 0.0000, Car: 0.8452, Truck: 0.0000, Bus: 0.0003, Caravan: 0.0000, Trailer: 0.0000, Train: 0.4138, Motorcycle: 0.0000, Bicycle: 0.0000 }
        MeanIoU: 0.3751
        PixelAccuracy: 0.9021
        DICE: { Unlabeled: 0.5917, Unused: 0.0000, Unused: 0.0000, Unused: 0.0000, Static: 0.0000, Dynamic: 0.0000, Ground: 0.0000, Road: 0.9780, Sidewalk: 0.7638, Parking: 0.0000, Rail track: 0.0000, Building: 0.9304, Wall: 0.0000, Fence: 0.0000, Guard rail: 0.0000, Bridge: 0.0000, Tunnel: 0.0000, Pole: 0.0000, Pole group: 0.0009, Traffic light: 0.0000, Traffic sign: 0.7282, Vegetation: 0.9334, Terrain: 0.7633, Sky: 0.9871, Person: 0.0000, Rider: 0.0000, Car: 0.9155, Truck: 0.0000, Bus: 0.0006, Caravan: 0.0000, Trailer: 0.0000, Train: 0.5500, Motorcycle: 0.0000, Bicycle: 0.0000 }
        MeanDICE: 0.4234
    

    Epoch 10:
      Train Loss: 2.2470, Train Accuracy: 0.8971
      Val Loss: 2.2466
      Metrics:
        val_loss: 2.2466
        val_accuracy: 0.9009
        IoU: { Unlabeled: 0.4140, Unused: 0.0000, Unused: 0.0000, Unused: 0.0000, Static: 0.0000, Dynamic: 0.0000, Ground: 0.0000, Road: 0.9552, Sidewalk: 0.6457, Parking: 0.0000, Rail track: 0.0000, Building: 0.8647, Wall: 0.0000, Fence: 0.0004, Guard rail: 0.0000, Bridge: 0.0000, Tunnel: 0.0000, Pole: 0.0000, Pole group: 0.0018, Traffic light: 0.0000, Traffic sign: 0.5916, Vegetation: 0.8859, Terrain: 0.6179, Sky: 0.9776, Person: 0.0000, Rider: 0.0000, Car: 0.8486, Truck: 0.0000, Bus: 0.0113, Caravan: 0.0000, Trailer: 0.0000, Train: 0.6052, Motorcycle: 0.0000, Bicycle: 0.0000 }
        MeanIoU: 0.3855
        PixelAccuracy: 0.9012
        DICE: { Unlabeled: 0.5849, Unused: 0.0000, Unused: 0.0000, Unused: 0.0000, Static: 0.0000, Dynamic: 0.0000, Ground: 0.0000, Road: 0.9770, Sidewalk: 0.7828, Parking: 0.0000, Rail track: 0.0000, Building: 0.9272, Wall: 0.0000, Fence: 0.0008, Guard rail: 0.0000, Bridge: 0.0000, Tunnel: 0.0000, Pole: 0.0000, Pole group: 0.0035, Traffic light: 0.0001, Traffic sign: 0.7198, Vegetation: 0.9394, Terrain: 0.7594, Sky: 0.9886, Person: 0.0000, Rider: 0.0000, Car: 0.9173, Truck: 0.0000, Bus: 0.0203, Caravan: 0.0000, Trailer: 0.0000, Train: 0.6897, Motorcycle: 0.0000, Bicycle: 0.0000 }
        MeanDICE: 0.4316
    

    Epoch 11:
      Train Loss: 2.2443, Train Accuracy: 0.9013
      Val Loss: 2.2449
      Metrics:
        val_loss: 2.2449
        val_accuracy: 0.8977
        IoU: { Unlabeled: 0.4296, Unused: 0.0000, Unused: 0.0000, Unused: 0.0000, Static: 0.0000, Dynamic: 0.0000, Ground: 0.0000, Road: 0.9521, Sidewalk: 0.5883, Parking: 0.0000, Rail track: 0.0000, Building: 0.8619, Wall: 0.0000, Fence: 0.0000, Guard rail: 0.0000, Bridge: 0.0000, Tunnel: 0.0000, Pole: 0.0000, Pole group: 0.0006, Traffic light: 0.0998, Traffic sign: 0.5904, Vegetation: 0.8748, Terrain: 0.6151, Sky: 0.9744, Person: 0.0000, Rider: 0.0000, Car: 0.8304, Truck: 0.0000, Bus: 0.0092, Caravan: 0.0000, Trailer: 0.0000, Train: 0.6229, Motorcycle: 0.0000, Bicycle: 0.0000 }
        MeanIoU: 0.3870
        PixelAccuracy: 0.8981
        DICE: { Unlabeled: 0.6004, Unused: 0.0000, Unused: 0.0000, Unused: 0.0000, Static: 0.0000, Dynamic: 0.0000, Ground: 0.0000, Road: 0.9754, Sidewalk: 0.7386, Parking: 0.0000, Rail track: 0.0000, Building: 0.9256, Wall: 0.0000, Fence: 0.0000, Guard rail: 0.0000, Bridge: 0.0000, Tunnel: 0.0000, Pole: 0.0000, Pole group: 0.0012, Traffic light: 0.1793, Traffic sign: 0.7188, Vegetation: 0.9331, Terrain: 0.7553, Sky: 0.9870, Person: 0.0000, Rider: 0.0000, Car: 0.9063, Truck: 0.0000, Bus: 0.0166, Caravan: 0.0000, Trailer: 0.0000, Train: 0.7072, Motorcycle: 0.0000, Bicycle: 0.0000 }
        MeanDICE: 0.4385
    

    Epoch 12:
      Train Loss: 2.2411, Train Accuracy: 0.9036
      Val Loss: 2.2375
      Metrics:
        val_loss: 2.2375
        val_accuracy: 0.9093
        IoU: { Unlabeled: 0.4449, Unused: 0.0000, Unused: 0.0000, Unused: 0.0000, Static: 0.0000, Dynamic: 0.0000, Ground: 0.0000, Road: 0.9621, Sidewalk: 0.6617, Parking: 0.0000, Rail track: 0.0000, Building: 0.8742, Wall: 0.0000, Fence: 0.1055, Guard rail: 0.0000, Bridge: 0.0000, Tunnel: 0.0000, Pole: 0.0000, Pole group: 0.0208, Traffic light: 0.4014, Traffic sign: 0.6737, Vegetation: 0.8929, Terrain: 0.6569, Sky: 0.9790, Person: 0.0000, Rider: 0.0000, Car: 0.8735, Truck: 0.0000, Bus: 0.0286, Caravan: 0.0000, Trailer: 0.0000, Train: 0.6100, Motorcycle: 0.0000, Bicycle: 0.0000 }
        MeanIoU: 0.4254
        PixelAccuracy: 0.9096
        DICE: { Unlabeled: 0.6152, Unused: 0.0000, Unused: 0.0000, Unused: 0.0000, Static: 0.0000, Dynamic: 0.0000, Ground: 0.0000, Road: 0.9806, Sidewalk: 0.7952, Parking: 0.0000, Rail track: 0.0000, Building: 0.9327, Wall: 0.0000, Fence: 0.1895, Guard rail: 0.0000, Bridge: 0.0000, Tunnel: 0.0000, Pole: 0.0000, Pole group: 0.0405, Traffic light: 0.5664, Traffic sign: 0.7855, Vegetation: 0.9433, Terrain: 0.7872, Sky: 0.9894, Person: 0.0000, Rider: 0.0000, Car: 0.9318, Truck: 0.0000, Bus: 0.0501, Caravan: 0.0000, Trailer: 0.0000, Train: 0.7020, Motorcycle: 0.0000, Bicycle: 0.0000 }
        MeanDICE: 0.4837
    

    Epoch 13:
      Train Loss: 2.2384, Train Accuracy: 0.9057
      Val Loss: 2.2363
      Metrics:
        val_loss: 2.2363
        val_accuracy: 0.9091
        IoU: { Unlabeled: 0.4511, Unused: 0.0000, Unused: 0.0000, Unused: 0.0000, Static: 0.0000, Dynamic: 0.0000, Ground: 0.0000, Road: 0.9594, Sidewalk: 0.7413, Parking: 0.0000, Rail track: 0.0000, Building: 0.8789, Wall: 0.0000, Fence: 0.0049, Guard rail: 0.0000, Bridge: 0.0000, Tunnel: 0.0000, Pole: 0.0000, Pole group: 0.0124, Traffic light: 0.5304, Traffic sign: 0.6876, Vegetation: 0.8908, Terrain: 0.6825, Sky: 0.9781, Person: 0.0000, Rider: 0.0000, Car: 0.8569, Truck: 0.0000, Bus: 0.0149, Caravan: 0.0000, Trailer: 0.0000, Train: 0.6166, Motorcycle: 0.0000, Bicycle: 0.0000 }
        MeanIoU: 0.4316
        PixelAccuracy: 0.9095
        DICE: { Unlabeled: 0.6210, Unused: 0.0000, Unused: 0.0000, Unused: 0.0000, Static: 0.0000, Dynamic: 0.0000, Ground: 0.0000, Road: 0.9792, Sidewalk: 0.8501, Parking: 0.0000, Rail track: 0.0000, Building: 0.9354, Wall: 0.0000, Fence: 0.0098, Guard rail: 0.0000, Bridge: 0.0000, Tunnel: 0.0000, Pole: 0.0000, Pole group: 0.0242, Traffic light: 0.6805, Traffic sign: 0.7961, Vegetation: 0.9421, Terrain: 0.8065, Sky: 0.9889, Person: 0.0000, Rider: 0.0000, Car: 0.9221, Truck: 0.0000, Bus: 0.0270, Caravan: 0.0000, Trailer: 0.0000, Train: 0.7131, Motorcycle: 0.0000, Bicycle: 0.0000 }
        MeanDICE: 0.4829
    

    Epoch 14:
      Train Loss: 2.2346, Train Accuracy: 0.9104
      Val Loss: 2.2365
      Metrics:
        val_loss: 2.2365
        val_accuracy: 0.9072
        IoU: { Unlabeled: 0.4332, Unused: 0.0000, Unused: 0.0000, Unused: 0.0000, Static: 0.0000, Dynamic: 0.0000, Ground: 0.0000, Road: 0.9599, Sidewalk: 0.7463, Parking: 0.0000, Rail track: 0.0000, Building: 0.8714, Wall: 0.0000, Fence: 0.2192, Guard rail: 0.0000, Bridge: 0.0000, Tunnel: 0.0000, Pole: 0.0000, Pole group: 0.0149, Traffic light: 0.5997, Traffic sign: 0.6976, Vegetation: 0.8846, Terrain: 0.6482, Sky: 0.9784, Person: 0.0000, Rider: 0.0000, Car: 0.8220, Truck: 0.0000, Bus: 0.0192, Caravan: 0.0000, Trailer: 0.0000, Train: 0.5614, Motorcycle: 0.0000, Bicycle: 0.0000 }
        MeanIoU: 0.4396
        PixelAccuracy: 0.9075
        DICE: { Unlabeled: 0.6039, Unused: 0.0000, Unused: 0.0000, Unused: 0.0000, Static: 0.0000, Dynamic: 0.0000, Ground: 0.0000, Road: 0.9795, Sidewalk: 0.8535, Parking: 0.0000, Rail track: 0.0000, Building: 0.9311, Wall: 0.0000, Fence: 0.3531, Guard rail: 0.0000, Bridge: 0.0000, Tunnel: 0.0000, Pole: 0.0000, Pole group: 0.0293, Traffic light: 0.7395, Traffic sign: 0.8040, Vegetation: 0.9387, Terrain: 0.7801, Sky: 0.9891, Person: 0.0000, Rider: 0.0000, Car: 0.9014, Truck: 0.0000, Bus: 0.0326, Caravan: 0.0000, Trailer: 0.0000, Train: 0.6662, Motorcycle: 0.0000, Bicycle: 0.0000 }
        MeanDICE: 0.4990
    

    Epoch 15:
      Train Loss: 2.2331, Train Accuracy: 0.9127
      Val Loss: 2.2329
      Metrics:
        val_loss: 2.2329
        val_accuracy: 0.9154
        IoU: { Unlabeled: 0.4724, Unused: 0.0000, Unused: 0.0000, Unused: 0.0000, Static: 0.0000, Dynamic: 0.0000, Ground: 0.0000, Road: 0.9614, Sidewalk: 0.7356, Parking: 0.0000, Rail track: 0.0000, Building: 0.8757, Wall: 0.0000, Fence: 0.4905, Guard rail: 0.0000, Bridge: 0.0000, Tunnel: 0.0000, Pole: 0.0000, Pole group: 0.0635, Traffic light: 0.6621, Traffic sign: 0.7186, Vegetation: 0.8919, Terrain: 0.6465, Sky: 0.9784, Person: 0.0000, Rider: 0.0000, Car: 0.8677, Truck: 0.0000, Bus: 0.0425, Caravan: 0.0000, Trailer: 0.0000, Train: 0.5741, Motorcycle: 0.0000, Bicycle: 0.0000 }
        MeanIoU: 0.4671
        PixelAccuracy: 0.9157
        DICE: { Unlabeled: 0.6411, Unused: 0.0000, Unused: 0.0000, Unused: 0.0000, Static: 0.0000, Dynamic: 0.0000, Ground: 0.0000, Road: 0.9803, Sidewalk: 0.8460, Parking: 0.0000, Rail track: 0.0000, Building: 0.9336, Wall: 0.0000, Fence: 0.6523, Guard rail: 0.0000, Bridge: 0.0000, Tunnel: 0.0000, Pole: 0.0000, Pole group: 0.1188, Traffic light: 0.7887, Traffic sign: 0.8259, Vegetation: 0.9428, Terrain: 0.7792, Sky: 0.9890, Person: 0.0000, Rider: 0.0000, Car: 0.9285, Truck: 0.0000, Bus: 0.0692, Caravan: 0.0000, Trailer: 0.0000, Train: 0.6772, Motorcycle: 0.0000, Bicycle: 0.0000 }
        MeanDICE: 0.5289
    

    Epoch 16:
      Train Loss: 2.2337, Train Accuracy: 0.9112
      Val Loss: 2.2323
      Metrics:
        val_loss: 2.2323
        val_accuracy: 0.9147
        IoU: { Unlabeled: 0.4678, Unused: 0.0000, Unused: 0.0000, Unused: 0.0000, Static: 0.0000, Dynamic: 0.0000, Ground: 0.0000, Road: 0.9566, Sidewalk: 0.7080, Parking: 0.0000, Rail track: 0.0000, Building: 0.8733, Wall: 0.0000, Fence: 0.5441, Guard rail: 0.0000, Bridge: 0.0000, Tunnel: 0.0000, Pole: 0.0000, Pole group: 0.1031, Traffic light: 0.5823, Traffic sign: 0.7018, Vegetation: 0.8954, Terrain: 0.6838, Sky: 0.9793, Person: 0.0000, Rider: 0.0000, Car: 0.8653, Truck: 0.0000, Bus: 0.0130, Caravan: 0.0000, Trailer: 0.0000, Train: 0.5584, Motorcycle: 0.0000, Bicycle: 0.0000 }
        MeanIoU: 0.4646
        PixelAccuracy: 0.9150
        DICE: { Unlabeled: 0.6367, Unused: 0.0000, Unused: 0.0000, Unused: 0.0000, Static: 0.0000, Dynamic: 0.0000, Ground: 0.0000, Road: 0.9778, Sidewalk: 0.8279, Parking: 0.0000, Rail track: 0.0000, Building: 0.9322, Wall: 0.0000, Fence: 0.6951, Guard rail: 0.0000, Bridge: 0.0000, Tunnel: 0.0000, Pole: 0.0000, Pole group: 0.1851, Traffic light: 0.7265, Traffic sign: 0.8118, Vegetation: 0.9447, Terrain: 0.8061, Sky: 0.9895, Person: 0.0000, Rider: 0.0000, Car: 0.9271, Truck: 0.0000, Bus: 0.0234, Caravan: 0.0000, Trailer: 0.0000, Train: 0.6634, Motorcycle: 0.0000, Bicycle: 0.0000 }
        MeanDICE: 0.5276
    

    Epoch 17:
      Train Loss: 2.2306, Train Accuracy: 0.9163
      Val Loss: 2.2302
      Metrics:
        val_loss: 2.2302
        val_accuracy: 0.9175
        IoU: { Unlabeled: 0.4703, Unused: 0.0000, Unused: 0.0000, Unused: 0.0000, Static: 0.0000, Dynamic: 0.0000, Ground: 0.0000, Road: 0.9601, Sidewalk: 0.7447, Parking: 0.0000, Rail track: 0.0000, Building: 0.8746, Wall: 0.0000, Fence: 0.6255, Guard rail: 0.0000, Bridge: 0.0000, Tunnel: 0.0000, Pole: 0.0000, Pole group: 0.1755, Traffic light: 0.6631, Traffic sign: 0.7462, Vegetation: 0.8949, Terrain: 0.6946, Sky: 0.9792, Person: 0.0000, Rider: 0.0000, Car: 0.8761, Truck: 0.0000, Bus: 0.0740, Caravan: 0.0000, Trailer: 0.0000, Train: 0.5931, Motorcycle: 0.0000, Bicycle: 0.0000 }
        MeanIoU: 0.4875
        PixelAccuracy: 0.9177
        DICE: { Unlabeled: 0.6390, Unused: 0.0000, Unused: 0.0000, Unused: 0.0000, Static: 0.0000, Dynamic: 0.0000, Ground: 0.0000, Road: 0.9796, Sidewalk: 0.8527, Parking: 0.0000, Rail track: 0.0000, Building: 0.9329, Wall: 0.0001, Fence: 0.7629, Guard rail: 0.0000, Bridge: 0.0000, Tunnel: 0.0000, Pole: 0.0000, Pole group: 0.2941, Traffic light: 0.7906, Traffic sign: 0.8465, Vegetation: 0.9444, Terrain: 0.8155, Sky: 0.9895, Person: 0.0000, Rider: 0.0000, Car: 0.9334, Truck: 0.0000, Bus: 0.1200, Caravan: 0.0000, Trailer: 0.0000, Train: 0.6953, Motorcycle: 0.0000, Bicycle: 0.0000 }
        MeanDICE: 0.5510
    

    Epoch 18:
      Train Loss: 2.2296, Train Accuracy: 0.9176
      Val Loss: 2.2309
      Metrics:
        val_loss: 2.2309
        val_accuracy: 0.9154
        IoU: { Unlabeled: 0.4628, Unused: 0.0000, Unused: 0.0000, Unused: 0.0000, Static: 0.0000, Dynamic: 0.0000, Ground: 0.0000, Road: 0.9621, Sidewalk: 0.7477, Parking: 0.0000, Rail track: 0.0000, Building: 0.8595, Wall: 0.0000, Fence: 0.6550, Guard rail: 0.0000, Bridge: 0.0000, Tunnel: 0.0000, Pole: 0.0000, Pole group: 0.2107, Traffic light: 0.6708, Traffic sign: 0.7355, Vegetation: 0.8881, Terrain: 0.7119, Sky: 0.9764, Person: 0.0000, Rider: 0.0000, Car: 0.8638, Truck: 0.0000, Bus: 0.2020, Caravan: 0.0000, Trailer: 0.0000, Train: 0.6493, Motorcycle: 0.0000, Bicycle: 0.0000 }
        MeanIoU: 0.4990
        PixelAccuracy: 0.9156
        DICE: { Unlabeled: 0.6321, Unused: 0.0000, Unused: 0.0000, Unused: 0.0000, Static: 0.0000, Dynamic: 0.0000, Ground: 0.0000, Road: 0.9807, Sidewalk: 0.8546, Parking: 0.0000, Rail track: 0.0000, Building: 0.9242, Wall: 0.0000, Fence: 0.7873, Guard rail: 0.0000, Bridge: 0.0000, Tunnel: 0.0000, Pole: 0.0000, Pole group: 0.3413, Traffic light: 0.7953, Traffic sign: 0.8384, Vegetation: 0.9406, Terrain: 0.8274, Sky: 0.9880, Person: 0.0000, Rider: 0.0000, Car: 0.9261, Truck: 0.0000, Bus: 0.3057, Caravan: 0.0000, Trailer: 0.0000, Train: 0.7394, Motorcycle: 0.0000, Bicycle: 0.0000 }
        MeanDICE: 0.5657
    

    Epoch 19:
      Train Loss: 2.2289, Train Accuracy: 0.9178
      Val Loss: 2.2291
      Metrics:
        val_loss: 2.2291
        val_accuracy: 0.9199
        IoU: { Unlabeled: 0.4791, Unused: 0.0000, Unused: 0.0000, Unused: 0.0000, Static: 0.0000, Dynamic: 0.0000, Ground: 0.0000, Road: 0.9625, Sidewalk: 0.7593, Parking: 0.0000, Rail track: 0.0000, Building: 0.8789, Wall: 0.0000, Fence: 0.6531, Guard rail: 0.0000, Bridge: 0.0000, Tunnel: 0.0000, Pole: 0.0000, Pole group: 0.4354, Traffic light: 0.6963, Traffic sign: 0.7432, Vegetation: 0.8869, Terrain: 0.7080, Sky: 0.9788, Person: 0.0000, Rider: 0.0000, Car: 0.8764, Truck: 0.0000, Bus: 0.1742, Caravan: 0.0000, Trailer: 0.0000, Train: 0.6475, Motorcycle: 0.0000, Bicycle: 0.0000 }
        MeanIoU: 0.5138
        PixelAccuracy: 0.9201
        DICE: { Unlabeled: 0.6471, Unused: 0.0000, Unused: 0.0000, Unused: 0.0000, Static: 0.0000, Dynamic: 0.0000, Ground: 0.0000, Road: 0.9809, Sidewalk: 0.8620, Parking: 0.0000, Rail track: 0.0000, Building: 0.9354, Wall: 0.0000, Fence: 0.7858, Guard rail: 0.0000, Bridge: 0.0000, Tunnel: 0.0000, Pole: 0.0000, Pole group: 0.5974, Traffic light: 0.8148, Traffic sign: 0.8448, Vegetation: 0.9400, Terrain: 0.8247, Sky: 0.9892, Person: 0.0000, Rider: 0.0000, Car: 0.9335, Truck: 0.0000, Bus: 0.2669, Caravan: 0.0000, Trailer: 0.0000, Train: 0.7480, Motorcycle: 0.0000, Bicycle: 0.0000 }
        MeanDICE: 0.5808
    

    Epoch 20:
      Train Loss: 2.2279, Train Accuracy: 0.9190
      Val Loss: 2.2297
      Metrics:
        val_loss: 2.2297
        val_accuracy: 0.9161
        IoU: { Unlabeled: 0.4739, Unused: 0.0000, Unused: 0.0000, Unused: 0.0000, Static: 0.0000, Dynamic: 0.0000, Ground: 0.0000, Road: 0.9567, Sidewalk: 0.7339, Parking: 0.0000, Rail track: 0.0000, Building: 0.8748, Wall: 0.0005, Fence: 0.6503, Guard rail: 0.0000, Bridge: 0.0000, Tunnel: 0.0000, Pole: 0.0000, Pole group: 0.4536, Traffic light: 0.6708, Traffic sign: 0.7095, Vegetation: 0.8909, Terrain: 0.6858, Sky: 0.9751, Person: 0.0000, Rider: 0.0000, Car: 0.8669, Truck: 0.0000, Bus: 0.0131, Caravan: 0.0000, Trailer: 0.0000, Train: 0.6151, Motorcycle: 0.0000, Bicycle: 0.0000 }
        MeanIoU: 0.4977
        PixelAccuracy: 0.9163
        DICE: { Unlabeled: 0.6424, Unused: 0.0000, Unused: 0.0000, Unused: 0.0000, Static: 0.0000, Dynamic: 0.0000, Ground: 0.0000, Road: 0.9778, Sidewalk: 0.8453, Parking: 0.0000, Rail track: 0.0000, Building: 0.9331, Wall: 0.0010, Fence: 0.7845, Guard rail: 0.0000, Bridge: 0.0000, Tunnel: 0.0000, Pole: 0.0000, Pole group: 0.6127, Traffic light: 0.7951, Traffic sign: 0.8162, Vegetation: 0.9422, Terrain: 0.8084, Sky: 0.9874, Person: 0.0000, Rider: 0.0000, Car: 0.9279, Truck: 0.0000, Bus: 0.0239, Caravan: 0.0000, Trailer: 0.0000, Train: 0.7121, Motorcycle: 0.0000, Bicycle: 0.0000 }
        MeanDICE: 0.5620
    

    Epoch 21:
      Train Loss: 2.2282, Train Accuracy: 0.9182
      Val Loss: 2.2312
      Metrics:
        val_loss: 2.2312
        val_accuracy: 0.9166
        IoU: { Unlabeled: 0.4749, Unused: 0.0000, Unused: 0.0000, Unused: 0.0000, Static: 0.0000, Dynamic: 0.0000, Ground: 0.0000, Road: 0.9595, Sidewalk: 0.7359, Parking: 0.0000, Rail track: 0.0000, Building: 0.8763, Wall: 0.0000, Fence: 0.6393, Guard rail: 0.0000, Bridge: 0.0000, Tunnel: 0.0000, Pole: 0.0000, Pole group: 0.2669, Traffic light: 0.6611, Traffic sign: 0.7013, Vegetation: 0.8793, Terrain: 0.6972, Sky: 0.9787, Person: 0.0000, Rider: 0.0000, Car: 0.8636, Truck: 0.0000, Bus: 0.0686, Caravan: 0.0000, Trailer: 0.0000, Train: 0.5918, Motorcycle: 0.0000, Bicycle: 0.0000 }
        MeanIoU: 0.4880
        PixelAccuracy: 0.9168
        DICE: { Unlabeled: 0.6433, Unused: 0.0000, Unused: 0.0000, Unused: 0.0000, Static: 0.0000, Dynamic: 0.0000, Ground: 0.0000, Road: 0.9793, Sidewalk: 0.8467, Parking: 0.0000, Rail track: 0.0000, Building: 0.9339, Wall: 0.0000, Fence: 0.7745, Guard rail: 0.0000, Bridge: 0.0000, Tunnel: 0.0000, Pole: 0.0000, Pole group: 0.4155, Traffic light: 0.7892, Traffic sign: 0.8155, Vegetation: 0.9357, Terrain: 0.8169, Sky: 0.9892, Person: 0.0000, Rider: 0.0000, Car: 0.9262, Truck: 0.0000, Bus: 0.1104, Caravan: 0.0000, Trailer: 0.0000, Train: 0.6961, Motorcycle: 0.0000, Bicycle: 0.0000 }
        MeanDICE: 0.5542
    

    Epoch 22:
      Train Loss: 2.2276, Train Accuracy: 0.9189
      Val Loss: 2.2323
      Metrics:
        val_loss: 2.2323
        val_accuracy: 0.9137
        IoU: { Unlabeled: 0.4618, Unused: 0.0000, Unused: 0.0000, Unused: 0.0000, Static: 0.0000, Dynamic: 0.0000, Ground: 0.0000, Road: 0.9540, Sidewalk: 0.7125, Parking: 0.0000, Rail track: 0.0000, Building: 0.8607, Wall: 0.0003, Fence: 0.6527, Guard rail: 0.0000, Bridge: 0.0000, Tunnel: 0.0000, Pole: 0.0000, Pole group: 0.4241, Traffic light: 0.6631, Traffic sign: 0.7419, Vegetation: 0.8899, Terrain: 0.6845, Sky: 0.9713, Person: 0.0000, Rider: 0.0000, Car: 0.8634, Truck: 0.0000, Bus: 0.0192, Caravan: 0.0000, Trailer: 0.0000, Train: 0.6269, Motorcycle: 0.0000, Bicycle: 0.0000 }
        MeanIoU: 0.4955
        PixelAccuracy: 0.9140
        DICE: { Unlabeled: 0.6310, Unused: 0.0000, Unused: 0.0000, Unused: 0.0000, Static: 0.0000, Dynamic: 0.0000, Ground: 0.0000, Road: 0.9764, Sidewalk: 0.8309, Parking: 0.0000, Rail track: 0.0000, Building: 0.9249, Wall: 0.0006, Fence: 0.7856, Guard rail: 0.0000, Bridge: 0.0000, Tunnel: 0.0000, Pole: 0.0000, Pole group: 0.5840, Traffic light: 0.7911, Traffic sign: 0.8432, Vegetation: 0.9417, Terrain: 0.8057, Sky: 0.9854, Person: 0.0000, Rider: 0.0000, Car: 0.9261, Truck: 0.0000, Bus: 0.0356, Caravan: 0.0000, Trailer: 0.0000, Train: 0.7184, Motorcycle: 0.0000, Bicycle: 0.0000 }
        MeanDICE: 0.5605
    

    Epoch 23:
      Train Loss: 2.2270, Train Accuracy: 0.9194
      Val Loss: 2.2264
      Metrics:
        val_loss: 2.2264
        val_accuracy: 0.9226
        IoU: { Unlabeled: 0.4948, Unused: 0.0000, Unused: 0.0000, Unused: 0.0000, Static: 0.0000, Dynamic: 0.0000, Ground: 0.0000, Road: 0.9637, Sidewalk: 0.7200, Parking: 0.0000, Rail track: 0.0000, Building: 0.8818, Wall: 0.0000, Fence: 0.6612, Guard rail: 0.0000, Bridge: 0.0000, Tunnel: 0.0000, Pole: 0.0000, Pole group: 0.2950, Traffic light: 0.6995, Traffic sign: 0.7417, Vegetation: 0.9010, Terrain: 0.6956, Sky: 0.9806, Person: 0.0000, Rider: 0.0000, Car: 0.8822, Truck: 0.0000, Bus: 0.0613, Caravan: 0.0000, Trailer: 0.0000, Train: 0.6503, Motorcycle: 0.0000, Bicycle: 0.0000 }
        MeanIoU: 0.5007
        PixelAccuracy: 0.9229
        DICE: { Unlabeled: 0.6613, Unused: 0.0000, Unused: 0.0000, Unused: 0.0000, Static: 0.0000, Dynamic: 0.0000, Ground: 0.0000, Road: 0.9815, Sidewalk: 0.8361, Parking: 0.0000, Rail track: 0.0000, Building: 0.9370, Wall: 0.0000, Fence: 0.7925, Guard rail: 0.0000, Bridge: 0.0000, Tunnel: 0.0000, Pole: 0.0000, Pole group: 0.4473, Traffic light: 0.8177, Traffic sign: 0.8438, Vegetation: 0.9479, Terrain: 0.8143, Sky: 0.9902, Person: 0.0000, Rider: 0.0000, Car: 0.9369, Truck: 0.0000, Bus: 0.1100, Caravan: 0.0000, Trailer: 0.0000, Train: 0.7441, Motorcycle: 0.0000, Bicycle: 0.0000 }
        MeanDICE: 0.5646
    

    Epoch 24:
      Train Loss: 2.2278, Train Accuracy: 0.9180
      Val Loss: 2.2293
      Metrics:
        val_loss: 2.2293
        val_accuracy: 0.9133
        IoU: { Unlabeled: 0.4708, Unused: 0.0000, Unused: 0.0000, Unused: 0.0000, Static: 0.0000, Dynamic: 0.0000, Ground: 0.0000, Road: 0.9566, Sidewalk: 0.6991, Parking: 0.0000, Rail track: 0.0000, Building: 0.8534, Wall: 0.0001, Fence: 0.6422, Guard rail: 0.0000, Bridge: 0.0000, Tunnel: 0.0000, Pole: 0.0000, Pole group: 0.3821, Traffic light: 0.6781, Traffic sign: 0.7454, Vegetation: 0.8969, Terrain: 0.6838, Sky: 0.9786, Person: 0.0000, Rider: 0.0000, Car: 0.8732, Truck: 0.0000, Bus: 0.0187, Caravan: 0.0000, Trailer: 0.0000, Train: 0.5798, Motorcycle: 0.0000, Bicycle: 0.0000 }
        MeanIoU: 0.4921
        PixelAccuracy: 0.9136
        DICE: { Unlabeled: 0.6395, Unused: 0.0000, Unused: 0.0000, Unused: 0.0000, Static: 0.0000, Dynamic: 0.0000, Ground: 0.0000, Road: 0.9778, Sidewalk: 0.8210, Parking: 0.0000, Rail track: 0.0000, Building: 0.9208, Wall: 0.0001, Fence: 0.7771, Guard rail: 0.0000, Bridge: 0.0000, Tunnel: 0.0000, Pole: 0.0000, Pole group: 0.5479, Traffic light: 0.8012, Traffic sign: 0.8462, Vegetation: 0.9456, Terrain: 0.8083, Sky: 0.9891, Person: 0.0000, Rider: 0.0000, Car: 0.9316, Truck: 0.0000, Bus: 0.0349, Caravan: 0.0000, Trailer: 0.0000, Train: 0.6888, Motorcycle: 0.0000, Bicycle: 0.0000 }
        MeanDICE: 0.5580
    

    Epoch 25:
      Train Loss: 2.2257, Train Accuracy: 0.9214
      Val Loss: 2.2262
      Metrics:
        val_loss: 2.2262
        val_accuracy: 0.9217
        IoU: { Unlabeled: 0.4962, Unused: 0.0000, Unused: 0.0000, Unused: 0.0000, Static: 0.0000, Dynamic: 0.0000, Ground: 0.0000, Road: 0.9641, Sidewalk: 0.7542, Parking: 0.0000, Rail track: 0.0000, Building: 0.8818, Wall: 0.0018, Fence: 0.5701, Guard rail: 0.0000, Bridge: 0.0000, Tunnel: 0.0000, Pole: 0.0000, Pole group: 0.3674, Traffic light: 0.6380, Traffic sign: 0.7528, Vegetation: 0.8968, Terrain: 0.7181, Sky: 0.9799, Person: 0.0000, Rider: 0.0000, Car: 0.8842, Truck: 0.0000, Bus: 0.0981, Caravan: 0.0000, Trailer: 0.0000, Train: 0.5874, Motorcycle: 0.0000, Bicycle: 0.0000 }
        MeanIoU: 0.4990
        PixelAccuracy: 0.9220
        DICE: { Unlabeled: 0.6625, Unused: 0.0000, Unused: 0.0000, Unused: 0.0000, Static: 0.0000, Dynamic: 0.0000, Ground: 0.0000, Road: 0.9817, Sidewalk: 0.8588, Parking: 0.0000, Rail track: 0.0000, Building: 0.9370, Wall: 0.0036, Fence: 0.7164, Guard rail: 0.0000, Bridge: 0.0000, Tunnel: 0.0000, Pole: 0.0000, Pole group: 0.5299, Traffic light: 0.7716, Traffic sign: 0.8510, Vegetation: 0.9455, Terrain: 0.8315, Sky: 0.9898, Person: 0.0000, Rider: 0.0000, Car: 0.9379, Truck: 0.0000, Bus: 0.1681, Caravan: 0.0000, Trailer: 0.0000, Train: 0.6862, Motorcycle: 0.0000, Bicycle: 0.0000 }
        MeanDICE: 0.5655
    

    Epoch 26:
      Train Loss: 2.2259, Train Accuracy: 0.9211
      Val Loss: 2.2265
      Metrics:
        val_loss: 2.2265
        val_accuracy: 0.9235
        IoU: { Unlabeled: 0.4977, Unused: 0.0000, Unused: 0.0000, Unused: 0.0000, Static: 0.0000, Dynamic: 0.0000, Ground: 0.0000, Road: 0.9623, Sidewalk: 0.7524, Parking: 0.0000, Rail track: 0.0000, Building: 0.8871, Wall: 0.0040, Fence: 0.6680, Guard rail: 0.0000, Bridge: 0.0000, Tunnel: 0.0000, Pole: 0.0000, Pole group: 0.3944, Traffic light: 0.6660, Traffic sign: 0.7516, Vegetation: 0.9041, Terrain: 0.7062, Sky: 0.9795, Person: 0.0000, Rider: 0.0000, Car: 0.8701, Truck: 0.0000, Bus: 0.1531, Caravan: 0.0000, Trailer: 0.0000, Train: 0.6382, Motorcycle: 0.0000, Bicycle: 0.0000 }
        MeanIoU: 0.5115
        PixelAccuracy: 0.9237
        DICE: { Unlabeled: 0.6638, Unused: 0.0000, Unused: 0.0000, Unused: 0.0000, Static: 0.0000, Dynamic: 0.0000, Ground: 0.0000, Road: 0.9808, Sidewalk: 0.8577, Parking: 0.0000, Rail track: 0.0000, Building: 0.9400, Wall: 0.0079, Fence: 0.7975, Guard rail: 0.0000, Bridge: 0.0000, Tunnel: 0.0000, Pole: 0.0000, Pole group: 0.5584, Traffic light: 0.7933, Traffic sign: 0.8507, Vegetation: 0.9496, Terrain: 0.8227, Sky: 0.9896, Person: 0.0000, Rider: 0.0000, Car: 0.9296, Truck: 0.0000, Bus: 0.2463, Caravan: 0.0000, Trailer: 0.0000, Train: 0.7378, Motorcycle: 0.0000, Bicycle: 0.0000 }
        MeanDICE: 0.5785
    

    Epoch 27:
      Train Loss: 2.2249, Train Accuracy: 0.9229
      Val Loss: 2.2300
      Metrics:
        val_loss: 2.2300
        val_accuracy: 0.9113
        IoU: { Unlabeled: 0.4748, Unused: 0.0000, Unused: 0.0000, Unused: 0.0000, Static: 0.0000, Dynamic: 0.0000, Ground: 0.0000, Road: 0.9477, Sidewalk: 0.7727, Parking: 0.0000, Rail track: 0.0000, Building: 0.8712, Wall: 0.0542, Fence: 0.6470, Guard rail: 0.0000, Bridge: 0.0000, Tunnel: 0.0000, Pole: 0.0000, Pole group: 0.6051, Traffic light: 0.6109, Traffic sign: 0.7350, Vegetation: 0.8692, Terrain: 0.6288, Sky: 0.9786, Person: 0.0000, Rider: 0.0000, Car: 0.8615, Truck: 0.0000, Bus: 0.1104, Caravan: 0.0000, Trailer: 0.0000, Train: 0.6022, Motorcycle: 0.0000, Bicycle: 0.0000 }
        MeanIoU: 0.5081
        PixelAccuracy: 0.9116
        DICE: { Unlabeled: 0.6432, Unused: 0.0000, Unused: 0.0000, Unused: 0.0000, Static: 0.0000, Dynamic: 0.0000, Ground: 0.0000, Road: 0.9731, Sidewalk: 0.8707, Parking: 0.0000, Rail track: 0.0000, Building: 0.9310, Wall: 0.0973, Fence: 0.7825, Guard rail: 0.0000, Bridge: 0.0000, Tunnel: 0.0000, Pole: 0.0000, Pole group: 0.7474, Traffic light: 0.7520, Traffic sign: 0.8385, Vegetation: 0.9299, Terrain: 0.7660, Sky: 0.9892, Person: 0.0000, Rider: 0.0000, Car: 0.9249, Truck: 0.0000, Bus: 0.1837, Caravan: 0.0000, Trailer: 0.0000, Train: 0.7090, Motorcycle: 0.0000, Bicycle: 0.0000 }
        MeanDICE: 0.5792
    

    Epoch 28:
      Train Loss: 2.2250, Train Accuracy: 0.9233
      Val Loss: 2.2274
      Metrics:
        val_loss: 2.2274
        val_accuracy: 0.9207
        IoU: { Unlabeled: 0.4967, Unused: 0.0000, Unused: 0.0000, Unused: 0.0000, Static: 0.0000, Dynamic: 0.0000, Ground: 0.0000, Road: 0.9639, Sidewalk: 0.7754, Parking: 0.0000, Rail track: 0.0000, Building: 0.8683, Wall: 0.0378, Fence: 0.6648, Guard rail: 0.0000, Bridge: 0.0000, Tunnel: 0.0000, Pole: 0.0000, Pole group: 0.5156, Traffic light: 0.6000, Traffic sign: 0.7518, Vegetation: 0.8961, Terrain: 0.7151, Sky: 0.9791, Person: 0.0000, Rider: 0.0000, Car: 0.8690, Truck: 0.0000, Bus: 0.2253, Caravan: 0.0000, Trailer: 0.0000, Train: 0.5795, Motorcycle: 0.0000, Bicycle: 0.0000 }
        MeanIoU: 0.5172
        PixelAccuracy: 0.9210
        DICE: { Unlabeled: 0.6629, Unused: 0.0000, Unused: 0.0000, Unused: 0.0000, Static: 0.0000, Dynamic: 0.0000, Ground: 0.0000, Road: 0.9816, Sidewalk: 0.8725, Parking: 0.0000, Rail track: 0.0000, Building: 0.9293, Wall: 0.0694, Fence: 0.7952, Guard rail: 0.0000, Bridge: 0.0000, Tunnel: 0.0000, Pole: 0.0000, Pole group: 0.6707, Traffic light: 0.7433, Traffic sign: 0.8522, Vegetation: 0.9451, Terrain: 0.8298, Sky: 0.9894, Person: 0.0000, Rider: 0.0000, Car: 0.9292, Truck: 0.0000, Bus: 0.3242, Caravan: 0.0000, Trailer: 0.0000, Train: 0.6828, Motorcycle: 0.0000, Bicycle: 0.0000 }
        MeanDICE: 0.5867
    

    Epoch 29:
      Train Loss: 2.2252, Train Accuracy: 0.9226
      Val Loss: 2.2302
      Metrics:
        val_loss: 2.2302
        val_accuracy: 0.9154
        IoU: { Unlabeled: 0.4724, Unused: 0.0000, Unused: 0.0000, Unused: 0.0000, Static: 0.0000, Dynamic: 0.0000, Ground: 0.0000, Road: 0.9532, Sidewalk: 0.7357, Parking: 0.0000, Rail track: 0.0000, Building: 0.8656, Wall: 0.1136, Fence: 0.6612, Guard rail: 0.0000, Bridge: 0.0000, Tunnel: 0.0000, Pole: 0.0000, Pole group: 0.5858, Traffic light: 0.6837, Traffic sign: 0.7380, Vegetation: 0.8894, Terrain: 0.7128, Sky: 0.9771, Person: 0.0000, Rider: 0.0000, Car: 0.8618, Truck: 0.0000, Bus: 0.0231, Caravan: 0.0000, Trailer: 0.0000, Train: 0.6022, Motorcycle: 0.0000, Bicycle: 0.0000 }
        MeanIoU: 0.5137
        PixelAccuracy: 0.9156
        DICE: { Unlabeled: 0.6409, Unused: 0.0000, Unused: 0.0000, Unused: 0.0000, Static: 0.0000, Dynamic: 0.0000, Ground: 0.0000, Road: 0.9760, Sidewalk: 0.8463, Parking: 0.0000, Rail track: 0.0000, Building: 0.9278, Wall: 0.1913, Fence: 0.7931, Guard rail: 0.0000, Bridge: 0.0000, Tunnel: 0.0000, Pole: 0.0000, Pole group: 0.7327, Traffic light: 0.8059, Traffic sign: 0.8411, Vegetation: 0.9413, Terrain: 0.8269, Sky: 0.9884, Person: 0.0000, Rider: 0.0000, Car: 0.9252, Truck: 0.0000, Bus: 0.0444, Caravan: 0.0000, Trailer: 0.0000, Train: 0.7017, Motorcycle: 0.0000, Bicycle: 0.0000 }
        MeanDICE: 0.5815
    
Training started at: 2024-12-31 21:53:27.461967
Training ended at: 2025-01-01 00:01:39.600668
Training duration: 2:08:12.138701
Results on Test Data Set :
  IoU:
    0 (Unlabeled): 0.4616876542568207
    1 (Unused): 0.000000
    2 (Unused): 0.000000
    3 (Unused): 0.000000
    4 (Static): 0.000000
    5 (Dynamic): 0.000000
    6 (Ground): 0.000000
    7 (Road): 0.9602748155593872
    8 (Sidewalk): 0.7710463404655457
    9 (Parking): 0.000000
    10 (Rail track): 0.000000
    11 (Building): 0.8347874879837036
    12 (Wall): 0.032812219113111496
    13 (Fence): 0.6162810325622559
    14 (Guard rail): 0.000000
    15 (Bridge): 0.000000
    16 (Tunnel): 0.000000
    17 (Pole): 0.000000
    18 (Pole group): 0.6135120987892151
    19 (Traffic light): 0.6004073619842529
    20 (Traffic sign): 0.7437677383422852
    21 (Vegetation): 0.8656695485115051
    22 (Terrain): 0.7081634998321533
    23 (Sky): 0.9777652025222778
    24 (Person): 0.0
    25 (Rider): 0.0
    26 (Car): 0.86005699634552
    27 (Truck): 0.0
    28 (Bus): 0.15172044932842255
    29 (Caravan): 0.0
    30 (Trailer): 0.0
    31 (Train): 0.48468196392059326
    32 (Motorcycle): 0.0
    33 (Bicycle): 0.0
  MeanIoU: 0.502242
  PixelAccuracy: 0.906276
  DICE:
    0 (Unlabeled): 0.6312538981437683
    1 (Unused): 0.000000
    2 (Unused): 0.000000
    3 (Unused): 0.000000
    4 (Static): 0.000000
    5 (Dynamic): 0.000000
    6 (Ground): 0.000000
    7 (Road): 0.9797044396400452
    8 (Sidewalk): 0.8694799542427063
    9 (Parking): 0.000000
    10 (Rail track): 0.000000
    11 (Building): 0.9098113775253296
    12 (Wall): 0.05892065167427063
    13 (Fence): 0.7580148577690125
    14 (Guard rail): 0.000000
    15 (Bridge): 0.000000
    16 (Tunnel): 0.000000
    17 (Pole): 0.000000
    18 (Pole group): 0.7558863162994385
    19 (Traffic light): 0.7433521747589111
    20 (Traffic sign): 0.848959743976593
    21 (Vegetation): 0.92788165807724
    22 (Terrain): 0.8234966397285461
    23 (Sky): 0.9887527823448181
    24 (Person): 0.0
    25 (Rider): 0.0
    26 (Car): 0.9240765571594238
    27 (Truck): 0.0
    28 (Bus): 0.24233274161815643
    29 (Caravan): 0.0
    30 (Trailer): 0.0
    31 (Train): 0.5810905694961548
    32 (Motorcycle): 0.0
    33 (Bicycle): 0.0
  MeanDICE: 0.572713
  val_loss: 2.232036
  val_accuracy: 0.906250

Testing started at: 2025-01-01 00:01:39.609987
Testing ended at: 2025-01-01 00:01:58.315534
Testing duration: 0:00:18.705547
