Model: UNet
Loss Function: DiceLoss
Optimizer: Adam
Learning Rate: 0.0001
Scheduler: CosineAnnealingLR
Scheduler Params: {'T_max': 10, 'eta_min': 1e-06}
Batch Size: 16
Epochs: 50
Seed: 42
Dataset Details:
Dataset Path: /net/ens/am4ip/datasets/project-dataset
Train Split: 0.8
Validation Split: 0.1
Test Split: 0.1
Augmentation Details:
Use Augmentation: False

    Epoch 1:
      Train Loss: 0.9855, Train Accuracy: 0.7716
      Val Loss: 0.9835
      Metrics:
        val_loss: 0.9835
        val_accuracy: 0.8429
        IoU: { Unlabeled: 0.2618, Unused: 0.0000, Unused: 0.0000, Unused: 0.0000, Static: 0.0000, Dynamic: 0.0000, Ground: 0.0000, Road: 0.9023, Sidewalk: 0.4324, Parking: 0.0000, Rail track: 0.0000, Building: 0.7278, Wall: 0.0000, Fence: 0.3330, Guard rail: 0.0000, Bridge: 0.0000, Tunnel: 0.0000, Pole: 0.0000, Pole group: 0.1778, Traffic light: 0.0025, Traffic sign: 0.0000, Vegetation: 0.7234, Terrain: 0.5132, Sky: 0.9403, Person: 0.0000, Rider: 0.0000, Car: 0.6597, Truck: 0.0000, Bus: 0.0000, Caravan: 0.0000, Trailer: 0.0000, Train: 0.2397, Motorcycle: 0.0000, Bicycle: 0.0000 }
        MeanIoU: 0.3078
        PixelAccuracy: 0.8432
        DICE: { Unlabeled: 0.4145, Unused: 0.0000, Unused: 0.0000, Unused: 0.0000, Static: 0.0000, Dynamic: 0.0000, Ground: 0.0000, Road: 0.9485, Sidewalk: 0.6001, Parking: 0.0000, Rail track: 0.0000, Building: 0.8416, Wall: 0.0000, Fence: 0.4792, Guard rail: 0.0000, Bridge: 0.0000, Tunnel: 0.0000, Pole: 0.0000, Pole group: 0.2951, Traffic light: 0.0050, Traffic sign: 0.0000, Vegetation: 0.8390, Terrain: 0.6688, Sky: 0.9692, Person: 0.0000, Rider: 0.0000, Car: 0.7935, Truck: 0.0000, Bus: 0.0000, Caravan: 0.0000, Trailer: 0.0000, Train: 0.3676, Motorcycle: 0.0000, Bicycle: 0.0000 }
        MeanDICE: 0.3756
    

    Epoch 2:
      Train Loss: 0.9821, Train Accuracy: 0.8619
      Val Loss: 0.9818
      Metrics:
        val_loss: 0.9818
        val_accuracy: 0.8538
        IoU: { Unlabeled: 0.3440, Unused: 0.0000, Unused: 0.0000, Unused: 0.0000, Static: 0.0000, Dynamic: 0.0000, Ground: 0.0000, Road: 0.8953, Sidewalk: 0.6080, Parking: 0.0000, Rail track: 0.0000, Building: 0.7244, Wall: 0.0000, Fence: 0.4645, Guard rail: 0.0000, Bridge: 0.0000, Tunnel: 0.0000, Pole: 0.0000, Pole group: 0.4998, Traffic light: 0.4076, Traffic sign: 0.0000, Vegetation: 0.7912, Terrain: 0.5910, Sky: 0.9447, Person: 0.0000, Rider: 0.0000, Car: 0.6011, Truck: 0.0000, Bus: 0.0713, Caravan: 0.0000, Trailer: 0.0000, Train: 0.0215, Motorcycle: 0.0000, Bicycle: 0.0000 }
        MeanIoU: 0.3624
        PixelAccuracy: 0.8537
        DICE: { Unlabeled: 0.5113, Unused: 0.0000, Unused: 0.0000, Unused: 0.0000, Static: 0.0000, Dynamic: 0.0000, Ground: 0.0000, Road: 0.9447, Sidewalk: 0.7534, Parking: 0.0000, Rail track: 0.0000, Building: 0.8391, Wall: 0.0000, Fence: 0.6195, Guard rail: 0.0000, Bridge: 0.0000, Tunnel: 0.0000, Pole: 0.0000, Pole group: 0.6561, Traffic light: 0.5686, Traffic sign: 0.0000, Vegetation: 0.8830, Terrain: 0.7355, Sky: 0.9714, Person: 0.0000, Rider: 0.0000, Car: 0.7468, Truck: 0.0000, Bus: 0.1231, Caravan: 0.0000, Trailer: 0.0000, Train: 0.0414, Motorcycle: 0.0000, Bicycle: 0.0000 }
        MeanDICE: 0.4366
    

    Epoch 3:
      Train Loss: 0.9806, Train Accuracy: 0.8739
      Val Loss: 0.9810
      Metrics:
        val_loss: 0.9810
        val_accuracy: 0.8324
        IoU: { Unlabeled: 0.3260, Unused: 0.0000, Unused: 0.0000, Unused: 0.0000, Static: 0.0000, Dynamic: 0.0000, Ground: 0.0000, Road: 0.8495, Sidewalk: 0.5362, Parking: 0.0000, Rail track: 0.0000, Building: 0.7087, Wall: 0.0000, Fence: 0.5131, Guard rail: 0.0000, Bridge: 0.0000, Tunnel: 0.0000, Pole: 0.0000, Pole group: 0.5301, Traffic light: 0.5633, Traffic sign: 0.0000, Vegetation: 0.7617, Terrain: 0.4504, Sky: 0.9474, Person: 0.0000, Rider: 0.0000, Car: 0.5103, Truck: 0.0000, Bus: 0.2726, Caravan: 0.0000, Trailer: 0.0000, Train: 0.4916, Motorcycle: 0.0000, Bicycle: 0.0000 }
        MeanIoU: 0.3882
        PixelAccuracy: 0.8324
        DICE: { Unlabeled: 0.4911, Unused: 0.0000, Unused: 0.0000, Unused: 0.0000, Static: 0.0000, Dynamic: 0.0000, Ground: 0.0000, Road: 0.9184, Sidewalk: 0.6950, Parking: 0.0000, Rail track: 0.0000, Building: 0.8286, Wall: 0.0000, Fence: 0.6721, Guard rail: 0.0000, Bridge: 0.0000, Tunnel: 0.0000, Pole: 0.0000, Pole group: 0.6861, Traffic light: 0.7127, Traffic sign: 0.0000, Vegetation: 0.8643, Terrain: 0.6110, Sky: 0.9729, Person: 0.0000, Rider: 0.0000, Car: 0.6734, Truck: 0.0000, Bus: 0.3700, Caravan: 0.0000, Trailer: 0.0000, Train: 0.6061, Motorcycle: 0.0000, Bicycle: 0.0000 }
        MeanDICE: 0.4734
    

    Epoch 4:
      Train Loss: 0.9798, Train Accuracy: 0.8815
      Val Loss: 0.9797
      Metrics:
        val_loss: 0.9797
        val_accuracy: 0.8854
        IoU: { Unlabeled: 0.4015, Unused: 0.0000, Unused: 0.0000, Unused: 0.0000, Static: 0.0000, Dynamic: 0.0000, Ground: 0.0000, Road: 0.9406, Sidewalk: 0.6424, Parking: 0.0000, Rail track: 0.0000, Building: 0.7924, Wall: 0.0000, Fence: 0.5512, Guard rail: 0.0000, Bridge: 0.0000, Tunnel: 0.0000, Pole: 0.0000, Pole group: 0.5272, Traffic light: 0.6418, Traffic sign: 0.0000, Vegetation: 0.8156, Terrain: 0.6251, Sky: 0.9681, Person: 0.0000, Rider: 0.0000, Car: 0.7927, Truck: 0.0000, Bus: 0.2501, Caravan: 0.0000, Trailer: 0.0000, Train: 0.5684, Motorcycle: 0.0000, Bicycle: 0.0000 }
        MeanIoU: 0.4432
        PixelAccuracy: 0.8854
        DICE: { Unlabeled: 0.5722, Unused: 0.0000, Unused: 0.0000, Unused: 0.0000, Static: 0.0000, Dynamic: 0.0000, Ground: 0.0000, Road: 0.9693, Sidewalk: 0.7807, Parking: 0.0000, Rail track: 0.0000, Building: 0.8836, Wall: 0.0000, Fence: 0.7050, Guard rail: 0.0000, Bridge: 0.0000, Tunnel: 0.0000, Pole: 0.0000, Pole group: 0.6826, Traffic light: 0.7747, Traffic sign: 0.0000, Vegetation: 0.8982, Terrain: 0.7628, Sky: 0.9838, Person: 0.0000, Rider: 0.0000, Car: 0.8831, Truck: 0.0000, Bus: 0.3511, Caravan: 0.0000, Trailer: 0.0000, Train: 0.6626, Motorcycle: 0.0000, Bicycle: 0.0000 }
        MeanDICE: 0.5155
    

    Epoch 5:
      Train Loss: 0.9794, Train Accuracy: 0.8844
      Val Loss: 0.9797
      Metrics:
        val_loss: 0.9797
        val_accuracy: 0.8611
        IoU: { Unlabeled: 0.3773, Unused: 0.0000, Unused: 0.0000, Unused: 0.0000, Static: 0.0000, Dynamic: 0.0000, Ground: 0.0000, Road: 0.8488, Sidewalk: 0.6617, Parking: 0.0000, Rail track: 0.0000, Building: 0.7478, Wall: 0.0008, Fence: 0.5394, Guard rail: 0.0000, Bridge: 0.0000, Tunnel: 0.0000, Pole: 0.0000, Pole group: 0.4213, Traffic light: 0.6367, Traffic sign: 0.0000, Vegetation: 0.8442, Terrain: 0.5590, Sky: 0.9629, Person: 0.0001, Rider: 0.0000, Car: 0.7794, Truck: 0.0000, Bus: 0.0674, Caravan: 0.0000, Trailer: 0.0000, Train: 0.5857, Motorcycle: 0.0000, Bicycle: 0.0000 }
        MeanIoU: 0.4176
        PixelAccuracy: 0.8608
        DICE: { Unlabeled: 0.5470, Unused: 0.0000, Unused: 0.0000, Unused: 0.0000, Static: 0.0000, Dynamic: 0.0000, Ground: 0.0000, Road: 0.9179, Sidewalk: 0.7948, Parking: 0.0000, Rail track: 0.0000, Building: 0.8551, Wall: 0.0017, Fence: 0.6948, Guard rail: 0.0000, Bridge: 0.0000, Tunnel: 0.0000, Pole: 0.0000, Pole group: 0.5869, Traffic light: 0.7711, Traffic sign: 0.0000, Vegetation: 0.9153, Terrain: 0.7086, Sky: 0.9810, Person: 0.0001, Rider: 0.0000, Car: 0.8752, Truck: 0.0000, Bus: 0.1193, Caravan: 0.0000, Trailer: 0.0000, Train: 0.6745, Motorcycle: 0.0000, Bicycle: 0.0000 }
        MeanDICE: 0.4909
    

    Epoch 6:
      Train Loss: 0.9791, Train Accuracy: 0.8897
      Val Loss: 0.9792
      Metrics:
        val_loss: 0.9792
        val_accuracy: 0.8958
        IoU: { Unlabeled: 0.4177, Unused: 0.0000, Unused: 0.0000, Unused: 0.0000, Static: 0.0000, Dynamic: 0.0000, Ground: 0.0000, Road: 0.9463, Sidewalk: 0.6906, Parking: 0.0000, Rail track: 0.0000, Building: 0.8080, Wall: 0.0051, Fence: 0.4258, Guard rail: 0.0000, Bridge: 0.0000, Tunnel: 0.0000, Pole: 0.0000, Pole group: 0.5299, Traffic light: 0.6491, Traffic sign: 0.0000, Vegetation: 0.8484, Terrain: 0.6108, Sky: 0.9706, Person: 0.0000, Rider: 0.0000, Car: 0.8350, Truck: 0.0000, Bus: 0.0574, Caravan: 0.0000, Trailer: 0.0000, Train: 0.6038, Motorcycle: 0.0000, Bicycle: 0.0000 }
        MeanIoU: 0.4368
        PixelAccuracy: 0.8960
        DICE: { Unlabeled: 0.5887, Unused: 0.0000, Unused: 0.0000, Unused: 0.0000, Static: 0.0000, Dynamic: 0.0000, Ground: 0.0000, Road: 0.9723, Sidewalk: 0.8157, Parking: 0.0000, Rail track: 0.0000, Building: 0.8933, Wall: 0.0101, Fence: 0.5841, Guard rail: 0.0000, Bridge: 0.0000, Tunnel: 0.0000, Pole: 0.0000, Pole group: 0.6847, Traffic light: 0.7803, Traffic sign: 0.0000, Vegetation: 0.9178, Terrain: 0.7518, Sky: 0.9851, Person: 0.0001, Rider: 0.0000, Car: 0.9093, Truck: 0.0000, Bus: 0.1029, Caravan: 0.0000, Trailer: 0.0000, Train: 0.6882, Motorcycle: 0.0000, Bicycle: 0.0000 }
        MeanDICE: 0.5035
    

    Epoch 7:
      Train Loss: 0.9789, Train Accuracy: 0.8910
      Val Loss: 0.9791
      Metrics:
        val_loss: 0.9791
        val_accuracy: 0.8800
        IoU: { Unlabeled: 0.3963, Unused: 0.0000, Unused: 0.0000, Unused: 0.0000, Static: 0.0000, Dynamic: 0.0000, Ground: 0.0000, Road: 0.9341, Sidewalk: 0.6612, Parking: 0.0000, Rail track: 0.0000, Building: 0.7329, Wall: 0.0112, Fence: 0.5819, Guard rail: 0.0000, Bridge: 0.0000, Tunnel: 0.0000, Pole: 0.0000, Pole group: 0.4942, Traffic light: 0.6814, Traffic sign: 0.0006, Vegetation: 0.8501, Terrain: 0.5747, Sky: 0.9708, Person: 0.0003, Rider: 0.0000, Car: 0.8469, Truck: 0.0000, Bus: 0.0425, Caravan: 0.0000, Trailer: 0.0000, Train: 0.5311, Motorcycle: 0.0000, Bicycle: 0.0000 }
        MeanIoU: 0.4314
        PixelAccuracy: 0.8802
        DICE: { Unlabeled: 0.5669, Unused: 0.0000, Unused: 0.0000, Unused: 0.0000, Static: 0.0000, Dynamic: 0.0000, Ground: 0.0000, Road: 0.9658, Sidewalk: 0.7944, Parking: 0.0000, Rail track: 0.0000, Building: 0.8452, Wall: 0.0215, Fence: 0.7310, Guard rail: 0.0000, Bridge: 0.0000, Tunnel: 0.0000, Pole: 0.0000, Pole group: 0.6498, Traffic light: 0.8044, Traffic sign: 0.0012, Vegetation: 0.9188, Terrain: 0.7224, Sky: 0.9851, Person: 0.0006, Rider: 0.0000, Car: 0.9163, Truck: 0.0000, Bus: 0.0789, Caravan: 0.0000, Trailer: 0.0000, Train: 0.6379, Motorcycle: 0.0000, Bicycle: 0.0000 }
        MeanDICE: 0.5002
    

    Epoch 8:
      Train Loss: 0.9788, Train Accuracy: 0.8936
      Val Loss: 0.9789
      Metrics:
        val_loss: 0.9789
        val_accuracy: 0.8973
        IoU: { Unlabeled: 0.4287, Unused: 0.0000, Unused: 0.0000, Unused: 0.0000, Static: 0.0000, Dynamic: 0.0000, Ground: 0.0000, Road: 0.9465, Sidewalk: 0.7096, Parking: 0.0000, Rail track: 0.0000, Building: 0.8200, Wall: 0.0011, Fence: 0.5422, Guard rail: 0.0000, Bridge: 0.0000, Tunnel: 0.0000, Pole: 0.0000, Pole group: 0.5577, Traffic light: 0.6724, Traffic sign: 0.0004, Vegetation: 0.8596, Terrain: 0.6251, Sky: 0.9592, Person: 0.0000, Rider: 0.0000, Car: 0.8276, Truck: 0.0000, Bus: 0.0057, Caravan: 0.0000, Trailer: 0.0000, Train: 0.5851, Motorcycle: 0.0000, Bicycle: 0.0000 }
        MeanIoU: 0.4442
        PixelAccuracy: 0.8976
        DICE: { Unlabeled: 0.5995, Unused: 0.0000, Unused: 0.0000, Unused: 0.0000, Static: 0.0000, Dynamic: 0.0000, Ground: 0.0000, Road: 0.9724, Sidewalk: 0.8286, Parking: 0.0000, Rail track: 0.0000, Building: 0.9007, Wall: 0.0022, Fence: 0.6984, Guard rail: 0.0000, Bridge: 0.0000, Tunnel: 0.0000, Pole: 0.0000, Pole group: 0.7103, Traffic light: 0.7978, Traffic sign: 0.0009, Vegetation: 0.9243, Terrain: 0.7639, Sky: 0.9792, Person: 0.0000, Rider: 0.0000, Car: 0.9047, Truck: 0.0000, Bus: 0.0110, Caravan: 0.0000, Trailer: 0.0000, Train: 0.6749, Motorcycle: 0.0000, Bicycle: 0.0000 }
        MeanDICE: 0.5079
    

    Epoch 9:
      Train Loss: 0.9787, Train Accuracy: 0.8942
      Val Loss: 0.9792
      Metrics:
        val_loss: 0.9792
        val_accuracy: 0.8530
        IoU: { Unlabeled: 0.3794, Unused: 0.0000, Unused: 0.0000, Unused: 0.0000, Static: 0.0000, Dynamic: 0.0000, Ground: 0.0000, Road: 0.8808, Sidewalk: 0.6621, Parking: 0.0000, Rail track: 0.0000, Building: 0.6906, Wall: 0.0011, Fence: 0.4958, Guard rail: 0.0000, Bridge: 0.0000, Tunnel: 0.0000, Pole: 0.0000, Pole group: 0.5707, Traffic light: 0.6670, Traffic sign: 0.0226, Vegetation: 0.8442, Terrain: 0.5610, Sky: 0.9708, Person: 0.0000, Rider: 0.0000, Car: 0.6517, Truck: 0.0000, Bus: 0.0142, Caravan: 0.0000, Trailer: 0.0000, Train: 0.5950, Motorcycle: 0.0000, Bicycle: 0.0000 }
        MeanIoU: 0.4157
        PixelAccuracy: 0.8530
        DICE: { Unlabeled: 0.5494, Unused: 0.0000, Unused: 0.0000, Unused: 0.0000, Static: 0.0000, Dynamic: 0.0000, Ground: 0.0000, Road: 0.9365, Sidewalk: 0.7950, Parking: 0.0000, Rail track: 0.0000, Building: 0.8162, Wall: 0.0021, Fence: 0.6573, Guard rail: 0.0000, Bridge: 0.0000, Tunnel: 0.0000, Pole: 0.0000, Pole group: 0.7206, Traffic light: 0.7935, Traffic sign: 0.0441, Vegetation: 0.9154, Terrain: 0.7115, Sky: 0.9851, Person: 0.0000, Rider: 0.0000, Car: 0.7864, Truck: 0.0000, Bus: 0.0266, Caravan: 0.0000, Trailer: 0.0000, Train: 0.6876, Motorcycle: 0.0000, Bicycle: 0.0000 }
        MeanDICE: 0.4894
    

    Epoch 10:
      Train Loss: 0.9787, Train Accuracy: 0.8963
      Val Loss: 0.9789
      Metrics:
        val_loss: 0.9789
        val_accuracy: 0.8891
        IoU: { Unlabeled: 0.4328, Unused: 0.0000, Unused: 0.0000, Unused: 0.0000, Static: 0.0000, Dynamic: 0.0000, Ground: 0.0000, Road: 0.9262, Sidewalk: 0.6658, Parking: 0.0000, Rail track: 0.0000, Building: 0.8059, Wall: 0.0007, Fence: 0.5655, Guard rail: 0.0000, Bridge: 0.0000, Tunnel: 0.0000, Pole: 0.0000, Pole group: 0.5002, Traffic light: 0.6842, Traffic sign: 0.3411, Vegetation: 0.8474, Terrain: 0.5613, Sky: 0.9702, Person: 0.0000, Rider: 0.0000, Car: 0.8273, Truck: 0.0000, Bus: 0.0071, Caravan: 0.0000, Trailer: 0.0000, Train: 0.6011, Motorcycle: 0.0000, Bicycle: 0.0000 }
        MeanIoU: 0.4537
        PixelAccuracy: 0.8892
        DICE: { Unlabeled: 0.6035, Unused: 0.0000, Unused: 0.0000, Unused: 0.0000, Static: 0.0000, Dynamic: 0.0000, Ground: 0.0000, Road: 0.9616, Sidewalk: 0.7975, Parking: 0.0000, Rail track: 0.0000, Building: 0.8920, Wall: 0.0014, Fence: 0.7161, Guard rail: 0.0000, Bridge: 0.0000, Tunnel: 0.0000, Pole: 0.0000, Pole group: 0.6568, Traffic light: 0.8060, Traffic sign: 0.4963, Vegetation: 0.9173, Terrain: 0.7121, Sky: 0.9848, Person: 0.0000, Rider: 0.0000, Car: 0.9047, Truck: 0.0000, Bus: 0.0135, Caravan: 0.0000, Trailer: 0.0000, Train: 0.6939, Motorcycle: 0.0000, Bicycle: 0.0000 }
        MeanDICE: 0.5274
    

    Epoch 11:
      Train Loss: 0.9786, Train Accuracy: 0.9004
      Val Loss: 0.9793
      Metrics:
        val_loss: 0.9793
        val_accuracy: 0.8692
        IoU: { Unlabeled: 0.4268, Unused: 0.0000, Unused: 0.0000, Unused: 0.0000, Static: 0.0000, Dynamic: 0.0000, Ground: 0.0000, Road: 0.8416, Sidewalk: 0.6481, Parking: 0.0000, Rail track: 0.0000, Building: 0.7182, Wall: 0.0069, Fence: 0.5938, Guard rail: 0.0000, Bridge: 0.0000, Tunnel: 0.0000, Pole: 0.0000, Pole group: 0.4568, Traffic light: 0.6963, Traffic sign: 0.7186, Vegetation: 0.8310, Terrain: 0.6072, Sky: 0.9639, Person: 0.0000, Rider: 0.0000, Car: 0.8241, Truck: 0.0000, Bus: 0.0172, Caravan: 0.0000, Trailer: 0.0000, Train: 0.5540, Motorcycle: 0.0000, Bicycle: 0.0000 }
        MeanIoU: 0.4627
        PixelAccuracy: 0.8693
        DICE: { Unlabeled: 0.5975, Unused: 0.0000, Unused: 0.0000, Unused: 0.0000, Static: 0.0000, Dynamic: 0.0000, Ground: 0.0000, Road: 0.9137, Sidewalk: 0.7846, Parking: 0.0000, Rail track: 0.0000, Building: 0.8352, Wall: 0.0134, Fence: 0.7409, Guard rail: 0.0000, Bridge: 0.0000, Tunnel: 0.0000, Pole: 0.0000, Pole group: 0.6162, Traffic light: 0.8152, Traffic sign: 0.8251, Vegetation: 0.9074, Terrain: 0.7490, Sky: 0.9815, Person: 0.0000, Rider: 0.0000, Car: 0.9028, Truck: 0.0000, Bus: 0.0315, Caravan: 0.0000, Trailer: 0.0000, Train: 0.6602, Motorcycle: 0.0000, Bicycle: 0.0000 }
        MeanDICE: 0.5388
    

    Epoch 12:
      Train Loss: 0.9786, Train Accuracy: 0.9015
      Val Loss: 0.9788
      Metrics:
        val_loss: 0.9788
        val_accuracy: 0.8973
        IoU: { Unlabeled: 0.4340, Unused: 0.0000, Unused: 0.0000, Unused: 0.0000, Static: 0.0000, Dynamic: 0.0000, Ground: 0.0000, Road: 0.9503, Sidewalk: 0.7205, Parking: 0.0000, Rail track: 0.0000, Building: 0.7862, Wall: 0.0001, Fence: 0.5937, Guard rail: 0.0000, Bridge: 0.0000, Tunnel: 0.0000, Pole: 0.0000, Pole group: 0.5440, Traffic light: 0.6942, Traffic sign: 0.7104, Vegetation: 0.8690, Terrain: 0.6441, Sky: 0.9707, Person: 0.0000, Rider: 0.0000, Car: 0.8455, Truck: 0.0000, Bus: 0.0623, Caravan: 0.0000, Trailer: 0.0000, Train: 0.6146, Motorcycle: 0.0000, Bicycle: 0.0000 }
        MeanIoU: 0.4897
        PixelAccuracy: 0.8974
        DICE: { Unlabeled: 0.6046, Unused: 0.0000, Unused: 0.0000, Unused: 0.0000, Static: 0.0000, Dynamic: 0.0000, Ground: 0.0000, Road: 0.9744, Sidewalk: 0.8363, Parking: 0.0000, Rail track: 0.0000, Building: 0.8797, Wall: 0.0002, Fence: 0.7404, Guard rail: 0.0000, Bridge: 0.0000, Tunnel: 0.0000, Pole: 0.0000, Pole group: 0.6975, Traffic light: 0.8140, Traffic sign: 0.8206, Vegetation: 0.9298, Terrain: 0.7784, Sky: 0.9851, Person: 0.0000, Rider: 0.0000, Car: 0.9156, Truck: 0.0000, Bus: 0.1067, Caravan: 0.0000, Trailer: 0.0000, Train: 0.7045, Motorcycle: 0.0000, Bicycle: 0.0000 }
        MeanDICE: 0.5595
    

    Epoch 13:
      Train Loss: 0.9786, Train Accuracy: 0.9019
      Val Loss: 0.9789
      Metrics:
        val_loss: 0.9789
        val_accuracy: 0.8974
        IoU: { Unlabeled: 0.4441, Unused: 0.0000, Unused: 0.0000, Unused: 0.0000, Static: 0.0000, Dynamic: 0.0000, Ground: 0.0000, Road: 0.9439, Sidewalk: 0.7170, Parking: 0.0000, Rail track: 0.0000, Building: 0.8161, Wall: 0.0078, Fence: 0.5428, Guard rail: 0.0000, Bridge: 0.0000, Tunnel: 0.0000, Pole: 0.0000, Pole group: 0.5981, Traffic light: 0.6962, Traffic sign: 0.7422, Vegetation: 0.8663, Terrain: 0.5609, Sky: 0.9723, Person: 0.0000, Rider: 0.0000, Car: 0.8151, Truck: 0.0000, Bus: 0.0166, Caravan: 0.0000, Trailer: 0.0000, Train: 0.6136, Motorcycle: 0.0000, Bicycle: 0.0000 }
        MeanIoU: 0.4866
        PixelAccuracy: 0.8975
        DICE: { Unlabeled: 0.6142, Unused: 0.0000, Unused: 0.0000, Unused: 0.0000, Static: 0.0000, Dynamic: 0.0000, Ground: 0.0000, Road: 0.9711, Sidewalk: 0.8340, Parking: 0.0000, Rail track: 0.0000, Building: 0.8982, Wall: 0.0148, Fence: 0.6982, Guard rail: 0.0000, Bridge: 0.0000, Tunnel: 0.0000, Pole: 0.0000, Pole group: 0.7430, Traffic light: 0.8150, Traffic sign: 0.8438, Vegetation: 0.9282, Terrain: 0.7113, Sky: 0.9859, Person: 0.0000, Rider: 0.0000, Car: 0.8972, Truck: 0.0000, Bus: 0.0302, Caravan: 0.0000, Trailer: 0.0000, Train: 0.6952, Motorcycle: 0.0000, Bicycle: 0.0000 }
        MeanDICE: 0.5555
    

    Epoch 14:
      Train Loss: 0.9785, Train Accuracy: 0.9040
      Val Loss: 0.9788
      Metrics:
        val_loss: 0.9788
        val_accuracy: 0.9025
        IoU: { Unlabeled: 0.4491, Unused: 0.0000, Unused: 0.0000, Unused: 0.0000, Static: 0.0000, Dynamic: 0.0000, Ground: 0.0000, Road: 0.9433, Sidewalk: 0.7312, Parking: 0.0000, Rail track: 0.0000, Building: 0.8319, Wall: 0.0818, Fence: 0.6198, Guard rail: 0.0000, Bridge: 0.0000, Tunnel: 0.0000, Pole: 0.0000, Pole group: 0.5964, Traffic light: 0.6980, Traffic sign: 0.7379, Vegetation: 0.8406, Terrain: 0.5974, Sky: 0.9732, Person: 0.0000, Rider: 0.0000, Car: 0.8502, Truck: 0.0000, Bus: 0.0136, Caravan: 0.0000, Trailer: 0.0000, Train: 0.5783, Motorcycle: 0.0000, Bicycle: 0.0000 }
        MeanIoU: 0.4958
        PixelAccuracy: 0.9026
        DICE: { Unlabeled: 0.6191, Unused: 0.0000, Unused: 0.0000, Unused: 0.0000, Static: 0.0000, Dynamic: 0.0000, Ground: 0.0000, Road: 0.9707, Sidewalk: 0.8435, Parking: 0.0000, Rail track: 0.0000, Building: 0.9077, Wall: 0.1386, Fence: 0.7604, Guard rail: 0.0000, Bridge: 0.0000, Tunnel: 0.0000, Pole: 0.0000, Pole group: 0.7408, Traffic light: 0.8172, Traffic sign: 0.8382, Vegetation: 0.9132, Terrain: 0.7415, Sky: 0.9864, Person: 0.0000, Rider: 0.0000, Car: 0.9183, Truck: 0.0000, Bus: 0.0254, Caravan: 0.0000, Trailer: 0.0000, Train: 0.6784, Motorcycle: 0.0000, Bicycle: 0.0000 }
        MeanDICE: 0.5661
    

    Epoch 15:
      Train Loss: 0.9785, Train Accuracy: 0.9044
      Val Loss: 0.9790
      Metrics:
        val_loss: 0.9790
        val_accuracy: 0.8916
        IoU: { Unlabeled: 0.4400, Unused: 0.0000, Unused: 0.0000, Unused: 0.0000, Static: 0.0000, Dynamic: 0.0000, Ground: 0.0000, Road: 0.9405, Sidewalk: 0.6423, Parking: 0.0000, Rail track: 0.0000, Building: 0.8016, Wall: 0.0012, Fence: 0.6041, Guard rail: 0.0000, Bridge: 0.0000, Tunnel: 0.0000, Pole: 0.0000, Pole group: 0.5552, Traffic light: 0.6959, Traffic sign: 0.4812, Vegetation: 0.8245, Terrain: 0.6197, Sky: 0.9678, Person: 0.0000, Rider: 0.0000, Car: 0.7711, Truck: 0.0000, Bus: 0.0136, Caravan: 0.0000, Trailer: 0.0000, Train: 0.5870, Motorcycle: 0.0000, Bicycle: 0.0000 }
        MeanIoU: 0.4647
        PixelAccuracy: 0.8916
        DICE: { Unlabeled: 0.6103, Unused: 0.0000, Unused: 0.0000, Unused: 0.0000, Static: 0.0000, Dynamic: 0.0000, Ground: 0.0000, Road: 0.9693, Sidewalk: 0.7806, Parking: 0.0000, Rail track: 0.0000, Building: 0.8891, Wall: 0.0023, Fence: 0.7490, Guard rail: 0.0000, Bridge: 0.0000, Tunnel: 0.0000, Pole: 0.0000, Pole group: 0.7056, Traffic light: 0.8146, Traffic sign: 0.6347, Vegetation: 0.9035, Terrain: 0.7605, Sky: 0.9836, Person: 0.0001, Rider: 0.0000, Car: 0.8694, Truck: 0.0000, Bus: 0.0259, Caravan: 0.0000, Trailer: 0.0000, Train: 0.6849, Motorcycle: 0.0000, Bicycle: 0.0000 }
        MeanDICE: 0.5392
    

    Epoch 16:
      Train Loss: 0.9785, Train Accuracy: 0.9041
      Val Loss: 0.9787
      Metrics:
        val_loss: 0.9787
        val_accuracy: 0.8986
        IoU: { Unlabeled: 0.4289, Unused: 0.0000, Unused: 0.0000, Unused: 0.0000, Static: 0.0000, Dynamic: 0.0000, Ground: 0.0000, Road: 0.9525, Sidewalk: 0.7366, Parking: 0.0000, Rail track: 0.0000, Building: 0.7942, Wall: 0.0269, Fence: 0.5945, Guard rail: 0.0000, Bridge: 0.0000, Tunnel: 0.0000, Pole: 0.0000, Pole group: 0.6064, Traffic light: 0.6725, Traffic sign: 0.7406, Vegetation: 0.8573, Terrain: 0.6419, Sky: 0.9682, Person: 0.0000, Rider: 0.0000, Car: 0.8456, Truck: 0.0000, Bus: 0.0247, Caravan: 0.0000, Trailer: 0.0000, Train: 0.5791, Motorcycle: 0.0000, Bicycle: 0.0000 }
        MeanIoU: 0.4920
        PixelAccuracy: 0.8988
        DICE: { Unlabeled: 0.5995, Unused: 0.0000, Unused: 0.0000, Unused: 0.0000, Static: 0.0000, Dynamic: 0.0000, Ground: 0.0000, Road: 0.9756, Sidewalk: 0.8473, Parking: 0.0000, Rail track: 0.0000, Building: 0.8848, Wall: 0.0496, Fence: 0.7401, Guard rail: 0.0000, Bridge: 0.0000, Tunnel: 0.0000, Pole: 0.0000, Pole group: 0.7500, Traffic light: 0.7981, Traffic sign: 0.8437, Vegetation: 0.9230, Terrain: 0.7761, Sky: 0.9838, Person: 0.0000, Rider: 0.0000, Car: 0.9154, Truck: 0.0000, Bus: 0.0424, Caravan: 0.0000, Trailer: 0.0000, Train: 0.6796, Motorcycle: 0.0000, Bicycle: 0.0000 }
        MeanDICE: 0.5614
    

    Epoch 17:
      Train Loss: 0.9785, Train Accuracy: 0.9048
      Val Loss: 0.9790
      Metrics:
        val_loss: 0.9790
        val_accuracy: 0.8867
        IoU: { Unlabeled: 0.4376, Unused: 0.0000, Unused: 0.0000, Unused: 0.0000, Static: 0.0000, Dynamic: 0.0000, Ground: 0.0000, Road: 0.9329, Sidewalk: 0.7025, Parking: 0.0000, Rail track: 0.0000, Building: 0.7841, Wall: 0.0027, Fence: 0.5880, Guard rail: 0.0000, Bridge: 0.0000, Tunnel: 0.0000, Pole: 0.0000, Pole group: 0.6068, Traffic light: 0.6983, Traffic sign: 0.6843, Vegetation: 0.7623, Terrain: 0.6105, Sky: 0.9716, Person: 0.0002, Rider: 0.0000, Car: 0.8289, Truck: 0.0000, Bus: 0.0215, Caravan: 0.0000, Trailer: 0.0000, Train: 0.6273, Motorcycle: 0.0000, Bicycle: 0.0000 }
        MeanIoU: 0.4816
        PixelAccuracy: 0.8864
        DICE: { Unlabeled: 0.6080, Unused: 0.0000, Unused: 0.0000, Unused: 0.0000, Static: 0.0000, Dynamic: 0.0000, Ground: 0.0000, Road: 0.9652, Sidewalk: 0.8238, Parking: 0.0000, Rail track: 0.0000, Building: 0.8780, Wall: 0.0051, Fence: 0.7347, Guard rail: 0.0000, Bridge: 0.0000, Tunnel: 0.0000, Pole: 0.0000, Pole group: 0.7504, Traffic light: 0.8171, Traffic sign: 0.7943, Vegetation: 0.8647, Terrain: 0.7534, Sky: 0.9855, Person: 0.0004, Rider: 0.0000, Car: 0.9055, Truck: 0.0000, Bus: 0.0352, Caravan: 0.0000, Trailer: 0.0000, Train: 0.7151, Motorcycle: 0.0000, Bicycle: 0.0000 }
        MeanDICE: 0.5530
    

    Epoch 18:
      Train Loss: 0.9785, Train Accuracy: 0.9060
      Val Loss: 0.9792
      Metrics:
        val_loss: 0.9792
        val_accuracy: 0.8716
        IoU: { Unlabeled: 0.3991, Unused: 0.0000, Unused: 0.0000, Unused: 0.0000, Static: 0.0000, Dynamic: 0.0000, Ground: 0.0000, Road: 0.9310, Sidewalk: 0.7141, Parking: 0.0000, Rail track: 0.0000, Building: 0.7742, Wall: 0.0043, Fence: 0.5355, Guard rail: 0.0000, Bridge: 0.0000, Tunnel: 0.0000, Pole: 0.0000, Pole group: 0.6047, Traffic light: 0.6842, Traffic sign: 0.4529, Vegetation: 0.8432, Terrain: 0.6376, Sky: 0.9572, Person: 0.0000, Rider: 0.0000, Car: 0.4504, Truck: 0.0000, Bus: 0.0476, Caravan: 0.0000, Trailer: 0.0000, Train: 0.5730, Motorcycle: 0.0000, Bicycle: 0.0000 }
        MeanIoU: 0.4477
        PixelAccuracy: 0.8718
        DICE: { Unlabeled: 0.5697, Unused: 0.0000, Unused: 0.0000, Unused: 0.0000, Static: 0.0000, Dynamic: 0.0000, Ground: 0.0000, Road: 0.9642, Sidewalk: 0.8319, Parking: 0.0000, Rail track: 0.0000, Building: 0.8721, Wall: 0.0085, Fence: 0.6910, Guard rail: 0.0000, Bridge: 0.0000, Tunnel: 0.0000, Pole: 0.0000, Pole group: 0.7485, Traffic light: 0.8060, Traffic sign: 0.6111, Vegetation: 0.9147, Terrain: 0.7720, Sky: 0.9781, Person: 0.0000, Rider: 0.0000, Car: 0.6158, Truck: 0.0000, Bus: 0.0870, Caravan: 0.0000, Trailer: 0.0000, Train: 0.6670, Motorcycle: 0.0000, Bicycle: 0.0000 }
        MeanDICE: 0.5271
    

    Epoch 19:
      Train Loss: 0.9784, Train Accuracy: 0.9072
      Val Loss: 0.9791
      Metrics:
        val_loss: 0.9791
        val_accuracy: 0.8462
        IoU: { Unlabeled: 0.3694, Unused: 0.0000, Unused: 0.0000, Unused: 0.0000, Static: 0.0000, Dynamic: 0.0000, Ground: 0.0000, Road: 0.9435, Sidewalk: 0.7015, Parking: 0.0000, Rail track: 0.0000, Building: 0.5600, Wall: 0.0029, Fence: 0.6245, Guard rail: 0.0000, Bridge: 0.0000, Tunnel: 0.0000, Pole: 0.0000, Pole group: 0.6118, Traffic light: 0.6937, Traffic sign: 0.7226, Vegetation: 0.8338, Terrain: 0.6027, Sky: 0.9672, Person: 0.0000, Rider: 0.0000, Car: 0.6440, Truck: 0.0000, Bus: 0.0039, Caravan: 0.0000, Trailer: 0.0000, Train: 0.5768, Motorcycle: 0.0000, Bicycle: 0.0000 }
        MeanIoU: 0.4602
        PixelAccuracy: 0.8462
        DICE: { Unlabeled: 0.5387, Unused: 0.0000, Unused: 0.0000, Unused: 0.0000, Static: 0.0000, Dynamic: 0.0000, Ground: 0.0000, Road: 0.9709, Sidewalk: 0.8234, Parking: 0.0000, Rail track: 0.0000, Building: 0.7166, Wall: 0.0057, Fence: 0.7645, Guard rail: 0.0000, Bridge: 0.0000, Tunnel: 0.0000, Pole: 0.0000, Pole group: 0.7548, Traffic light: 0.8133, Traffic sign: 0.8286, Vegetation: 0.9091, Terrain: 0.7465, Sky: 0.9833, Person: 0.0000, Rider: 0.0000, Car: 0.7809, Truck: 0.0000, Bus: 0.0074, Caravan: 0.0000, Trailer: 0.0000, Train: 0.6818, Motorcycle: 0.0000, Bicycle: 0.0000 }
        MeanDICE: 0.5363
    

    Epoch 20:
      Train Loss: 0.9784, Train Accuracy: 0.9065
      Val Loss: 0.9787
      Metrics:
        val_loss: 0.9787
        val_accuracy: 0.9096
        IoU: { Unlabeled: 0.4680, Unused: 0.0000, Unused: 0.0000, Unused: 0.0000, Static: 0.0000, Dynamic: 0.0000, Ground: 0.0000, Road: 0.9495, Sidewalk: 0.7337, Parking: 0.0000, Rail track: 0.0000, Building: 0.8534, Wall: 0.0005, Fence: 0.5262, Guard rail: 0.0000, Bridge: 0.0000, Tunnel: 0.0000, Pole: 0.0000, Pole group: 0.5957, Traffic light: 0.6962, Traffic sign: 0.7566, Vegetation: 0.8801, Terrain: 0.6656, Sky: 0.9744, Person: 0.0000, Rider: 0.0000, Car: 0.8555, Truck: 0.0000, Bus: 0.0141, Caravan: 0.0000, Trailer: 0.0000, Train: 0.6243, Motorcycle: 0.0000, Bicycle: 0.0000 }
        MeanIoU: 0.4990
        PixelAccuracy: 0.9099
        DICE: { Unlabeled: 0.6370, Unused: 0.0000, Unused: 0.0000, Unused: 0.0000, Static: 0.0000, Dynamic: 0.0000, Ground: 0.0000, Road: 0.9740, Sidewalk: 0.8452, Parking: 0.0000, Rail track: 0.0000, Building: 0.9206, Wall: 0.0011, Fence: 0.6826, Guard rail: 0.0000, Bridge: 0.0000, Tunnel: 0.0000, Pole: 0.0000, Pole group: 0.7395, Traffic light: 0.8146, Traffic sign: 0.8549, Vegetation: 0.9361, Terrain: 0.7944, Sky: 0.9870, Person: 0.0000, Rider: 0.0000, Car: 0.9216, Truck: 0.0000, Bus: 0.0240, Caravan: 0.0000, Trailer: 0.0000, Train: 0.7144, Motorcycle: 0.0000, Bicycle: 0.0000 }
        MeanDICE: 0.5640
    
Training started at: 2024-12-31 19:52:09.803404
Training ended at: 2024-12-31 21:23:15.933901
Training duration: 1:31:06.130497
Results on Test Data Set :
  IoU:
    0 (Unlabeled): 0.45077893137931824
    1 (Unused): 0.000000
    2 (Unused): 0.000000
    3 (Unused): 0.000000
    4 (Static): 0.000000
    5 (Dynamic): 0.000000
    6 (Ground): 0.000000
    7 (Road): 0.9432153105735779
    8 (Sidewalk): 0.6019777059555054
    9 (Parking): 0.000000
    10 (Rail track): 0.000000
    11 (Building): 0.8506547808647156
    12 (Wall): 0.0011871058959513903
    13 (Fence): 0.5813582539558411
    14 (Guard rail): 0.000000
    15 (Bridge): 0.000000
    16 (Tunnel): 0.000000
    17 (Pole): 0.000000
    18 (Pole group): 0.6182116270065308
    19 (Traffic light): 0.6431489586830139
    20 (Traffic sign): 0.7019059062004089
    21 (Vegetation): 0.8535481691360474
    22 (Terrain): 0.6097384095191956
    23 (Sky): 0.9685851335525513
    24 (Person): 0.0
    25 (Rider): 0.0
    26 (Car): 0.8488103151321411
    27 (Truck): 0.0
    28 (Bus): 0.0023816742468625307
    29 (Caravan): 0.0
    30 (Trailer): 0.0
    31 (Train): 0.5036839842796326
    32 (Motorcycle): 0.0
    33 (Bicycle): 0.0
  MeanIoU: 0.476796
  PixelAccuracy: 0.901280
  DICE:
    0 (Unlabeled): 0.6208285689353943
    1 (Unused): 0.000000
    2 (Unused): 0.000000
    3 (Unused): 0.000000
    4 (Static): 0.000000
    5 (Dynamic): 0.000000
    6 (Ground): 0.000000
    7 (Road): 0.9707053899765015
    8 (Sidewalk): 0.7474468350410461
    9 (Parking): 0.000000
    10 (Rail track): 0.000000
    11 (Building): 0.9191122651100159
    12 (Wall): 0.0022600465454161167
    13 (Fence): 0.7279633283615112
    14 (Guard rail): 0.000000
    15 (Bridge): 0.000000
    16 (Tunnel): 0.000000
    17 (Pole): 0.000000
    18 (Pole group): 0.75941401720047
    19 (Traffic light): 0.7761499881744385
    20 (Traffic sign): 0.8178688287734985
    21 (Vegetation): 0.9208232760429382
    22 (Terrain): 0.750734269618988
    23 (Sky): 0.9840351939201355
    24 (Person): 0.0
    25 (Rider): 0.0
    26 (Car): 0.9176233410835266
    27 (Truck): 0.0
    28 (Bus): 0.00468855258077383
    29 (Caravan): 0.0
    30 (Trailer): 0.0
    31 (Train): 0.6010943651199341
    32 (Motorcycle): 0.0
    33 (Bicycle): 0.0
  MeanDICE: 0.546397
  val_loss: 0.978868
  val_accuracy: 0.901270

Testing started at: 2024-12-31 21:23:15.938755
Testing ended at: 2024-12-31 21:23:37.413159
Testing duration: 0:00:21.474404
