Model: UNet
Loss Function: DiceLoss
Optimizer: Adam
Learning Rate: 0.0001
Scheduler: CosineAnnealingLR
Scheduler Params: {'T_max': 10, 'eta_min': 1e-06}
Batch Size: 16
Epochs: 50
Seed: 42
Dataset Details:
Dataset Path: /net/ens/am4ip/datasets/project-dataset
Train Split: 0.8
Validation Split: 0.1
Test Split: 0.1
Augmentation Details:
Use Augmentation: False

    Epoch 1:
      Train Loss: 0.9846, Train Accuracy: 0.7171
      Val Loss: 0.9828
      Metrics:
        val_loss: 0.9828
        val_accuracy: 0.8417
        IoU: { Unlabeled: 0.2860, Static: 0.0000, Dynamic: 0.0000, Ground: 0.9181, Road: 0.4606, Sidewalk: 0.0000, Parking: 0.0000, Rail track: 0.6740, Building: 0.0000, Wall: 0.0000, Fence: 0.0000, Guard rail: 0.0000, Bridge: 0.0000, Tunnel: 0.3541, Pole: 0.0000, Pole group: 0.2715, Traffic light: 0.7301, Traffic sign: 0.4236, Vegetation: 0.9503, Terrain: 0.0000, Sky: 0.0000, Person: 0.6708, Rider: 0.0000, Car: 0.0000, Truck: 0.0000, Bus: 0.0000, Caravan: 0.0000, Trailer: 0.0000, Train: 0.0000, Motorcycle: 0.0000, Bicycle: 0.0000 }
        MeanIoU: 0.2858
        PixelAccuracy: 0.8418
        DICE: { Unlabeled: 0.4444, Static: 0.0000, Dynamic: 0.0000, Ground: 0.9572, Road: 0.6275, Sidewalk: 0.0000, Parking: 0.0000, Rail track: 0.8042, Building: 0.0000, Wall: 0.0000, Fence: 0.0000, Guard rail: 0.0000, Bridge: 0.0000, Tunnel: 0.5064, Pole: 0.0000, Pole group: 0.4081, Traffic light: 0.8433, Traffic sign: 0.5836, Vegetation: 0.9745, Terrain: 0.0000, Sky: 0.0000, Person: 0.8018, Rider: 0.0000, Car: 0.0000, Truck: 0.0000, Bus: 0.0000, Caravan: 0.0000, Trailer: 0.0000, Train: 0.0000, Motorcycle: 0.0000, Bicycle: 0.0000 }
        MeanDICE: 0.3460
    

    Epoch 2:
      Train Loss: 0.9813, Train Accuracy: 0.8522
      Val Loss: 0.9810
      Metrics:
        val_loss: 0.9810
        val_accuracy: 0.8370
        IoU: { Unlabeled: 0.3180, Static: 0.0000, Dynamic: 0.0000, Ground: 0.8932, Road: 0.5007, Sidewalk: 0.0000, Parking: 0.0000, Rail track: 0.6999, Building: 0.0577, Wall: 0.0217, Fence: 0.0000, Guard rail: 0.0000, Bridge: 0.0000, Tunnel: 0.3505, Pole: 0.0000, Pole group: 0.2571, Traffic light: 0.7583, Traffic sign: 0.3829, Vegetation: 0.9437, Terrain: 0.0000, Sky: 0.0000, Person: 0.6850, Rider: 0.0000, Car: 0.0000, Truck: 0.0000, Bus: 0.0000, Caravan: 0.0000, Trailer: 0.0000, Train: 0.0000, Motorcycle: 0.0000, Bicycle: 0.0000 }
        MeanIoU: 0.3068
        PixelAccuracy: 0.8373
        DICE: { Unlabeled: 0.4821, Static: 0.0000, Dynamic: 0.0000, Ground: 0.9435, Road: 0.6639, Sidewalk: 0.0000, Parking: 0.0000, Rail track: 0.8222, Building: 0.0979, Wall: 0.0411, Fence: 0.0000, Guard rail: 0.0000, Bridge: 0.0000, Tunnel: 0.5014, Pole: 0.0000, Pole group: 0.3942, Traffic light: 0.8621, Traffic sign: 0.5459, Vegetation: 0.9710, Terrain: 0.0000, Sky: 0.0000, Person: 0.8116, Rider: 0.0000, Car: 0.0000, Truck: 0.0000, Bus: 0.0000, Caravan: 0.0000, Trailer: 0.0000, Train: 0.0000, Motorcycle: 0.0000, Bicycle: 0.0000 }
        MeanDICE: 0.3729
    

    Epoch 3:
      Train Loss: 0.9794, Train Accuracy: 0.8699
      Val Loss: 0.9788
      Metrics:
        val_loss: 0.9788
        val_accuracy: 0.8838
        IoU: { Unlabeled: 0.3810, Static: 0.0000, Dynamic: 0.0000, Ground: 0.9426, Road: 0.6174, Sidewalk: 0.0000, Parking: 0.0000, Rail track: 0.7556, Building: 0.0393, Wall: 0.0000, Fence: 0.0000, Guard rail: 0.0000, Bridge: 0.0000, Tunnel: 0.4805, Pole: 0.0000, Pole group: 0.6307, Traffic light: 0.8392, Traffic sign: 0.6002, Vegetation: 0.9646, Terrain: 0.1067, Sky: 0.0000, Person: 0.8032, Rider: 0.0000, Car: 0.0002, Truck: 0.0000, Bus: 0.0000, Caravan: 0.0000, Trailer: 0.0000, Train: 0.0000, Motorcycle: 0.0000, Bicycle: 0.0000 }
        MeanIoU: 0.3741
        PixelAccuracy: 0.8840
        DICE: { Unlabeled: 0.5512, Static: 0.0000, Dynamic: 0.0000, Ground: 0.9703, Road: 0.7612, Sidewalk: 0.0000, Parking: 0.0000, Rail track: 0.8596, Building: 0.0693, Wall: 0.0000, Fence: 0.0000, Guard rail: 0.0000, Bridge: 0.0000, Tunnel: 0.6372, Pole: 0.0000, Pole group: 0.7535, Traffic light: 0.9124, Traffic sign: 0.7426, Vegetation: 0.9819, Terrain: 0.1862, Sky: 0.0000, Person: 0.8901, Rider: 0.0000, Car: 0.0003, Truck: 0.0000, Bus: 0.0000, Caravan: 0.0000, Trailer: 0.0000, Train: 0.0000, Motorcycle: 0.0000, Bicycle: 0.0000 }
        MeanDICE: 0.4342
    

    Epoch 4:
      Train Loss: 0.9782, Train Accuracy: 0.8771
      Val Loss: 0.9781
      Metrics:
        val_loss: 0.9781
        val_accuracy: 0.8668
        IoU: { Unlabeled: 0.3951, Static: 0.0000, Dynamic: 0.0000, Ground: 0.9345, Road: 0.6469, Sidewalk: 0.0000, Parking: 0.0000, Rail track: 0.7109, Building: 0.0034, Wall: 0.0001, Fence: 0.0000, Guard rail: 0.0000, Bridge: 0.0000, Tunnel: 0.4455, Pole: 0.0000, Pole group: 0.6077, Traffic light: 0.7983, Traffic sign: 0.5860, Vegetation: 0.9634, Terrain: 0.2465, Sky: 0.0000, Person: 0.7203, Rider: 0.0000, Car: 0.0000, Truck: 0.0000, Bus: 0.0000, Caravan: 0.0000, Trailer: 0.0000, Train: 0.0000, Motorcycle: 0.0000, Bicycle: 0.0000 }
        MeanIoU: 0.3688
        PixelAccuracy: 0.8668
        DICE: { Unlabeled: 0.5657, Static: 0.0000, Dynamic: 0.0000, Ground: 0.9661, Road: 0.7840, Sidewalk: 0.0000, Parking: 0.0000, Rail track: 0.8296, Building: 0.0064, Wall: 0.0002, Fence: 0.0000, Guard rail: 0.0000, Bridge: 0.0000, Tunnel: 0.6056, Pole: 0.0000, Pole group: 0.7339, Traffic light: 0.8875, Traffic sign: 0.7322, Vegetation: 0.9813, Terrain: 0.3861, Sky: 0.0000, Person: 0.8356, Rider: 0.0000, Car: 0.0000, Truck: 0.0000, Bus: 0.0000, Caravan: 0.0000, Trailer: 0.0000, Train: 0.0000, Motorcycle: 0.0000, Bicycle: 0.0000 }
        MeanDICE: 0.4342
    

    Epoch 5:
      Train Loss: 0.9773, Train Accuracy: 0.8818
      Val Loss: 0.9768
      Metrics:
        val_loss: 0.9768
        val_accuracy: 0.8901
        IoU: { Unlabeled: 0.4328, Static: 0.0000, Dynamic: 0.0000, Ground: 0.9475, Road: 0.6970, Sidewalk: 0.0000, Parking: 0.0000, Rail track: 0.7588, Building: 0.0741, Wall: 0.0009, Fence: 0.0000, Guard rail: 0.0000, Bridge: 0.0000, Tunnel: 0.4771, Pole: 0.0080, Pole group: 0.6926, Traffic light: 0.8506, Traffic sign: 0.5907, Vegetation: 0.9694, Terrain: 0.3410, Sky: 0.0000, Person: 0.8350, Rider: 0.0000, Car: 0.0000, Truck: 0.0000, Bus: 0.0000, Caravan: 0.1705, Trailer: 0.0000, Train: 0.0000, Motorcycle: 0.0000, Bicycle: 0.0000 }
        MeanIoU: 0.4092
        PixelAccuracy: 0.8904
        DICE: { Unlabeled: 0.6035, Static: 0.0000, Dynamic: 0.0000, Ground: 0.9730, Road: 0.8202, Sidewalk: 0.0000, Parking: 0.0000, Rail track: 0.8617, Building: 0.1224, Wall: 0.0018, Fence: 0.0000, Guard rail: 0.0000, Bridge: 0.0000, Tunnel: 0.6383, Pole: 0.0158, Pole group: 0.8074, Traffic light: 0.9191, Traffic sign: 0.7369, Vegetation: 0.9845, Terrain: 0.4978, Sky: 0.0000, Person: 0.9093, Rider: 0.0000, Car: 0.0000, Truck: 0.0000, Bus: 0.0000, Caravan: 0.2791, Trailer: 0.0000, Train: 0.0000, Motorcycle: 0.0000, Bicycle: 0.0000 }
        MeanDICE: 0.4779
    

    Epoch 6:
      Train Loss: 0.9766, Train Accuracy: 0.8865
      Val Loss: 0.9766
      Metrics:
        val_loss: 0.9766
        val_accuracy: 0.8886
        IoU: { Unlabeled: 0.4300, Static: 0.0000, Dynamic: 0.0000, Ground: 0.9489, Road: 0.7210, Sidewalk: 0.0000, Parking: 0.0000, Rail track: 0.7532, Building: 0.0177, Wall: 0.0003, Fence: 0.0000, Guard rail: 0.0000, Bridge: 0.0000, Tunnel: 0.5269, Pole: 0.4048, Pole group: 0.6936, Traffic light: 0.8309, Traffic sign: 0.5780, Vegetation: 0.9634, Terrain: 0.3604, Sky: 0.0000, Person: 0.8340, Rider: 0.0000, Car: 0.0000, Truck: 0.0000, Bus: 0.0000, Caravan: 0.4728, Trailer: 0.0000, Train: 0.0000, Motorcycle: 0.0000, Bicycle: 0.0000 }
        MeanIoU: 0.4442
        PixelAccuracy: 0.8890
        DICE: { Unlabeled: 0.6008, Static: 0.0000, Dynamic: 0.0000, Ground: 0.9737, Road: 0.8365, Sidewalk: 0.0000, Parking: 0.0000, Rail track: 0.8581, Building: 0.0305, Wall: 0.0007, Fence: 0.0000, Guard rail: 0.0000, Bridge: 0.0000, Tunnel: 0.6814, Pole: 0.5641, Pole group: 0.8041, Traffic light: 0.9073, Traffic sign: 0.7251, Vegetation: 0.9813, Terrain: 0.5166, Sky: 0.0000, Person: 0.9086, Rider: 0.0000, Car: 0.0000, Truck: 0.0000, Bus: 0.0000, Caravan: 0.5905, Trailer: 0.0000, Train: 0.0000, Motorcycle: 0.0000, Bicycle: 0.0000 }
        MeanDICE: 0.5190
    

    Epoch 7:
      Train Loss: 0.9761, Train Accuracy: 0.8905
      Val Loss: 0.9763
      Metrics:
        val_loss: 0.9763
        val_accuracy: 0.8941
        IoU: { Unlabeled: 0.4338, Static: 0.0000, Dynamic: 0.0000, Ground: 0.9410, Road: 0.7073, Sidewalk: 0.0000, Parking: 0.0000, Rail track: 0.7805, Building: 0.0981, Wall: 0.0028, Fence: 0.0000, Guard rail: 0.0000, Bridge: 0.0000, Tunnel: 0.5654, Pole: 0.6434, Pole group: 0.7189, Traffic light: 0.8593, Traffic sign: 0.5676, Vegetation: 0.9662, Terrain: 0.4222, Sky: 0.0000, Person: 0.8377, Rider: 0.0000, Car: 0.0000, Truck: 0.0000, Bus: 0.0000, Caravan: 0.5874, Trailer: 0.0000, Train: 0.0000, Motorcycle: 0.0000, Bicycle: 0.0000 }
        MeanIoU: 0.4743
        PixelAccuracy: 0.8944
        DICE: { Unlabeled: 0.6045, Static: 0.0000, Dynamic: 0.0000, Ground: 0.9695, Road: 0.8272, Sidewalk: 0.0000, Parking: 0.0000, Rail track: 0.8757, Building: 0.1641, Wall: 0.0055, Fence: 0.0000, Guard rail: 0.0000, Bridge: 0.0000, Tunnel: 0.7145, Pole: 0.7754, Pole group: 0.8281, Traffic light: 0.9241, Traffic sign: 0.7168, Vegetation: 0.9828, Terrain: 0.5815, Sky: 0.0000, Person: 0.9108, Rider: 0.0000, Car: 0.0000, Truck: 0.0000, Bus: 0.0000, Caravan: 0.6856, Trailer: 0.0000, Train: 0.0000, Motorcycle: 0.0000, Bicycle: 0.0000 }
        MeanDICE: 0.5487
    

    Epoch 8:
      Train Loss: 0.9758, Train Accuracy: 0.8923
      Val Loss: 0.9759
      Metrics:
        val_loss: 0.9759
        val_accuracy: 0.8927
        IoU: { Unlabeled: 0.4342, Static: 0.0000, Dynamic: 0.0000, Ground: 0.9471, Road: 0.6696, Sidewalk: 0.0000, Parking: 0.0000, Rail track: 0.7647, Building: 0.0297, Wall: 0.0663, Fence: 0.0000, Guard rail: 0.0000, Bridge: 0.0000, Tunnel: 0.5736, Pole: 0.6350, Pole group: 0.6757, Traffic light: 0.8559, Traffic sign: 0.6085, Vegetation: 0.9707, Terrain: 0.3527, Sky: 0.0000, Person: 0.8257, Rider: 0.0000, Car: 0.0000, Truck: 0.0000, Bus: 0.0000, Caravan: 0.5844, Trailer: 0.0000, Train: 0.0000, Motorcycle: 0.0000, Bicycle: 0.0000 }
        MeanIoU: 0.4676
        PixelAccuracy: 0.8928
        DICE: { Unlabeled: 0.6048, Static: 0.0000, Dynamic: 0.0000, Ground: 0.9727, Road: 0.8001, Sidewalk: 0.0000, Parking: 0.0000, Rail track: 0.8656, Building: 0.0546, Wall: 0.1232, Fence: 0.0000, Guard rail: 0.0000, Bridge: 0.0000, Tunnel: 0.7226, Pole: 0.7692, Pole group: 0.7908, Traffic light: 0.9222, Traffic sign: 0.7496, Vegetation: 0.9851, Terrain: 0.5123, Sky: 0.0000, Person: 0.9036, Rider: 0.0000, Car: 0.0000, Truck: 0.0000, Bus: 0.0000, Caravan: 0.6822, Trailer: 0.0000, Train: 0.0000, Motorcycle: 0.0000, Bicycle: 0.0000 }
        MeanDICE: 0.5436
    

    Epoch 9:
      Train Loss: 0.9756, Train Accuracy: 0.8944
      Val Loss: 0.9760
      Metrics:
        val_loss: 0.9760
        val_accuracy: 0.8831
        IoU: { Unlabeled: 0.4171, Static: 0.0000, Dynamic: 0.0000, Ground: 0.9170, Road: 0.7199, Sidewalk: 0.0000, Parking: 0.0000, Rail track: 0.7595, Building: 0.0005, Wall: 0.0143, Fence: 0.0000, Guard rail: 0.0000, Bridge: 0.0000, Tunnel: 0.5946, Pole: 0.6645, Pole group: 0.7028, Traffic light: 0.8372, Traffic sign: 0.5805, Vegetation: 0.9667, Terrain: 0.4356, Sky: 0.0000, Person: 0.8141, Rider: 0.0000, Car: 0.0000, Truck: 0.0000, Bus: 0.0000, Caravan: 0.5920, Trailer: 0.0000, Train: 0.0000, Motorcycle: 0.0000, Bicycle: 0.0000 }
        MeanIoU: 0.4689
        PixelAccuracy: 0.8833
        DICE: { Unlabeled: 0.5879, Static: 0.0000, Dynamic: 0.0000, Ground: 0.9566, Road: 0.8360, Sidewalk: 0.0000, Parking: 0.0000, Rail track: 0.8620, Building: 0.0009, Wall: 0.0280, Fence: 0.0000, Guard rail: 0.0000, Bridge: 0.0000, Tunnel: 0.7410, Pole: 0.7923, Pole group: 0.8177, Traffic light: 0.9112, Traffic sign: 0.7282, Vegetation: 0.9831, Terrain: 0.5956, Sky: 0.0000, Person: 0.8962, Rider: 0.0000, Car: 0.0001, Truck: 0.0000, Bus: 0.0000, Caravan: 0.6846, Trailer: 0.0000, Train: 0.0000, Motorcycle: 0.0000, Bicycle: 0.0000 }
        MeanDICE: 0.5419
    

    Epoch 10:
      Train Loss: 0.9754, Train Accuracy: 0.8962
      Val Loss: 0.9753
      Metrics:
        val_loss: 0.9753
        val_accuracy: 0.9029
        IoU: { Unlabeled: 0.4544, Static: 0.0000, Dynamic: 0.0000, Ground: 0.9534, Road: 0.7149, Sidewalk: 0.0000, Parking: 0.0000, Rail track: 0.8038, Building: 0.0022, Wall: 0.1368, Fence: 0.0000, Guard rail: 0.0000, Bridge: 0.0000, Tunnel: 0.6009, Pole: 0.6754, Pole group: 0.7153, Traffic light: 0.8746, Traffic sign: 0.6530, Vegetation: 0.9673, Terrain: 0.3997, Sky: 0.0000, Person: 0.8513, Rider: 0.0000, Car: 0.0000, Truck: 0.0000, Bus: 0.0000, Caravan: 0.6058, Trailer: 0.0000, Train: 0.0000, Motorcycle: 0.0000, Bicycle: 0.0000 }
        MeanIoU: 0.4894
        PixelAccuracy: 0.9031
        DICE: { Unlabeled: 0.6242, Static: 0.0000, Dynamic: 0.0000, Ground: 0.9761, Road: 0.8325, Sidewalk: 0.0000, Parking: 0.0000, Rail track: 0.8905, Building: 0.0043, Wall: 0.2394, Fence: 0.0000, Guard rail: 0.0000, Bridge: 0.0000, Tunnel: 0.7452, Pole: 0.8002, Pole group: 0.8260, Traffic light: 0.9330, Traffic sign: 0.7842, Vegetation: 0.9834, Terrain: 0.5612, Sky: 0.0000, Person: 0.9189, Rider: 0.0000, Car: 0.0000, Truck: 0.0000, Bus: 0.0000, Caravan: 0.7030, Trailer: 0.0000, Train: 0.0000, Motorcycle: 0.0000, Bicycle: 0.0000 }
        MeanDICE: 0.5628
    

    Epoch 11:
      Train Loss: 0.9752, Train Accuracy: 0.9002
      Val Loss: 0.9754
      Metrics:
        val_loss: 0.9754
        val_accuracy: 0.8880
        IoU: { Unlabeled: 0.4360, Static: 0.0000, Dynamic: 0.0000, Ground: 0.9433, Road: 0.6670, Sidewalk: 0.0000, Parking: 0.0000, Rail track: 0.7694, Building: 0.0032, Wall: 0.1290, Fence: 0.0000, Guard rail: 0.0000, Bridge: 0.0000, Tunnel: 0.5972, Pole: 0.6558, Pole group: 0.6835, Traffic light: 0.8579, Traffic sign: 0.5997, Vegetation: 0.9675, Terrain: 0.4325, Sky: 0.0000, Person: 0.8356, Rider: 0.0000, Car: 0.0000, Truck: 0.0000, Bus: 0.0000, Caravan: 0.5372, Trailer: 0.0000, Train: 0.0000, Motorcycle: 0.0000, Bicycle: 0.0000 }
        MeanIoU: 0.4742
        PixelAccuracy: 0.8882
        DICE: { Unlabeled: 0.6066, Static: 0.0000, Dynamic: 0.0000, Ground: 0.9708, Road: 0.7991, Sidewalk: 0.0000, Parking: 0.0000, Rail track: 0.8689, Building: 0.0061, Wall: 0.2263, Fence: 0.0000, Guard rail: 0.0000, Bridge: 0.0000, Tunnel: 0.7421, Pole: 0.7848, Pole group: 0.8011, Traffic light: 0.9234, Traffic sign: 0.7442, Vegetation: 0.9834, Terrain: 0.5899, Sky: 0.0000, Person: 0.9096, Rider: 0.0000, Car: 0.0000, Truck: 0.0000, Bus: 0.0000, Caravan: 0.6447, Trailer: 0.0000, Train: 0.0000, Motorcycle: 0.0000, Bicycle: 0.0000 }
        MeanDICE: 0.5512
    

    Epoch 12:
      Train Loss: 0.9752, Train Accuracy: 0.9014
      Val Loss: 0.9752
      Metrics:
        val_loss: 0.9752
        val_accuracy: 0.9079
        IoU: { Unlabeled: 0.4618, Static: 0.0000, Dynamic: 0.0000, Ground: 0.9527, Road: 0.7396, Sidewalk: 0.0000, Parking: 0.0000, Rail track: 0.8329, Building: 0.0142, Wall: 0.5621, Fence: 0.0000, Guard rail: 0.0000, Bridge: 0.0000, Tunnel: 0.6099, Pole: 0.6668, Pole group: 0.7139, Traffic light: 0.8662, Traffic sign: 0.5846, Vegetation: 0.9736, Terrain: 0.4142, Sky: 0.0000, Person: 0.8586, Rider: 0.0000, Car: 0.0000, Truck: 0.0000, Bus: 0.0000, Caravan: 0.6170, Trailer: 0.0000, Train: 0.0000, Motorcycle: 0.0000, Bicycle: 0.0000 }
        MeanIoU: 0.5133
        PixelAccuracy: 0.9082
        DICE: { Unlabeled: 0.6311, Static: 0.0000, Dynamic: 0.0000, Ground: 0.9757, Road: 0.8492, Sidewalk: 0.0000, Parking: 0.0000, Rail track: 0.9084, Building: 0.0267, Wall: 0.7134, Fence: 0.0000, Guard rail: 0.0000, Bridge: 0.0000, Tunnel: 0.7514, Pole: 0.7939, Pole group: 0.8233, Traffic light: 0.9281, Traffic sign: 0.7313, Vegetation: 0.9866, Terrain: 0.5733, Sky: 0.0000, Person: 0.9233, Rider: 0.0000, Car: 0.0000, Truck: 0.0000, Bus: 0.0000, Caravan: 0.7048, Trailer: 0.0000, Train: 0.0000, Motorcycle: 0.0000, Bicycle: 0.0000 }
        MeanDICE: 0.5887
    

    Epoch 13:
      Train Loss: 0.9750, Train Accuracy: 0.9068
      Val Loss: 0.9755
      Metrics:
        val_loss: 0.9755
        val_accuracy: 0.8877
        IoU: { Unlabeled: 0.4145, Static: 0.0000, Dynamic: 0.0000, Ground: 0.9450, Road: 0.7159, Sidewalk: 0.0000, Parking: 0.0000, Rail track: 0.7875, Building: 0.0037, Wall: 0.5127, Fence: 0.0000, Guard rail: 0.0000, Bridge: 0.0000, Tunnel: 0.6023, Pole: 0.6769, Pole group: 0.7013, Traffic light: 0.8203, Traffic sign: 0.6327, Vegetation: 0.9697, Terrain: 0.4508, Sky: 0.0000, Person: 0.7890, Rider: 0.0000, Car: 0.0000, Truck: 0.0000, Bus: 0.0000, Caravan: 0.6143, Trailer: 0.0000, Train: 0.0000, Motorcycle: 0.0000, Bicycle: 0.0000 }
        MeanIoU: 0.5013
        PixelAccuracy: 0.8879
        DICE: { Unlabeled: 0.5854, Static: 0.0000, Dynamic: 0.0000, Ground: 0.9716, Road: 0.8332, Sidewalk: 0.0000, Parking: 0.0000, Rail track: 0.8807, Building: 0.0071, Wall: 0.6711, Fence: 0.0000, Guard rail: 0.0000, Bridge: 0.0000, Tunnel: 0.7454, Pole: 0.8009, Pole group: 0.8122, Traffic light: 0.9011, Traffic sign: 0.7670, Vegetation: 0.9846, Terrain: 0.6123, Sky: 0.0000, Person: 0.8808, Rider: 0.0000, Car: 0.0001, Truck: 0.0000, Bus: 0.0000, Caravan: 0.7030, Trailer: 0.0000, Train: 0.0000, Motorcycle: 0.0000, Bicycle: 0.0000 }
        MeanDICE: 0.5802
    

    Epoch 14:
      Train Loss: 0.9750, Train Accuracy: 0.9068
      Val Loss: 0.9750
      Metrics:
        val_loss: 0.9750
        val_accuracy: 0.9183
        IoU: { Unlabeled: 0.4796, Static: 0.0000, Dynamic: 0.0000, Ground: 0.9566, Road: 0.7487, Sidewalk: 0.0000, Parking: 0.0000, Rail track: 0.8646, Building: 0.0000, Wall: 0.6333, Fence: 0.0000, Guard rail: 0.0000, Bridge: 0.0000, Tunnel: 0.6363, Pole: 0.6980, Pole group: 0.7637, Traffic light: 0.8885, Traffic sign: 0.6887, Vegetation: 0.9744, Terrain: 0.4528, Sky: 0.0000, Person: 0.8693, Rider: 0.0000, Car: 0.0000, Truck: 0.0000, Bus: 0.0000, Caravan: 0.6337, Trailer: 0.0000, Train: 0.0000, Motorcycle: 0.0000, Bicycle: 0.0000 }
        MeanIoU: 0.5352
        PixelAccuracy: 0.9185
        DICE: { Unlabeled: 0.6476, Static: 0.0000, Dynamic: 0.0000, Ground: 0.9777, Road: 0.8552, Sidewalk: 0.0000, Parking: 0.0000, Rail track: 0.9271, Building: 0.0000, Wall: 0.7709, Fence: 0.0000, Guard rail: 0.0000, Bridge: 0.0000, Tunnel: 0.7733, Pole: 0.8162, Pole group: 0.8597, Traffic light: 0.9408, Traffic sign: 0.8117, Vegetation: 0.9870, Terrain: 0.6122, Sky: 0.0000, Person: 0.9295, Rider: 0.0000, Car: 0.0000, Truck: 0.0000, Bus: 0.0000, Caravan: 0.7260, Trailer: 0.0000, Train: 0.0000, Motorcycle: 0.0000, Bicycle: 0.0000 }
        MeanDICE: 0.6051
    

    Epoch 15:
      Train Loss: 0.9749, Train Accuracy: 0.9081
      Val Loss: 0.9754
      Metrics:
        val_loss: 0.9754
        val_accuracy: 0.9037
        IoU: { Unlabeled: 0.4447, Static: 0.0000, Dynamic: 0.0000, Ground: 0.9537, Road: 0.7263, Sidewalk: 0.0000, Parking: 0.0000, Rail track: 0.8091, Building: 0.0000, Wall: 0.6269, Fence: 0.0000, Guard rail: 0.0000, Bridge: 0.0000, Tunnel: 0.6171, Pole: 0.6879, Pole group: 0.7011, Traffic light: 0.8687, Traffic sign: 0.6758, Vegetation: 0.9677, Terrain: 0.4426, Sky: 0.0000, Person: 0.7336, Rider: 0.0000, Car: 0.0000, Truck: 0.0000, Bus: 0.0000, Caravan: 0.6089, Trailer: 0.0000, Train: 0.0000, Motorcycle: 0.0000, Bicycle: 0.0000 }
        MeanIoU: 0.5132
        PixelAccuracy: 0.9039
        DICE: { Unlabeled: 0.6150, Static: 0.0000, Dynamic: 0.0000, Ground: 0.9762, Road: 0.8401, Sidewalk: 0.0000, Parking: 0.0000, Rail track: 0.8939, Building: 0.0000, Wall: 0.7655, Fence: 0.0000, Guard rail: 0.0000, Bridge: 0.0000, Tunnel: 0.7580, Pole: 0.8096, Pole group: 0.8140, Traffic light: 0.9296, Traffic sign: 0.8013, Vegetation: 0.9836, Terrain: 0.6046, Sky: 0.0000, Person: 0.8442, Rider: 0.0000, Car: 0.0000, Truck: 0.0000, Bus: 0.0000, Caravan: 0.7051, Trailer: 0.0000, Train: 0.0000, Motorcycle: 0.0000, Bicycle: 0.0000 }
        MeanDICE: 0.5898
    

    Epoch 16:
      Train Loss: 0.9749, Train Accuracy: 0.9083
      Val Loss: 0.9749
      Metrics:
        val_loss: 0.9749
        val_accuracy: 0.9102
        IoU: { Unlabeled: 0.4676, Static: 0.0000, Dynamic: 0.0000, Ground: 0.9564, Road: 0.7326, Sidewalk: 0.0000, Parking: 0.0000, Rail track: 0.8379, Building: 0.0000, Wall: 0.6056, Fence: 0.0000, Guard rail: 0.0000, Bridge: 0.0000, Tunnel: 0.6260, Pole: 0.7012, Pole group: 0.7665, Traffic light: 0.8866, Traffic sign: 0.6575, Vegetation: 0.9681, Terrain: 0.4801, Sky: 0.0000, Person: 0.8718, Rider: 0.0000, Car: 0.0000, Truck: 0.0000, Bus: 0.0000, Caravan: 0.6243, Trailer: 0.0000, Train: 0.0000, Motorcycle: 0.0000, Bicycle: 0.0000 }
        MeanIoU: 0.5298
        PixelAccuracy: 0.9104
        DICE: { Unlabeled: 0.6366, Static: 0.0000, Dynamic: 0.0000, Ground: 0.9777, Road: 0.8445, Sidewalk: 0.0000, Parking: 0.0000, Rail track: 0.9114, Building: 0.0000, Wall: 0.7496, Fence: 0.0000, Guard rail: 0.0000, Bridge: 0.0000, Tunnel: 0.7658, Pole: 0.8183, Pole group: 0.8609, Traffic light: 0.9398, Traffic sign: 0.7879, Vegetation: 0.9838, Terrain: 0.6402, Sky: 0.0000, Person: 0.9309, Rider: 0.0000, Car: 0.0000, Truck: 0.0000, Bus: 0.0000, Caravan: 0.7160, Trailer: 0.0000, Train: 0.0000, Motorcycle: 0.0000, Bicycle: 0.0000 }
        MeanDICE: 0.6014
    

    Epoch 17:
      Train Loss: 0.9748, Train Accuracy: 0.9097
      Val Loss: 0.9750
      Metrics:
        val_loss: 0.9750
        val_accuracy: 0.9133
        IoU: { Unlabeled: 0.4714, Static: 0.0000, Dynamic: 0.0000, Ground: 0.9541, Road: 0.7334, Sidewalk: 0.0000, Parking: 0.0000, Rail track: 0.8569, Building: 0.0000, Wall: 0.6222, Fence: 0.0000, Guard rail: 0.0000, Bridge: 0.0000, Tunnel: 0.6097, Pole: 0.7039, Pole group: 0.7261, Traffic light: 0.8766, Traffic sign: 0.6772, Vegetation: 0.9729, Terrain: 0.3729, Sky: 0.0000, Person: 0.8614, Rider: 0.0000, Car: 0.0000, Truck: 0.0000, Bus: 0.0000, Caravan: 0.6239, Trailer: 0.0000, Train: 0.0000, Motorcycle: 0.0000, Bicycle: 0.0000 }
        MeanIoU: 0.5234
        PixelAccuracy: 0.9135
        DICE: { Unlabeled: 0.6401, Static: 0.0000, Dynamic: 0.0000, Ground: 0.9764, Road: 0.8451, Sidewalk: 0.0000, Parking: 0.0000, Rail track: 0.9226, Building: 0.0000, Wall: 0.7621, Fence: 0.0000, Guard rail: 0.0000, Bridge: 0.0000, Tunnel: 0.7532, Pole: 0.8211, Pole group: 0.8343, Traffic light: 0.9341, Traffic sign: 0.8024, Vegetation: 0.9863, Terrain: 0.5269, Sky: 0.0000, Person: 0.9249, Rider: 0.0000, Car: 0.0000, Truck: 0.0000, Bus: 0.0000, Caravan: 0.7147, Trailer: 0.0000, Train: 0.0000, Motorcycle: 0.0000, Bicycle: 0.0000 }
        MeanDICE: 0.5951
    

    Epoch 18:
      Train Loss: 0.9748, Train Accuracy: 0.9100
      Val Loss: 0.9749
      Metrics:
        val_loss: 0.9749
        val_accuracy: 0.9082
        IoU: { Unlabeled: 0.4596, Static: 0.0000, Dynamic: 0.0000, Ground: 0.9380, Road: 0.7525, Sidewalk: 0.0000, Parking: 0.0000, Rail track: 0.8605, Building: 0.0000, Wall: 0.6183, Fence: 0.0000, Guard rail: 0.0000, Bridge: 0.0000, Tunnel: 0.6263, Pole: 0.6806, Pole group: 0.7742, Traffic light: 0.8743, Traffic sign: 0.6442, Vegetation: 0.9750, Terrain: 0.4742, Sky: 0.0000, Person: 0.8538, Rider: 0.0000, Car: 0.0000, Truck: 0.0000, Bus: 0.0000, Caravan: 0.5823, Trailer: 0.0000, Train: 0.0000, Motorcycle: 0.0000, Bicycle: 0.0000 }
        MeanIoU: 0.5263
        PixelAccuracy: 0.9084
        DICE: { Unlabeled: 0.6291, Static: 0.0000, Dynamic: 0.0000, Ground: 0.9680, Road: 0.8579, Sidewalk: 0.0000, Parking: 0.0000, Rail track: 0.9247, Building: 0.0000, Wall: 0.7585, Fence: 0.0000, Guard rail: 0.0000, Bridge: 0.0000, Tunnel: 0.7657, Pole: 0.8030, Pole group: 0.8679, Traffic light: 0.9328, Traffic sign: 0.7780, Vegetation: 0.9873, Terrain: 0.6349, Sky: 0.0000, Person: 0.9205, Rider: 0.0000, Car: 0.0000, Truck: 0.0000, Bus: 0.0000, Caravan: 0.6736, Trailer: 0.0000, Train: 0.0000, Motorcycle: 0.0000, Bicycle: 0.0000 }
        MeanDICE: 0.5984
    

    Epoch 19:
      Train Loss: 0.9748, Train Accuracy: 0.9090
      Val Loss: 0.9751
      Metrics:
        val_loss: 0.9751
        val_accuracy: 0.9172
        IoU: { Unlabeled: 0.4845, Static: 0.0000, Dynamic: 0.0000, Ground: 0.9553, Road: 0.7423, Sidewalk: 0.0000, Parking: 0.0000, Rail track: 0.8616, Building: 0.0000, Wall: 0.6402, Fence: 0.0000, Guard rail: 0.0000, Bridge: 0.0000, Tunnel: 0.6334, Pole: 0.7016, Pole group: 0.7591, Traffic light: 0.8850, Traffic sign: 0.6590, Vegetation: 0.9726, Terrain: 0.4428, Sky: 0.0000, Person: 0.8645, Rider: 0.0000, Car: 0.0000, Truck: 0.0000, Bus: 0.0000, Caravan: 0.6343, Trailer: 0.0000, Train: 0.0000, Motorcycle: 0.0000, Bicycle: 0.0000 }
        MeanIoU: 0.5325
        PixelAccuracy: 0.9174
        DICE: { Unlabeled: 0.6520, Static: 0.0000, Dynamic: 0.0000, Ground: 0.9771, Road: 0.8511, Sidewalk: 0.0000, Parking: 0.0000, Rail track: 0.9252, Building: 0.0000, Wall: 0.7765, Fence: 0.0000, Guard rail: 0.0000, Bridge: 0.0000, Tunnel: 0.7708, Pole: 0.8196, Pole group: 0.8561, Traffic light: 0.9389, Traffic sign: 0.7896, Vegetation: 0.9861, Terrain: 0.5999, Sky: 0.0000, Person: 0.9268, Rider: 0.0000, Car: 0.0000, Truck: 0.0000, Bus: 0.0000, Caravan: 0.7250, Trailer: 0.0000, Train: 0.0000, Motorcycle: 0.0000, Bicycle: 0.0000 }
        MeanDICE: 0.6030
    

    Epoch 20:
      Train Loss: 0.9747, Train Accuracy: 0.9126
      Val Loss: 0.9752
      Metrics:
        val_loss: 0.9752
        val_accuracy: 0.9103
        IoU: { Unlabeled: 0.4675, Static: 0.0000, Dynamic: 0.0000, Ground: 0.9410, Road: 0.7110, Sidewalk: 0.0000, Parking: 0.0000, Rail track: 0.8634, Building: 0.0000, Wall: 0.5833, Fence: 0.0000, Guard rail: 0.0000, Bridge: 0.0000, Tunnel: 0.6335, Pole: 0.7191, Pole group: 0.7321, Traffic light: 0.8871, Traffic sign: 0.6042, Vegetation: 0.9747, Terrain: 0.4728, Sky: 0.0000, Person: 0.8507, Rider: 0.0000, Car: 0.0000, Truck: 0.0000, Bus: 0.0000, Caravan: 0.6124, Trailer: 0.0000, Train: 0.0000, Motorcycle: 0.0000, Bicycle: 0.0000 }
        MeanIoU: 0.5231
        PixelAccuracy: 0.9105
        DICE: { Unlabeled: 0.6364, Static: 0.0000, Dynamic: 0.0000, Ground: 0.9695, Road: 0.8297, Sidewalk: 0.0000, Parking: 0.0000, Rail track: 0.9264, Building: 0.0000, Wall: 0.7293, Fence: 0.0000, Guard rail: 0.0000, Bridge: 0.0000, Tunnel: 0.7711, Pole: 0.8309, Pole group: 0.8391, Traffic light: 0.9401, Traffic sign: 0.7472, Vegetation: 0.9872, Terrain: 0.6320, Sky: 0.0000, Person: 0.9188, Rider: 0.0000, Car: 0.0000, Truck: 0.0000, Bus: 0.0000, Caravan: 0.7127, Trailer: 0.0000, Train: 0.0000, Motorcycle: 0.0000, Bicycle: 0.0000 }
        MeanDICE: 0.5966
    

    Epoch 21:
      Train Loss: 0.9747, Train Accuracy: 0.9122
      Val Loss: 0.9749
      Metrics:
        val_loss: 0.9749
        val_accuracy: 0.9100
        IoU: { Unlabeled: 0.4758, Static: 0.0000, Dynamic: 0.0000, Ground: 0.9410, Road: 0.7418, Sidewalk: 0.0000, Parking: 0.0000, Rail track: 0.8519, Building: 0.0000, Wall: 0.6509, Fence: 0.0000, Guard rail: 0.0000, Bridge: 0.0000, Tunnel: 0.6408, Pole: 0.6814, Pole group: 0.7258, Traffic light: 0.8822, Traffic sign: 0.6450, Vegetation: 0.9735, Terrain: 0.3649, Sky: 0.0000, Person: 0.8279, Rider: 0.0000, Car: 0.0000, Truck: 0.0000, Bus: 0.0000, Caravan: 0.6246, Trailer: 0.0000, Train: 0.0000, Motorcycle: 0.0000, Bicycle: 0.0000 }
        MeanIoU: 0.5216
        PixelAccuracy: 0.9102
        DICE: { Unlabeled: 0.6441, Static: 0.0000, Dynamic: 0.0000, Ground: 0.9695, Road: 0.8506, Sidewalk: 0.0000, Parking: 0.0000, Rail track: 0.9197, Building: 0.0000, Wall: 0.7852, Fence: 0.0000, Guard rail: 0.0000, Bridge: 0.0000, Tunnel: 0.7770, Pole: 0.8052, Pole group: 0.8345, Traffic light: 0.9373, Traffic sign: 0.7787, Vegetation: 0.9865, Terrain: 0.5179, Sky: 0.0000, Person: 0.9048, Rider: 0.0000, Car: 0.0000, Truck: 0.0000, Bus: 0.0000, Caravan: 0.7195, Trailer: 0.0000, Train: 0.0000, Motorcycle: 0.0000, Bicycle: 0.0000 }
        MeanDICE: 0.5944
    

    Epoch 22:
      Train Loss: 0.9747, Train Accuracy: 0.9128
      Val Loss: 0.9772
      Metrics:
        val_loss: 0.9772
        val_accuracy: 0.7395
        IoU: { Unlabeled: 0.3173, Static: 0.0000, Dynamic: 0.0000, Ground: 0.4387, Road: 0.5011, Sidewalk: 0.0000, Parking: 0.0000, Rail track: 0.5870, Building: 0.0000, Wall: 0.6008, Fence: 0.0000, Guard rail: 0.0000, Bridge: 0.0000, Tunnel: 0.6002, Pole: 0.7078, Pole group: 0.6990, Traffic light: 0.7935, Traffic sign: 0.5755, Vegetation: 0.8848, Terrain: 0.2349, Sky: 0.0000, Person: 0.5332, Rider: 0.0000, Car: 0.0000, Truck: 0.0000, Bus: 0.0000, Caravan: 0.6251, Trailer: 0.0000, Train: 0.0000, Motorcycle: 0.0000, Bicycle: 0.0000 }
        MeanIoU: 0.4207
        PixelAccuracy: 0.7388
        DICE: { Unlabeled: 0.4811, Static: 0.0000, Dynamic: 0.0000, Ground: 0.6090, Road: 0.6649, Sidewalk: 0.0000, Parking: 0.0000, Rail track: 0.7387, Building: 0.0000, Wall: 0.7463, Fence: 0.0000, Guard rail: 0.0000, Bridge: 0.0000, Tunnel: 0.7458, Pole: 0.8235, Pole group: 0.8145, Traffic light: 0.8844, Traffic sign: 0.7246, Vegetation: 0.9383, Terrain: 0.3650, Sky: 0.0000, Person: 0.6905, Rider: 0.0000, Car: 0.0000, Truck: 0.0000, Bus: 0.0000, Caravan: 0.7111, Trailer: 0.0000, Train: 0.0000, Motorcycle: 0.0000, Bicycle: 0.0000 }
        MeanDICE: 0.5163
    

    Epoch 23:
      Train Loss: 0.9747, Train Accuracy: 0.9125
      Val Loss: 0.9748
      Metrics:
        val_loss: 0.9748
        val_accuracy: 0.9140
        IoU: { Unlabeled: 0.4804, Static: 0.0000, Dynamic: 0.0000, Ground: 0.9526, Road: 0.7337, Sidewalk: 0.0000, Parking: 0.0000, Rail track: 0.8510, Building: 0.0000, Wall: 0.6481, Fence: 0.0000, Guard rail: 0.0000, Bridge: 0.0000, Tunnel: 0.6345, Pole: 0.7118, Pole group: 0.7686, Traffic light: 0.8871, Traffic sign: 0.6604, Vegetation: 0.9746, Terrain: 0.4111, Sky: 0.0000, Person: 0.8650, Rider: 0.0000, Car: 0.0000, Truck: 0.0000, Bus: 0.0000, Caravan: 0.6206, Trailer: 0.0000, Train: 0.0000, Motorcycle: 0.0000, Bicycle: 0.0000 }
        MeanIoU: 0.5307
        PixelAccuracy: 0.9143
        DICE: { Unlabeled: 0.6483, Static: 0.0000, Dynamic: 0.0000, Ground: 0.9757, Road: 0.8452, Sidewalk: 0.0000, Parking: 0.0000, Rail track: 0.9192, Building: 0.0000, Wall: 0.7822, Fence: 0.0000, Guard rail: 0.0000, Bridge: 0.0000, Tunnel: 0.7714, Pole: 0.8262, Pole group: 0.8628, Traffic light: 0.9401, Traffic sign: 0.7907, Vegetation: 0.9871, Terrain: 0.5708, Sky: 0.0000, Person: 0.9270, Rider: 0.0000, Car: 0.0000, Truck: 0.0000, Bus: 0.0000, Caravan: 0.7191, Trailer: 0.0000, Train: 0.0000, Motorcycle: 0.0000, Bicycle: 0.0000 }
        MeanDICE: 0.6015
    

    Epoch 24:
      Train Loss: 0.9747, Train Accuracy: 0.9121
      Val Loss: 0.9758
      Metrics:
        val_loss: 0.9758
        val_accuracy: 0.8896
        IoU: { Unlabeled: 0.4411, Static: 0.0000, Dynamic: 0.0000, Ground: 0.9226, Road: 0.5359, Sidewalk: 0.0000, Parking: 0.0000, Rail track: 0.7951, Building: 0.0000, Wall: 0.6332, Fence: 0.0000, Guard rail: 0.0000, Bridge: 0.0000, Tunnel: 0.6224, Pole: 0.7002, Pole group: 0.7224, Traffic light: 0.8048, Traffic sign: 0.6477, Vegetation: 0.9721, Terrain: 0.3054, Sky: 0.0000, Person: 0.7795, Rider: 0.0000, Car: 0.0000, Truck: 0.0000, Bus: 0.0000, Caravan: 0.6193, Trailer: 0.0000, Train: 0.0000, Motorcycle: 0.0000, Bicycle: 0.0000 }
        MeanIoU: 0.4942
        PixelAccuracy: 0.8896
        DICE: { Unlabeled: 0.6114, Static: 0.0000, Dynamic: 0.0000, Ground: 0.9596, Road: 0.6925, Sidewalk: 0.0000, Parking: 0.0000, Rail track: 0.8851, Building: 0.0001, Wall: 0.7717, Fence: 0.0000, Guard rail: 0.0000, Bridge: 0.0000, Tunnel: 0.7619, Pole: 0.8173, Pole group: 0.8294, Traffic light: 0.8914, Traffic sign: 0.7795, Vegetation: 0.9858, Terrain: 0.4531, Sky: 0.0000, Person: 0.8748, Rider: 0.0000, Car: 0.0000, Truck: 0.0000, Bus: 0.0000, Caravan: 0.7107, Trailer: 0.0000, Train: 0.0000, Motorcycle: 0.0000, Bicycle: 0.0000 }
        MeanDICE: 0.5733
    

    Epoch 25:
      Train Loss: 0.9747, Train Accuracy: 0.9123
      Val Loss: 0.9747
      Metrics:
        val_loss: 0.9747
        val_accuracy: 0.9227
        IoU: { Unlabeled: 0.5004, Static: 0.0000, Dynamic: 0.0000, Ground: 0.9594, Road: 0.7670, Sidewalk: 0.0000, Parking: 0.0000, Rail track: 0.8763, Building: 0.0000, Wall: 0.6791, Fence: 0.0000, Guard rail: 0.0000, Bridge: 0.0000, Tunnel: 0.6564, Pole: 0.7365, Pole group: 0.7734, Traffic light: 0.8978, Traffic sign: 0.6828, Vegetation: 0.9760, Terrain: 0.4766, Sky: 0.0000, Person: 0.8773, Rider: 0.0000, Car: 0.0000, Truck: 0.0000, Bus: 0.0000, Caravan: 0.6387, Trailer: 0.0000, Train: 0.0000, Motorcycle: 0.0000, Bicycle: 0.0000 }
        MeanIoU: 0.5462
        PixelAccuracy: 0.9229
        DICE: { Unlabeled: 0.6664, Static: 0.0000, Dynamic: 0.0000, Ground: 0.9792, Road: 0.8672, Sidewalk: 0.0000, Parking: 0.0000, Rail track: 0.9338, Building: 0.0000, Wall: 0.8062, Fence: 0.0000, Guard rail: 0.0000, Bridge: 0.0000, Tunnel: 0.7887, Pole: 0.8431, Pole group: 0.8642, Traffic light: 0.9461, Traffic sign: 0.8067, Vegetation: 0.9878, Terrain: 0.6362, Sky: 0.0000, Person: 0.9341, Rider: 0.0000, Car: 0.0000, Truck: 0.0000, Bus: 0.0000, Caravan: 0.7287, Trailer: 0.0000, Train: 0.0000, Motorcycle: 0.0000, Bicycle: 0.0000 }
        MeanDICE: 0.6132
    

    Epoch 26:
      Train Loss: 0.9746, Train Accuracy: 0.9147
      Val Loss: 0.9752
      Metrics:
        val_loss: 0.9752
        val_accuracy: 0.8801
        IoU: { Unlabeled: 0.4094, Static: 0.0000, Dynamic: 0.0000, Ground: 0.9495, Road: 0.7127, Sidewalk: 0.0000, Parking: 0.0000, Rail track: 0.7191, Building: 0.0000, Wall: 0.5901, Fence: 0.0000, Guard rail: 0.0000, Bridge: 0.0000, Tunnel: 0.6358, Pole: 0.6891, Pole group: 0.7445, Traffic light: 0.8410, Traffic sign: 0.6564, Vegetation: 0.9728, Terrain: 0.3554, Sky: 0.0000, Person: 0.8376, Rider: 0.0000, Car: 0.0000, Truck: 0.0000, Bus: 0.0000, Caravan: 0.5889, Trailer: 0.0000, Train: 0.0000, Motorcycle: 0.0000, Bicycle: 0.0000 }
        MeanIoU: 0.5047
        PixelAccuracy: 0.8802
        DICE: { Unlabeled: 0.5804, Static: 0.0000, Dynamic: 0.0000, Ground: 0.9740, Road: 0.8311, Sidewalk: 0.0000, Parking: 0.0000, Rail track: 0.8360, Building: 0.0000, Wall: 0.7368, Fence: 0.0000, Guard rail: 0.0000, Bridge: 0.0000, Tunnel: 0.7729, Pole: 0.8104, Pole group: 0.8451, Traffic light: 0.9135, Traffic sign: 0.7870, Vegetation: 0.9862, Terrain: 0.5131, Sky: 0.0000, Person: 0.9110, Rider: 0.0000, Car: 0.0000, Truck: 0.0000, Bus: 0.0000, Caravan: 0.6794, Trailer: 0.0000, Train: 0.0000, Motorcycle: 0.0000, Bicycle: 0.0000 }
        MeanDICE: 0.5813
    

    Epoch 27:
      Train Loss: 0.9747, Train Accuracy: 0.9131
      Val Loss: 0.9749
      Metrics:
        val_loss: 0.9749
        val_accuracy: 0.9206
        IoU: { Unlabeled: 0.4829, Static: 0.0000, Dynamic: 0.0000, Ground: 0.9602, Road: 0.7596, Sidewalk: 0.0000, Parking: 0.0000, Rail track: 0.8703, Building: 0.0004, Wall: 0.6702, Fence: 0.0000, Guard rail: 0.0000, Bridge: 0.0000, Tunnel: 0.5960, Pole: 0.7349, Pole group: 0.7708, Traffic light: 0.8918, Traffic sign: 0.6575, Vegetation: 0.9744, Terrain: 0.5021, Sky: 0.0000, Person: 0.8635, Rider: 0.0000, Car: 0.0000, Truck: 0.0000, Bus: 0.0000, Caravan: 0.6127, Trailer: 0.0000, Train: 0.0000, Motorcycle: 0.0000, Bicycle: 0.0000 }
        MeanIoU: 0.5384
        PixelAccuracy: 0.9208
        DICE: { Unlabeled: 0.6507, Static: 0.0000, Dynamic: 0.0000, Ground: 0.9796, Road: 0.8623, Sidewalk: 0.0000, Parking: 0.0000, Rail track: 0.9304, Building: 0.0008, Wall: 0.7994, Fence: 0.0000, Guard rail: 0.0000, Bridge: 0.0000, Tunnel: 0.7383, Pole: 0.8424, Pole group: 0.8630, Traffic light: 0.9427, Traffic sign: 0.7881, Vegetation: 0.9870, Terrain: 0.6593, Sky: 0.0000, Person: 0.9259, Rider: 0.0000, Car: 0.0000, Truck: 0.0000, Bus: 0.0000, Caravan: 0.7135, Trailer: 0.0000, Train: 0.0000, Motorcycle: 0.0000, Bicycle: 0.0000 }
        MeanDICE: 0.6077
    

    Epoch 28:
      Train Loss: 0.9746, Train Accuracy: 0.9142
      Val Loss: 0.9753
      Metrics:
        val_loss: 0.9753
        val_accuracy: 0.8975
        IoU: { Unlabeled: 0.4358, Static: 0.0000, Dynamic: 0.0000, Ground: 0.9158, Road: 0.7269, Sidewalk: 0.0000, Parking: 0.0000, Rail track: 0.8189, Building: 0.0000, Wall: 0.5948, Fence: 0.0000, Guard rail: 0.0000, Bridge: 0.0000, Tunnel: 0.6238, Pole: 0.6470, Pole group: 0.7447, Traffic light: 0.8478, Traffic sign: 0.6412, Vegetation: 0.9728, Terrain: 0.3640, Sky: 0.0000, Person: 0.8016, Rider: 0.0000, Car: 0.0001, Truck: 0.0000, Bus: 0.0000, Caravan: 0.6228, Trailer: 0.0000, Train: 0.0000, Motorcycle: 0.0000, Bicycle: 0.0000 }
        MeanIoU: 0.5076
        PixelAccuracy: 0.8975
        DICE: { Unlabeled: 0.6063, Static: 0.0000, Dynamic: 0.0000, Ground: 0.9560, Road: 0.8410, Sidewalk: 0.0000, Parking: 0.0000, Rail track: 0.8999, Building: 0.0000, Wall: 0.7409, Fence: 0.0000, Guard rail: 0.0000, Bridge: 0.0000, Tunnel: 0.7633, Pole: 0.7770, Pole group: 0.8463, Traffic light: 0.9173, Traffic sign: 0.7763, Vegetation: 0.9862, Terrain: 0.5122, Sky: 0.0000, Person: 0.8889, Rider: 0.0000, Car: 0.0003, Truck: 0.0000, Bus: 0.0000, Caravan: 0.7162, Trailer: 0.0000, Train: 0.0000, Motorcycle: 0.0000, Bicycle: 0.0000 }
        MeanDICE: 0.5839
    

    Epoch 29:
      Train Loss: 0.9746, Train Accuracy: 0.9146
      Val Loss: 0.9749
      Metrics:
        val_loss: 0.9749
        val_accuracy: 0.9047
        IoU: { Unlabeled: 0.4641, Static: 0.0000, Dynamic: 0.0000, Ground: 0.9550, Road: 0.7168, Sidewalk: 0.0000, Parking: 0.0000, Rail track: 0.8283, Building: 0.0000, Wall: 0.6091, Fence: 0.0000, Guard rail: 0.0000, Bridge: 0.0000, Tunnel: 0.5881, Pole: 0.6169, Pole group: 0.7273, Traffic light: 0.8849, Traffic sign: 0.6744, Vegetation: 0.9725, Terrain: 0.4200, Sky: 0.0000, Person: 0.7975, Rider: 0.0000, Car: 0.0000, Truck: 0.0000, Bus: 0.0000, Caravan: 0.5752, Trailer: 0.0000, Train: 0.0000, Motorcycle: 0.0000, Bicycle: 0.0000 }
        MeanIoU: 0.5114
        PixelAccuracy: 0.9050
        DICE: { Unlabeled: 0.6332, Static: 0.0000, Dynamic: 0.0000, Ground: 0.9769, Road: 0.8335, Sidewalk: 0.0000, Parking: 0.0000, Rail track: 0.9058, Building: 0.0000, Wall: 0.7529, Fence: 0.0000, Guard rail: 0.0000, Bridge: 0.0000, Tunnel: 0.7325, Pole: 0.7556, Pole group: 0.8343, Traffic light: 0.9388, Traffic sign: 0.8011, Vegetation: 0.9860, Terrain: 0.5768, Sky: 0.0000, Person: 0.8859, Rider: 0.0000, Car: 0.0000, Truck: 0.0000, Bus: 0.0000, Caravan: 0.6739, Trailer: 0.0000, Train: 0.0000, Motorcycle: 0.0000, Bicycle: 0.0000 }
        MeanDICE: 0.5871
    

    Epoch 30:
      Train Loss: 0.9746, Train Accuracy: 0.9155
      Val Loss: 0.9748
      Metrics:
        val_loss: 0.9748
        val_accuracy: 0.9196
        IoU: { Unlabeled: 0.4933, Static: 0.0000, Dynamic: 0.0000, Ground: 0.9568, Road: 0.7582, Sidewalk: 0.0000, Parking: 0.0000, Rail track: 0.8685, Building: 0.0000, Wall: 0.6111, Fence: 0.0000, Guard rail: 0.0000, Bridge: 0.0000, Tunnel: 0.6290, Pole: 0.7311, Pole group: 0.7733, Traffic light: 0.8940, Traffic sign: 0.6850, Vegetation: 0.9748, Terrain: 0.4562, Sky: 0.0000, Person: 0.8594, Rider: 0.0000, Car: 0.0000, Truck: 0.0000, Bus: 0.0000, Caravan: 0.6349, Trailer: 0.0000, Train: 0.0000, Motorcycle: 0.0000, Bicycle: 0.0000 }
        MeanIoU: 0.5372
        PixelAccuracy: 0.9198
        DICE: { Unlabeled: 0.6600, Static: 0.0000, Dynamic: 0.0000, Ground: 0.9778, Road: 0.8617, Sidewalk: 0.0000, Parking: 0.0000, Rail track: 0.9293, Building: 0.0000, Wall: 0.7533, Fence: 0.0000, Guard rail: 0.0000, Bridge: 0.0000, Tunnel: 0.7669, Pole: 0.8392, Pole group: 0.8658, Traffic light: 0.9439, Traffic sign: 0.8088, Vegetation: 0.9872, Terrain: 0.6163, Sky: 0.0000, Person: 0.9237, Rider: 0.0000, Car: 0.0000, Truck: 0.0000, Bus: 0.0000, Caravan: 0.7280, Trailer: 0.0000, Train: 0.0000, Motorcycle: 0.0000, Bicycle: 0.0000 }
        MeanDICE: 0.6065
    
Results on Test Data Set :
  IoU:
    0 (Unlabeled): 0.49210304021835327
    1 (Static): 0.000000
    2 (Dynamic): 0.000000
    3 (Ground): 0.9578329920768738
    4 (Road): 0.7739983201026917
    5 (Sidewalk): 0.000000
    6 (Parking): 0.000000
    7 (Rail track): 0.8726059794425964
    8 (Building): 0.0
    9 (Wall): 0.5808322429656982
    10 (Fence): 0.000000
    11 (Guard rail): 0.000000
    12 (Bridge): 0.000000
    13 (Tunnel): 0.653742253780365
    14 (Pole): 0.7327958941459656
    15 (Pole group): 0.7782608866691589
    16 (Traffic light): 0.891148030757904
    17 (Traffic sign): 0.7000687122344971
    18 (Vegetation): 0.975260853767395
    19 (Terrain): 0.4822303354740143
    20 (Sky): 0.0
    21 (Person): 0.8641616106033325
    22 (Rider): 0.0
    23 (Car): 0.0
    24 (Truck): 0.0
    25 (Bus): 0.0
    26 (Caravan): 0.546962559223175
    27 (Trailer): 0.0
    28 (Train): 0.000000
    29 (Motorcycle): 0.0
    30 (Bicycle): 0.000000
  MeanIoU: 0.534926
  PixelAccuracy: 0.919286
  DICE:
    0 (Unlabeled): 0.6589933633804321
    1 (Static): 0.000000
    2 (Dynamic): 0.000000
    3 (Ground): 0.9784089922904968
    4 (Road): 0.8714704513549805
    5 (Sidewalk): 0.000000
    6 (Parking): 0.000000
    7 (Rail track): 0.9317788481712341
    8 (Building): 0.0
    9 (Wall): 0.7290847301483154
    10 (Fence): 0.000000
    11 (Guard rail): 0.000000
    12 (Bridge): 0.000000
    13 (Tunnel): 0.7865698933601379
    14 (Pole): 0.8429533243179321
    15 (Pole group): 0.8711844086647034
    16 (Traffic light): 0.9423323273658752
    17 (Traffic sign): 0.8195980787277222
    18 (Vegetation): 0.9874691963195801
    19 (Terrain): 0.638921320438385
    20 (Sky): 0.0
    21 (Person): 0.9267117977142334
    22 (Rider): 0.0
    23 (Car): 0.0
    24 (Truck): 0.0
    25 (Bus): 0.0
    26 (Caravan): 0.6392446160316467
    27 (Trailer): 0.0
    28 (Train): 0.000000
    29 (Motorcycle): 0.0
    30 (Bicycle): 0.000000
  MeanDICE: 0.603574
  val_loss: 0.974733
  val_accuracy: 0.919233

