Model: UNetWithResNet
Loss Function: CrossEntropyLoss
Optimizer: Adam
Learning Rate: 0.0001
Scheduler: CosineAnnealingLR
Scheduler Params: {'T_max': 10, 'eta_min': 1e-06}
Batch Size: 16
Epochs: 50
Seed: 42
Dataset Details:
Dataset Path: /net/ens/am4ip/datasets/project-dataset
Train Split: 0.8
Validation Split: 0.1
Test Split: 0.1
Augmentation Details:
Use Augmentation: False

    Epoch 1:
      Train Loss: 3.2117, Train Accuracy: 0.6595
      Val Loss: 3.0036
      Metrics:
        val_loss: 3.0036
        val_accuracy: 0.7356
        IoU: { Unlabeled: 0.0000, Unused: 0.0000, Unused: 0.0000, Unused: 0.0000, Static: 0.0000, Dynamic: 0.0000, Ground: 0.0000, Road: 0.8013, Sidewalk: 0.0000, Parking: 0.0000, Rail track: 0.0000, Building: 0.6279, Wall: 0.0000, Fence: 0.0000, Guard rail: 0.0000, Bridge: 0.0000, Tunnel: 0.0000, Pole: 0.0000, Pole group: 0.0000, Traffic light: 0.0000, Traffic sign: 0.0000, Vegetation: 0.6504, Terrain: 0.0000, Sky: 0.8705, Person: 0.0000, Rider: 0.0000, Car: 0.0000, Truck: 0.0000, Bus: 0.0000, Caravan: 0.0000, Trailer: 0.0000, Train: 0.0000, Motorcycle: 0.0000, Bicycle: 0.0000 }
        MeanIoU: 0.1328
        PixelAccuracy: 0.7363
        DICE: { Unlabeled: 0.0000, Unused: 0.0000, Unused: 0.0000, Unused: 0.0000, Static: 0.0000, Dynamic: 0.0000, Ground: 0.0000, Road: 0.8896, Sidewalk: 0.0000, Parking: 0.0000, Rail track: 0.0000, Building: 0.7705, Wall: 0.0000, Fence: 0.0000, Guard rail: 0.0000, Bridge: 0.0000, Tunnel: 0.0000, Pole: 0.0000, Pole group: 0.0000, Traffic light: 0.0000, Traffic sign: 0.0000, Vegetation: 0.7876, Terrain: 0.0000, Sky: 0.9306, Person: 0.0000, Rider: 0.0000, Car: 0.0000, Truck: 0.0000, Bus: 0.0000, Caravan: 0.0000, Trailer: 0.0000, Train: 0.0000, Motorcycle: 0.0000, Bicycle: 0.0000 }
        MeanDICE: 0.1520
    

    Epoch 2:
      Train Loss: 2.9105, Train Accuracy: 0.7588
      Val Loss: 2.8446
      Metrics:
        val_loss: 2.8446
        val_accuracy: 0.7793
        IoU: { Unlabeled: 0.0000, Unused: 0.0000, Unused: 0.0000, Unused: 0.0000, Static: 0.0000, Dynamic: 0.0000, Ground: 0.0000, Road: 0.7715, Sidewalk: 0.0000, Parking: 0.0000, Rail track: 0.0000, Building: 0.6530, Wall: 0.0000, Fence: 0.0000, Guard rail: 0.0000, Bridge: 0.0000, Tunnel: 0.0000, Pole: 0.0000, Pole group: 0.0000, Traffic light: 0.0000, Traffic sign: 0.0000, Vegetation: 0.7253, Terrain: 0.0000, Sky: 0.9045, Person: 0.0000, Rider: 0.0000, Car: 0.0000, Truck: 0.0000, Bus: 0.0000, Caravan: 0.0000, Trailer: 0.0000, Train: 0.0000, Motorcycle: 0.0000, Bicycle: 0.0000 }
        MeanIoU: 0.1538
        PixelAccuracy: 0.7801
        DICE: { Unlabeled: 0.0000, Unused: 0.0000, Unused: 0.0000, Unused: 0.0000, Static: 0.0000, Dynamic: 0.0000, Ground: 0.0000, Road: 0.8708, Sidewalk: 0.0000, Parking: 0.0000, Rail track: 0.0000, Building: 0.7896, Wall: 0.0000, Fence: 0.0000, Guard rail: 0.0000, Bridge: 0.0000, Tunnel: 0.0000, Pole: 0.0000, Pole group: 0.0000, Traffic light: 0.0000, Traffic sign: 0.0000, Vegetation: 0.8404, Terrain: 0.0000, Sky: 0.9498, Person: 0.0000, Rider: 0.0000, Car: 0.0000, Truck: 0.0000, Bus: 0.0000, Caravan: 0.0000, Trailer: 0.0000, Train: 0.0000, Motorcycle: 0.0000, Bicycle: 0.0000 }
        MeanDICE: 0.1738
    

    Epoch 3:
      Train Loss: 2.8245, Train Accuracy: 0.7802
      Val Loss: 2.8104
      Metrics:
        val_loss: 2.8104
        val_accuracy: 0.7839
        IoU: { Unlabeled: 0.0000, Unused: 0.0000, Unused: 0.0000, Unused: 0.0000, Static: 0.0000, Dynamic: 0.0000, Ground: 0.0000, Road: 0.7330, Sidewalk: 0.0000, Parking: 0.0000, Rail track: 0.0000, Building: 0.7113, Wall: 0.0000, Fence: 0.0000, Guard rail: 0.0000, Bridge: 0.0000, Tunnel: 0.0000, Pole: 0.0000, Pole group: 0.0000, Traffic light: 0.0000, Traffic sign: 0.0000, Vegetation: 0.7485, Terrain: 0.0000, Sky: 0.9069, Person: 0.0000, Rider: 0.0000, Car: 0.0000, Truck: 0.0000, Bus: 0.0000, Caravan: 0.0000, Trailer: 0.0000, Train: 0.0000, Motorcycle: 0.0000, Bicycle: 0.0000 }
        MeanIoU: 0.1620
        PixelAccuracy: 0.7847
        DICE: { Unlabeled: 0.0000, Unused: 0.0000, Unused: 0.0000, Unused: 0.0000, Static: 0.0000, Dynamic: 0.0000, Ground: 0.0000, Road: 0.8455, Sidewalk: 0.0000, Parking: 0.0000, Rail track: 0.0000, Building: 0.8311, Wall: 0.0000, Fence: 0.0000, Guard rail: 0.0000, Bridge: 0.0000, Tunnel: 0.0000, Pole: 0.0000, Pole group: 0.0000, Traffic light: 0.0000, Traffic sign: 0.0000, Vegetation: 0.8558, Terrain: 0.0000, Sky: 0.9511, Person: 0.0000, Rider: 0.0000, Car: 0.0000, Truck: 0.0000, Bus: 0.0000, Caravan: 0.0000, Trailer: 0.0000, Train: 0.0000, Motorcycle: 0.0000, Bicycle: 0.0000 }
        MeanDICE: 0.1820
    

    Epoch 4:
      Train Loss: 2.8015, Train Accuracy: 0.7932
      Val Loss: 2.7854
      Metrics:
        val_loss: 2.7854
        val_accuracy: 0.8168
        IoU: { Unlabeled: 0.0000, Unused: 0.0000, Unused: 0.0000, Unused: 0.0000, Static: 0.0000, Dynamic: 0.0000, Ground: 0.0000, Road: 0.8231, Sidewalk: 0.0000, Parking: 0.0000, Rail track: 0.0000, Building: 0.7199, Wall: 0.0000, Fence: 0.0000, Guard rail: 0.0000, Bridge: 0.0000, Tunnel: 0.0000, Pole: 0.0000, Pole group: 0.0000, Traffic light: 0.0000, Traffic sign: 0.0000, Vegetation: 0.7510, Terrain: 0.0000, Sky: 0.9075, Person: 0.0000, Rider: 0.0000, Car: 0.6072, Truck: 0.0000, Bus: 0.0000, Caravan: 0.0000, Trailer: 0.0000, Train: 0.0000, Motorcycle: 0.0000, Bicycle: 0.0000 }
        MeanIoU: 0.1991
        PixelAccuracy: 0.8175
        DICE: { Unlabeled: 0.0000, Unused: 0.0000, Unused: 0.0000, Unused: 0.0000, Static: 0.0000, Dynamic: 0.0000, Ground: 0.0000, Road: 0.9027, Sidewalk: 0.0000, Parking: 0.0000, Rail track: 0.0000, Building: 0.8367, Wall: 0.0000, Fence: 0.0000, Guard rail: 0.0000, Bridge: 0.0000, Tunnel: 0.0000, Pole: 0.0000, Pole group: 0.0000, Traffic light: 0.0000, Traffic sign: 0.0000, Vegetation: 0.8574, Terrain: 0.0000, Sky: 0.9515, Person: 0.0000, Rider: 0.0000, Car: 0.7510, Truck: 0.0000, Bus: 0.0000, Caravan: 0.0000, Trailer: 0.0000, Train: 0.0000, Motorcycle: 0.0000, Bicycle: 0.0000 }
        MeanDICE: 0.2247
    

    Epoch 5:
      Train Loss: 2.7678, Train Accuracy: 0.8242
      Val Loss: 2.7610
      Metrics:
        val_loss: 2.7610
        val_accuracy: 0.8260
        IoU: { Unlabeled: 0.0042, Unused: 0.0000, Unused: 0.0000, Unused: 0.0000, Static: 0.0000, Dynamic: 0.0000, Ground: 0.0000, Road: 0.8561, Sidewalk: 0.0000, Parking: 0.0000, Rail track: 0.0000, Building: 0.7619, Wall: 0.0000, Fence: 0.0000, Guard rail: 0.0000, Bridge: 0.0000, Tunnel: 0.0000, Pole: 0.0000, Pole group: 0.0000, Traffic light: 0.0000, Traffic sign: 0.0000, Vegetation: 0.7620, Terrain: 0.0000, Sky: 0.9099, Person: 0.0000, Rider: 0.0000, Car: 0.5961, Truck: 0.0000, Bus: 0.0000, Caravan: 0.0000, Trailer: 0.0000, Train: 0.0000, Motorcycle: 0.0000, Bicycle: 0.0000 }
        MeanIoU: 0.2033
        PixelAccuracy: 0.8267
        DICE: { Unlabeled: 0.0083, Unused: 0.0000, Unused: 0.0000, Unused: 0.0000, Static: 0.0000, Dynamic: 0.0000, Ground: 0.0000, Road: 0.9223, Sidewalk: 0.0000, Parking: 0.0000, Rail track: 0.0000, Building: 0.8647, Wall: 0.0000, Fence: 0.0000, Guard rail: 0.0000, Bridge: 0.0000, Tunnel: 0.0000, Pole: 0.0000, Pole group: 0.0000, Traffic light: 0.0000, Traffic sign: 0.0000, Vegetation: 0.8645, Terrain: 0.0000, Sky: 0.9528, Person: 0.0000, Rider: 0.0000, Car: 0.7421, Truck: 0.0000, Bus: 0.0000, Caravan: 0.0000, Trailer: 0.0000, Train: 0.0000, Motorcycle: 0.0000, Bicycle: 0.0000 }
        MeanDICE: 0.2275
    

    Epoch 6:
      Train Loss: 2.7549, Train Accuracy: 0.8340
      Val Loss: 2.7481
      Metrics:
        val_loss: 2.7481
        val_accuracy: 0.8396
        IoU: { Unlabeled: 0.0000, Unused: 0.0000, Unused: 0.0000, Unused: 0.0000, Static: 0.0000, Dynamic: 0.0000, Ground: 0.0000, Road: 0.8947, Sidewalk: 0.3660, Parking: 0.0000, Rail track: 0.0000, Building: 0.7720, Wall: 0.0000, Fence: 0.1294, Guard rail: 0.0000, Bridge: 0.0000, Tunnel: 0.0000, Pole: 0.0000, Pole group: 0.0000, Traffic light: 0.0000, Traffic sign: 0.0000, Vegetation: 0.7883, Terrain: 0.0001, Sky: 0.9098, Person: 0.0000, Rider: 0.0000, Car: 0.6534, Truck: 0.0000, Bus: 0.0000, Caravan: 0.0000, Trailer: 0.0000, Train: 0.0000, Motorcycle: 0.0000, Bicycle: 0.0000 }
        MeanIoU: 0.2358
        PixelAccuracy: 0.8402
        DICE: { Unlabeled: 0.0000, Unused: 0.0000, Unused: 0.0000, Unused: 0.0000, Static: 0.0000, Dynamic: 0.0000, Ground: 0.0000, Road: 0.9444, Sidewalk: 0.5329, Parking: 0.0000, Rail track: 0.0000, Building: 0.8712, Wall: 0.0000, Fence: 0.2127, Guard rail: 0.0000, Bridge: 0.0000, Tunnel: 0.0000, Pole: 0.0000, Pole group: 0.0000, Traffic light: 0.0000, Traffic sign: 0.0000, Vegetation: 0.8813, Terrain: 0.0001, Sky: 0.9527, Person: 0.0000, Rider: 0.0000, Car: 0.7876, Truck: 0.0000, Bus: 0.0000, Caravan: 0.0000, Trailer: 0.0000, Train: 0.0000, Motorcycle: 0.0000, Bicycle: 0.0000 }
        MeanDICE: 0.2708
    

    Epoch 7:
      Train Loss: 2.7385, Train Accuracy: 0.8520
      Val Loss: 2.7289
      Metrics:
        val_loss: 2.7289
        val_accuracy: 0.8576
        IoU: { Unlabeled: 0.0000, Unused: 0.0000, Unused: 0.0000, Unused: 0.0000, Static: 0.0000, Dynamic: 0.0000, Ground: 0.0000, Road: 0.9061, Sidewalk: 0.5530, Parking: 0.0000, Rail track: 0.0000, Building: 0.7779, Wall: 0.0000, Fence: 0.5557, Guard rail: 0.0000, Bridge: 0.0000, Tunnel: 0.0000, Pole: 0.0000, Pole group: 0.0000, Traffic light: 0.0000, Traffic sign: 0.0000, Vegetation: 0.8015, Terrain: 0.5586, Sky: 0.9153, Person: 0.0000, Rider: 0.0000, Car: 0.7189, Truck: 0.0000, Bus: 0.0000, Caravan: 0.0000, Trailer: 0.0000, Train: 0.0000, Motorcycle: 0.0000, Bicycle: 0.0000 }
        MeanIoU: 0.3024
        PixelAccuracy: 0.8581
        DICE: { Unlabeled: 0.0000, Unused: 0.0000, Unused: 0.0000, Unused: 0.0000, Static: 0.0000, Dynamic: 0.0000, Ground: 0.0000, Road: 0.9507, Sidewalk: 0.7094, Parking: 0.0000, Rail track: 0.0000, Building: 0.8749, Wall: 0.0000, Fence: 0.7082, Guard rail: 0.0000, Bridge: 0.0000, Tunnel: 0.0000, Pole: 0.0000, Pole group: 0.0000, Traffic light: 0.0000, Traffic sign: 0.0000, Vegetation: 0.8896, Terrain: 0.7096, Sky: 0.9557, Person: 0.0000, Rider: 0.0000, Car: 0.8348, Truck: 0.0000, Bus: 0.0000, Caravan: 0.0000, Trailer: 0.0000, Train: 0.0000, Motorcycle: 0.0000, Bicycle: 0.0000 }
        MeanDICE: 0.3466
    

    Epoch 8:
      Train Loss: 2.7277, Train Accuracy: 0.8586
      Val Loss: 2.7246
      Metrics:
        val_loss: 2.7246
        val_accuracy: 0.8603
        IoU: { Unlabeled: 0.0000, Unused: 0.0000, Unused: 0.0000, Unused: 0.0000, Static: 0.0000, Dynamic: 0.0000, Ground: 0.0000, Road: 0.9180, Sidewalk: 0.5909, Parking: 0.0000, Rail track: 0.0000, Building: 0.7829, Wall: 0.0000, Fence: 0.5667, Guard rail: 0.0000, Bridge: 0.0000, Tunnel: 0.0000, Pole: 0.0000, Pole group: 0.0000, Traffic light: 0.0000, Traffic sign: 0.0000, Vegetation: 0.7945, Terrain: 0.5819, Sky: 0.9221, Person: 0.0000, Rider: 0.0000, Car: 0.7212, Truck: 0.0000, Bus: 0.0000, Caravan: 0.0000, Trailer: 0.0000, Train: 0.0000, Motorcycle: 0.0000, Bicycle: 0.0000 }
        MeanIoU: 0.3072
        PixelAccuracy: 0.8608
        DICE: { Unlabeled: 0.0000, Unused: 0.0000, Unused: 0.0000, Unused: 0.0000, Static: 0.0000, Dynamic: 0.0000, Ground: 0.0000, Road: 0.9572, Sidewalk: 0.7409, Parking: 0.0000, Rail track: 0.0000, Building: 0.8781, Wall: 0.0000, Fence: 0.7180, Guard rail: 0.0000, Bridge: 0.0000, Tunnel: 0.0000, Pole: 0.0000, Pole group: 0.0000, Traffic light: 0.0000, Traffic sign: 0.0000, Vegetation: 0.8852, Terrain: 0.7287, Sky: 0.9594, Person: 0.0000, Rider: 0.0000, Car: 0.8356, Truck: 0.0000, Bus: 0.0000, Caravan: 0.0000, Trailer: 0.0000, Train: 0.0000, Motorcycle: 0.0000, Bicycle: 0.0000 }
        MeanDICE: 0.3502
    

    Epoch 9:
      Train Loss: 2.7234, Train Accuracy: 0.8607
      Val Loss: 2.7225
      Metrics:
        val_loss: 2.7225
        val_accuracy: 0.8610
        IoU: { Unlabeled: 0.0001, Unused: 0.0000, Unused: 0.0000, Unused: 0.0000, Static: 0.0000, Dynamic: 0.0000, Ground: 0.0000, Road: 0.9163, Sidewalk: 0.5961, Parking: 0.0000, Rail track: 0.0000, Building: 0.7867, Wall: 0.0000, Fence: 0.5906, Guard rail: 0.0000, Bridge: 0.0000, Tunnel: 0.0000, Pole: 0.0000, Pole group: 0.0000, Traffic light: 0.0000, Traffic sign: 0.0000, Vegetation: 0.7886, Terrain: 0.5532, Sky: 0.9203, Person: 0.0000, Rider: 0.0000, Car: 0.7646, Truck: 0.0000, Bus: 0.0000, Caravan: 0.0000, Trailer: 0.0000, Train: 0.0000, Motorcycle: 0.0000, Bicycle: 0.0000 }
        MeanIoU: 0.3092
        PixelAccuracy: 0.8614
        DICE: { Unlabeled: 0.0002, Unused: 0.0000, Unused: 0.0000, Unused: 0.0000, Static: 0.0000, Dynamic: 0.0000, Ground: 0.0000, Road: 0.9563, Sidewalk: 0.7447, Parking: 0.0000, Rail track: 0.0000, Building: 0.8805, Wall: 0.0000, Fence: 0.7372, Guard rail: 0.0000, Bridge: 0.0000, Tunnel: 0.0000, Pole: 0.0000, Pole group: 0.0000, Traffic light: 0.0000, Traffic sign: 0.0000, Vegetation: 0.8815, Terrain: 0.7054, Sky: 0.9584, Person: 0.0000, Rider: 0.0000, Car: 0.8645, Truck: 0.0000, Bus: 0.0000, Caravan: 0.0000, Trailer: 0.0000, Train: 0.0000, Motorcycle: 0.0000, Bicycle: 0.0000 }
        MeanDICE: 0.3516
    

    Epoch 10:
      Train Loss: 2.7187, Train Accuracy: 0.8654
      Val Loss: 2.7145
      Metrics:
        val_loss: 2.7145
        val_accuracy: 0.8693
        IoU: { Unlabeled: 0.1124, Unused: 0.0000, Unused: 0.0000, Unused: 0.0000, Static: 0.0000, Dynamic: 0.0000, Ground: 0.0000, Road: 0.9299, Sidewalk: 0.6312, Parking: 0.0000, Rail track: 0.0000, Building: 0.8049, Wall: 0.0000, Fence: 0.5839, Guard rail: 0.0000, Bridge: 0.0000, Tunnel: 0.0000, Pole: 0.0000, Pole group: 0.0000, Traffic light: 0.0000, Traffic sign: 0.0000, Vegetation: 0.8054, Terrain: 0.6060, Sky: 0.9235, Person: 0.0000, Rider: 0.0000, Car: 0.7828, Truck: 0.0000, Bus: 0.0000, Caravan: 0.0000, Trailer: 0.0000, Train: 0.0000, Motorcycle: 0.0000, Bicycle: 0.0000 }
        MeanIoU: 0.3229
        PixelAccuracy: 0.8697
        DICE: { Unlabeled: 0.2017, Unused: 0.0000, Unused: 0.0000, Unused: 0.0000, Static: 0.0000, Dynamic: 0.0000, Ground: 0.0000, Road: 0.9636, Sidewalk: 0.7718, Parking: 0.0000, Rail track: 0.0000, Building: 0.8918, Wall: 0.0000, Fence: 0.7324, Guard rail: 0.0000, Bridge: 0.0000, Tunnel: 0.0000, Pole: 0.0000, Pole group: 0.0000, Traffic light: 0.0000, Traffic sign: 0.0000, Vegetation: 0.8920, Terrain: 0.7490, Sky: 0.9602, Person: 0.0000, Rider: 0.0000, Car: 0.8769, Truck: 0.0000, Bus: 0.0000, Caravan: 0.0000, Trailer: 0.0000, Train: 0.0000, Motorcycle: 0.0000, Bicycle: 0.0000 }
        MeanDICE: 0.3677
    

    Epoch 11:
      Train Loss: 2.7122, Train Accuracy: 0.8719
      Val Loss: 2.7099
      Metrics:
        val_loss: 2.7099
        val_accuracy: 0.8731
        IoU: { Unlabeled: 0.1441, Unused: 0.0000, Unused: 0.0000, Unused: 0.0000, Static: 0.0000, Dynamic: 0.0000, Ground: 0.0000, Road: 0.9330, Sidewalk: 0.6383, Parking: 0.0000, Rail track: 0.0000, Building: 0.8123, Wall: 0.0000, Fence: 0.6013, Guard rail: 0.0000, Bridge: 0.0000, Tunnel: 0.0000, Pole: 0.0000, Pole group: 0.0000, Traffic light: 0.0000, Traffic sign: 0.0000, Vegetation: 0.8278, Terrain: 0.6184, Sky: 0.9220, Person: 0.0000, Rider: 0.0000, Car: 0.7872, Truck: 0.0000, Bus: 0.0000, Caravan: 0.0000, Trailer: 0.0000, Train: 0.0000, Motorcycle: 0.0000, Bicycle: 0.0000 }
        MeanIoU: 0.3283
        PixelAccuracy: 0.8735
        DICE: { Unlabeled: 0.2515, Unused: 0.0000, Unused: 0.0000, Unused: 0.0000, Static: 0.0000, Dynamic: 0.0000, Ground: 0.0000, Road: 0.9653, Sidewalk: 0.7774, Parking: 0.0000, Rail track: 0.0000, Building: 0.8963, Wall: 0.0000, Fence: 0.7466, Guard rail: 0.0000, Bridge: 0.0000, Tunnel: 0.0000, Pole: 0.0000, Pole group: 0.0000, Traffic light: 0.0000, Traffic sign: 0.0000, Vegetation: 0.9056, Terrain: 0.7585, Sky: 0.9594, Person: 0.0000, Rider: 0.0000, Car: 0.8799, Truck: 0.0000, Bus: 0.0000, Caravan: 0.0000, Trailer: 0.0000, Train: 0.0000, Motorcycle: 0.0000, Bicycle: 0.0000 }
        MeanDICE: 0.3730
    

    Epoch 12:
      Train Loss: 2.7086, Train Accuracy: 0.8748
      Val Loss: 2.7072
      Metrics:
        val_loss: 2.7072
        val_accuracy: 0.8753
        IoU: { Unlabeled: 0.1770, Unused: 0.0000, Unused: 0.0000, Unused: 0.0000, Static: 0.0000, Dynamic: 0.0000, Ground: 0.0000, Road: 0.9382, Sidewalk: 0.6466, Parking: 0.0000, Rail track: 0.0000, Building: 0.8187, Wall: 0.0000, Fence: 0.6143, Guard rail: 0.0000, Bridge: 0.0000, Tunnel: 0.0000, Pole: 0.0000, Pole group: 0.0000, Traffic light: 0.0000, Traffic sign: 0.0000, Vegetation: 0.8340, Terrain: 0.6250, Sky: 0.9244, Person: 0.0000, Rider: 0.0000, Car: 0.7773, Truck: 0.0000, Bus: 0.0000, Caravan: 0.0000, Trailer: 0.0000, Train: 0.0000, Motorcycle: 0.0000, Bicycle: 0.0000 }
        MeanIoU: 0.3320
        PixelAccuracy: 0.8757
        DICE: { Unlabeled: 0.3002, Unused: 0.0000, Unused: 0.0000, Unused: 0.0000, Static: 0.0000, Dynamic: 0.0000, Ground: 0.0000, Road: 0.9680, Sidewalk: 0.7834, Parking: 0.0000, Rail track: 0.0000, Building: 0.9002, Wall: 0.0000, Fence: 0.7566, Guard rail: 0.0000, Bridge: 0.0000, Tunnel: 0.0000, Pole: 0.0000, Pole group: 0.0000, Traffic light: 0.0000, Traffic sign: 0.0000, Vegetation: 0.9093, Terrain: 0.7639, Sky: 0.9607, Person: 0.0000, Rider: 0.0000, Car: 0.8739, Truck: 0.0000, Bus: 0.0000, Caravan: 0.0000, Trailer: 0.0000, Train: 0.0000, Motorcycle: 0.0000, Bicycle: 0.0000 }
        MeanDICE: 0.3769
    

    Epoch 13:
      Train Loss: 2.7061, Train Accuracy: 0.8765
      Val Loss: 2.7054
      Metrics:
        val_loss: 2.7054
        val_accuracy: 0.8765
        IoU: { Unlabeled: 0.2029, Unused: 0.0000, Unused: 0.0000, Unused: 0.0000, Static: 0.0000, Dynamic: 0.0000, Ground: 0.0000, Road: 0.9365, Sidewalk: 0.6482, Parking: 0.0000, Rail track: 0.0000, Building: 0.8270, Wall: 0.0000, Fence: 0.6245, Guard rail: 0.0000, Bridge: 0.0000, Tunnel: 0.0000, Pole: 0.0000, Pole group: 0.0000, Traffic light: 0.0000, Traffic sign: 0.0000, Vegetation: 0.8348, Terrain: 0.6296, Sky: 0.9255, Person: 0.0000, Rider: 0.0000, Car: 0.7965, Truck: 0.0000, Bus: 0.0000, Caravan: 0.0000, Trailer: 0.0000, Train: 0.0000, Motorcycle: 0.0000, Bicycle: 0.0000 }
        MeanIoU: 0.3357
        PixelAccuracy: 0.8769
        DICE: { Unlabeled: 0.3369, Unused: 0.0000, Unused: 0.0000, Unused: 0.0000, Static: 0.0000, Dynamic: 0.0000, Ground: 0.0000, Road: 0.9671, Sidewalk: 0.7845, Parking: 0.0000, Rail track: 0.0000, Building: 0.9053, Wall: 0.0000, Fence: 0.7648, Guard rail: 0.0000, Bridge: 0.0000, Tunnel: 0.0000, Pole: 0.0000, Pole group: 0.0000, Traffic light: 0.0000, Traffic sign: 0.0000, Vegetation: 0.9098, Terrain: 0.7676, Sky: 0.9613, Person: 0.0000, Rider: 0.0000, Car: 0.8853, Truck: 0.0000, Bus: 0.0000, Caravan: 0.0000, Trailer: 0.0000, Train: 0.0000, Motorcycle: 0.0000, Bicycle: 0.0000 }
        MeanDICE: 0.3804
    

    Epoch 14:
      Train Loss: 2.7038, Train Accuracy: 0.8782
      Val Loss: 2.7036
      Metrics:
        val_loss: 2.7036
        val_accuracy: 0.8781
        IoU: { Unlabeled: 0.2025, Unused: 0.0000, Unused: 0.0000, Unused: 0.0000, Static: 0.0000, Dynamic: 0.0000, Ground: 0.0000, Road: 0.9418, Sidewalk: 0.6539, Parking: 0.0000, Rail track: 0.0000, Building: 0.8283, Wall: 0.0000, Fence: 0.6341, Guard rail: 0.0000, Bridge: 0.0000, Tunnel: 0.0000, Pole: 0.0000, Pole group: 0.0000, Traffic light: 0.0000, Traffic sign: 0.0000, Vegetation: 0.8404, Terrain: 0.6265, Sky: 0.9237, Person: 0.0000, Rider: 0.0000, Car: 0.7896, Truck: 0.0000, Bus: 0.0000, Caravan: 0.0000, Trailer: 0.0000, Train: 0.0000, Motorcycle: 0.0000, Bicycle: 0.0000 }
        MeanIoU: 0.3365
        PixelAccuracy: 0.8784
        DICE: { Unlabeled: 0.3364, Unused: 0.0000, Unused: 0.0000, Unused: 0.0000, Static: 0.0000, Dynamic: 0.0000, Ground: 0.0000, Road: 0.9700, Sidewalk: 0.7891, Parking: 0.0000, Rail track: 0.0000, Building: 0.9060, Wall: 0.0000, Fence: 0.7719, Guard rail: 0.0000, Bridge: 0.0000, Tunnel: 0.0000, Pole: 0.0000, Pole group: 0.0000, Traffic light: 0.0000, Traffic sign: 0.0000, Vegetation: 0.9132, Terrain: 0.7645, Sky: 0.9603, Person: 0.0000, Rider: 0.0000, Car: 0.8816, Truck: 0.0000, Bus: 0.0000, Caravan: 0.0000, Trailer: 0.0000, Train: 0.0000, Motorcycle: 0.0000, Bicycle: 0.0000 }
        MeanDICE: 0.3809
    

    Epoch 15:
      Train Loss: 2.7024, Train Accuracy: 0.8793
      Val Loss: 2.7022
      Metrics:
        val_loss: 2.7022
        val_accuracy: 0.8792
        IoU: { Unlabeled: 0.2110, Unused: 0.0000, Unused: 0.0000, Unused: 0.0000, Static: 0.0000, Dynamic: 0.0000, Ground: 0.0000, Road: 0.9421, Sidewalk: 0.6556, Parking: 0.0000, Rail track: 0.0000, Building: 0.8267, Wall: 0.0000, Fence: 0.6361, Guard rail: 0.0000, Bridge: 0.0000, Tunnel: 0.0000, Pole: 0.0000, Pole group: 0.0000, Traffic light: 0.0000, Traffic sign: 0.0000, Vegetation: 0.8404, Terrain: 0.6386, Sky: 0.9268, Person: 0.0000, Rider: 0.0000, Car: 0.8015, Truck: 0.0000, Bus: 0.0000, Caravan: 0.0000, Trailer: 0.0000, Train: 0.0000, Motorcycle: 0.0000, Bicycle: 0.0000 }
        MeanIoU: 0.3385
        PixelAccuracy: 0.8796
        DICE: { Unlabeled: 0.3480, Unused: 0.0000, Unused: 0.0000, Unused: 0.0000, Static: 0.0000, Dynamic: 0.0000, Ground: 0.0000, Road: 0.9701, Sidewalk: 0.7900, Parking: 0.0000, Rail track: 0.0000, Building: 0.9051, Wall: 0.0000, Fence: 0.7731, Guard rail: 0.0000, Bridge: 0.0000, Tunnel: 0.0000, Pole: 0.0000, Pole group: 0.0000, Traffic light: 0.0000, Traffic sign: 0.0000, Vegetation: 0.9132, Terrain: 0.7735, Sky: 0.9620, Person: 0.0000, Rider: 0.0000, Car: 0.8890, Truck: 0.0000, Bus: 0.0000, Caravan: 0.0000, Trailer: 0.0000, Train: 0.0000, Motorcycle: 0.0000, Bicycle: 0.0000 }
        MeanDICE: 0.3826
    

    Epoch 16:
      Train Loss: 2.7009, Train Accuracy: 0.8805
      Val Loss: 2.7017
      Metrics:
        val_loss: 2.7017
        val_accuracy: 0.8795
        IoU: { Unlabeled: 0.2205, Unused: 0.0000, Unused: 0.0000, Unused: 0.0000, Static: 0.0000, Dynamic: 0.0000, Ground: 0.0000, Road: 0.9419, Sidewalk: 0.6595, Parking: 0.0000, Rail track: 0.0000, Building: 0.8277, Wall: 0.0000, Fence: 0.6283, Guard rail: 0.0000, Bridge: 0.0000, Tunnel: 0.0000, Pole: 0.0000, Pole group: 0.0000, Traffic light: 0.0000, Traffic sign: 0.0000, Vegetation: 0.8399, Terrain: 0.6395, Sky: 0.9286, Person: 0.0000, Rider: 0.0000, Car: 0.7984, Truck: 0.0000, Bus: 0.0000, Caravan: 0.0000, Trailer: 0.0000, Train: 0.0000, Motorcycle: 0.0000, Bicycle: 0.0000 }
        MeanIoU: 0.3387
        PixelAccuracy: 0.8799
        DICE: { Unlabeled: 0.3609, Unused: 0.0000, Unused: 0.0000, Unused: 0.0000, Static: 0.0000, Dynamic: 0.0000, Ground: 0.0000, Road: 0.9700, Sidewalk: 0.7930, Parking: 0.0000, Rail track: 0.0000, Building: 0.9056, Wall: 0.0000, Fence: 0.7673, Guard rail: 0.0000, Bridge: 0.0000, Tunnel: 0.0000, Pole: 0.0000, Pole group: 0.0000, Traffic light: 0.0000, Traffic sign: 0.0000, Vegetation: 0.9129, Terrain: 0.7748, Sky: 0.9630, Person: 0.0000, Rider: 0.0000, Car: 0.8872, Truck: 0.0000, Bus: 0.0000, Caravan: 0.0000, Trailer: 0.0000, Train: 0.0000, Motorcycle: 0.0000, Bicycle: 0.0000 }
        MeanDICE: 0.3831
    

    Epoch 17:
      Train Loss: 2.6998, Train Accuracy: 0.8814
      Val Loss: 2.7005
      Metrics:
        val_loss: 2.7005
        val_accuracy: 0.8801
        IoU: { Unlabeled: 0.2200, Unused: 0.0000, Unused: 0.0000, Unused: 0.0000, Static: 0.0000, Dynamic: 0.0000, Ground: 0.0000, Road: 0.9384, Sidewalk: 0.6680, Parking: 0.0000, Rail track: 0.0000, Building: 0.8318, Wall: 0.0000, Fence: 0.6346, Guard rail: 0.0000, Bridge: 0.0000, Tunnel: 0.0000, Pole: 0.0000, Pole group: 0.0000, Traffic light: 0.0000, Traffic sign: 0.0000, Vegetation: 0.8382, Terrain: 0.6377, Sky: 0.9290, Person: 0.0000, Rider: 0.0000, Car: 0.8021, Truck: 0.0000, Bus: 0.0000, Caravan: 0.0000, Trailer: 0.0000, Train: 0.0000, Motorcycle: 0.0000, Bicycle: 0.0000 }
        MeanIoU: 0.3395
        PixelAccuracy: 0.8805
        DICE: { Unlabeled: 0.3602, Unused: 0.0000, Unused: 0.0000, Unused: 0.0000, Static: 0.0000, Dynamic: 0.0000, Ground: 0.0000, Road: 0.9682, Sidewalk: 0.7990, Parking: 0.0000, Rail track: 0.0000, Building: 0.9081, Wall: 0.0000, Fence: 0.7724, Guard rail: 0.0000, Bridge: 0.0000, Tunnel: 0.0000, Pole: 0.0000, Pole group: 0.0000, Traffic light: 0.0000, Traffic sign: 0.0000, Vegetation: 0.9119, Terrain: 0.7731, Sky: 0.9631, Person: 0.0000, Rider: 0.0000, Car: 0.8892, Truck: 0.0000, Bus: 0.0000, Caravan: 0.0000, Trailer: 0.0000, Train: 0.0000, Motorcycle: 0.0000, Bicycle: 0.0000 }
        MeanDICE: 0.3837
    

    Epoch 18:
      Train Loss: 2.6990, Train Accuracy: 0.8819
      Val Loss: 2.7003
      Metrics:
        val_loss: 2.7003
        val_accuracy: 0.8804
        IoU: { Unlabeled: 0.2316, Unused: 0.0000, Unused: 0.0000, Unused: 0.0000, Static: 0.0000, Dynamic: 0.0000, Ground: 0.0000, Road: 0.9420, Sidewalk: 0.6638, Parking: 0.0000, Rail track: 0.0000, Building: 0.8321, Wall: 0.0000, Fence: 0.6333, Guard rail: 0.0000, Bridge: 0.0000, Tunnel: 0.0000, Pole: 0.0000, Pole group: 0.0000, Traffic light: 0.0000, Traffic sign: 0.0000, Vegetation: 0.8420, Terrain: 0.6438, Sky: 0.9262, Person: 0.0000, Rider: 0.0000, Car: 0.8067, Truck: 0.0000, Bus: 0.0000, Caravan: 0.0000, Trailer: 0.0000, Train: 0.0000, Motorcycle: 0.0000, Bicycle: 0.0000 }
        MeanIoU: 0.3407
        PixelAccuracy: 0.8808
        DICE: { Unlabeled: 0.3756, Unused: 0.0000, Unused: 0.0000, Unused: 0.0000, Static: 0.0000, Dynamic: 0.0000, Ground: 0.0000, Road: 0.9701, Sidewalk: 0.7961, Parking: 0.0000, Rail track: 0.0000, Building: 0.9083, Wall: 0.0000, Fence: 0.7705, Guard rail: 0.0000, Bridge: 0.0000, Tunnel: 0.0000, Pole: 0.0000, Pole group: 0.0000, Traffic light: 0.0000, Traffic sign: 0.0000, Vegetation: 0.9141, Terrain: 0.7782, Sky: 0.9616, Person: 0.0000, Rider: 0.0000, Car: 0.8922, Truck: 0.0000, Bus: 0.0000, Caravan: 0.0000, Trailer: 0.0000, Train: 0.0000, Motorcycle: 0.0000, Bicycle: 0.0000 }
        MeanDICE: 0.3848
    

    Epoch 19:
      Train Loss: 2.6977, Train Accuracy: 0.8831
      Val Loss: 2.6982
      Metrics:
        val_loss: 2.6982
        val_accuracy: 0.8817
        IoU: { Unlabeled: 0.2249, Unused: 0.0000, Unused: 0.0000, Unused: 0.0000, Static: 0.0000, Dynamic: 0.0000, Ground: 0.0000, Road: 0.9398, Sidewalk: 0.6738, Parking: 0.0000, Rail track: 0.0000, Building: 0.8316, Wall: 0.0000, Fence: 0.6365, Guard rail: 0.0000, Bridge: 0.0000, Tunnel: 0.0000, Pole: 0.0000, Pole group: 0.0000, Traffic light: 0.0000, Traffic sign: 0.0000, Vegetation: 0.8431, Terrain: 0.6428, Sky: 0.9319, Person: 0.0000, Rider: 0.0000, Car: 0.8152, Truck: 0.0000, Bus: 0.0000, Caravan: 0.0000, Trailer: 0.0000, Train: 0.0000, Motorcycle: 0.0000, Bicycle: 0.0000 }
        MeanIoU: 0.3416
        PixelAccuracy: 0.8821
        DICE: { Unlabeled: 0.3668, Unused: 0.0000, Unused: 0.0000, Unused: 0.0000, Static: 0.0000, Dynamic: 0.0000, Ground: 0.0000, Road: 0.9689, Sidewalk: 0.8034, Parking: 0.0000, Rail track: 0.0000, Building: 0.9080, Wall: 0.0000, Fence: 0.7735, Guard rail: 0.0000, Bridge: 0.0000, Tunnel: 0.0000, Pole: 0.0000, Pole group: 0.0000, Traffic light: 0.0000, Traffic sign: 0.0000, Vegetation: 0.9147, Terrain: 0.7763, Sky: 0.9647, Person: 0.0000, Rider: 0.0000, Car: 0.8976, Truck: 0.0000, Bus: 0.0000, Caravan: 0.0000, Trailer: 0.0000, Train: 0.0000, Motorcycle: 0.0000, Bicycle: 0.0000 }
        MeanDICE: 0.3852
    

    Epoch 20:
      Train Loss: 2.6970, Train Accuracy: 0.8837
      Val Loss: 2.6982
      Metrics:
        val_loss: 2.6982
        val_accuracy: 0.8815
        IoU: { Unlabeled: 0.2290, Unused: 0.0000, Unused: 0.0000, Unused: 0.0000, Static: 0.0000, Dynamic: 0.0000, Ground: 0.0000, Road: 0.9410, Sidewalk: 0.6684, Parking: 0.0000, Rail track: 0.0000, Building: 0.8324, Wall: 0.0000, Fence: 0.6374, Guard rail: 0.0000, Bridge: 0.0000, Tunnel: 0.0000, Pole: 0.0000, Pole group: 0.0000, Traffic light: 0.0000, Traffic sign: 0.0000, Vegetation: 0.8459, Terrain: 0.6478, Sky: 0.9294, Person: 0.0000, Rider: 0.0000, Car: 0.8079, Truck: 0.0000, Bus: 0.0000, Caravan: 0.0000, Trailer: 0.0000, Train: 0.0000, Motorcycle: 0.0000, Bicycle: 0.0000 }
        MeanIoU: 0.3416
        PixelAccuracy: 0.8818
        DICE: { Unlabeled: 0.3722, Unused: 0.0000, Unused: 0.0000, Unused: 0.0000, Static: 0.0000, Dynamic: 0.0000, Ground: 0.0000, Road: 0.9696, Sidewalk: 0.7996, Parking: 0.0000, Rail track: 0.0000, Building: 0.9085, Wall: 0.0000, Fence: 0.7741, Guard rail: 0.0000, Bridge: 0.0000, Tunnel: 0.0000, Pole: 0.0000, Pole group: 0.0000, Traffic light: 0.0000, Traffic sign: 0.0000, Vegetation: 0.9164, Terrain: 0.7805, Sky: 0.9634, Person: 0.0000, Rider: 0.0000, Car: 0.8930, Truck: 0.0000, Bus: 0.0000, Caravan: 0.0000, Trailer: 0.0000, Train: 0.0000, Motorcycle: 0.0000, Bicycle: 0.0000 }
        MeanDICE: 0.3854
    

    Epoch 21:
      Train Loss: 2.6961, Train Accuracy: 0.8845
      Val Loss: 2.6971
      Metrics:
        val_loss: 2.6971
        val_accuracy: 0.8828
        IoU: { Unlabeled: 0.2370, Unused: 0.0000, Unused: 0.0000, Unused: 0.0000, Static: 0.0000, Dynamic: 0.0000, Ground: 0.0000, Road: 0.9418, Sidewalk: 0.6730, Parking: 0.0000, Rail track: 0.0000, Building: 0.8347, Wall: 0.0000, Fence: 0.6395, Guard rail: 0.0000, Bridge: 0.0000, Tunnel: 0.0000, Pole: 0.0000, Pole group: 0.0000, Traffic light: 0.0000, Traffic sign: 0.0000, Vegetation: 0.8459, Terrain: 0.6492, Sky: 0.9329, Person: 0.0000, Rider: 0.0000, Car: 0.8137, Truck: 0.0000, Bus: 0.0000, Caravan: 0.0000, Trailer: 0.0000, Train: 0.0000, Motorcycle: 0.0000, Bicycle: 0.0000 }
        MeanIoU: 0.3431
        PixelAccuracy: 0.8832
        DICE: { Unlabeled: 0.3828, Unused: 0.0000, Unused: 0.0000, Unused: 0.0000, Static: 0.0000, Dynamic: 0.0000, Ground: 0.0000, Road: 0.9700, Sidewalk: 0.8029, Parking: 0.0000, Rail track: 0.0000, Building: 0.9098, Wall: 0.0000, Fence: 0.7758, Guard rail: 0.0000, Bridge: 0.0000, Tunnel: 0.0000, Pole: 0.0000, Pole group: 0.0000, Traffic light: 0.0000, Traffic sign: 0.0000, Vegetation: 0.9164, Terrain: 0.7816, Sky: 0.9653, Person: 0.0000, Rider: 0.0000, Car: 0.8966, Truck: 0.0000, Bus: 0.0000, Caravan: 0.0000, Trailer: 0.0000, Train: 0.0000, Motorcycle: 0.0000, Bicycle: 0.0000 }
        MeanDICE: 0.3866
    

    Epoch 22:
      Train Loss: 2.6952, Train Accuracy: 0.8852
      Val Loss: 2.6967
      Metrics:
        val_loss: 2.6967
        val_accuracy: 0.8831
        IoU: { Unlabeled: 0.2317, Unused: 0.0000, Unused: 0.0000, Unused: 0.0000, Static: 0.0000, Dynamic: 0.0000, Ground: 0.0000, Road: 0.9416, Sidewalk: 0.6800, Parking: 0.0000, Rail track: 0.0000, Building: 0.8333, Wall: 0.0000, Fence: 0.6322, Guard rail: 0.0000, Bridge: 0.0000, Tunnel: 0.0000, Pole: 0.0000, Pole group: 0.0000, Traffic light: 0.0000, Traffic sign: 0.0000, Vegetation: 0.8438, Terrain: 0.6519, Sky: 0.9352, Person: 0.0000, Rider: 0.0000, Car: 0.8178, Truck: 0.0000, Bus: 0.0000, Caravan: 0.0000, Trailer: 0.0000, Train: 0.0000, Motorcycle: 0.0000, Bicycle: 0.0000 }
        MeanIoU: 0.3431
        PixelAccuracy: 0.8834
        DICE: { Unlabeled: 0.3759, Unused: 0.0000, Unused: 0.0000, Unused: 0.0000, Static: 0.0000, Dynamic: 0.0000, Ground: 0.0000, Road: 0.9699, Sidewalk: 0.8079, Parking: 0.0000, Rail track: 0.0000, Building: 0.9090, Wall: 0.0000, Fence: 0.7699, Guard rail: 0.0000, Bridge: 0.0000, Tunnel: 0.0000, Pole: 0.0000, Pole group: 0.0000, Traffic light: 0.0000, Traffic sign: 0.0000, Vegetation: 0.9152, Terrain: 0.7835, Sky: 0.9665, Person: 0.0000, Rider: 0.0000, Car: 0.8990, Truck: 0.0000, Bus: 0.0000, Caravan: 0.0000, Trailer: 0.0000, Train: 0.0000, Motorcycle: 0.0000, Bicycle: 0.0000 }
        MeanDICE: 0.3864
    

    Epoch 23:
      Train Loss: 2.6947, Train Accuracy: 0.8857
      Val Loss: 2.6967
      Metrics:
        val_loss: 2.6967
        val_accuracy: 0.8834
        IoU: { Unlabeled: 0.2501, Unused: 0.0000, Unused: 0.0000, Unused: 0.0000, Static: 0.0000, Dynamic: 0.0000, Ground: 0.0000, Road: 0.9456, Sidewalk: 0.6682, Parking: 0.0000, Rail track: 0.0000, Building: 0.8367, Wall: 0.0000, Fence: 0.6466, Guard rail: 0.0000, Bridge: 0.0000, Tunnel: 0.0000, Pole: 0.0000, Pole group: 0.0000, Traffic light: 0.0000, Traffic sign: 0.0000, Vegetation: 0.8467, Terrain: 0.6423, Sky: 0.9323, Person: 0.0000, Rider: 0.0000, Car: 0.8026, Truck: 0.0000, Bus: 0.0000, Caravan: 0.0000, Trailer: 0.0000, Train: 0.0000, Motorcycle: 0.0000, Bicycle: 0.0000 }
        MeanIoU: 0.3433
        PixelAccuracy: 0.8838
        DICE: { Unlabeled: 0.3998, Unused: 0.0000, Unused: 0.0000, Unused: 0.0000, Static: 0.0000, Dynamic: 0.0000, Ground: 0.0000, Road: 0.9720, Sidewalk: 0.7993, Parking: 0.0000, Rail track: 0.0000, Building: 0.9110, Wall: 0.0000, Fence: 0.7807, Guard rail: 0.0000, Bridge: 0.0000, Tunnel: 0.0000, Pole: 0.0000, Pole group: 0.0000, Traffic light: 0.0000, Traffic sign: 0.0000, Vegetation: 0.9169, Terrain: 0.7770, Sky: 0.9649, Person: 0.0000, Rider: 0.0000, Car: 0.8892, Truck: 0.0000, Bus: 0.0000, Caravan: 0.0000, Trailer: 0.0000, Train: 0.0000, Motorcycle: 0.0000, Bicycle: 0.0000 }
        MeanDICE: 0.3871
    

    Epoch 24:
      Train Loss: 2.6939, Train Accuracy: 0.8864
      Val Loss: 2.6961
      Metrics:
        val_loss: 2.6961
        val_accuracy: 0.8838
        IoU: { Unlabeled: 0.2501, Unused: 0.0000, Unused: 0.0000, Unused: 0.0000, Static: 0.0000, Dynamic: 0.0000, Ground: 0.0000, Road: 0.9432, Sidewalk: 0.6733, Parking: 0.0000, Rail track: 0.0000, Building: 0.8393, Wall: 0.0000, Fence: 0.6400, Guard rail: 0.0000, Bridge: 0.0000, Tunnel: 0.0000, Pole: 0.0000, Pole group: 0.0000, Traffic light: 0.0000, Traffic sign: 0.0000, Vegetation: 0.8449, Terrain: 0.6513, Sky: 0.9308, Person: 0.0000, Rider: 0.0000, Car: 0.8199, Truck: 0.0157, Bus: 0.0000, Caravan: 0.0000, Trailer: 0.0000, Train: 0.0000, Motorcycle: 0.0000, Bicycle: 0.0000 }
        MeanIoU: 0.3452
        PixelAccuracy: 0.8842
        DICE: { Unlabeled: 0.3998, Unused: 0.0000, Unused: 0.0000, Unused: 0.0000, Static: 0.0000, Dynamic: 0.0000, Ground: 0.0000, Road: 0.9707, Sidewalk: 0.8030, Parking: 0.0000, Rail track: 0.0000, Building: 0.9126, Wall: 0.0000, Fence: 0.7759, Guard rail: 0.0000, Bridge: 0.0000, Tunnel: 0.0000, Pole: 0.0000, Pole group: 0.0000, Traffic light: 0.0000, Traffic sign: 0.0000, Vegetation: 0.9158, Terrain: 0.7830, Sky: 0.9641, Person: 0.0000, Rider: 0.0000, Car: 0.9003, Truck: 0.0230, Bus: 0.0000, Caravan: 0.0000, Trailer: 0.0000, Train: 0.0000, Motorcycle: 0.0000, Bicycle: 0.0000 }
        MeanDICE: 0.3891
    

    Epoch 25:
      Train Loss: 2.6930, Train Accuracy: 0.8873
      Val Loss: 2.6954
      Metrics:
        val_loss: 2.6954
        val_accuracy: 0.8843
        IoU: { Unlabeled: 0.2425, Unused: 0.0000, Unused: 0.0000, Unused: 0.0000, Static: 0.0000, Dynamic: 0.0000, Ground: 0.0000, Road: 0.9439, Sidewalk: 0.6675, Parking: 0.0000, Rail track: 0.0000, Building: 0.8344, Wall: 0.0000, Fence: 0.6509, Guard rail: 0.0000, Bridge: 0.0000, Tunnel: 0.0000, Pole: 0.0000, Pole group: 0.0000, Traffic light: 0.0000, Traffic sign: 0.0000, Vegetation: 0.8472, Terrain: 0.6440, Sky: 0.9346, Person: 0.0000, Rider: 0.0000, Car: 0.8190, Truck: 0.0463, Bus: 0.0000, Caravan: 0.0000, Trailer: 0.0000, Train: 0.0000, Motorcycle: 0.0000, Bicycle: 0.0000 }
        MeanIoU: 0.3463
        PixelAccuracy: 0.8847
        DICE: { Unlabeled: 0.3899, Unused: 0.0000, Unused: 0.0000, Unused: 0.0000, Static: 0.0000, Dynamic: 0.0000, Ground: 0.0000, Road: 0.9711, Sidewalk: 0.7990, Parking: 0.0000, Rail track: 0.0000, Building: 0.9097, Wall: 0.0000, Fence: 0.7845, Guard rail: 0.0000, Bridge: 0.0000, Tunnel: 0.0000, Pole: 0.0000, Pole group: 0.0000, Traffic light: 0.0000, Traffic sign: 0.0000, Vegetation: 0.9172, Terrain: 0.7787, Sky: 0.9662, Person: 0.0000, Rider: 0.0000, Car: 0.8998, Truck: 0.0561, Bus: 0.0000, Caravan: 0.0000, Trailer: 0.0000, Train: 0.0000, Motorcycle: 0.0000, Bicycle: 0.0000 }
        MeanDICE: 0.3902
    

    Epoch 26:
      Train Loss: 2.6924, Train Accuracy: 0.8877
      Val Loss: 2.6949
      Metrics:
        val_loss: 2.6949
        val_accuracy: 0.8848
        IoU: { Unlabeled: 0.2528, Unused: 0.0000, Unused: 0.0000, Unused: 0.0000, Static: 0.0000, Dynamic: 0.0000, Ground: 0.0000, Road: 0.9447, Sidewalk: 0.6682, Parking: 0.0000, Rail track: 0.0000, Building: 0.8362, Wall: 0.0000, Fence: 0.6465, Guard rail: 0.0000, Bridge: 0.0000, Tunnel: 0.0000, Pole: 0.0000, Pole group: 0.0000, Traffic light: 0.0000, Traffic sign: 0.0000, Vegetation: 0.8479, Terrain: 0.6519, Sky: 0.9332, Person: 0.0000, Rider: 0.0000, Car: 0.8163, Truck: 0.0550, Bus: 0.0000, Caravan: 0.0000, Trailer: 0.0000, Train: 0.0000, Motorcycle: 0.0000, Bicycle: 0.0000 }
        MeanIoU: 0.3475
        PixelAccuracy: 0.8852
        DICE: { Unlabeled: 0.4033, Unused: 0.0000, Unused: 0.0000, Unused: 0.0000, Static: 0.0000, Dynamic: 0.0000, Ground: 0.0000, Road: 0.9715, Sidewalk: 0.7994, Parking: 0.0000, Rail track: 0.0000, Building: 0.9107, Wall: 0.0000, Fence: 0.7807, Guard rail: 0.0000, Bridge: 0.0000, Tunnel: 0.0000, Pole: 0.0000, Pole group: 0.0000, Traffic light: 0.0000, Traffic sign: 0.0000, Vegetation: 0.9176, Terrain: 0.7836, Sky: 0.9654, Person: 0.0000, Rider: 0.0000, Car: 0.8982, Truck: 0.0678, Bus: 0.0000, Caravan: 0.0000, Trailer: 0.0000, Train: 0.0000, Motorcycle: 0.0000, Bicycle: 0.0000 }
        MeanDICE: 0.3915
    

    Epoch 27:
      Train Loss: 2.6917, Train Accuracy: 0.8884
      Val Loss: 2.6941
      Metrics:
        val_loss: 2.6941
        val_accuracy: 0.8852
        IoU: { Unlabeled: 0.2527, Unused: 0.0000, Unused: 0.0000, Unused: 0.0000, Static: 0.0000, Dynamic: 0.0000, Ground: 0.0000, Road: 0.9440, Sidewalk: 0.6778, Parking: 0.0000, Rail track: 0.0000, Building: 0.8339, Wall: 0.0000, Fence: 0.6434, Guard rail: 0.0000, Bridge: 0.0000, Tunnel: 0.0000, Pole: 0.0000, Pole group: 0.0000, Traffic light: 0.0000, Traffic sign: 0.0000, Vegetation: 0.8510, Terrain: 0.6484, Sky: 0.9357, Person: 0.0000, Rider: 0.0000, Car: 0.8140, Truck: 0.0680, Bus: 0.0000, Caravan: 0.0000, Trailer: 0.0000, Train: 0.0000, Motorcycle: 0.0000, Bicycle: 0.0000 }
        MeanIoU: 0.3483
        PixelAccuracy: 0.8856
        DICE: { Unlabeled: 0.4031, Unused: 0.0000, Unused: 0.0000, Unused: 0.0000, Static: 0.0000, Dynamic: 0.0000, Ground: 0.0000, Road: 0.9711, Sidewalk: 0.8064, Parking: 0.0000, Rail track: 0.0000, Building: 0.9093, Wall: 0.0000, Fence: 0.7779, Guard rail: 0.0000, Bridge: 0.0000, Tunnel: 0.0000, Pole: 0.0000, Pole group: 0.0000, Traffic light: 0.0000, Traffic sign: 0.0000, Vegetation: 0.9194, Terrain: 0.7813, Sky: 0.9668, Person: 0.0000, Rider: 0.0000, Car: 0.8968, Truck: 0.0839, Bus: 0.0000, Caravan: 0.0000, Trailer: 0.0000, Train: 0.0000, Motorcycle: 0.0000, Bicycle: 0.0000 }
        MeanDICE: 0.3924
    

    Epoch 28:
      Train Loss: 2.6912, Train Accuracy: 0.8888
      Val Loss: 2.6939
      Metrics:
        val_loss: 2.6939
        val_accuracy: 0.8860
        IoU: { Unlabeled: 0.2648, Unused: 0.0000, Unused: 0.0000, Unused: 0.0000, Static: 0.0000, Dynamic: 0.0000, Ground: 0.0000, Road: 0.9438, Sidewalk: 0.6728, Parking: 0.0000, Rail track: 0.0000, Building: 0.8360, Wall: 0.0000, Fence: 0.6390, Guard rail: 0.0000, Bridge: 0.0000, Tunnel: 0.0000, Pole: 0.0000, Pole group: 0.0000, Traffic light: 0.0000, Traffic sign: 0.0000, Vegetation: 0.8479, Terrain: 0.6508, Sky: 0.9364, Person: 0.0000, Rider: 0.0000, Car: 0.8247, Truck: 0.0647, Bus: 0.0000, Caravan: 0.0000, Trailer: 0.0000, Train: 0.0000, Motorcycle: 0.0000, Bicycle: 0.0000 }
        MeanIoU: 0.3489
        PixelAccuracy: 0.8863
        DICE: { Unlabeled: 0.4185, Unused: 0.0000, Unused: 0.0000, Unused: 0.0000, Static: 0.0000, Dynamic: 0.0000, Ground: 0.0000, Road: 0.9710, Sidewalk: 0.8027, Parking: 0.0000, Rail track: 0.0000, Building: 0.9106, Wall: 0.0000, Fence: 0.7753, Guard rail: 0.0000, Bridge: 0.0000, Tunnel: 0.0000, Pole: 0.0000, Pole group: 0.0000, Traffic light: 0.0000, Traffic sign: 0.0000, Vegetation: 0.9176, Terrain: 0.7824, Sky: 0.9671, Person: 0.0000, Rider: 0.0000, Car: 0.9032, Truck: 0.0805, Bus: 0.0000, Caravan: 0.0000, Trailer: 0.0000, Train: 0.0000, Motorcycle: 0.0000, Bicycle: 0.0000 }
        MeanDICE: 0.3931
    

    Epoch 29:
      Train Loss: 2.6907, Train Accuracy: 0.8893
      Val Loss: 2.6932
      Metrics:
        val_loss: 2.6932
        val_accuracy: 0.8860
        IoU: { Unlabeled: 0.2578, Unused: 0.0000, Unused: 0.0000, Unused: 0.0000, Static: 0.0000, Dynamic: 0.0000, Ground: 0.0000, Road: 0.9447, Sidewalk: 0.6732, Parking: 0.0000, Rail track: 0.0000, Building: 0.8393, Wall: 0.0000, Fence: 0.6477, Guard rail: 0.0000, Bridge: 0.0000, Tunnel: 0.0000, Pole: 0.0000, Pole group: 0.0000, Traffic light: 0.0000, Traffic sign: 0.0000, Vegetation: 0.8458, Terrain: 0.6595, Sky: 0.9366, Person: 0.0000, Rider: 0.0000, Car: 0.8214, Truck: 0.0826, Bus: 0.0000, Caravan: 0.0000, Trailer: 0.0000, Train: 0.0000, Motorcycle: 0.0000, Bicycle: 0.0000 }
        MeanIoU: 0.3503
        PixelAccuracy: 0.8864
        DICE: { Unlabeled: 0.4097, Unused: 0.0000, Unused: 0.0000, Unused: 0.0000, Static: 0.0000, Dynamic: 0.0000, Ground: 0.0000, Road: 0.9715, Sidewalk: 0.8031, Parking: 0.0000, Rail track: 0.0000, Building: 0.9126, Wall: 0.0000, Fence: 0.7818, Guard rail: 0.0000, Bridge: 0.0000, Tunnel: 0.0000, Pole: 0.0000, Pole group: 0.0000, Traffic light: 0.0000, Traffic sign: 0.0000, Vegetation: 0.9164, Terrain: 0.7898, Sky: 0.9672, Person: 0.0000, Rider: 0.0000, Car: 0.9012, Truck: 0.1004, Bus: 0.0000, Caravan: 0.0000, Trailer: 0.0000, Train: 0.0000, Motorcycle: 0.0000, Bicycle: 0.0000 }
        MeanDICE: 0.3944
    

    Epoch 30:
      Train Loss: 2.6901, Train Accuracy: 0.8899
      Val Loss: 2.6929
      Metrics:
        val_loss: 2.6929
        val_accuracy: 0.8864
        IoU: { Unlabeled: 0.2622, Unused: 0.0000, Unused: 0.0000, Unused: 0.0000, Static: 0.0000, Dynamic: 0.0000, Ground: 0.0000, Road: 0.9469, Sidewalk: 0.6679, Parking: 0.0000, Rail track: 0.0000, Building: 0.8412, Wall: 0.0000, Fence: 0.6447, Guard rail: 0.0000, Bridge: 0.0000, Tunnel: 0.0000, Pole: 0.0000, Pole group: 0.0000, Traffic light: 0.0000, Traffic sign: 0.0000, Vegetation: 0.8497, Terrain: 0.6556, Sky: 0.9355, Person: 0.0000, Rider: 0.0000, Car: 0.8158, Truck: 0.0793, Bus: 0.0000, Caravan: 0.0000, Trailer: 0.0000, Train: 0.0000, Motorcycle: 0.0000, Bicycle: 0.0000 }
        MeanIoU: 0.3499
        PixelAccuracy: 0.8868
        DICE: { Unlabeled: 0.4152, Unused: 0.0000, Unused: 0.0000, Unused: 0.0000, Static: 0.0000, Dynamic: 0.0000, Ground: 0.0000, Road: 0.9727, Sidewalk: 0.7992, Parking: 0.0000, Rail track: 0.0000, Building: 0.9137, Wall: 0.0000, Fence: 0.7795, Guard rail: 0.0000, Bridge: 0.0000, Tunnel: 0.0000, Pole: 0.0000, Pole group: 0.0000, Traffic light: 0.0000, Traffic sign: 0.0000, Vegetation: 0.9186, Terrain: 0.7861, Sky: 0.9667, Person: 0.0000, Rider: 0.0000, Car: 0.8979, Truck: 0.0975, Bus: 0.0000, Caravan: 0.0000, Trailer: 0.0000, Train: 0.0000, Motorcycle: 0.0000, Bicycle: 0.0000 }
        MeanDICE: 0.3941
    

    Epoch 31:
      Train Loss: 2.6897, Train Accuracy: 0.8902
      Val Loss: 2.6928
      Metrics:
        val_loss: 2.6928
        val_accuracy: 0.8862
        IoU: { Unlabeled: 0.2541, Unused: 0.0000, Unused: 0.0000, Unused: 0.0000, Static: 0.0000, Dynamic: 0.0000, Ground: 0.0000, Road: 0.9450, Sidewalk: 0.6799, Parking: 0.0000, Rail track: 0.0000, Building: 0.8367, Wall: 0.0000, Fence: 0.6512, Guard rail: 0.0000, Bridge: 0.0000, Tunnel: 0.0000, Pole: 0.0000, Pole group: 0.0000, Traffic light: 0.0000, Traffic sign: 0.0000, Vegetation: 0.8514, Terrain: 0.6554, Sky: 0.9348, Person: 0.0000, Rider: 0.0000, Car: 0.8220, Truck: 0.0745, Bus: 0.0000, Caravan: 0.0000, Trailer: 0.0000, Train: 0.0000, Motorcycle: 0.0000, Bicycle: 0.0000 }
        MeanIoU: 0.3502
        PixelAccuracy: 0.8866
        DICE: { Unlabeled: 0.4049, Unused: 0.0000, Unused: 0.0000, Unused: 0.0000, Static: 0.0000, Dynamic: 0.0000, Ground: 0.0000, Road: 0.9717, Sidewalk: 0.8079, Parking: 0.0000, Rail track: 0.0000, Building: 0.9110, Wall: 0.0000, Fence: 0.7842, Guard rail: 0.0000, Bridge: 0.0000, Tunnel: 0.0000, Pole: 0.0000, Pole group: 0.0000, Traffic light: 0.0000, Traffic sign: 0.0000, Vegetation: 0.9197, Terrain: 0.7870, Sky: 0.9663, Person: 0.0000, Rider: 0.0000, Car: 0.9016, Truck: 0.0931, Bus: 0.0000, Caravan: 0.0000, Trailer: 0.0000, Train: 0.0000, Motorcycle: 0.0000, Bicycle: 0.0000 }
        MeanDICE: 0.3941
    

    Epoch 32:
      Train Loss: 2.6897, Train Accuracy: 0.8903
      Val Loss: 2.6925
      Metrics:
        val_loss: 2.6925
        val_accuracy: 0.8871
        IoU: { Unlabeled: 0.2659, Unused: 0.0000, Unused: 0.0000, Unused: 0.0000, Static: 0.0000, Dynamic: 0.0000, Ground: 0.0000, Road: 0.9460, Sidewalk: 0.6774, Parking: 0.0000, Rail track: 0.0000, Building: 0.8385, Wall: 0.0000, Fence: 0.6469, Guard rail: 0.0000, Bridge: 0.0000, Tunnel: 0.0000, Pole: 0.0000, Pole group: 0.0000, Traffic light: 0.0000, Traffic sign: 0.0000, Vegetation: 0.8509, Terrain: 0.6582, Sky: 0.9374, Person: 0.0000, Rider: 0.0000, Car: 0.8217, Truck: 0.0834, Bus: 0.0000, Caravan: 0.0000, Trailer: 0.0000, Train: 0.0000, Motorcycle: 0.0000, Bicycle: 0.0000 }
        MeanIoU: 0.3513
        PixelAccuracy: 0.8875
        DICE: { Unlabeled: 0.4198, Unused: 0.0000, Unused: 0.0000, Unused: 0.0000, Static: 0.0000, Dynamic: 0.0000, Ground: 0.0000, Road: 0.9722, Sidewalk: 0.8060, Parking: 0.0000, Rail track: 0.0000, Building: 0.9121, Wall: 0.0000, Fence: 0.7811, Guard rail: 0.0000, Bridge: 0.0000, Tunnel: 0.0000, Pole: 0.0000, Pole group: 0.0000, Traffic light: 0.0000, Traffic sign: 0.0000, Vegetation: 0.9194, Terrain: 0.7889, Sky: 0.9676, Person: 0.0000, Rider: 0.0000, Car: 0.9015, Truck: 0.1010, Bus: 0.0000, Caravan: 0.0000, Trailer: 0.0000, Train: 0.0000, Motorcycle: 0.0000, Bicycle: 0.0000 }
        MeanDICE: 0.3952
    

    Epoch 33:
      Train Loss: 2.6892, Train Accuracy: 0.8907
      Val Loss: 2.6922
      Metrics:
        val_loss: 2.6922
        val_accuracy: 0.8872
        IoU: { Unlabeled: 0.2655, Unused: 0.0000, Unused: 0.0000, Unused: 0.0000, Static: 0.0000, Dynamic: 0.0000, Ground: 0.0000, Road: 0.9452, Sidewalk: 0.6810, Parking: 0.0000, Rail track: 0.0000, Building: 0.8403, Wall: 0.0000, Fence: 0.6410, Guard rail: 0.0000, Bridge: 0.0000, Tunnel: 0.0000, Pole: 0.0000, Pole group: 0.0000, Traffic light: 0.0000, Traffic sign: 0.0000, Vegetation: 0.8491, Terrain: 0.6582, Sky: 0.9380, Person: 0.0000, Rider: 0.0000, Car: 0.8247, Truck: 0.0830, Bus: 0.0000, Caravan: 0.0000, Trailer: 0.0000, Train: 0.0000, Motorcycle: 0.0000, Bicycle: 0.0000 }
        MeanIoU: 0.3512
        PixelAccuracy: 0.8875
        DICE: { Unlabeled: 0.4193, Unused: 0.0000, Unused: 0.0000, Unused: 0.0000, Static: 0.0000, Dynamic: 0.0000, Ground: 0.0000, Road: 0.9718, Sidewalk: 0.8087, Parking: 0.0000, Rail track: 0.0000, Building: 0.9131, Wall: 0.0000, Fence: 0.7759, Guard rail: 0.0000, Bridge: 0.0000, Tunnel: 0.0000, Pole: 0.0000, Pole group: 0.0000, Traffic light: 0.0000, Traffic sign: 0.0000, Vegetation: 0.9183, Terrain: 0.7883, Sky: 0.9680, Person: 0.0000, Rider: 0.0000, Car: 0.9033, Truck: 0.1011, Bus: 0.0000, Caravan: 0.0000, Trailer: 0.0000, Train: 0.0000, Motorcycle: 0.0000, Bicycle: 0.0000 }
        MeanDICE: 0.3951
    

    Epoch 34:
      Train Loss: 2.6888, Train Accuracy: 0.8911
      Val Loss: 2.6925
      Metrics:
        val_loss: 2.6925
        val_accuracy: 0.8870
        IoU: { Unlabeled: 0.2775, Unused: 0.0000, Unused: 0.0000, Unused: 0.0000, Static: 0.0000, Dynamic: 0.0000, Ground: 0.0000, Road: 0.9433, Sidewalk: 0.6859, Parking: 0.0000, Rail track: 0.0000, Building: 0.8403, Wall: 0.0000, Fence: 0.6475, Guard rail: 0.0000, Bridge: 0.0000, Tunnel: 0.0000, Pole: 0.0000, Pole group: 0.0000, Traffic light: 0.0000, Traffic sign: 0.0000, Vegetation: 0.8497, Terrain: 0.6510, Sky: 0.9383, Person: 0.0000, Rider: 0.0000, Car: 0.8282, Truck: 0.0817, Bus: 0.0000, Caravan: 0.0000, Trailer: 0.0000, Train: 0.0000, Motorcycle: 0.0000, Bicycle: 0.0000 }
        MeanIoU: 0.3522
        PixelAccuracy: 0.8874
        DICE: { Unlabeled: 0.4343, Unused: 0.0000, Unused: 0.0000, Unused: 0.0000, Static: 0.0000, Dynamic: 0.0000, Ground: 0.0000, Road: 0.9708, Sidewalk: 0.8122, Parking: 0.0000, Rail track: 0.0000, Building: 0.9132, Wall: 0.0000, Fence: 0.7814, Guard rail: 0.0000, Bridge: 0.0000, Tunnel: 0.0000, Pole: 0.0000, Pole group: 0.0000, Traffic light: 0.0000, Traffic sign: 0.0000, Vegetation: 0.9186, Terrain: 0.7835, Sky: 0.9681, Person: 0.0000, Rider: 0.0000, Car: 0.9054, Truck: 0.0998, Bus: 0.0000, Caravan: 0.0000, Trailer: 0.0000, Train: 0.0000, Motorcycle: 0.0000, Bicycle: 0.0000 }
        MeanDICE: 0.3962
    

    Epoch 35:
      Train Loss: 2.6885, Train Accuracy: 0.8914
      Val Loss: 2.6920
      Metrics:
        val_loss: 2.6920
        val_accuracy: 0.8872
        IoU: { Unlabeled: 0.2730, Unused: 0.0000, Unused: 0.0000, Unused: 0.0000, Static: 0.0000, Dynamic: 0.0000, Ground: 0.0000, Road: 0.9478, Sidewalk: 0.6730, Parking: 0.0000, Rail track: 0.0000, Building: 0.8400, Wall: 0.0000, Fence: 0.6514, Guard rail: 0.0000, Bridge: 0.0000, Tunnel: 0.0000, Pole: 0.0000, Pole group: 0.0000, Traffic light: 0.0000, Traffic sign: 0.0000, Vegetation: 0.8509, Terrain: 0.6575, Sky: 0.9375, Person: 0.0000, Rider: 0.0000, Car: 0.8215, Truck: 0.0877, Bus: 0.0000, Caravan: 0.0000, Trailer: 0.0000, Train: 0.0000, Motorcycle: 0.0000, Bicycle: 0.0000 }
        MeanIoU: 0.3520
        PixelAccuracy: 0.8876
        DICE: { Unlabeled: 0.4287, Unused: 0.0000, Unused: 0.0000, Unused: 0.0000, Static: 0.0000, Dynamic: 0.0000, Ground: 0.0000, Road: 0.9732, Sidewalk: 0.8031, Parking: 0.0000, Rail track: 0.0000, Building: 0.9130, Wall: 0.0000, Fence: 0.7849, Guard rail: 0.0000, Bridge: 0.0000, Tunnel: 0.0000, Pole: 0.0000, Pole group: 0.0000, Traffic light: 0.0000, Traffic sign: 0.0000, Vegetation: 0.9193, Terrain: 0.7891, Sky: 0.9677, Person: 0.0000, Rider: 0.0000, Car: 0.9013, Truck: 0.1086, Bus: 0.0000, Caravan: 0.0000, Trailer: 0.0000, Train: 0.0000, Motorcycle: 0.0000, Bicycle: 0.0000 }
        MeanDICE: 0.3962
    

    Epoch 36:
      Train Loss: 2.6881, Train Accuracy: 0.8918
      Val Loss: 2.6916
      Metrics:
        val_loss: 2.6916
        val_accuracy: 0.8876
        IoU: { Unlabeled: 0.2749, Unused: 0.0000, Unused: 0.0000, Unused: 0.0000, Static: 0.0000, Dynamic: 0.0000, Ground: 0.0000, Road: 0.9473, Sidewalk: 0.6808, Parking: 0.0000, Rail track: 0.0000, Building: 0.8431, Wall: 0.0000, Fence: 0.6458, Guard rail: 0.0000, Bridge: 0.0000, Tunnel: 0.0000, Pole: 0.0000, Pole group: 0.0000, Traffic light: 0.0000, Traffic sign: 0.0000, Vegetation: 0.8525, Terrain: 0.6636, Sky: 0.9373, Person: 0.0000, Rider: 0.0000, Car: 0.8167, Truck: 0.0793, Bus: 0.0000, Caravan: 0.0000, Trailer: 0.0000, Train: 0.0000, Motorcycle: 0.0000, Bicycle: 0.0000 }
        MeanIoU: 0.3521
        PixelAccuracy: 0.8880
        DICE: { Unlabeled: 0.4310, Unused: 0.0000, Unused: 0.0000, Unused: 0.0000, Static: 0.0000, Dynamic: 0.0000, Ground: 0.0000, Road: 0.9729, Sidewalk: 0.8086, Parking: 0.0000, Rail track: 0.0000, Building: 0.9148, Wall: 0.0000, Fence: 0.7801, Guard rail: 0.0000, Bridge: 0.0000, Tunnel: 0.0000, Pole: 0.0000, Pole group: 0.0000, Traffic light: 0.0000, Traffic sign: 0.0000, Vegetation: 0.9203, Terrain: 0.7933, Sky: 0.9676, Person: 0.0000, Rider: 0.0000, Car: 0.8984, Truck: 0.0974, Bus: 0.0000, Caravan: 0.0000, Trailer: 0.0000, Train: 0.0000, Motorcycle: 0.0000, Bicycle: 0.0000 }
        MeanDICE: 0.3960
    

    Epoch 37:
      Train Loss: 2.6880, Train Accuracy: 0.8918
      Val Loss: 2.6920
      Metrics:
        val_loss: 2.6920
        val_accuracy: 0.8872
        IoU: { Unlabeled: 0.2682, Unused: 0.0000, Unused: 0.0000, Unused: 0.0000, Static: 0.0000, Dynamic: 0.0000, Ground: 0.0000, Road: 0.9476, Sidewalk: 0.6762, Parking: 0.0000, Rail track: 0.0000, Building: 0.8432, Wall: 0.0000, Fence: 0.6467, Guard rail: 0.0000, Bridge: 0.0000, Tunnel: 0.0000, Pole: 0.0000, Pole group: 0.0000, Traffic light: 0.0000, Traffic sign: 0.0000, Vegetation: 0.8462, Terrain: 0.6541, Sky: 0.9364, Person: 0.0000, Rider: 0.0000, Car: 0.8204, Truck: 0.0818, Bus: 0.0000, Caravan: 0.0000, Trailer: 0.0000, Train: 0.0000, Motorcycle: 0.0000, Bicycle: 0.0000 }
        MeanIoU: 0.3510
        PixelAccuracy: 0.8876
        DICE: { Unlabeled: 0.4227, Unused: 0.0000, Unused: 0.0000, Unused: 0.0000, Static: 0.0000, Dynamic: 0.0000, Ground: 0.0000, Road: 0.9731, Sidewalk: 0.8052, Parking: 0.0000, Rail track: 0.0000, Building: 0.9149, Wall: 0.0000, Fence: 0.7808, Guard rail: 0.0000, Bridge: 0.0000, Tunnel: 0.0000, Pole: 0.0000, Pole group: 0.0000, Traffic light: 0.0000, Traffic sign: 0.0000, Vegetation: 0.9166, Terrain: 0.7864, Sky: 0.9671, Person: 0.0000, Rider: 0.0000, Car: 0.9006, Truck: 0.0996, Bus: 0.0000, Caravan: 0.0000, Trailer: 0.0000, Train: 0.0000, Motorcycle: 0.0000, Bicycle: 0.0000 }
        MeanDICE: 0.3951
    

    Epoch 38:
      Train Loss: 2.6879, Train Accuracy: 0.8920
      Val Loss: 2.6915
      Metrics:
        val_loss: 2.6915
        val_accuracy: 0.8878
        IoU: { Unlabeled: 0.2753, Unused: 0.0000, Unused: 0.0000, Unused: 0.0000, Static: 0.0000, Dynamic: 0.0000, Ground: 0.0000, Road: 0.9464, Sidewalk: 0.6862, Parking: 0.0000, Rail track: 0.0000, Building: 0.8420, Wall: 0.0000, Fence: 0.6410, Guard rail: 0.0000, Bridge: 0.0000, Tunnel: 0.0000, Pole: 0.0000, Pole group: 0.0000, Traffic light: 0.0000, Traffic sign: 0.0000, Vegetation: 0.8514, Terrain: 0.6607, Sky: 0.9366, Person: 0.0000, Rider: 0.0000, Car: 0.8193, Truck: 0.0751, Bus: 0.0000, Caravan: 0.0000, Trailer: 0.0000, Train: 0.0000, Motorcycle: 0.0000, Bicycle: 0.0000 }
        MeanIoU: 0.3517
        PixelAccuracy: 0.8881
        DICE: { Unlabeled: 0.4315, Unused: 0.0000, Unused: 0.0000, Unused: 0.0000, Static: 0.0000, Dynamic: 0.0000, Ground: 0.0000, Road: 0.9724, Sidewalk: 0.8125, Parking: 0.0000, Rail track: 0.0000, Building: 0.9141, Wall: 0.0000, Fence: 0.7773, Guard rail: 0.0000, Bridge: 0.0000, Tunnel: 0.0000, Pole: 0.0000, Pole group: 0.0000, Traffic light: 0.0000, Traffic sign: 0.0000, Vegetation: 0.9196, Terrain: 0.7911, Sky: 0.9672, Person: 0.0000, Rider: 0.0000, Car: 0.8996, Truck: 0.0936, Bus: 0.0000, Caravan: 0.0000, Trailer: 0.0000, Train: 0.0000, Motorcycle: 0.0000, Bicycle: 0.0000 }
        MeanDICE: 0.3957
    

    Epoch 39:
      Train Loss: 2.6876, Train Accuracy: 0.8922
      Val Loss: 2.6917
      Metrics:
        val_loss: 2.6917
        val_accuracy: 0.8879
        IoU: { Unlabeled: 0.2848, Unused: 0.0000, Unused: 0.0000, Unused: 0.0000, Static: 0.0000, Dynamic: 0.0000, Ground: 0.0000, Road: 0.9481, Sidewalk: 0.6793, Parking: 0.0000, Rail track: 0.0000, Building: 0.8420, Wall: 0.0000, Fence: 0.6477, Guard rail: 0.0000, Bridge: 0.0000, Tunnel: 0.0000, Pole: 0.0000, Pole group: 0.0000, Traffic light: 0.0000, Traffic sign: 0.0000, Vegetation: 0.8521, Terrain: 0.6539, Sky: 0.9371, Person: 0.0000, Rider: 0.0000, Car: 0.8226, Truck: 0.0863, Bus: 0.0000, Caravan: 0.0000, Trailer: 0.0000, Train: 0.0000, Motorcycle: 0.0000, Bicycle: 0.0000 }
        MeanIoU: 0.3527
        PixelAccuracy: 0.8883
        DICE: { Unlabeled: 0.4431, Unused: 0.0000, Unused: 0.0000, Unused: 0.0000, Static: 0.0000, Dynamic: 0.0000, Ground: 0.0000, Road: 0.9733, Sidewalk: 0.8074, Parking: 0.0000, Rail track: 0.0000, Building: 0.9142, Wall: 0.0000, Fence: 0.7818, Guard rail: 0.0000, Bridge: 0.0000, Tunnel: 0.0000, Pole: 0.0000, Pole group: 0.0000, Traffic light: 0.0000, Traffic sign: 0.0000, Vegetation: 0.9200, Terrain: 0.7867, Sky: 0.9675, Person: 0.0000, Rider: 0.0000, Car: 0.9020, Truck: 0.1065, Bus: 0.0000, Caravan: 0.0000, Trailer: 0.0000, Train: 0.0000, Motorcycle: 0.0000, Bicycle: 0.0000 }
        MeanDICE: 0.3969
    

    Epoch 40:
      Train Loss: 2.6875, Train Accuracy: 0.8923
      Val Loss: 2.6911
      Metrics:
        val_loss: 2.6911
        val_accuracy: 0.8880
        IoU: { Unlabeled: 0.2772, Unused: 0.0000, Unused: 0.0000, Unused: 0.0000, Static: 0.0000, Dynamic: 0.0000, Ground: 0.0000, Road: 0.9469, Sidewalk: 0.6748, Parking: 0.0000, Rail track: 0.0000, Building: 0.8423, Wall: 0.0000, Fence: 0.6428, Guard rail: 0.0000, Bridge: 0.0000, Tunnel: 0.0000, Pole: 0.0000, Pole group: 0.0000, Traffic light: 0.0000, Traffic sign: 0.0000, Vegetation: 0.8512, Terrain: 0.6585, Sky: 0.9370, Person: 0.0000, Rider: 0.0000, Car: 0.8286, Truck: 0.0833, Bus: 0.0000, Caravan: 0.0000, Trailer: 0.0000, Train: 0.0000, Motorcycle: 0.0000, Bicycle: 0.0000 }
        MeanIoU: 0.3521
        PixelAccuracy: 0.8883
        DICE: { Unlabeled: 0.4338, Unused: 0.0000, Unused: 0.0000, Unused: 0.0000, Static: 0.0000, Dynamic: 0.0000, Ground: 0.0000, Road: 0.9727, Sidewalk: 0.8040, Parking: 0.0000, Rail track: 0.0000, Building: 0.9143, Wall: 0.0000, Fence: 0.7782, Guard rail: 0.0000, Bridge: 0.0000, Tunnel: 0.0000, Pole: 0.0000, Pole group: 0.0000, Traffic light: 0.0000, Traffic sign: 0.0000, Vegetation: 0.9195, Terrain: 0.7901, Sky: 0.9674, Person: 0.0000, Rider: 0.0000, Car: 0.9055, Truck: 0.1006, Bus: 0.0000, Caravan: 0.0000, Trailer: 0.0000, Train: 0.0000, Motorcycle: 0.0000, Bicycle: 0.0000 }
        MeanDICE: 0.3961
    

    Epoch 41:
      Train Loss: 2.6873, Train Accuracy: 0.8925
      Val Loss: 2.6906
      Metrics:
        val_loss: 2.6906
        val_accuracy: 0.8883
        IoU: { Unlabeled: 0.2698, Unused: 0.0000, Unused: 0.0000, Unused: 0.0000, Static: 0.0000, Dynamic: 0.0000, Ground: 0.0000, Road: 0.9457, Sidewalk: 0.6836, Parking: 0.0000, Rail track: 0.0000, Building: 0.8404, Wall: 0.0000, Fence: 0.6467, Guard rail: 0.0000, Bridge: 0.0000, Tunnel: 0.0000, Pole: 0.0000, Pole group: 0.0000, Traffic light: 0.0000, Traffic sign: 0.0000, Vegetation: 0.8524, Terrain: 0.6589, Sky: 0.9385, Person: 0.0000, Rider: 0.0000, Car: 0.8306, Truck: 0.0844, Bus: 0.0000, Caravan: 0.0000, Trailer: 0.0000, Train: 0.0000, Motorcycle: 0.0000, Bicycle: 0.0000 }
        MeanIoU: 0.3525
        PixelAccuracy: 0.8886
        DICE: { Unlabeled: 0.4247, Unused: 0.0000, Unused: 0.0000, Unused: 0.0000, Static: 0.0000, Dynamic: 0.0000, Ground: 0.0000, Road: 0.9721, Sidewalk: 0.8105, Parking: 0.0000, Rail track: 0.0000, Building: 0.9132, Wall: 0.0000, Fence: 0.7808, Guard rail: 0.0000, Bridge: 0.0000, Tunnel: 0.0000, Pole: 0.0000, Pole group: 0.0000, Traffic light: 0.0000, Traffic sign: 0.0000, Vegetation: 0.9202, Terrain: 0.7903, Sky: 0.9682, Person: 0.0000, Rider: 0.0000, Car: 0.9068, Truck: 0.1035, Bus: 0.0000, Caravan: 0.0000, Trailer: 0.0000, Train: 0.0000, Motorcycle: 0.0000, Bicycle: 0.0000 }
        MeanDICE: 0.3963
    

    Epoch 42:
      Train Loss: 2.6870, Train Accuracy: 0.8928
      Val Loss: 2.6915
      Metrics:
        val_loss: 2.6915
        val_accuracy: 0.8878
        IoU: { Unlabeled: 0.2832, Unused: 0.0000, Unused: 0.0000, Unused: 0.0000, Static: 0.0000, Dynamic: 0.0000, Ground: 0.0000, Road: 0.9465, Sidewalk: 0.6829, Parking: 0.0000, Rail track: 0.0000, Building: 0.8422, Wall: 0.0000, Fence: 0.6440, Guard rail: 0.0000, Bridge: 0.0000, Tunnel: 0.0000, Pole: 0.0000, Pole group: 0.0000, Traffic light: 0.0000, Traffic sign: 0.0000, Vegetation: 0.8513, Terrain: 0.6481, Sky: 0.9386, Person: 0.0000, Rider: 0.0000, Car: 0.8266, Truck: 0.0819, Bus: 0.0000, Caravan: 0.0000, Trailer: 0.0000, Train: 0.0000, Motorcycle: 0.0000, Bicycle: 0.0000 }
        MeanIoU: 0.3523
        PixelAccuracy: 0.8882
        DICE: { Unlabeled: 0.4412, Unused: 0.0000, Unused: 0.0000, Unused: 0.0000, Static: 0.0000, Dynamic: 0.0000, Ground: 0.0000, Road: 0.9725, Sidewalk: 0.8099, Parking: 0.0000, Rail track: 0.0000, Building: 0.9143, Wall: 0.0000, Fence: 0.7787, Guard rail: 0.0000, Bridge: 0.0000, Tunnel: 0.0000, Pole: 0.0000, Pole group: 0.0000, Traffic light: 0.0000, Traffic sign: 0.0000, Vegetation: 0.9196, Terrain: 0.7817, Sky: 0.9683, Person: 0.0000, Rider: 0.0000, Car: 0.9044, Truck: 0.1000, Bus: 0.0000, Caravan: 0.0000, Trailer: 0.0000, Train: 0.0000, Motorcycle: 0.0000, Bicycle: 0.0000 }
        MeanDICE: 0.3963
    

    Epoch 43:
      Train Loss: 2.6869, Train Accuracy: 0.8929
      Val Loss: 2.6909
      Metrics:
        val_loss: 2.6909
        val_accuracy: 0.8884
        IoU: { Unlabeled: 0.2803, Unused: 0.0000, Unused: 0.0000, Unused: 0.0000, Static: 0.0000, Dynamic: 0.0000, Ground: 0.0000, Road: 0.9467, Sidewalk: 0.6872, Parking: 0.0000, Rail track: 0.0000, Building: 0.8438, Wall: 0.0000, Fence: 0.6492, Guard rail: 0.0000, Bridge: 0.0000, Tunnel: 0.0000, Pole: 0.0000, Pole group: 0.0000, Traffic light: 0.0000, Traffic sign: 0.0000, Vegetation: 0.8511, Terrain: 0.6659, Sky: 0.9361, Person: 0.0000, Rider: 0.0000, Car: 0.8263, Truck: 0.0797, Bus: 0.0000, Caravan: 0.0000, Trailer: 0.0000, Train: 0.0000, Motorcycle: 0.0000, Bicycle: 0.0000 }
        MeanIoU: 0.3533
        PixelAccuracy: 0.8887
        DICE: { Unlabeled: 0.4376, Unused: 0.0000, Unused: 0.0000, Unused: 0.0000, Static: 0.0000, Dynamic: 0.0000, Ground: 0.0000, Road: 0.9726, Sidewalk: 0.8130, Parking: 0.0000, Rail track: 0.0000, Building: 0.9152, Wall: 0.0000, Fence: 0.7827, Guard rail: 0.0000, Bridge: 0.0000, Tunnel: 0.0000, Pole: 0.0000, Pole group: 0.0000, Traffic light: 0.0000, Traffic sign: 0.0000, Vegetation: 0.9194, Terrain: 0.7950, Sky: 0.9670, Person: 0.0000, Rider: 0.0000, Car: 0.9043, Truck: 0.0989, Bus: 0.0000, Caravan: 0.0000, Trailer: 0.0000, Train: 0.0000, Motorcycle: 0.0000, Bicycle: 0.0000 }
        MeanDICE: 0.3971
    

    Epoch 44:
      Train Loss: 2.6869, Train Accuracy: 0.8929
      Val Loss: 2.6908
      Metrics:
        val_loss: 2.6908
        val_accuracy: 0.8881
        IoU: { Unlabeled: 0.2733, Unused: 0.0000, Unused: 0.0000, Unused: 0.0000, Static: 0.0000, Dynamic: 0.0000, Ground: 0.0000, Road: 0.9432, Sidewalk: 0.6872, Parking: 0.0000, Rail track: 0.0000, Building: 0.8406, Wall: 0.0000, Fence: 0.6480, Guard rail: 0.0000, Bridge: 0.0000, Tunnel: 0.0000, Pole: 0.0000, Pole group: 0.0000, Traffic light: 0.0000, Traffic sign: 0.0000, Vegetation: 0.8543, Terrain: 0.6617, Sky: 0.9365, Person: 0.0000, Rider: 0.0000, Car: 0.8300, Truck: 0.0866, Bus: 0.0000, Caravan: 0.0000, Trailer: 0.0000, Train: 0.0000, Motorcycle: 0.0000, Bicycle: 0.0000 }
        MeanIoU: 0.3531
        PixelAccuracy: 0.8885
        DICE: { Unlabeled: 0.4291, Unused: 0.0000, Unused: 0.0000, Unused: 0.0000, Static: 0.0000, Dynamic: 0.0000, Ground: 0.0000, Road: 0.9707, Sidewalk: 0.8132, Parking: 0.0000, Rail track: 0.0000, Building: 0.9133, Wall: 0.0000, Fence: 0.7821, Guard rail: 0.0000, Bridge: 0.0000, Tunnel: 0.0000, Pole: 0.0000, Pole group: 0.0000, Traffic light: 0.0000, Traffic sign: 0.0000, Vegetation: 0.9213, Terrain: 0.7911, Sky: 0.9672, Person: 0.0000, Rider: 0.0000, Car: 0.9064, Truck: 0.1064, Bus: 0.0000, Caravan: 0.0000, Trailer: 0.0000, Train: 0.0000, Motorcycle: 0.0000, Bicycle: 0.0000 }
        MeanDICE: 0.3968
    

    Epoch 45:
      Train Loss: 2.6867, Train Accuracy: 0.8930
      Val Loss: 2.6909
      Metrics:
        val_loss: 2.6909
        val_accuracy: 0.8885
        IoU: { Unlabeled: 0.2749, Unused: 0.0000, Unused: 0.0000, Unused: 0.0000, Static: 0.0000, Dynamic: 0.0000, Ground: 0.0000, Road: 0.9480, Sidewalk: 0.6796, Parking: 0.0000, Rail track: 0.0000, Building: 0.8398, Wall: 0.0000, Fence: 0.6508, Guard rail: 0.0000, Bridge: 0.0000, Tunnel: 0.0000, Pole: 0.0000, Pole group: 0.0000, Traffic light: 0.0000, Traffic sign: 0.0000, Vegetation: 0.8544, Terrain: 0.6642, Sky: 0.9379, Person: 0.0000, Rider: 0.0000, Car: 0.8236, Truck: 0.0795, Bus: 0.0000, Caravan: 0.0000, Trailer: 0.0000, Train: 0.0000, Motorcycle: 0.0000, Bicycle: 0.0000 }
        MeanIoU: 0.3527
        PixelAccuracy: 0.8888
        DICE: { Unlabeled: 0.4310, Unused: 0.0000, Unused: 0.0000, Unused: 0.0000, Static: 0.0000, Dynamic: 0.0000, Ground: 0.0000, Road: 0.9732, Sidewalk: 0.8078, Parking: 0.0000, Rail track: 0.0000, Building: 0.9129, Wall: 0.0000, Fence: 0.7837, Guard rail: 0.0000, Bridge: 0.0000, Tunnel: 0.0000, Pole: 0.0000, Pole group: 0.0000, Traffic light: 0.0000, Traffic sign: 0.0000, Vegetation: 0.9214, Terrain: 0.7940, Sky: 0.9679, Person: 0.0000, Rider: 0.0000, Car: 0.9026, Truck: 0.0980, Bus: 0.0000, Caravan: 0.0000, Trailer: 0.0000, Train: 0.0000, Motorcycle: 0.0000, Bicycle: 0.0000 }
        MeanDICE: 0.3965
    

    Epoch 46:
      Train Loss: 2.6864, Train Accuracy: 0.8934
      Val Loss: 2.6916
      Metrics:
        val_loss: 2.6916
        val_accuracy: 0.8873
        IoU: { Unlabeled: 0.2637, Unused: 0.0000, Unused: 0.0000, Unused: 0.0000, Static: 0.0000, Dynamic: 0.0000, Ground: 0.0000, Road: 0.9481, Sidewalk: 0.6811, Parking: 0.0000, Rail track: 0.0000, Building: 0.8414, Wall: 0.0000, Fence: 0.6427, Guard rail: 0.0000, Bridge: 0.0000, Tunnel: 0.0000, Pole: 0.0000, Pole group: 0.0000, Traffic light: 0.0000, Traffic sign: 0.0000, Vegetation: 0.8458, Terrain: 0.6563, Sky: 0.9382, Person: 0.0000, Rider: 0.0000, Car: 0.8206, Truck: 0.0840, Bus: 0.0000, Caravan: 0.0000, Trailer: 0.0000, Train: 0.0000, Motorcycle: 0.0000, Bicycle: 0.0000 }
        MeanIoU: 0.3510
        PixelAccuracy: 0.8877
        DICE: { Unlabeled: 0.4171, Unused: 0.0000, Unused: 0.0000, Unused: 0.0000, Static: 0.0000, Dynamic: 0.0000, Ground: 0.0000, Road: 0.9733, Sidewalk: 0.8088, Parking: 0.0000, Rail track: 0.0000, Building: 0.9138, Wall: 0.0000, Fence: 0.7777, Guard rail: 0.0000, Bridge: 0.0000, Tunnel: 0.0000, Pole: 0.0000, Pole group: 0.0000, Traffic light: 0.0000, Traffic sign: 0.0000, Vegetation: 0.9164, Terrain: 0.7882, Sky: 0.9681, Person: 0.0000, Rider: 0.0000, Car: 0.9008, Truck: 0.1029, Bus: 0.0000, Caravan: 0.0000, Trailer: 0.0000, Train: 0.0000, Motorcycle: 0.0000, Bicycle: 0.0000 }
        MeanDICE: 0.3951
    

    Epoch 47:
      Train Loss: 2.6865, Train Accuracy: 0.8933
      Val Loss: 2.6911
      Metrics:
        val_loss: 2.6911
        val_accuracy: 0.8881
        IoU: { Unlabeled: 0.2773, Unused: 0.0000, Unused: 0.0000, Unused: 0.0000, Static: 0.0000, Dynamic: 0.0000, Ground: 0.0000, Road: 0.9477, Sidewalk: 0.6809, Parking: 0.0000, Rail track: 0.0000, Building: 0.8412, Wall: 0.0000, Fence: 0.6422, Guard rail: 0.0000, Bridge: 0.0000, Tunnel: 0.0000, Pole: 0.0000, Pole group: 0.0000, Traffic light: 0.0000, Traffic sign: 0.0000, Vegetation: 0.8510, Terrain: 0.6583, Sky: 0.9389, Person: 0.0000, Rider: 0.0000, Car: 0.8217, Truck: 0.0864, Bus: 0.0000, Caravan: 0.0000, Trailer: 0.0000, Train: 0.0000, Motorcycle: 0.0000, Bicycle: 0.0000 }
        MeanIoU: 0.3523
        PixelAccuracy: 0.8885
        DICE: { Unlabeled: 0.4340, Unused: 0.0000, Unused: 0.0000, Unused: 0.0000, Static: 0.0000, Dynamic: 0.0000, Ground: 0.0000, Road: 0.9731, Sidewalk: 0.8084, Parking: 0.0000, Rail track: 0.0000, Building: 0.9137, Wall: 0.0000, Fence: 0.7773, Guard rail: 0.0000, Bridge: 0.0000, Tunnel: 0.0000, Pole: 0.0000, Pole group: 0.0000, Traffic light: 0.0000, Traffic sign: 0.0000, Vegetation: 0.9194, Terrain: 0.7891, Sky: 0.9685, Person: 0.0000, Rider: 0.0000, Car: 0.9011, Truck: 0.1062, Bus: 0.0000, Caravan: 0.0000, Trailer: 0.0000, Train: 0.0000, Motorcycle: 0.0000, Bicycle: 0.0000 }
        MeanDICE: 0.3963
    

    Epoch 48:
      Train Loss: 2.6861, Train Accuracy: 0.8936
      Val Loss: 2.6902
      Metrics:
        val_loss: 2.6902
        val_accuracy: 0.8887
        IoU: { Unlabeled: 0.2722, Unused: 0.0000, Unused: 0.0000, Unused: 0.0000, Static: 0.0000, Dynamic: 0.0000, Ground: 0.0000, Road: 0.9448, Sidewalk: 0.6864, Parking: 0.0000, Rail track: 0.0000, Building: 0.8427, Wall: 0.0000, Fence: 0.6477, Guard rail: 0.0000, Bridge: 0.0000, Tunnel: 0.0000, Pole: 0.0000, Pole group: 0.0000, Traffic light: 0.0000, Traffic sign: 0.0000, Vegetation: 0.8539, Terrain: 0.6626, Sky: 0.9377, Person: 0.0000, Rider: 0.0000, Car: 0.8278, Truck: 0.0831, Bus: 0.0000, Caravan: 0.0000, Trailer: 0.0000, Train: 0.0000, Motorcycle: 0.0000, Bicycle: 0.0000 }
        MeanIoU: 0.3530
        PixelAccuracy: 0.8890
        DICE: { Unlabeled: 0.4277, Unused: 0.0000, Unused: 0.0000, Unused: 0.0000, Static: 0.0000, Dynamic: 0.0000, Ground: 0.0000, Road: 0.9716, Sidewalk: 0.8125, Parking: 0.0000, Rail track: 0.0000, Building: 0.9145, Wall: 0.0000, Fence: 0.7818, Guard rail: 0.0000, Bridge: 0.0000, Tunnel: 0.0000, Pole: 0.0000, Pole group: 0.0000, Traffic light: 0.0000, Traffic sign: 0.0000, Vegetation: 0.9211, Terrain: 0.7928, Sky: 0.9678, Person: 0.0000, Rider: 0.0000, Car: 0.9051, Truck: 0.1009, Bus: 0.0000, Caravan: 0.0000, Trailer: 0.0000, Train: 0.0000, Motorcycle: 0.0000, Bicycle: 0.0000 }
        MeanDICE: 0.3966
    

    Epoch 49:
      Train Loss: 2.6859, Train Accuracy: 0.8939
      Val Loss: 2.6907
      Metrics:
        val_loss: 2.6907
        val_accuracy: 0.8884
        IoU: { Unlabeled: 0.2828, Unused: 0.0000, Unused: 0.0000, Unused: 0.0000, Static: 0.0000, Dynamic: 0.0000, Ground: 0.0000, Road: 0.9486, Sidewalk: 0.6801, Parking: 0.0000, Rail track: 0.0000, Building: 0.8439, Wall: 0.0000, Fence: 0.6504, Guard rail: 0.0000, Bridge: 0.0000, Tunnel: 0.0000, Pole: 0.0000, Pole group: 0.0000, Traffic light: 0.0000, Traffic sign: 0.0000, Vegetation: 0.8491, Terrain: 0.6546, Sky: 0.9385, Person: 0.0000, Rider: 0.0000, Car: 0.8281, Truck: 0.0850, Bus: 0.0000, Caravan: 0.0000, Trailer: 0.0000, Train: 0.0000, Motorcycle: 0.0000, Bicycle: 0.0000 }
        MeanIoU: 0.3531
        PixelAccuracy: 0.8888
        DICE: { Unlabeled: 0.4407, Unused: 0.0000, Unused: 0.0000, Unused: 0.0000, Static: 0.0000, Dynamic: 0.0000, Ground: 0.0000, Road: 0.9736, Sidewalk: 0.8081, Parking: 0.0000, Rail track: 0.0000, Building: 0.9152, Wall: 0.0000, Fence: 0.7837, Guard rail: 0.0000, Bridge: 0.0000, Tunnel: 0.0000, Pole: 0.0000, Pole group: 0.0000, Traffic light: 0.0000, Traffic sign: 0.0000, Vegetation: 0.9183, Terrain: 0.7876, Sky: 0.9683, Person: 0.0000, Rider: 0.0000, Car: 0.9054, Truck: 0.1029, Bus: 0.0000, Caravan: 0.0000, Trailer: 0.0000, Train: 0.0000, Motorcycle: 0.0000, Bicycle: 0.0000 }
        MeanDICE: 0.3970
    

    Epoch 50:
      Train Loss: 2.6859, Train Accuracy: 0.8938
      Val Loss: 2.6906
      Metrics:
        val_loss: 2.6906
        val_accuracy: 0.8887
        IoU: { Unlabeled: 0.2892, Unused: 0.0000, Unused: 0.0000, Unused: 0.0000, Static: 0.0000, Dynamic: 0.0000, Ground: 0.0000, Road: 0.9487, Sidewalk: 0.6847, Parking: 0.0000, Rail track: 0.0000, Building: 0.8445, Wall: 0.0000, Fence: 0.6346, Guard rail: 0.0000, Bridge: 0.0000, Tunnel: 0.0000, Pole: 0.0000, Pole group: 0.0000, Traffic light: 0.0000, Traffic sign: 0.0000, Vegetation: 0.8540, Terrain: 0.6628, Sky: 0.9368, Person: 0.0000, Rider: 0.0000, Car: 0.8233, Truck: 0.0877, Bus: 0.0000, Caravan: 0.0000, Trailer: 0.0000, Train: 0.0000, Motorcycle: 0.0000, Bicycle: 0.0000 }
        MeanIoU: 0.3533
        PixelAccuracy: 0.8891
        DICE: { Unlabeled: 0.4484, Unused: 0.0000, Unused: 0.0000, Unused: 0.0000, Static: 0.0000, Dynamic: 0.0000, Ground: 0.0000, Road: 0.9737, Sidewalk: 0.8113, Parking: 0.0000, Rail track: 0.0000, Building: 0.9156, Wall: 0.0000, Fence: 0.7714, Guard rail: 0.0000, Bridge: 0.0000, Tunnel: 0.0000, Pole: 0.0000, Pole group: 0.0000, Traffic light: 0.0000, Traffic sign: 0.0000, Vegetation: 0.9212, Terrain: 0.7932, Sky: 0.9673, Person: 0.0000, Rider: 0.0000, Car: 0.9024, Truck: 0.1083, Bus: 0.0000, Caravan: 0.0000, Trailer: 0.0000, Train: 0.0000, Motorcycle: 0.0000, Bicycle: 0.0000 }
        MeanDICE: 0.3975
    
Training started at: 2025-01-02 01:54:45.593536
Training ended at: 2025-01-02 03:38:12.062117
Training duration: 1:43:26.468581
Results on Test Data Set :
  IoU:
    0 (Unlabeled): 0.2882259786128998
    1 (Unused): 0.000000
    2 (Unused): 0.000000
    3 (Unused): 0.000000
    4 (Static): 0.000000
    5 (Dynamic): 0.000000
    6 (Ground): 0.000000
    7 (Road): 0.9489128589630127
    8 (Sidewalk): 0.7047135233879089
    9 (Parking): 0.000000
    10 (Rail track): 0.000000
    11 (Building): 0.8466837406158447
    12 (Wall): 0.0
    13 (Fence): 0.6332314014434814
    14 (Guard rail): 0.000000
    15 (Bridge): 0.000000
    16 (Tunnel): 0.000000
    17 (Pole): 0.000000
    18 (Pole group): 0.0
    19 (Traffic light): 0.0
    20 (Traffic sign): 0.0
    21 (Vegetation): 0.855658769607544
    22 (Terrain): 0.6628048419952393
    23 (Sky): 0.9358457326889038
    24 (Person): 0.0
    25 (Rider): 0.0
    26 (Car): 0.8289179801940918
    27 (Truck): 0.09681747108697891
    28 (Bus): 0.0
    29 (Caravan): 0.0
    30 (Trailer): 0.0
    31 (Train): 0.0
    32 (Motorcycle): 0.0
    33 (Bicycle): 0.0
  MeanIoU: 0.352861
  PixelAccuracy: 0.888205
  DICE:
    0 (Unlabeled): 0.4472695291042328
    1 (Unused): 0.000000
    2 (Unused): 0.000000
    3 (Unused): 0.000000
    4 (Static): 0.000000
    5 (Dynamic): 0.000000
    6 (Ground): 0.000000
    7 (Road): 0.9737474918365479
    8 (Sidewalk): 0.8256509900093079
    9 (Parking): 0.000000
    10 (Rail track): 0.000000
    11 (Building): 0.9169421195983887
    12 (Wall): 0.0
    13 (Fence): 0.7713730931282043
    14 (Guard rail): 0.000000
    15 (Bridge): 0.000000
    16 (Tunnel): 0.000000
    17 (Pole): 0.000000
    18 (Pole group): 0.0
    19 (Traffic light): 0.0
    20 (Traffic sign): 0.0
    21 (Vegetation): 0.9220947027206421
    22 (Terrain): 0.7902466058731079
    23 (Sky): 0.9668476581573486
    24 (Person): 0.0
    25 (Rider): 0.0
    26 (Car): 0.9061233997344971
    27 (Truck): 0.1144995391368866
    28 (Bus): 0.0
    29 (Caravan): 0.0
    30 (Trailer): 0.0
    31 (Train): 0.0
    32 (Motorcycle): 0.0
    33 (Bicycle): 0.0
  MeanDICE: 0.396029
  val_loss: 2.691526
  val_accuracy: 0.888250

Testing started at: 2025-01-02 03:38:12.066925
Testing ended at: 2025-01-02 03:38:26.191152
Testing duration: 0:00:14.124227
