Model: UNetImproved
Loss Function: CrossEntropyLoss
Optimizer: Adam
Learning Rate: 0.0001
Scheduler: CosineAnnealingLR
Scheduler Params: {'T_max': 10, 'eta_min': 1e-06}
Batch Size: 16
Epochs: 50
Seed: 42
Dataset Details:
Dataset Path: /net/ens/am4ip/datasets/project-dataset
Train Split: 0.8
Validation Split: 0.1
Test Split: 0.1
Augmentation Details:
Use Augmentation: False

    Epoch 1:
      Train Loss: 3.1729, Train Accuracy: 0.5805
      Val Loss: 3.0094
      Metrics:
        val_loss: 3.0094
        val_accuracy: 0.6285
        IoU: { Unlabeled: 0.0000, Unused: 0.0000, Unused: 0.0000, Unused: 0.0000, Static: 0.0000, Dynamic: 0.0000, Ground: 0.0000, Road: 0.8726, Sidewalk: 0.0000, Parking: 0.0000, Rail track: 0.0000, Building: 0.6787, Wall: 0.0000, Fence: 0.0000, Guard rail: 0.0000, Bridge: 0.0000, Tunnel: 0.0000, Pole: 0.0000, Pole group: 0.0000, Traffic light: 0.0000, Traffic sign: 0.0000, Vegetation: 0.0000, Terrain: 0.0000, Sky: 0.4438, Person: 0.0000, Rider: 0.0000, Car: 0.0002, Truck: 0.0000, Bus: 0.0000, Caravan: 0.0000, Trailer: 0.0000, Train: 0.0000, Motorcycle: 0.0000, Bicycle: 0.0000 }
        MeanIoU: 0.1042
        PixelAccuracy: 0.6283
        DICE: { Unlabeled: 0.0000, Unused: 0.0000, Unused: 0.0000, Unused: 0.0000, Static: 0.0000, Dynamic: 0.0000, Ground: 0.0000, Road: 0.9318, Sidewalk: 0.0000, Parking: 0.0000, Rail track: 0.0000, Building: 0.8075, Wall: 0.0000, Fence: 0.0000, Guard rail: 0.0000, Bridge: 0.0000, Tunnel: 0.0000, Pole: 0.0000, Pole group: 0.0000, Traffic light: 0.0000, Traffic sign: 0.0000, Vegetation: 0.0000, Terrain: 0.0000, Sky: 0.6137, Person: 0.0000, Rider: 0.0000, Car: 0.0003, Truck: 0.0000, Bus: 0.0000, Caravan: 0.0000, Trailer: 0.0000, Train: 0.0000, Motorcycle: 0.0000, Bicycle: 0.0000 }
        MeanDICE: 0.1084
        overAllIOU: 0.4584
    

    Epoch 2:
      Train Loss: 2.9677, Train Accuracy: 0.6372
      Val Loss: 2.9342
      Metrics:
        val_loss: 2.9342
        val_accuracy: 0.6404
        IoU: { Unlabeled: 0.0000, Unused: 0.0000, Unused: 0.0000, Unused: 0.0000, Static: 0.0000, Dynamic: 0.0000, Ground: 0.0000, Road: 0.8365, Sidewalk: 0.0000, Parking: 0.0000, Rail track: 0.0000, Building: 0.3787, Wall: 0.0000, Fence: 0.0000, Guard rail: 0.0000, Bridge: 0.0000, Tunnel: 0.0000, Pole: 0.0000, Pole group: 0.0000, Traffic light: 0.0000, Traffic sign: 0.0000, Vegetation: 0.0014, Terrain: 0.0000, Sky: 0.8942, Person: 0.0000, Rider: 0.0000, Car: 0.0155, Truck: 0.0000, Bus: 0.0000, Caravan: 0.0000, Trailer: 0.0000, Train: 0.0000, Motorcycle: 0.0000, Bicycle: 0.0000 }
        MeanIoU: 0.1111
        PixelAccuracy: 0.6402
        DICE: { Unlabeled: 0.0000, Unused: 0.0000, Unused: 0.0000, Unused: 0.0000, Static: 0.0000, Dynamic: 0.0000, Ground: 0.0000, Road: 0.9107, Sidewalk: 0.0000, Parking: 0.0000, Rail track: 0.0000, Building: 0.5452, Wall: 0.0000, Fence: 0.0000, Guard rail: 0.0000, Bridge: 0.0000, Tunnel: 0.0000, Pole: 0.0000, Pole group: 0.0000, Traffic light: 0.0000, Traffic sign: 0.0000, Vegetation: 0.0028, Terrain: 0.0000, Sky: 0.9440, Person: 0.0000, Rider: 0.0000, Car: 0.0305, Truck: 0.0000, Bus: 0.0000, Caravan: 0.0000, Trailer: 0.0000, Train: 0.0000, Motorcycle: 0.0000, Bicycle: 0.0000 }
        MeanDICE: 0.1271
        overAllIOU: 0.4713
    

    Epoch 3:
      Train Loss: 2.8543, Train Accuracy: 0.7711
      Val Loss: 2.8198
      Metrics:
        val_loss: 2.8198
        val_accuracy: 0.7789
        IoU: { Unlabeled: 0.0000, Unused: 0.0000, Unused: 0.0000, Unused: 0.0000, Static: 0.0000, Dynamic: 0.0000, Ground: 0.0000, Road: 0.8283, Sidewalk: 0.0000, Parking: 0.0000, Rail track: 0.0000, Building: 0.6936, Wall: 0.0000, Fence: 0.0000, Guard rail: 0.0000, Bridge: 0.0000, Tunnel: 0.0000, Pole: 0.0000, Pole group: 0.0000, Traffic light: 0.0000, Traffic sign: 0.0000, Vegetation: 0.6522, Terrain: 0.0000, Sky: 0.8406, Person: 0.0000, Rider: 0.0000, Car: 0.0000, Truck: 0.0000, Bus: 0.0000, Caravan: 0.0000, Trailer: 0.0000, Train: 0.0000, Motorcycle: 0.0000, Bicycle: 0.0000 }
        MeanIoU: 0.1575
        PixelAccuracy: 0.7794
        DICE: { Unlabeled: 0.0000, Unused: 0.0000, Unused: 0.0000, Unused: 0.0000, Static: 0.0000, Dynamic: 0.0000, Ground: 0.0000, Road: 0.9058, Sidewalk: 0.0000, Parking: 0.0000, Rail track: 0.0000, Building: 0.8185, Wall: 0.0000, Fence: 0.0000, Guard rail: 0.0000, Bridge: 0.0000, Tunnel: 0.0000, Pole: 0.0000, Pole group: 0.0000, Traffic light: 0.0000, Traffic sign: 0.0000, Vegetation: 0.7887, Terrain: 0.0000, Sky: 0.9132, Person: 0.0000, Rider: 0.0000, Car: 0.0000, Truck: 0.0000, Bus: 0.0000, Caravan: 0.0000, Trailer: 0.0000, Train: 0.0000, Motorcycle: 0.0000, Bicycle: 0.0000 }
        MeanDICE: 0.1790
        overAllIOU: 0.6390
    

    Epoch 4:
      Train Loss: 2.8033, Train Accuracy: 0.7944
      Val Loss: 2.7873
      Metrics:
        val_loss: 2.7873
        val_accuracy: 0.8242
        IoU: { Unlabeled: 0.0004, Unused: 0.0000, Unused: 0.0000, Unused: 0.0000, Static: 0.0000, Dynamic: 0.0000, Ground: 0.0000, Road: 0.8869, Sidewalk: 0.0000, Parking: 0.0000, Rail track: 0.0000, Building: 0.7777, Wall: 0.0000, Fence: 0.0000, Guard rail: 0.0000, Bridge: 0.0000, Tunnel: 0.0000, Pole: 0.0000, Pole group: 0.0000, Traffic light: 0.0000, Traffic sign: 0.0000, Vegetation: 0.7206, Terrain: 0.0000, Sky: 0.9279, Person: 0.0000, Rider: 0.0000, Car: 0.4699, Truck: 0.0000, Bus: 0.0000, Caravan: 0.0000, Trailer: 0.0000, Train: 0.0000, Motorcycle: 0.0000, Bicycle: 0.0000 }
        MeanIoU: 0.1977
        PixelAccuracy: 0.8249
        DICE: { Unlabeled: 0.0007, Unused: 0.0000, Unused: 0.0000, Unused: 0.0000, Static: 0.0000, Dynamic: 0.0000, Ground: 0.0000, Road: 0.9399, Sidewalk: 0.0000, Parking: 0.0000, Rail track: 0.0000, Building: 0.8745, Wall: 0.0000, Fence: 0.0000, Guard rail: 0.0000, Bridge: 0.0000, Tunnel: 0.0000, Pole: 0.0000, Pole group: 0.0000, Traffic light: 0.0000, Traffic sign: 0.0000, Vegetation: 0.8370, Terrain: 0.0000, Sky: 0.9625, Person: 0.0000, Rider: 0.0000, Car: 0.6321, Truck: 0.0000, Bus: 0.0000, Caravan: 0.0000, Trailer: 0.0000, Train: 0.0000, Motorcycle: 0.0000, Bicycle: 0.0000 }
        MeanDICE: 0.2219
        overAllIOU: 0.7023
    

    Epoch 5:
      Train Loss: 2.7561, Train Accuracy: 0.8424
      Val Loss: 2.7322
      Metrics:
        val_loss: 2.7322
        val_accuracy: 0.8598
        IoU: { Unlabeled: 0.2998, Unused: 0.0000, Unused: 0.0000, Unused: 0.0000, Static: 0.0000, Dynamic: 0.0000, Ground: 0.0000, Road: 0.9180, Sidewalk: 0.0000, Parking: 0.0000, Rail track: 0.0000, Building: 0.7894, Wall: 0.0000, Fence: 0.0000, Guard rail: 0.0000, Bridge: 0.0000, Tunnel: 0.0000, Pole: 0.0000, Pole group: 0.0000, Traffic light: 0.0000, Traffic sign: 0.0000, Vegetation: 0.8284, Terrain: 0.0000, Sky: 0.9626, Person: 0.0000, Rider: 0.0000, Car: 0.6307, Truck: 0.0000, Bus: 0.0000, Caravan: 0.0000, Trailer: 0.0000, Train: 0.0000, Motorcycle: 0.0000, Bicycle: 0.0000 }
        MeanIoU: 0.2314
        PixelAccuracy: 0.8603
        DICE: { Unlabeled: 0.4607, Unused: 0.0000, Unused: 0.0000, Unused: 0.0000, Static: 0.0000, Dynamic: 0.0000, Ground: 0.0000, Road: 0.9571, Sidewalk: 0.0000, Parking: 0.0000, Rail track: 0.0000, Building: 0.8818, Wall: 0.0000, Fence: 0.0000, Guard rail: 0.0000, Bridge: 0.0000, Tunnel: 0.0000, Pole: 0.0000, Pole group: 0.0000, Traffic light: 0.0000, Traffic sign: 0.0000, Vegetation: 0.9059, Terrain: 0.0000, Sky: 0.9809, Person: 0.0000, Rider: 0.0000, Car: 0.7694, Truck: 0.0000, Bus: 0.0000, Caravan: 0.0000, Trailer: 0.0000, Train: 0.0000, Motorcycle: 0.0000, Bicycle: 0.0000 }
        MeanDICE: 0.2589
        overAllIOU: 0.7551
    

    Epoch 6:
      Train Loss: 2.7221, Train Accuracy: 0.8655
      Val Loss: 2.7124
      Metrics:
        val_loss: 2.7124
        val_accuracy: 0.8760
        IoU: { Unlabeled: 0.3671, Unused: 0.0000, Unused: 0.0000, Unused: 0.0000, Static: 0.0000, Dynamic: 0.0000, Ground: 0.0000, Road: 0.9251, Sidewalk: 0.0000, Parking: 0.0000, Rail track: 0.0000, Building: 0.8184, Wall: 0.0000, Fence: 0.0000, Guard rail: 0.0000, Bridge: 0.0000, Tunnel: 0.0000, Pole: 0.0000, Pole group: 0.0000, Traffic light: 0.0000, Traffic sign: 0.0000, Vegetation: 0.8505, Terrain: 0.3793, Sky: 0.9715, Person: 0.0000, Rider: 0.0000, Car: 0.7447, Truck: 0.0000, Bus: 0.0000, Caravan: 0.0000, Trailer: 0.0000, Train: 0.0000, Motorcycle: 0.0000, Bicycle: 0.0000 }
        MeanIoU: 0.2643
        PixelAccuracy: 0.8765
        DICE: { Unlabeled: 0.5366, Unused: 0.0000, Unused: 0.0000, Unused: 0.0000, Static: 0.0000, Dynamic: 0.0000, Ground: 0.0000, Road: 0.9609, Sidewalk: 0.0000, Parking: 0.0000, Rail track: 0.0000, Building: 0.8996, Wall: 0.0000, Fence: 0.0000, Guard rail: 0.0000, Bridge: 0.0000, Tunnel: 0.0000, Pole: 0.0000, Pole group: 0.0000, Traffic light: 0.0000, Traffic sign: 0.0000, Vegetation: 0.9190, Terrain: 0.5362, Sky: 0.9855, Person: 0.0000, Rider: 0.0000, Car: 0.8515, Truck: 0.0000, Bus: 0.0000, Caravan: 0.0000, Trailer: 0.0000, Train: 0.0000, Motorcycle: 0.0000, Bicycle: 0.0000 }
        MeanDICE: 0.2973
        overAllIOU: 0.7805
    

    Epoch 7:
      Train Loss: 2.7026, Train Accuracy: 0.8814
      Val Loss: 2.6948
      Metrics:
        val_loss: 2.6948
        val_accuracy: 0.8863
        IoU: { Unlabeled: 0.3990, Unused: 0.0000, Unused: 0.0000, Unused: 0.0000, Static: 0.0000, Dynamic: 0.0000, Ground: 0.0000, Road: 0.9363, Sidewalk: 0.0000, Parking: 0.0000, Rail track: 0.0000, Building: 0.8488, Wall: 0.0000, Fence: 0.0000, Guard rail: 0.0000, Bridge: 0.0000, Tunnel: 0.0000, Pole: 0.0000, Pole group: 0.0000, Traffic light: 0.0000, Traffic sign: 0.0000, Vegetation: 0.8542, Terrain: 0.4840, Sky: 0.9730, Person: 0.0000, Rider: 0.0000, Car: 0.8011, Truck: 0.0000, Bus: 0.0000, Caravan: 0.0000, Trailer: 0.0000, Train: 0.0000, Motorcycle: 0.0000, Bicycle: 0.0000 }
        MeanIoU: 0.2768
        PixelAccuracy: 0.8867
        DICE: { Unlabeled: 0.5698, Unused: 0.0000, Unused: 0.0000, Unused: 0.0000, Static: 0.0000, Dynamic: 0.0000, Ground: 0.0000, Road: 0.9670, Sidewalk: 0.0000, Parking: 0.0000, Rail track: 0.0000, Building: 0.9178, Wall: 0.0000, Fence: 0.0000, Guard rail: 0.0000, Bridge: 0.0000, Tunnel: 0.0000, Pole: 0.0000, Pole group: 0.0000, Traffic light: 0.0000, Traffic sign: 0.0000, Vegetation: 0.9211, Terrain: 0.6395, Sky: 0.9863, Person: 0.0000, Rider: 0.0000, Car: 0.8885, Truck: 0.0000, Bus: 0.0000, Caravan: 0.0000, Trailer: 0.0000, Train: 0.0000, Motorcycle: 0.0000, Bicycle: 0.0000 }
        MeanDICE: 0.3078
        overAllIOU: 0.7969
    

    Epoch 8:
      Train Loss: 2.6928, Train Accuracy: 0.8887
      Val Loss: 2.6881
      Metrics:
        val_loss: 2.6881
        val_accuracy: 0.8933
        IoU: { Unlabeled: 0.4136, Unused: 0.0000, Unused: 0.0000, Unused: 0.0000, Static: 0.0000, Dynamic: 0.0000, Ground: 0.0000, Road: 0.9387, Sidewalk: 0.5493, Parking: 0.0000, Rail track: 0.0000, Building: 0.8551, Wall: 0.0000, Fence: 0.0000, Guard rail: 0.0000, Bridge: 0.0000, Tunnel: 0.0000, Pole: 0.0000, Pole group: 0.0000, Traffic light: 0.0000, Traffic sign: 0.0000, Vegetation: 0.8383, Terrain: 0.6017, Sky: 0.9728, Person: 0.0000, Rider: 0.0000, Car: 0.7884, Truck: 0.0000, Bus: 0.0000, Caravan: 0.0000, Trailer: 0.0000, Train: 0.0000, Motorcycle: 0.0000, Bicycle: 0.0000 }
        MeanIoU: 0.3114
        PixelAccuracy: 0.8937
        DICE: { Unlabeled: 0.5846, Unused: 0.0000, Unused: 0.0000, Unused: 0.0000, Static: 0.0000, Dynamic: 0.0000, Ground: 0.0000, Road: 0.9683, Sidewalk: 0.7059, Parking: 0.0000, Rail track: 0.0000, Building: 0.9215, Wall: 0.0000, Fence: 0.0000, Guard rail: 0.0000, Bridge: 0.0000, Tunnel: 0.0000, Pole: 0.0000, Pole group: 0.0000, Traffic light: 0.0000, Traffic sign: 0.0000, Vegetation: 0.9117, Terrain: 0.7416, Sky: 0.9862, Person: 0.0000, Rider: 0.0000, Car: 0.8802, Truck: 0.0000, Bus: 0.0000, Caravan: 0.0000, Trailer: 0.0000, Train: 0.0000, Motorcycle: 0.0000, Bicycle: 0.0000 }
        MeanDICE: 0.3501
        overAllIOU: 0.8082
    

    Epoch 9:
      Train Loss: 2.6819, Train Accuracy: 0.8983
      Val Loss: 2.6766
      Metrics:
        val_loss: 2.6766
        val_accuracy: 0.9024
        IoU: { Unlabeled: 0.4401, Unused: 0.0000, Unused: 0.0000, Unused: 0.0000, Static: 0.0000, Dynamic: 0.0000, Ground: 0.0000, Road: 0.9509, Sidewalk: 0.6419, Parking: 0.0000, Rail track: 0.0000, Building: 0.8564, Wall: 0.0000, Fence: 0.0000, Guard rail: 0.0000, Bridge: 0.0000, Tunnel: 0.0000, Pole: 0.0000, Pole group: 0.0000, Traffic light: 0.0000, Traffic sign: 0.0000, Vegetation: 0.8699, Terrain: 0.6342, Sky: 0.9758, Person: 0.0000, Rider: 0.0000, Car: 0.8019, Truck: 0.0000, Bus: 0.0000, Caravan: 0.0000, Trailer: 0.0000, Train: 0.0000, Motorcycle: 0.0000, Bicycle: 0.0000 }
        MeanIoU: 0.3225
        PixelAccuracy: 0.9027
        DICE: { Unlabeled: 0.6107, Unused: 0.0000, Unused: 0.0000, Unused: 0.0000, Static: 0.0000, Dynamic: 0.0000, Ground: 0.0000, Road: 0.9748, Sidewalk: 0.7797, Parking: 0.0000, Rail track: 0.0000, Building: 0.9222, Wall: 0.0000, Fence: 0.0000, Guard rail: 0.0000, Bridge: 0.0000, Tunnel: 0.0000, Pole: 0.0000, Pole group: 0.0000, Traffic light: 0.0000, Traffic sign: 0.0000, Vegetation: 0.9302, Terrain: 0.7670, Sky: 0.9877, Person: 0.0000, Rider: 0.0000, Car: 0.8885, Truck: 0.0000, Bus: 0.0000, Caravan: 0.0000, Trailer: 0.0000, Train: 0.0000, Motorcycle: 0.0000, Bicycle: 0.0000 }
        MeanDICE: 0.3585
        overAllIOU: 0.8230
    

    Epoch 10:
      Train Loss: 2.6772, Train Accuracy: 0.9016
      Val Loss: 2.6736
      Metrics:
        val_loss: 2.6736
        val_accuracy: 0.9044
        IoU: { Unlabeled: 0.4428, Unused: 0.0000, Unused: 0.0000, Unused: 0.0000, Static: 0.0000, Dynamic: 0.0000, Ground: 0.0000, Road: 0.9522, Sidewalk: 0.6579, Parking: 0.0000, Rail track: 0.0000, Building: 0.8575, Wall: 0.0000, Fence: 0.0000, Guard rail: 0.0000, Bridge: 0.0000, Tunnel: 0.0000, Pole: 0.0000, Pole group: 0.0000, Traffic light: 0.0000, Traffic sign: 0.0000, Vegetation: 0.8762, Terrain: 0.6381, Sky: 0.9772, Person: 0.0000, Rider: 0.0000, Car: 0.8359, Truck: 0.0000, Bus: 0.0000, Caravan: 0.0000, Trailer: 0.0000, Train: 0.0000, Motorcycle: 0.0000, Bicycle: 0.0000 }
        MeanIoU: 0.3260
        PixelAccuracy: 0.9047
        DICE: { Unlabeled: 0.6133, Unused: 0.0000, Unused: 0.0000, Unused: 0.0000, Static: 0.0000, Dynamic: 0.0000, Ground: 0.0000, Road: 0.9754, Sidewalk: 0.7915, Parking: 0.0000, Rail track: 0.0000, Building: 0.9229, Wall: 0.0000, Fence: 0.0000, Guard rail: 0.0000, Bridge: 0.0000, Tunnel: 0.0000, Pole: 0.0000, Pole group: 0.0000, Traffic light: 0.0000, Traffic sign: 0.0000, Vegetation: 0.9338, Terrain: 0.7697, Sky: 0.9884, Person: 0.0000, Rider: 0.0000, Car: 0.9096, Truck: 0.0000, Bus: 0.0000, Caravan: 0.0000, Trailer: 0.0000, Train: 0.0000, Motorcycle: 0.0000, Bicycle: 0.0000 }
        MeanDICE: 0.3607
        overAllIOU: 0.8264
    

    Epoch 11:
      Train Loss: 2.6739, Train Accuracy: 0.9040
      Val Loss: 2.6727
      Metrics:
        val_loss: 2.6727
        val_accuracy: 0.9046
        IoU: { Unlabeled: 0.4586, Unused: 0.0000, Unused: 0.0000, Unused: 0.0000, Static: 0.0000, Dynamic: 0.0000, Ground: 0.0000, Road: 0.9532, Sidewalk: 0.6877, Parking: 0.0000, Rail track: 0.0000, Building: 0.8552, Wall: 0.0000, Fence: 0.0122, Guard rail: 0.0000, Bridge: 0.0000, Tunnel: 0.0000, Pole: 0.0000, Pole group: 0.0000, Traffic light: 0.0000, Traffic sign: 0.0000, Vegetation: 0.8717, Terrain: 0.6261, Sky: 0.9730, Person: 0.0000, Rider: 0.0000, Car: 0.8384, Truck: 0.0000, Bus: 0.0000, Caravan: 0.0000, Trailer: 0.0000, Train: 0.0000, Motorcycle: 0.0000, Bicycle: 0.0000 }
        MeanIoU: 0.3280
        PixelAccuracy: 0.9050
        DICE: { Unlabeled: 0.6283, Unused: 0.0000, Unused: 0.0000, Unused: 0.0000, Static: 0.0000, Dynamic: 0.0000, Ground: 0.0000, Road: 0.9760, Sidewalk: 0.8129, Parking: 0.0000, Rail track: 0.0000, Building: 0.9215, Wall: 0.0000, Fence: 0.0236, Guard rail: 0.0000, Bridge: 0.0000, Tunnel: 0.0000, Pole: 0.0000, Pole group: 0.0000, Traffic light: 0.0000, Traffic sign: 0.0000, Vegetation: 0.9313, Terrain: 0.7599, Sky: 0.9863, Person: 0.0000, Rider: 0.0000, Car: 0.9111, Truck: 0.0000, Bus: 0.0000, Caravan: 0.0000, Trailer: 0.0000, Train: 0.0000, Motorcycle: 0.0000, Bicycle: 0.0000 }
        MeanDICE: 0.3632
        overAllIOU: 0.8267
    

    Epoch 12:
      Train Loss: 2.6707, Train Accuracy: 0.9072
      Val Loss: 2.6696
      Metrics:
        val_loss: 2.6696
        val_accuracy: 0.9077
        IoU: { Unlabeled: 0.4601, Unused: 0.0000, Unused: 0.0000, Unused: 0.0000, Static: 0.0000, Dynamic: 0.0000, Ground: 0.0000, Road: 0.9546, Sidewalk: 0.7001, Parking: 0.0000, Rail track: 0.0000, Building: 0.8626, Wall: 0.0000, Fence: 0.1650, Guard rail: 0.0000, Bridge: 0.0000, Tunnel: 0.0000, Pole: 0.0000, Pole group: 0.0000, Traffic light: 0.0000, Traffic sign: 0.0000, Vegetation: 0.8656, Terrain: 0.6513, Sky: 0.9756, Person: 0.0000, Rider: 0.0000, Car: 0.8336, Truck: 0.0000, Bus: 0.0000, Caravan: 0.0000, Trailer: 0.0000, Train: 0.0000, Motorcycle: 0.0000, Bicycle: 0.0000 }
        MeanIoU: 0.3380
        PixelAccuracy: 0.9080
        DICE: { Unlabeled: 0.6297, Unused: 0.0000, Unused: 0.0000, Unused: 0.0000, Static: 0.0000, Dynamic: 0.0000, Ground: 0.0000, Road: 0.9767, Sidewalk: 0.8219, Parking: 0.0000, Rail track: 0.0000, Building: 0.9259, Wall: 0.0000, Fence: 0.2436, Guard rail: 0.0000, Bridge: 0.0000, Tunnel: 0.0000, Pole: 0.0000, Pole group: 0.0000, Traffic light: 0.0000, Traffic sign: 0.0000, Vegetation: 0.9277, Terrain: 0.7793, Sky: 0.9876, Person: 0.0000, Rider: 0.0000, Car: 0.9081, Truck: 0.0000, Bus: 0.0000, Caravan: 0.0000, Trailer: 0.0000, Train: 0.0000, Motorcycle: 0.0000, Bicycle: 0.0000 }
        MeanDICE: 0.3762
        overAllIOU: 0.8318
    

    Epoch 13:
      Train Loss: 2.6670, Train Accuracy: 0.9106
      Val Loss: 2.6637
      Metrics:
        val_loss: 2.6637
        val_accuracy: 0.9134
        IoU: { Unlabeled: 0.4704, Unused: 0.0000, Unused: 0.0000, Unused: 0.0000, Static: 0.0000, Dynamic: 0.0000, Ground: 0.0000, Road: 0.9557, Sidewalk: 0.7195, Parking: 0.0000, Rail track: 0.0000, Building: 0.8606, Wall: 0.0000, Fence: 0.4861, Guard rail: 0.0000, Bridge: 0.0000, Tunnel: 0.0000, Pole: 0.0000, Pole group: 0.0000, Traffic light: 0.0000, Traffic sign: 0.0000, Vegetation: 0.8873, Terrain: 0.6581, Sky: 0.9765, Person: 0.0000, Rider: 0.0000, Car: 0.8418, Truck: 0.0000, Bus: 0.0000, Caravan: 0.0000, Trailer: 0.0000, Train: 0.0000, Motorcycle: 0.0000, Bicycle: 0.0000 }
        MeanIoU: 0.3583
        PixelAccuracy: 0.9137
        DICE: { Unlabeled: 0.6392, Unused: 0.0000, Unused: 0.0000, Unused: 0.0000, Static: 0.0000, Dynamic: 0.0000, Ground: 0.0000, Road: 0.9773, Sidewalk: 0.8352, Parking: 0.0000, Rail track: 0.0000, Building: 0.9247, Wall: 0.0000, Fence: 0.6407, Guard rail: 0.0000, Bridge: 0.0000, Tunnel: 0.0000, Pole: 0.0000, Pole group: 0.0000, Traffic light: 0.0000, Traffic sign: 0.0000, Vegetation: 0.9402, Terrain: 0.7849, Sky: 0.9881, Person: 0.0000, Rider: 0.0000, Car: 0.9133, Truck: 0.0000, Bus: 0.0000, Caravan: 0.0000, Trailer: 0.0000, Train: 0.0000, Motorcycle: 0.0000, Bicycle: 0.0000 }
        MeanDICE: 0.3994
        overAllIOU: 0.8414
    

    Epoch 14:
      Train Loss: 2.6653, Train Accuracy: 0.9120
      Val Loss: 2.6612
      Metrics:
        val_loss: 2.6612
        val_accuracy: 0.9157
        IoU: { Unlabeled: 0.4862, Unused: 0.0000, Unused: 0.0000, Unused: 0.0000, Static: 0.0000, Dynamic: 0.0000, Ground: 0.0000, Road: 0.9565, Sidewalk: 0.7291, Parking: 0.0000, Rail track: 0.0000, Building: 0.8738, Wall: 0.0000, Fence: 0.5372, Guard rail: 0.0000, Bridge: 0.0000, Tunnel: 0.0000, Pole: 0.0000, Pole group: 0.0000, Traffic light: 0.0000, Traffic sign: 0.0503, Vegetation: 0.8847, Terrain: 0.6614, Sky: 0.9776, Person: 0.0000, Rider: 0.0000, Car: 0.8542, Truck: 0.0000, Bus: 0.0000, Caravan: 0.0000, Trailer: 0.0000, Train: 0.0000, Motorcycle: 0.0000, Bicycle: 0.0000 }
        MeanIoU: 0.3664
        PixelAccuracy: 0.9160
        DICE: { Unlabeled: 0.6537, Unused: 0.0000, Unused: 0.0000, Unused: 0.0000, Static: 0.0000, Dynamic: 0.0000, Ground: 0.0000, Road: 0.9777, Sidewalk: 0.8417, Parking: 0.0000, Rail track: 0.0000, Building: 0.9323, Wall: 0.0000, Fence: 0.6866, Guard rail: 0.0000, Bridge: 0.0000, Tunnel: 0.0000, Pole: 0.0000, Pole group: 0.0000, Traffic light: 0.0000, Traffic sign: 0.0939, Vegetation: 0.9387, Terrain: 0.7873, Sky: 0.9886, Person: 0.0000, Rider: 0.0000, Car: 0.9207, Truck: 0.0000, Bus: 0.0000, Caravan: 0.0000, Trailer: 0.0000, Train: 0.0000, Motorcycle: 0.0000, Bicycle: 0.0000 }
        MeanDICE: 0.4087
        overAllIOU: 0.8453
    

    Epoch 15:
      Train Loss: 2.6618, Train Accuracy: 0.9152
      Val Loss: 2.6594
      Metrics:
        val_loss: 2.6594
        val_accuracy: 0.9172
        IoU: { Unlabeled: 0.4871, Unused: 0.0000, Unused: 0.0000, Unused: 0.0000, Static: 0.0000, Dynamic: 0.0000, Ground: 0.0000, Road: 0.9569, Sidewalk: 0.7465, Parking: 0.0000, Rail track: 0.0000, Building: 0.8680, Wall: 0.0000, Fence: 0.5422, Guard rail: 0.0000, Bridge: 0.0000, Tunnel: 0.0000, Pole: 0.0000, Pole group: 0.0000, Traffic light: 0.0000, Traffic sign: 0.1497, Vegetation: 0.8867, Terrain: 0.6703, Sky: 0.9788, Person: 0.0000, Rider: 0.0000, Car: 0.8674, Truck: 0.0000, Bus: 0.0000, Caravan: 0.0000, Trailer: 0.0000, Train: 0.0000, Motorcycle: 0.0000, Bicycle: 0.0000 }
        MeanIoU: 0.3739
        PixelAccuracy: 0.9174
        DICE: { Unlabeled: 0.6544, Unused: 0.0000, Unused: 0.0000, Unused: 0.0000, Static: 0.0000, Dynamic: 0.0000, Ground: 0.0000, Road: 0.9779, Sidewalk: 0.8535, Parking: 0.0000, Rail track: 0.0000, Building: 0.9290, Wall: 0.0000, Fence: 0.6901, Guard rail: 0.0000, Bridge: 0.0000, Tunnel: 0.0000, Pole: 0.0000, Pole group: 0.0000, Traffic light: 0.0000, Traffic sign: 0.2493, Vegetation: 0.9398, Terrain: 0.7942, Sky: 0.9893, Person: 0.0000, Rider: 0.0000, Car: 0.9284, Truck: 0.0000, Bus: 0.0000, Caravan: 0.0000, Trailer: 0.0000, Train: 0.0000, Motorcycle: 0.0000, Bicycle: 0.0000 }
        MeanDICE: 0.4184
        overAllIOU: 0.8477
    

    Epoch 16:
      Train Loss: 2.6607, Train Accuracy: 0.9164
      Val Loss: 2.6552
      Metrics:
        val_loss: 2.6552
        val_accuracy: 0.9219
        IoU: { Unlabeled: 0.4984, Unused: 0.0000, Unused: 0.0000, Unused: 0.0000, Static: 0.0000, Dynamic: 0.0000, Ground: 0.0000, Road: 0.9567, Sidewalk: 0.7507, Parking: 0.0000, Rail track: 0.0000, Building: 0.8732, Wall: 0.0000, Fence: 0.5776, Guard rail: 0.0000, Bridge: 0.0000, Tunnel: 0.0000, Pole: 0.0000, Pole group: 0.4028, Traffic light: 0.0000, Traffic sign: 0.5469, Vegetation: 0.8967, Terrain: 0.6698, Sky: 0.9791, Person: 0.0000, Rider: 0.0000, Car: 0.8735, Truck: 0.0000, Bus: 0.0000, Caravan: 0.0000, Trailer: 0.0000, Train: 0.0000, Motorcycle: 0.0000, Bicycle: 0.0000 }
        MeanIoU: 0.4193
        PixelAccuracy: 0.9221
        DICE: { Unlabeled: 0.6645, Unused: 0.0000, Unused: 0.0000, Unused: 0.0000, Static: 0.0000, Dynamic: 0.0000, Ground: 0.0000, Road: 0.9778, Sidewalk: 0.8563, Parking: 0.0000, Rail track: 0.0000, Building: 0.9320, Wall: 0.0000, Fence: 0.7198, Guard rail: 0.0000, Bridge: 0.0000, Tunnel: 0.0000, Pole: 0.0000, Pole group: 0.5531, Traffic light: 0.0000, Traffic sign: 0.6714, Vegetation: 0.9454, Terrain: 0.7941, Sky: 0.9894, Person: 0.0000, Rider: 0.0000, Car: 0.9318, Truck: 0.0000, Bus: 0.0000, Caravan: 0.0000, Trailer: 0.0000, Train: 0.0000, Motorcycle: 0.0000, Bicycle: 0.0000 }
        MeanDICE: 0.4719
        overAllIOU: 0.8558
    

    Epoch 17:
      Train Loss: 2.6563, Train Accuracy: 0.9207
      Val Loss: 2.6546
      Metrics:
        val_loss: 2.6546
        val_accuracy: 0.9219
        IoU: { Unlabeled: 0.4940, Unused: 0.0000, Unused: 0.0000, Unused: 0.0000, Static: 0.0000, Dynamic: 0.0000, Ground: 0.0000, Road: 0.9577, Sidewalk: 0.7556, Parking: 0.0000, Rail track: 0.0000, Building: 0.8815, Wall: 0.0000, Fence: 0.5904, Guard rail: 0.0000, Bridge: 0.0000, Tunnel: 0.0000, Pole: 0.0000, Pole group: 0.4435, Traffic light: 0.0000, Traffic sign: 0.5699, Vegetation: 0.8844, Terrain: 0.6739, Sky: 0.9791, Person: 0.0000, Rider: 0.0000, Car: 0.8763, Truck: 0.0000, Bus: 0.0000, Caravan: 0.0000, Trailer: 0.0000, Train: 0.0000, Motorcycle: 0.0000, Bicycle: 0.0000 }
        MeanIoU: 0.4235
        PixelAccuracy: 0.9222
        DICE: { Unlabeled: 0.6605, Unused: 0.0000, Unused: 0.0000, Unused: 0.0000, Static: 0.0000, Dynamic: 0.0000, Ground: 0.0000, Road: 0.9783, Sidewalk: 0.8595, Parking: 0.0000, Rail track: 0.0000, Building: 0.9367, Wall: 0.0000, Fence: 0.7305, Guard rail: 0.0000, Bridge: 0.0000, Tunnel: 0.0000, Pole: 0.0000, Pole group: 0.5929, Traffic light: 0.0000, Traffic sign: 0.6895, Vegetation: 0.9385, Terrain: 0.7969, Sky: 0.9894, Person: 0.0000, Rider: 0.0000, Car: 0.9335, Truck: 0.0000, Bus: 0.0000, Caravan: 0.0000, Trailer: 0.0000, Train: 0.0000, Motorcycle: 0.0000, Bicycle: 0.0000 }
        MeanDICE: 0.4756
        overAllIOU: 0.8559
    

    Epoch 18:
      Train Loss: 2.6550, Train Accuracy: 0.9217
      Val Loss: 2.6541
      Metrics:
        val_loss: 2.6541
        val_accuracy: 0.9223
        IoU: { Unlabeled: 0.4974, Unused: 0.0000, Unused: 0.0000, Unused: 0.0000, Static: 0.0000, Dynamic: 0.0000, Ground: 0.0000, Road: 0.9582, Sidewalk: 0.7383, Parking: 0.0000, Rail track: 0.0000, Building: 0.8785, Wall: 0.0000, Fence: 0.5954, Guard rail: 0.0000, Bridge: 0.0000, Tunnel: 0.0000, Pole: 0.0000, Pole group: 0.4601, Traffic light: 0.0000, Traffic sign: 0.5808, Vegetation: 0.8901, Terrain: 0.6759, Sky: 0.9774, Person: 0.0000, Rider: 0.0000, Car: 0.8708, Truck: 0.0000, Bus: 0.0000, Caravan: 0.0000, Trailer: 0.0000, Train: 0.0000, Motorcycle: 0.0000, Bicycle: 0.0000 }
        MeanIoU: 0.4244
        PixelAccuracy: 0.9225
        DICE: { Unlabeled: 0.6636, Unused: 0.0000, Unused: 0.0000, Unused: 0.0000, Static: 0.0000, Dynamic: 0.0000, Ground: 0.0000, Road: 0.9786, Sidewalk: 0.8478, Parking: 0.0000, Rail track: 0.0000, Building: 0.9350, Wall: 0.0000, Fence: 0.7337, Guard rail: 0.0000, Bridge: 0.0000, Tunnel: 0.0000, Pole: 0.0000, Pole group: 0.6089, Traffic light: 0.0000, Traffic sign: 0.6981, Vegetation: 0.9417, Terrain: 0.7983, Sky: 0.9885, Person: 0.0000, Rider: 0.0000, Car: 0.9303, Truck: 0.0000, Bus: 0.0000, Caravan: 0.0000, Trailer: 0.0000, Train: 0.0000, Motorcycle: 0.0000, Bicycle: 0.0000 }
        MeanDICE: 0.4765
        overAllIOU: 0.8565
    

    Epoch 19:
      Train Loss: 2.6545, Train Accuracy: 0.9221
      Val Loss: 2.6531
      Metrics:
        val_loss: 2.6531
        val_accuracy: 0.9233
        IoU: { Unlabeled: 0.5032, Unused: 0.0000, Unused: 0.0000, Unused: 0.0000, Static: 0.0000, Dynamic: 0.0000, Ground: 0.0000, Road: 0.9577, Sidewalk: 0.7573, Parking: 0.0000, Rail track: 0.0000, Building: 0.8731, Wall: 0.0000, Fence: 0.5978, Guard rail: 0.0000, Bridge: 0.0000, Tunnel: 0.0000, Pole: 0.0000, Pole group: 0.4696, Traffic light: 0.0000, Traffic sign: 0.5836, Vegetation: 0.8961, Terrain: 0.6754, Sky: 0.9803, Person: 0.0000, Rider: 0.0000, Car: 0.8692, Truck: 0.0000, Bus: 0.0000, Caravan: 0.0000, Trailer: 0.0000, Train: 0.0000, Motorcycle: 0.0000, Bicycle: 0.0000 }
        MeanIoU: 0.4265
        PixelAccuracy: 0.9235
        DICE: { Unlabeled: 0.6688, Unused: 0.0000, Unused: 0.0000, Unused: 0.0000, Static: 0.0000, Dynamic: 0.0000, Ground: 0.0000, Road: 0.9783, Sidewalk: 0.8605, Parking: 0.0000, Rail track: 0.0000, Building: 0.9319, Wall: 0.0000, Fence: 0.7361, Guard rail: 0.0000, Bridge: 0.0000, Tunnel: 0.0000, Pole: 0.0000, Pole group: 0.6200, Traffic light: 0.0000, Traffic sign: 0.7004, Vegetation: 0.9450, Terrain: 0.7985, Sky: 0.9900, Person: 0.0000, Rider: 0.0000, Car: 0.9294, Truck: 0.0000, Bus: 0.0000, Caravan: 0.0000, Trailer: 0.0000, Train: 0.0000, Motorcycle: 0.0000, Bicycle: 0.0000 }
        MeanDICE: 0.4783
        overAllIOU: 0.8582
    

    Epoch 20:
      Train Loss: 2.6538, Train Accuracy: 0.9228
      Val Loss: 2.6551
      Metrics:
        val_loss: 2.6551
        val_accuracy: 0.9213
        IoU: { Unlabeled: 0.4939, Unused: 0.0000, Unused: 0.0000, Unused: 0.0000, Static: 0.0000, Dynamic: 0.0000, Ground: 0.0000, Road: 0.9583, Sidewalk: 0.7370, Parking: 0.0000, Rail track: 0.0000, Building: 0.8782, Wall: 0.0000, Fence: 0.5780, Guard rail: 0.0000, Bridge: 0.0000, Tunnel: 0.0000, Pole: 0.0000, Pole group: 0.4840, Traffic light: 0.0000, Traffic sign: 0.5759, Vegetation: 0.8855, Terrain: 0.6249, Sky: 0.9786, Person: 0.0000, Rider: 0.0000, Car: 0.8776, Truck: 0.0000, Bus: 0.0000, Caravan: 0.0000, Trailer: 0.0000, Train: 0.0000, Motorcycle: 0.0000, Bicycle: 0.0000 }
        MeanIoU: 0.4218
        PixelAccuracy: 0.9215
        DICE: { Unlabeled: 0.6604, Unused: 0.0000, Unused: 0.0000, Unused: 0.0000, Static: 0.0000, Dynamic: 0.0000, Ground: 0.0000, Road: 0.9786, Sidewalk: 0.8473, Parking: 0.0000, Rail track: 0.0000, Building: 0.9348, Wall: 0.0000, Fence: 0.7178, Guard rail: 0.0000, Bridge: 0.0000, Tunnel: 0.0000, Pole: 0.0000, Pole group: 0.6346, Traffic light: 0.0000, Traffic sign: 0.6945, Vegetation: 0.9391, Terrain: 0.7603, Sky: 0.9892, Person: 0.0000, Rider: 0.0000, Car: 0.9343, Truck: 0.0000, Bus: 0.0000, Caravan: 0.0000, Trailer: 0.0000, Train: 0.0000, Motorcycle: 0.0000, Bicycle: 0.0000 }
        MeanDICE: 0.4748
        overAllIOU: 0.8547
    

    Epoch 21:
      Train Loss: 2.6530, Train Accuracy: 0.9235
      Val Loss: 2.6529
      Metrics:
        val_loss: 2.6529
        val_accuracy: 0.9233
        IoU: { Unlabeled: 0.5076, Unused: 0.0000, Unused: 0.0000, Unused: 0.0000, Static: 0.0000, Dynamic: 0.0000, Ground: 0.0000, Road: 0.9591, Sidewalk: 0.7276, Parking: 0.0000, Rail track: 0.0000, Building: 0.8844, Wall: 0.0000, Fence: 0.6033, Guard rail: 0.0000, Bridge: 0.0000, Tunnel: 0.0000, Pole: 0.0000, Pole group: 0.5347, Traffic light: 0.0000, Traffic sign: 0.5920, Vegetation: 0.8924, Terrain: 0.6799, Sky: 0.9805, Person: 0.0000, Rider: 0.0000, Car: 0.8533, Truck: 0.0000, Bus: 0.0000, Caravan: 0.0000, Trailer: 0.0000, Train: 0.0000, Motorcycle: 0.0000, Bicycle: 0.0000 }
        MeanIoU: 0.4292
        PixelAccuracy: 0.9236
        DICE: { Unlabeled: 0.6726, Unused: 0.0000, Unused: 0.0000, Unused: 0.0000, Static: 0.0000, Dynamic: 0.0000, Ground: 0.0000, Road: 0.9790, Sidewalk: 0.8410, Parking: 0.0000, Rail track: 0.0000, Building: 0.9384, Wall: 0.0000, Fence: 0.7418, Guard rail: 0.0000, Bridge: 0.0000, Tunnel: 0.0000, Pole: 0.0000, Pole group: 0.6852, Traffic light: 0.0000, Traffic sign: 0.7126, Vegetation: 0.9430, Terrain: 0.8009, Sky: 0.9901, Person: 0.0000, Rider: 0.0000, Car: 0.9202, Truck: 0.0000, Bus: 0.0000, Caravan: 0.0000, Trailer: 0.0000, Train: 0.0000, Motorcycle: 0.0000, Bicycle: 0.0000 }
        MeanDICE: 0.4818
        overAllIOU: 0.8583
    

    Epoch 22:
      Train Loss: 2.6522, Train Accuracy: 0.9242
      Val Loss: 2.6505
      Metrics:
        val_loss: 2.6505
        val_accuracy: 0.9256
        IoU: { Unlabeled: 0.5184, Unused: 0.0000, Unused: 0.0000, Unused: 0.0000, Static: 0.0000, Dynamic: 0.0000, Ground: 0.0000, Road: 0.9594, Sidewalk: 0.7628, Parking: 0.0000, Rail track: 0.0000, Building: 0.8849, Wall: 0.0000, Fence: 0.6112, Guard rail: 0.0000, Bridge: 0.0000, Tunnel: 0.0000, Pole: 0.0000, Pole group: 0.5487, Traffic light: 0.0000, Traffic sign: 0.6266, Vegetation: 0.8969, Terrain: 0.6868, Sky: 0.9805, Person: 0.0000, Rider: 0.0000, Car: 0.8767, Truck: 0.0000, Bus: 0.0000, Caravan: 0.0000, Trailer: 0.0000, Train: 0.0000, Motorcycle: 0.0000, Bicycle: 0.0000 }
        MeanIoU: 0.4365
        PixelAccuracy: 0.9259
        DICE: { Unlabeled: 0.6821, Unused: 0.0000, Unused: 0.0000, Unused: 0.0000, Static: 0.0000, Dynamic: 0.0000, Ground: 0.0000, Road: 0.9792, Sidewalk: 0.8643, Parking: 0.0000, Rail track: 0.0000, Building: 0.9386, Wall: 0.0000, Fence: 0.7467, Guard rail: 0.0000, Bridge: 0.0000, Tunnel: 0.0000, Pole: 0.0000, Pole group: 0.6978, Traffic light: 0.0000, Traffic sign: 0.7421, Vegetation: 0.9455, Terrain: 0.8062, Sky: 0.9901, Person: 0.0000, Rider: 0.0000, Car: 0.9337, Truck: 0.0000, Bus: 0.0000, Caravan: 0.0000, Trailer: 0.0000, Train: 0.0000, Motorcycle: 0.0000, Bicycle: 0.0000 }
        MeanDICE: 0.4872
        overAllIOU: 0.8623
    

    Epoch 23:
      Train Loss: 2.6512, Train Accuracy: 0.9252
      Val Loss: 2.6502
      Metrics:
        val_loss: 2.6502
        val_accuracy: 0.9260
        IoU: { Unlabeled: 0.5201, Unused: 0.0000, Unused: 0.0000, Unused: 0.0000, Static: 0.0000, Dynamic: 0.0000, Ground: 0.0000, Road: 0.9600, Sidewalk: 0.7622, Parking: 0.0000, Rail track: 0.0000, Building: 0.8873, Wall: 0.0000, Fence: 0.6095, Guard rail: 0.0000, Bridge: 0.0000, Tunnel: 0.0000, Pole: 0.0000, Pole group: 0.5403, Traffic light: 0.0000, Traffic sign: 0.6475, Vegetation: 0.8998, Terrain: 0.6833, Sky: 0.9802, Person: 0.0000, Rider: 0.0000, Car: 0.8822, Truck: 0.0000, Bus: 0.0000, Caravan: 0.0000, Trailer: 0.0000, Train: 0.0000, Motorcycle: 0.0000, Bicycle: 0.0000 }
        MeanIoU: 0.4375
        PixelAccuracy: 0.9262
        DICE: { Unlabeled: 0.6836, Unused: 0.0000, Unused: 0.0000, Unused: 0.0000, Static: 0.0000, Dynamic: 0.0000, Ground: 0.0000, Road: 0.9795, Sidewalk: 0.8638, Parking: 0.0000, Rail track: 0.0000, Building: 0.9400, Wall: 0.0000, Fence: 0.7460, Guard rail: 0.0000, Bridge: 0.0000, Tunnel: 0.0000, Pole: 0.0000, Pole group: 0.6907, Traffic light: 0.0000, Traffic sign: 0.7596, Vegetation: 0.9471, Terrain: 0.8034, Sky: 0.9900, Person: 0.0000, Rider: 0.0000, Car: 0.9369, Truck: 0.0000, Bus: 0.0000, Caravan: 0.0000, Trailer: 0.0000, Train: 0.0000, Motorcycle: 0.0000, Bicycle: 0.0000 }
        MeanDICE: 0.4879
        overAllIOU: 0.8629
    

    Epoch 24:
      Train Loss: 2.6513, Train Accuracy: 0.9251
      Val Loss: 2.6498
      Metrics:
        val_loss: 2.6498
        val_accuracy: 0.9263
        IoU: { Unlabeled: 0.5149, Unused: 0.0000, Unused: 0.0000, Unused: 0.0000, Static: 0.0000, Dynamic: 0.0000, Ground: 0.0000, Road: 0.9596, Sidewalk: 0.7698, Parking: 0.0000, Rail track: 0.0000, Building: 0.8874, Wall: 0.0000, Fence: 0.6037, Guard rail: 0.0000, Bridge: 0.0000, Tunnel: 0.0000, Pole: 0.0000, Pole group: 0.5673, Traffic light: 0.0000, Traffic sign: 0.6628, Vegetation: 0.9016, Terrain: 0.6891, Sky: 0.9805, Person: 0.0000, Rider: 0.0000, Car: 0.8845, Truck: 0.0000, Bus: 0.0000, Caravan: 0.0000, Trailer: 0.0000, Train: 0.0000, Motorcycle: 0.0000, Bicycle: 0.0000 }
        MeanIoU: 0.4400
        PixelAccuracy: 0.9265
        DICE: { Unlabeled: 0.6791, Unused: 0.0000, Unused: 0.0000, Unused: 0.0000, Static: 0.0000, Dynamic: 0.0000, Ground: 0.0000, Road: 0.9793, Sidewalk: 0.8688, Parking: 0.0000, Rail track: 0.0000, Building: 0.9401, Wall: 0.0000, Fence: 0.7411, Guard rail: 0.0000, Bridge: 0.0000, Tunnel: 0.0000, Pole: 0.0000, Pole group: 0.7138, Traffic light: 0.0000, Traffic sign: 0.7737, Vegetation: 0.9481, Terrain: 0.8081, Sky: 0.9901, Person: 0.0000, Rider: 0.0000, Car: 0.9381, Truck: 0.0000, Bus: 0.0000, Caravan: 0.0000, Trailer: 0.0000, Train: 0.0000, Motorcycle: 0.0000, Bicycle: 0.0000 }
        MeanDICE: 0.4900
        overAllIOU: 0.8634
    

    Epoch 25:
      Train Loss: 2.6499, Train Accuracy: 0.9264
      Val Loss: 2.6503
      Metrics:
        val_loss: 2.6503
        val_accuracy: 0.9258
        IoU: { Unlabeled: 0.5190, Unused: 0.0000, Unused: 0.0000, Unused: 0.0000, Static: 0.0000, Dynamic: 0.0000, Ground: 0.0000, Road: 0.9603, Sidewalk: 0.7666, Parking: 0.0000, Rail track: 0.0000, Building: 0.8851, Wall: 0.0000, Fence: 0.6108, Guard rail: 0.0000, Bridge: 0.0000, Tunnel: 0.0000, Pole: 0.0000, Pole group: 0.5647, Traffic light: 0.0000, Traffic sign: 0.6597, Vegetation: 0.8998, Terrain: 0.6635, Sky: 0.9805, Person: 0.0000, Rider: 0.0000, Car: 0.8770, Truck: 0.0000, Bus: 0.0000, Caravan: 0.0000, Trailer: 0.0000, Train: 0.0000, Motorcycle: 0.0000, Bicycle: 0.0000 }
        MeanIoU: 0.4382
        PixelAccuracy: 0.9260
        DICE: { Unlabeled: 0.6826, Unused: 0.0000, Unused: 0.0000, Unused: 0.0000, Static: 0.0000, Dynamic: 0.0000, Ground: 0.0000, Road: 0.9797, Sidewalk: 0.8668, Parking: 0.0000, Rail track: 0.0000, Building: 0.9388, Wall: 0.0000, Fence: 0.7471, Guard rail: 0.0000, Bridge: 0.0000, Tunnel: 0.0000, Pole: 0.0000, Pole group: 0.7116, Traffic light: 0.0000, Traffic sign: 0.7713, Vegetation: 0.9471, Terrain: 0.7893, Sky: 0.9901, Person: 0.0000, Rider: 0.0000, Car: 0.9340, Truck: 0.0000, Bus: 0.0000, Caravan: 0.0000, Trailer: 0.0000, Train: 0.0000, Motorcycle: 0.0000, Bicycle: 0.0000 }
        MeanDICE: 0.4888
        overAllIOU: 0.8626
    

    Epoch 26:
      Train Loss: 2.6495, Train Accuracy: 0.9268
      Val Loss: 2.6488
      Metrics:
        val_loss: 2.6488
        val_accuracy: 0.9273
        IoU: { Unlabeled: 0.5221, Unused: 0.0000, Unused: 0.0000, Unused: 0.0000, Static: 0.0000, Dynamic: 0.0000, Ground: 0.0000, Road: 0.9596, Sidewalk: 0.7767, Parking: 0.0000, Rail track: 0.0000, Building: 0.8858, Wall: 0.0000, Fence: 0.6180, Guard rail: 0.0000, Bridge: 0.0000, Tunnel: 0.0000, Pole: 0.0000, Pole group: 0.5688, Traffic light: 0.0000, Traffic sign: 0.6718, Vegetation: 0.9053, Terrain: 0.6940, Sky: 0.9811, Person: 0.0000, Rider: 0.0000, Car: 0.8836, Truck: 0.0000, Bus: 0.0000, Caravan: 0.0000, Trailer: 0.0000, Train: 0.0000, Motorcycle: 0.0000, Bicycle: 0.0000 }
        MeanIoU: 0.4424
        PixelAccuracy: 0.9275
        DICE: { Unlabeled: 0.6853, Unused: 0.0000, Unused: 0.0000, Unused: 0.0000, Static: 0.0000, Dynamic: 0.0000, Ground: 0.0000, Road: 0.9793, Sidewalk: 0.8732, Parking: 0.0000, Rail track: 0.0000, Building: 0.9392, Wall: 0.0000, Fence: 0.7535, Guard rail: 0.0000, Bridge: 0.0000, Tunnel: 0.0000, Pole: 0.0000, Pole group: 0.7164, Traffic light: 0.0000, Traffic sign: 0.7809, Vegetation: 0.9502, Terrain: 0.8115, Sky: 0.9904, Person: 0.0000, Rider: 0.0000, Car: 0.9376, Truck: 0.0000, Bus: 0.0000, Caravan: 0.0000, Trailer: 0.0000, Train: 0.0000, Motorcycle: 0.0000, Bicycle: 0.0000 }
        MeanDICE: 0.4919
        overAllIOU: 0.8651
    

    Epoch 27:
      Train Loss: 2.6494, Train Accuracy: 0.9269
      Val Loss: 2.6494
      Metrics:
        val_loss: 2.6494
        val_accuracy: 0.9267
        IoU: { Unlabeled: 0.5188, Unused: 0.0000, Unused: 0.0000, Unused: 0.0000, Static: 0.0000, Dynamic: 0.0000, Ground: 0.0000, Road: 0.9592, Sidewalk: 0.7650, Parking: 0.0000, Rail track: 0.0000, Building: 0.8887, Wall: 0.0000, Fence: 0.6249, Guard rail: 0.0000, Bridge: 0.0000, Tunnel: 0.0000, Pole: 0.0000, Pole group: 0.5790, Traffic light: 0.0000, Traffic sign: 0.6670, Vegetation: 0.8971, Terrain: 0.6926, Sky: 0.9812, Person: 0.0000, Rider: 0.0000, Car: 0.8803, Truck: 0.0000, Bus: 0.0000, Caravan: 0.0000, Trailer: 0.0000, Train: 0.0000, Motorcycle: 0.0000, Bicycle: 0.0000 }
        MeanIoU: 0.4417
        PixelAccuracy: 0.9269
        DICE: { Unlabeled: 0.6824, Unused: 0.0000, Unused: 0.0000, Unused: 0.0000, Static: 0.0000, Dynamic: 0.0000, Ground: 0.0000, Road: 0.9791, Sidewalk: 0.8658, Parking: 0.0000, Rail track: 0.0000, Building: 0.9408, Wall: 0.0000, Fence: 0.7583, Guard rail: 0.0000, Bridge: 0.0000, Tunnel: 0.0000, Pole: 0.0000, Pole group: 0.7245, Traffic light: 0.0000, Traffic sign: 0.7784, Vegetation: 0.9456, Terrain: 0.8113, Sky: 0.9905, Person: 0.0000, Rider: 0.0000, Car: 0.9358, Truck: 0.0000, Bus: 0.0000, Caravan: 0.0000, Trailer: 0.0000, Train: 0.0000, Motorcycle: 0.0000, Bicycle: 0.0000 }
        MeanDICE: 0.4917
        overAllIOU: 0.8641
    

    Epoch 28:
      Train Loss: 2.6489, Train Accuracy: 0.9274
      Val Loss: 2.6497
      Metrics:
        val_loss: 2.6497
        val_accuracy: 0.9264
        IoU: { Unlabeled: 0.5183, Unused: 0.0000, Unused: 0.0000, Unused: 0.0000, Static: 0.0000, Dynamic: 0.0000, Ground: 0.0000, Road: 0.9604, Sidewalk: 0.7727, Parking: 0.0000, Rail track: 0.0000, Building: 0.8807, Wall: 0.0000, Fence: 0.6151, Guard rail: 0.0000, Bridge: 0.0000, Tunnel: 0.0000, Pole: 0.0000, Pole group: 0.5832, Traffic light: 0.0000, Traffic sign: 0.6754, Vegetation: 0.9041, Terrain: 0.6915, Sky: 0.9807, Person: 0.0000, Rider: 0.0000, Car: 0.8753, Truck: 0.0000, Bus: 0.0000, Caravan: 0.0000, Trailer: 0.0000, Train: 0.0000, Motorcycle: 0.0000, Bicycle: 0.0000 }
        MeanIoU: 0.4419
        PixelAccuracy: 0.9266
        DICE: { Unlabeled: 0.6821, Unused: 0.0000, Unused: 0.0000, Unused: 0.0000, Static: 0.0000, Dynamic: 0.0000, Ground: 0.0000, Road: 0.9797, Sidewalk: 0.8706, Parking: 0.0000, Rail track: 0.0000, Building: 0.9362, Wall: 0.0000, Fence: 0.7500, Guard rail: 0.0000, Bridge: 0.0000, Tunnel: 0.0000, Pole: 0.0000, Pole group: 0.7273, Traffic light: 0.0000, Traffic sign: 0.7846, Vegetation: 0.9495, Terrain: 0.8106, Sky: 0.9902, Person: 0.0000, Rider: 0.0000, Car: 0.9329, Truck: 0.0000, Bus: 0.0000, Caravan: 0.0000, Trailer: 0.0000, Train: 0.0000, Motorcycle: 0.0000, Bicycle: 0.0000 }
        MeanDICE: 0.4917
        overAllIOU: 0.8636
    

    Epoch 29:
      Train Loss: 2.6486, Train Accuracy: 0.9277
      Val Loss: 2.6495
      Metrics:
        val_loss: 2.6495
        val_accuracy: 0.9266
        IoU: { Unlabeled: 0.5220, Unused: 0.0000, Unused: 0.0000, Unused: 0.0000, Static: 0.0000, Dynamic: 0.0000, Ground: 0.0000, Road: 0.9603, Sidewalk: 0.7685, Parking: 0.0000, Rail track: 0.0000, Building: 0.8887, Wall: 0.0000, Fence: 0.6135, Guard rail: 0.0000, Bridge: 0.0000, Tunnel: 0.0000, Pole: 0.0000, Pole group: 0.5838, Traffic light: 0.0000, Traffic sign: 0.6742, Vegetation: 0.8979, Terrain: 0.6958, Sky: 0.9806, Person: 0.0000, Rider: 0.0000, Car: 0.8748, Truck: 0.0000, Bus: 0.0000, Caravan: 0.0000, Trailer: 0.0000, Train: 0.0000, Motorcycle: 0.0000, Bicycle: 0.0000 }
        MeanIoU: 0.4421
        PixelAccuracy: 0.9268
        DICE: { Unlabeled: 0.6853, Unused: 0.0000, Unused: 0.0000, Unused: 0.0000, Static: 0.0000, Dynamic: 0.0000, Ground: 0.0000, Road: 0.9797, Sidewalk: 0.8679, Parking: 0.0000, Rail track: 0.0000, Building: 0.9408, Wall: 0.0000, Fence: 0.7473, Guard rail: 0.0000, Bridge: 0.0000, Tunnel: 0.0000, Pole: 0.0000, Pole group: 0.7294, Traffic light: 0.0000, Traffic sign: 0.7842, Vegetation: 0.9460, Terrain: 0.8137, Sky: 0.9902, Person: 0.0000, Rider: 0.0000, Car: 0.9325, Truck: 0.0000, Bus: 0.0000, Caravan: 0.0000, Trailer: 0.0000, Train: 0.0000, Motorcycle: 0.0000, Bicycle: 0.0000 }
        MeanDICE: 0.4919
        overAllIOU: 0.8639
    

    Epoch 30:
      Train Loss: 2.6484, Train Accuracy: 0.9279
      Val Loss: 2.6492
      Metrics:
        val_loss: 2.6492
        val_accuracy: 0.9269
        IoU: { Unlabeled: 0.5247, Unused: 0.0000, Unused: 0.0000, Unused: 0.0000, Static: 0.0000, Dynamic: 0.0000, Ground: 0.0000, Road: 0.9604, Sidewalk: 0.7641, Parking: 0.0000, Rail track: 0.0000, Building: 0.8874, Wall: 0.0000, Fence: 0.6167, Guard rail: 0.0000, Bridge: 0.0000, Tunnel: 0.0000, Pole: 0.0000, Pole group: 0.5869, Traffic light: 0.0000, Traffic sign: 0.6746, Vegetation: 0.9007, Terrain: 0.6954, Sky: 0.9811, Person: 0.0000, Rider: 0.0000, Car: 0.8827, Truck: 0.0000, Bus: 0.0000, Caravan: 0.0000, Trailer: 0.0000, Train: 0.0000, Motorcycle: 0.0000, Bicycle: 0.0000 }
        MeanIoU: 0.4428
        PixelAccuracy: 0.9271
        DICE: { Unlabeled: 0.6875, Unused: 0.0000, Unused: 0.0000, Unused: 0.0000, Static: 0.0000, Dynamic: 0.0000, Ground: 0.0000, Road: 0.9797, Sidewalk: 0.8650, Parking: 0.0000, Rail track: 0.0000, Building: 0.9401, Wall: 0.0000, Fence: 0.7522, Guard rail: 0.0000, Bridge: 0.0000, Tunnel: 0.0000, Pole: 0.0000, Pole group: 0.7323, Traffic light: 0.0000, Traffic sign: 0.7839, Vegetation: 0.9476, Terrain: 0.8135, Sky: 0.9904, Person: 0.0000, Rider: 0.0000, Car: 0.9372, Truck: 0.0000, Bus: 0.0000, Caravan: 0.0000, Trailer: 0.0000, Train: 0.0000, Motorcycle: 0.0000, Bicycle: 0.0000 }
        MeanDICE: 0.4925
        overAllIOU: 0.8643
    

    Epoch 31:
      Train Loss: 2.6477, Train Accuracy: 0.9286
      Val Loss: 2.6484
      Metrics:
        val_loss: 2.6484
        val_accuracy: 0.9276
        IoU: { Unlabeled: 0.5210, Unused: 0.0000, Unused: 0.0000, Unused: 0.0000, Static: 0.0000, Dynamic: 0.0000, Ground: 0.0000, Road: 0.9617, Sidewalk: 0.7820, Parking: 0.0000, Rail track: 0.0000, Building: 0.8812, Wall: 0.0000, Fence: 0.6275, Guard rail: 0.0000, Bridge: 0.0000, Tunnel: 0.0000, Pole: 0.0000, Pole group: 0.5948, Traffic light: 0.0000, Traffic sign: 0.6791, Vegetation: 0.9064, Terrain: 0.6942, Sky: 0.9816, Person: 0.0000, Rider: 0.0000, Car: 0.8833, Truck: 0.0000, Bus: 0.0000, Caravan: 0.0000, Trailer: 0.0000, Train: 0.0000, Motorcycle: 0.0000, Bicycle: 0.0000 }
        MeanIoU: 0.4448
        PixelAccuracy: 0.9278
        DICE: { Unlabeled: 0.6843, Unused: 0.0000, Unused: 0.0000, Unused: 0.0000, Static: 0.0000, Dynamic: 0.0000, Ground: 0.0000, Road: 0.9804, Sidewalk: 0.8766, Parking: 0.0000, Rail track: 0.0000, Building: 0.9366, Wall: 0.0000, Fence: 0.7599, Guard rail: 0.0000, Bridge: 0.0000, Tunnel: 0.0000, Pole: 0.0000, Pole group: 0.7386, Traffic light: 0.0000, Traffic sign: 0.7878, Vegetation: 0.9508, Terrain: 0.8126, Sky: 0.9907, Person: 0.0000, Rider: 0.0000, Car: 0.9374, Truck: 0.0000, Bus: 0.0000, Caravan: 0.0000, Trailer: 0.0000, Train: 0.0000, Motorcycle: 0.0000, Bicycle: 0.0000 }
        MeanDICE: 0.4939
        overAllIOU: 0.8657
    

    Epoch 32:
      Train Loss: 2.6476, Train Accuracy: 0.9287
      Val Loss: 2.6478
      Metrics:
        val_loss: 2.6478
        val_accuracy: 0.9282
        IoU: { Unlabeled: 0.5260, Unused: 0.0000, Unused: 0.0000, Unused: 0.0000, Static: 0.0000, Dynamic: 0.0000, Ground: 0.0000, Road: 0.9615, Sidewalk: 0.7737, Parking: 0.0000, Rail track: 0.0000, Building: 0.8931, Wall: 0.0000, Fence: 0.6325, Guard rail: 0.0000, Bridge: 0.0000, Tunnel: 0.0000, Pole: 0.0000, Pole group: 0.6021, Traffic light: 0.0000, Traffic sign: 0.6991, Vegetation: 0.9048, Terrain: 0.6968, Sky: 0.9814, Person: 0.0000, Rider: 0.0000, Car: 0.8836, Truck: 0.0000, Bus: 0.0000, Caravan: 0.0000, Trailer: 0.0000, Train: 0.0000, Motorcycle: 0.0000, Bicycle: 0.0000 }
        MeanIoU: 0.4470
        PixelAccuracy: 0.9284
        DICE: { Unlabeled: 0.6887, Unused: 0.0000, Unused: 0.0000, Unused: 0.0000, Static: 0.0000, Dynamic: 0.0000, Ground: 0.0000, Road: 0.9803, Sidewalk: 0.8712, Parking: 0.0000, Rail track: 0.0000, Building: 0.9433, Wall: 0.0000, Fence: 0.7686, Guard rail: 0.0000, Bridge: 0.0000, Tunnel: 0.0000, Pole: 0.0000, Pole group: 0.7441, Traffic light: 0.0000, Traffic sign: 0.8045, Vegetation: 0.9500, Terrain: 0.8144, Sky: 0.9906, Person: 0.0000, Rider: 0.0000, Car: 0.9377, Truck: 0.0000, Bus: 0.0000, Caravan: 0.0000, Trailer: 0.0000, Train: 0.0000, Motorcycle: 0.0000, Bicycle: 0.0000 }
        MeanDICE: 0.4959
        overAllIOU: 0.8666
    

    Epoch 33:
      Train Loss: 2.6472, Train Accuracy: 0.9290
      Val Loss: 2.6467
      Metrics:
        val_loss: 2.6467
        val_accuracy: 0.9292
        IoU: { Unlabeled: 0.5280, Unused: 0.0000, Unused: 0.0000, Unused: 0.0000, Static: 0.0000, Dynamic: 0.0000, Ground: 0.0000, Road: 0.9622, Sidewalk: 0.7844, Parking: 0.0000, Rail track: 0.0000, Building: 0.8887, Wall: 0.0000, Fence: 0.6604, Guard rail: 0.0000, Bridge: 0.0000, Tunnel: 0.0000, Pole: 0.0000, Pole group: 0.5994, Traffic light: 0.0000, Traffic sign: 0.6953, Vegetation: 0.9081, Terrain: 0.6993, Sky: 0.9810, Person: 0.0000, Rider: 0.0000, Car: 0.8886, Truck: 0.0000, Bus: 0.0000, Caravan: 0.0000, Trailer: 0.0000, Train: 0.0000, Motorcycle: 0.0000, Bicycle: 0.0000 }
        MeanIoU: 0.4491
        PixelAccuracy: 0.9295
        DICE: { Unlabeled: 0.6904, Unused: 0.0000, Unused: 0.0000, Unused: 0.0000, Static: 0.0000, Dynamic: 0.0000, Ground: 0.0000, Road: 0.9807, Sidewalk: 0.8782, Parking: 0.0000, Rail track: 0.0000, Building: 0.9408, Wall: 0.0000, Fence: 0.7908, Guard rail: 0.0000, Bridge: 0.0000, Tunnel: 0.0000, Pole: 0.0000, Pole group: 0.7421, Traffic light: 0.0000, Traffic sign: 0.8003, Vegetation: 0.9517, Terrain: 0.8162, Sky: 0.9904, Person: 0.0000, Rider: 0.0000, Car: 0.9406, Truck: 0.0000, Bus: 0.0000, Caravan: 0.0000, Trailer: 0.0000, Train: 0.0000, Motorcycle: 0.0000, Bicycle: 0.0000 }
        MeanDICE: 0.4974
        overAllIOU: 0.8685
    

    Epoch 34:
      Train Loss: 2.6464, Train Accuracy: 0.9298
      Val Loss: 2.6462
      Metrics:
        val_loss: 2.6462
        val_accuracy: 0.9297
        IoU: { Unlabeled: 0.5284, Unused: 0.0000, Unused: 0.0000, Unused: 0.0000, Static: 0.0000, Dynamic: 0.0000, Ground: 0.0000, Road: 0.9617, Sidewalk: 0.7696, Parking: 0.0000, Rail track: 0.0000, Building: 0.8927, Wall: 0.0000, Fence: 0.6649, Guard rail: 0.0000, Bridge: 0.0000, Tunnel: 0.0000, Pole: 0.0000, Pole group: 0.5993, Traffic light: 0.0000, Traffic sign: 0.6913, Vegetation: 0.9074, Terrain: 0.7021, Sky: 0.9819, Person: 0.0000, Rider: 0.0000, Car: 0.8857, Truck: 0.0000, Bus: 0.0000, Caravan: 0.0000, Trailer: 0.0000, Train: 0.0000, Motorcycle: 0.0000, Bicycle: 0.0000 }
        MeanIoU: 0.4485
        PixelAccuracy: 0.9300
        DICE: { Unlabeled: 0.6908, Unused: 0.0000, Unused: 0.0000, Unused: 0.0000, Static: 0.0000, Dynamic: 0.0000, Ground: 0.0000, Road: 0.9804, Sidewalk: 0.8686, Parking: 0.0000, Rail track: 0.0000, Building: 0.9431, Wall: 0.0000, Fence: 0.7938, Guard rail: 0.0000, Bridge: 0.0000, Tunnel: 0.0000, Pole: 0.0000, Pole group: 0.7416, Traffic light: 0.0000, Traffic sign: 0.7979, Vegetation: 0.9514, Terrain: 0.8185, Sky: 0.9908, Person: 0.0000, Rider: 0.0000, Car: 0.9389, Truck: 0.0000, Bus: 0.0000, Caravan: 0.0000, Trailer: 0.0000, Train: 0.0000, Motorcycle: 0.0000, Bicycle: 0.0000 }
        MeanDICE: 0.4970
        overAllIOU: 0.8694
    

    Epoch 35:
      Train Loss: 2.6459, Train Accuracy: 0.9303
      Val Loss: 2.6487
      Metrics:
        val_loss: 2.6487
        val_accuracy: 0.9274
        IoU: { Unlabeled: 0.5206, Unused: 0.0000, Unused: 0.0000, Unused: 0.0000, Static: 0.0000, Dynamic: 0.0000, Ground: 0.0000, Road: 0.9594, Sidewalk: 0.7758, Parking: 0.0000, Rail track: 0.0000, Building: 0.8909, Wall: 0.0000, Fence: 0.6578, Guard rail: 0.0000, Bridge: 0.0000, Tunnel: 0.0000, Pole: 0.0000, Pole group: 0.5933, Traffic light: 0.0000, Traffic sign: 0.6641, Vegetation: 0.9022, Terrain: 0.6998, Sky: 0.9784, Person: 0.0000, Rider: 0.0000, Car: 0.8860, Truck: 0.0000, Bus: 0.0000, Caravan: 0.0000, Trailer: 0.0000, Train: 0.0000, Motorcycle: 0.0000, Bicycle: 0.0000 }
        MeanIoU: 0.4456
        PixelAccuracy: 0.9276
        DICE: { Unlabeled: 0.6840, Unused: 0.0000, Unused: 0.0000, Unused: 0.0000, Static: 0.0000, Dynamic: 0.0000, Ground: 0.0000, Road: 0.9792, Sidewalk: 0.8726, Parking: 0.0000, Rail track: 0.0000, Building: 0.9421, Wall: 0.0000, Fence: 0.7885, Guard rail: 0.0000, Bridge: 0.0000, Tunnel: 0.0000, Pole: 0.0000, Pole group: 0.7379, Traffic light: 0.0000, Traffic sign: 0.7788, Vegetation: 0.9485, Terrain: 0.8165, Sky: 0.9890, Person: 0.0000, Rider: 0.0000, Car: 0.9390, Truck: 0.0000, Bus: 0.0000, Caravan: 0.0000, Trailer: 0.0000, Train: 0.0000, Motorcycle: 0.0000, Bicycle: 0.0000 }
        MeanDICE: 0.4950
        overAllIOU: 0.8653
    

    Epoch 36:
      Train Loss: 2.6461, Train Accuracy: 0.9301
      Val Loss: 2.6468
      Metrics:
        val_loss: 2.6468
        val_accuracy: 0.9291
        IoU: { Unlabeled: 0.5206, Unused: 0.0000, Unused: 0.0000, Unused: 0.0000, Static: 0.0000, Dynamic: 0.0000, Ground: 0.0000, Road: 0.9613, Sidewalk: 0.7742, Parking: 0.0000, Rail track: 0.0000, Building: 0.8922, Wall: 0.0000, Fence: 0.6608, Guard rail: 0.0000, Bridge: 0.0000, Tunnel: 0.0000, Pole: 0.0000, Pole group: 0.5953, Traffic light: 0.0000, Traffic sign: 0.7049, Vegetation: 0.9065, Terrain: 0.7021, Sky: 0.9821, Person: 0.0000, Rider: 0.0000, Car: 0.8873, Truck: 0.0000, Bus: 0.0000, Caravan: 0.0000, Trailer: 0.0000, Train: 0.0000, Motorcycle: 0.0000, Bicycle: 0.0000 }
        MeanIoU: 0.4486
        PixelAccuracy: 0.9294
        DICE: { Unlabeled: 0.6840, Unused: 0.0000, Unused: 0.0000, Unused: 0.0000, Static: 0.0000, Dynamic: 0.0000, Ground: 0.0000, Road: 0.9802, Sidewalk: 0.8715, Parking: 0.0000, Rail track: 0.0000, Building: 0.9428, Wall: 0.0000, Fence: 0.7915, Guard rail: 0.0000, Bridge: 0.0000, Tunnel: 0.0000, Pole: 0.0000, Pole group: 0.7398, Traffic light: 0.0000, Traffic sign: 0.8096, Vegetation: 0.9509, Terrain: 0.8184, Sky: 0.9909, Person: 0.0000, Rider: 0.0000, Car: 0.9398, Truck: 0.0000, Bus: 0.0000, Caravan: 0.0000, Trailer: 0.0000, Train: 0.0000, Motorcycle: 0.0000, Bicycle: 0.0000 }
        MeanDICE: 0.4972
        overAllIOU: 0.8683
    

    Epoch 37:
      Train Loss: 2.6460, Train Accuracy: 0.9302
      Val Loss: 2.6465
      Metrics:
        val_loss: 2.6465
        val_accuracy: 0.9294
        IoU: { Unlabeled: 0.5260, Unused: 0.0000, Unused: 0.0000, Unused: 0.0000, Static: 0.0000, Dynamic: 0.0000, Ground: 0.0000, Road: 0.9623, Sidewalk: 0.7799, Parking: 0.0000, Rail track: 0.0000, Building: 0.8908, Wall: 0.0000, Fence: 0.6559, Guard rail: 0.0000, Bridge: 0.0000, Tunnel: 0.0000, Pole: 0.0000, Pole group: 0.6096, Traffic light: 0.0000, Traffic sign: 0.7023, Vegetation: 0.9069, Terrain: 0.7038, Sky: 0.9816, Person: 0.0000, Rider: 0.0000, Car: 0.8871, Truck: 0.0000, Bus: 0.0000, Caravan: 0.0000, Trailer: 0.0000, Train: 0.0000, Motorcycle: 0.0000, Bicycle: 0.0000 }
        MeanIoU: 0.4496
        PixelAccuracy: 0.9296
        DICE: { Unlabeled: 0.6887, Unused: 0.0000, Unused: 0.0000, Unused: 0.0000, Static: 0.0000, Dynamic: 0.0000, Ground: 0.0000, Road: 0.9807, Sidewalk: 0.8751, Parking: 0.0000, Rail track: 0.0000, Building: 0.9420, Wall: 0.0000, Fence: 0.7870, Guard rail: 0.0000, Bridge: 0.0000, Tunnel: 0.0000, Pole: 0.0000, Pole group: 0.7499, Traffic light: 0.0000, Traffic sign: 0.8074, Vegetation: 0.9511, Terrain: 0.8197, Sky: 0.9907, Person: 0.0000, Rider: 0.0000, Car: 0.9397, Truck: 0.0000, Bus: 0.0000, Caravan: 0.0000, Trailer: 0.0000, Train: 0.0000, Motorcycle: 0.0000, Bicycle: 0.0000 }
        MeanDICE: 0.4979
        overAllIOU: 0.8688
    

    Epoch 38:
      Train Loss: 2.6453, Train Accuracy: 0.9308
      Val Loss: 2.6472
      Metrics:
        val_loss: 2.6472
        val_accuracy: 0.9288
        IoU: { Unlabeled: 0.5276, Unused: 0.0000, Unused: 0.0000, Unused: 0.0000, Static: 0.0000, Dynamic: 0.0000, Ground: 0.0000, Road: 0.9614, Sidewalk: 0.7843, Parking: 0.0000, Rail track: 0.0000, Building: 0.8924, Wall: 0.0000, Fence: 0.6523, Guard rail: 0.0000, Bridge: 0.0000, Tunnel: 0.0000, Pole: 0.0000, Pole group: 0.6058, Traffic light: 0.0000, Traffic sign: 0.6966, Vegetation: 0.9058, Terrain: 0.6967, Sky: 0.9822, Person: 0.0000, Rider: 0.0000, Car: 0.8886, Truck: 0.0000, Bus: 0.0000, Caravan: 0.0000, Trailer: 0.0000, Train: 0.0000, Motorcycle: 0.0000, Bicycle: 0.0000 }
        MeanIoU: 0.4490
        PixelAccuracy: 0.9290
        DICE: { Unlabeled: 0.6900, Unused: 0.0000, Unused: 0.0000, Unused: 0.0000, Static: 0.0000, Dynamic: 0.0000, Ground: 0.0000, Road: 0.9803, Sidewalk: 0.8781, Parking: 0.0000, Rail track: 0.0000, Building: 0.9429, Wall: 0.0000, Fence: 0.7846, Guard rail: 0.0000, Bridge: 0.0000, Tunnel: 0.0000, Pole: 0.0000, Pole group: 0.7484, Traffic light: 0.0000, Traffic sign: 0.8066, Vegetation: 0.9505, Terrain: 0.8149, Sky: 0.9910, Person: 0.0000, Rider: 0.0000, Car: 0.9405, Truck: 0.0000, Bus: 0.0000, Caravan: 0.0000, Trailer: 0.0000, Train: 0.0000, Motorcycle: 0.0000, Bicycle: 0.0000 }
        MeanDICE: 0.4977
        overAllIOU: 0.8676
    

    Epoch 39:
      Train Loss: 2.6450, Train Accuracy: 0.9312
      Val Loss: 2.6465
      Metrics:
        val_loss: 2.6465
        val_accuracy: 0.9295
        IoU: { Unlabeled: 0.5287, Unused: 0.0000, Unused: 0.0000, Unused: 0.0000, Static: 0.0000, Dynamic: 0.0000, Ground: 0.0000, Road: 0.9617, Sidewalk: 0.7642, Parking: 0.0000, Rail track: 0.0000, Building: 0.8933, Wall: 0.0000, Fence: 0.6652, Guard rail: 0.0000, Bridge: 0.0000, Tunnel: 0.0000, Pole: 0.0000, Pole group: 0.6140, Traffic light: 0.0000, Traffic sign: 0.7035, Vegetation: 0.9091, Terrain: 0.6954, Sky: 0.9823, Person: 0.0000, Rider: 0.0000, Car: 0.8897, Truck: 0.0000, Bus: 0.0000, Caravan: 0.0000, Trailer: 0.0000, Train: 0.0000, Motorcycle: 0.0000, Bicycle: 0.0000 }
        MeanIoU: 0.4497
        PixelAccuracy: 0.9297
        DICE: { Unlabeled: 0.6910, Unused: 0.0000, Unused: 0.0000, Unused: 0.0000, Static: 0.0000, Dynamic: 0.0000, Ground: 0.0000, Road: 0.9804, Sidewalk: 0.8652, Parking: 0.0000, Rail track: 0.0000, Building: 0.9434, Wall: 0.0000, Fence: 0.7946, Guard rail: 0.0000, Bridge: 0.0000, Tunnel: 0.0000, Pole: 0.0000, Pole group: 0.7544, Traffic light: 0.0000, Traffic sign: 0.8108, Vegetation: 0.9523, Terrain: 0.8141, Sky: 0.9911, Person: 0.0000, Rider: 0.0000, Car: 0.9412, Truck: 0.0000, Bus: 0.0000, Caravan: 0.0000, Trailer: 0.0000, Train: 0.0000, Motorcycle: 0.0000, Bicycle: 0.0000 }
        MeanDICE: 0.4982
        overAllIOU: 0.8690
    

    Epoch 40:
      Train Loss: 2.6448, Train Accuracy: 0.9313
      Val Loss: 2.6478
      Metrics:
        val_loss: 2.6478
        val_accuracy: 0.9283
        IoU: { Unlabeled: 0.5254, Unused: 0.0000, Unused: 0.0000, Unused: 0.0000, Static: 0.0000, Dynamic: 0.0000, Ground: 0.0000, Road: 0.9598, Sidewalk: 0.7779, Parking: 0.0000, Rail track: 0.0000, Building: 0.8922, Wall: 0.0000, Fence: 0.6586, Guard rail: 0.0000, Bridge: 0.0000, Tunnel: 0.0000, Pole: 0.0000, Pole group: 0.5977, Traffic light: 0.0000, Traffic sign: 0.6973, Vegetation: 0.9064, Terrain: 0.6998, Sky: 0.9816, Person: 0.0000, Rider: 0.0000, Car: 0.8751, Truck: 0.0000, Bus: 0.0000, Caravan: 0.0000, Trailer: 0.0000, Train: 0.0000, Motorcycle: 0.0000, Bicycle: 0.0000 }
        MeanIoU: 0.4478
        PixelAccuracy: 0.9286
        DICE: { Unlabeled: 0.6882, Unused: 0.0000, Unused: 0.0000, Unused: 0.0000, Static: 0.0000, Dynamic: 0.0000, Ground: 0.0000, Road: 0.9794, Sidewalk: 0.8738, Parking: 0.0000, Rail track: 0.0000, Building: 0.9428, Wall: 0.0000, Fence: 0.7901, Guard rail: 0.0000, Bridge: 0.0000, Tunnel: 0.0000, Pole: 0.0000, Pole group: 0.7419, Traffic light: 0.0000, Traffic sign: 0.8037, Vegetation: 0.9508, Terrain: 0.8166, Sky: 0.9907, Person: 0.0000, Rider: 0.0000, Car: 0.9327, Truck: 0.0000, Bus: 0.0000, Caravan: 0.0000, Trailer: 0.0000, Train: 0.0000, Motorcycle: 0.0000, Bicycle: 0.0000 }
        MeanDICE: 0.4968
        overAllIOU: 0.8669
    

    Epoch 41:
      Train Loss: 2.6451, Train Accuracy: 0.9311
      Val Loss: 2.6459
      Metrics:
        val_loss: 2.6459
        val_accuracy: 0.9300
        IoU: { Unlabeled: 0.5348, Unused: 0.0000, Unused: 0.0000, Unused: 0.0000, Static: 0.0000, Dynamic: 0.0000, Ground: 0.0000, Road: 0.9626, Sidewalk: 0.7872, Parking: 0.0000, Rail track: 0.0000, Building: 0.8940, Wall: 0.0000, Fence: 0.6580, Guard rail: 0.0000, Bridge: 0.0000, Tunnel: 0.0000, Pole: 0.0000, Pole group: 0.6135, Traffic light: 0.0000, Traffic sign: 0.7076, Vegetation: 0.9112, Terrain: 0.7021, Sky: 0.9825, Person: 0.0000, Rider: 0.0000, Car: 0.8898, Truck: 0.0000, Bus: 0.0000, Caravan: 0.0000, Trailer: 0.0000, Train: 0.0000, Motorcycle: 0.0000, Bicycle: 0.0000 }
        MeanIoU: 0.4516
        PixelAccuracy: 0.9302
        DICE: { Unlabeled: 0.6962, Unused: 0.0000, Unused: 0.0000, Unused: 0.0000, Static: 0.0000, Dynamic: 0.0000, Ground: 0.0000, Road: 0.9809, Sidewalk: 0.8798, Parking: 0.0000, Rail track: 0.0000, Building: 0.9438, Wall: 0.0000, Fence: 0.7887, Guard rail: 0.0000, Bridge: 0.0000, Tunnel: 0.0000, Pole: 0.0000, Pole group: 0.7530, Traffic light: 0.0000, Traffic sign: 0.8121, Vegetation: 0.9534, Terrain: 0.8179, Sky: 0.9912, Person: 0.0000, Rider: 0.0000, Car: 0.9412, Truck: 0.0000, Bus: 0.0000, Caravan: 0.0000, Trailer: 0.0000, Train: 0.0000, Motorcycle: 0.0000, Bicycle: 0.0000 }
        MeanDICE: 0.4992
        overAllIOU: 0.8698
    

    Epoch 42:
      Train Loss: 2.6445, Train Accuracy: 0.9317
      Val Loss: 2.6459
      Metrics:
        val_loss: 2.6459
        val_accuracy: 0.9301
        IoU: { Unlabeled: 0.5287, Unused: 0.0000, Unused: 0.0000, Unused: 0.0000, Static: 0.0000, Dynamic: 0.0000, Ground: 0.0000, Road: 0.9628, Sidewalk: 0.7864, Parking: 0.0000, Rail track: 0.0000, Building: 0.8930, Wall: 0.0000, Fence: 0.6689, Guard rail: 0.0000, Bridge: 0.0000, Tunnel: 0.0000, Pole: 0.0000, Pole group: 0.6257, Traffic light: 0.0000, Traffic sign: 0.7103, Vegetation: 0.9090, Terrain: 0.6895, Sky: 0.9813, Person: 0.0000, Rider: 0.0000, Car: 0.8921, Truck: 0.0000, Bus: 0.0000, Caravan: 0.0000, Trailer: 0.0000, Train: 0.0000, Motorcycle: 0.0000, Bicycle: 0.0000 }
        MeanIoU: 0.4518
        PixelAccuracy: 0.9303
        DICE: { Unlabeled: 0.6910, Unused: 0.0000, Unused: 0.0000, Unused: 0.0000, Static: 0.0000, Dynamic: 0.0000, Ground: 0.0000, Road: 0.9810, Sidewalk: 0.8794, Parking: 0.0000, Rail track: 0.0000, Building: 0.9433, Wall: 0.0000, Fence: 0.7975, Guard rail: 0.0000, Bridge: 0.0000, Tunnel: 0.0000, Pole: 0.0000, Pole group: 0.7633, Traffic light: 0.0000, Traffic sign: 0.8163, Vegetation: 0.9522, Terrain: 0.8094, Sky: 0.9905, Person: 0.0000, Rider: 0.0000, Car: 0.9425, Truck: 0.0000, Bus: 0.0000, Caravan: 0.0000, Trailer: 0.0000, Train: 0.0000, Motorcycle: 0.0000, Bicycle: 0.0000 }
        MeanDICE: 0.4997
        overAllIOU: 0.8700
    

    Epoch 43:
      Train Loss: 2.6444, Train Accuracy: 0.9318
      Val Loss: 2.6443
      Metrics:
        val_loss: 2.6443
        val_accuracy: 0.9316
        IoU: { Unlabeled: 0.5349, Unused: 0.0000, Unused: 0.0000, Unused: 0.0000, Static: 0.0000, Dynamic: 0.0000, Ground: 0.0000, Road: 0.9641, Sidewalk: 0.7943, Parking: 0.0000, Rail track: 0.0000, Building: 0.8949, Wall: 0.0000, Fence: 0.6806, Guard rail: 0.0000, Bridge: 0.0000, Tunnel: 0.0000, Pole: 0.0000, Pole group: 0.6237, Traffic light: 0.0000, Traffic sign: 0.7186, Vegetation: 0.9123, Terrain: 0.7101, Sky: 0.9820, Person: 0.0000, Rider: 0.0000, Car: 0.8898, Truck: 0.0000, Bus: 0.0000, Caravan: 0.0000, Trailer: 0.0000, Train: 0.0000, Motorcycle: 0.0000, Bicycle: 0.0000 }
        MeanIoU: 0.4548
        PixelAccuracy: 0.9318
        DICE: { Unlabeled: 0.6963, Unused: 0.0000, Unused: 0.0000, Unused: 0.0000, Static: 0.0000, Dynamic: 0.0000, Ground: 0.0000, Road: 0.9817, Sidewalk: 0.8844, Parking: 0.0000, Rail track: 0.0000, Building: 0.9443, Wall: 0.0000, Fence: 0.8055, Guard rail: 0.0000, Bridge: 0.0000, Tunnel: 0.0000, Pole: 0.0000, Pole group: 0.7626, Traffic light: 0.0000, Traffic sign: 0.8227, Vegetation: 0.9541, Terrain: 0.8241, Sky: 0.9909, Person: 0.0000, Rider: 0.0000, Car: 0.9410, Truck: 0.0000, Bus: 0.0000, Caravan: 0.0000, Trailer: 0.0000, Train: 0.0000, Motorcycle: 0.0000, Bicycle: 0.0000 }
        MeanDICE: 0.5019
        overAllIOU: 0.8726
    

    Epoch 44:
      Train Loss: 2.6440, Train Accuracy: 0.9322
      Val Loss: 2.6449
      Metrics:
        val_loss: 2.6449
        val_accuracy: 0.9310
        IoU: { Unlabeled: 0.5345, Unused: 0.0000, Unused: 0.0000, Unused: 0.0000, Static: 0.0000, Dynamic: 0.0000, Ground: 0.0000, Road: 0.9631, Sidewalk: 0.7851, Parking: 0.0000, Rail track: 0.0000, Building: 0.8937, Wall: 0.0000, Fence: 0.6835, Guard rail: 0.0000, Bridge: 0.0000, Tunnel: 0.0000, Pole: 0.0000, Pole group: 0.6236, Traffic light: 0.0000, Traffic sign: 0.7126, Vegetation: 0.9079, Terrain: 0.7074, Sky: 0.9826, Person: 0.0000, Rider: 0.0000, Car: 0.8854, Truck: 0.0000, Bus: 0.0000, Caravan: 0.0000, Trailer: 0.0000, Train: 0.0000, Motorcycle: 0.0000, Bicycle: 0.0000 }
        MeanIoU: 0.4535
        PixelAccuracy: 0.9312
        DICE: { Unlabeled: 0.6959, Unused: 0.0000, Unused: 0.0000, Unused: 0.0000, Static: 0.0000, Dynamic: 0.0000, Ground: 0.0000, Road: 0.9811, Sidewalk: 0.8784, Parking: 0.0000, Rail track: 0.0000, Building: 0.9437, Wall: 0.0000, Fence: 0.8078, Guard rail: 0.0000, Bridge: 0.0000, Tunnel: 0.0000, Pole: 0.0000, Pole group: 0.7613, Traffic light: 0.0000, Traffic sign: 0.8177, Vegetation: 0.9516, Terrain: 0.8222, Sky: 0.9912, Person: 0.0000, Rider: 0.0000, Car: 0.9386, Truck: 0.0000, Bus: 0.0000, Caravan: 0.0000, Trailer: 0.0000, Train: 0.0000, Motorcycle: 0.0000, Bicycle: 0.0000 }
        MeanDICE: 0.5009
        overAllIOU: 0.8715
    

    Epoch 45:
      Train Loss: 2.6441, Train Accuracy: 0.9320
      Val Loss: 2.6443
      Metrics:
        val_loss: 2.6443
        val_accuracy: 0.9315
        IoU: { Unlabeled: 0.5358, Unused: 0.0000, Unused: 0.0000, Unused: 0.0000, Static: 0.0000, Dynamic: 0.0000, Ground: 0.0000, Road: 0.9631, Sidewalk: 0.7932, Parking: 0.0000, Rail track: 0.0000, Building: 0.8952, Wall: 0.0000, Fence: 0.6673, Guard rail: 0.0000, Bridge: 0.0000, Tunnel: 0.0000, Pole: 0.0000, Pole group: 0.6257, Traffic light: 0.0000, Traffic sign: 0.7178, Vegetation: 0.9100, Terrain: 0.7085, Sky: 0.9826, Person: 0.0000, Rider: 0.0000, Car: 0.8927, Truck: 0.0000, Bus: 0.0000, Caravan: 0.0000, Trailer: 0.0000, Train: 0.0000, Motorcycle: 0.0000, Bicycle: 0.0000 }
        MeanIoU: 0.4542
        PixelAccuracy: 0.9317
        DICE: { Unlabeled: 0.6970, Unused: 0.0000, Unused: 0.0000, Unused: 0.0000, Static: 0.0000, Dynamic: 0.0000, Ground: 0.0000, Road: 0.9812, Sidewalk: 0.8837, Parking: 0.0000, Rail track: 0.0000, Building: 0.9445, Wall: 0.0000, Fence: 0.7955, Guard rail: 0.0000, Bridge: 0.0000, Tunnel: 0.0000, Pole: 0.0000, Pole group: 0.7640, Traffic light: 0.0000, Traffic sign: 0.8237, Vegetation: 0.9528, Terrain: 0.8229, Sky: 0.9912, Person: 0.0000, Rider: 0.0000, Car: 0.9428, Truck: 0.0000, Bus: 0.0000, Caravan: 0.0000, Trailer: 0.0000, Train: 0.0000, Motorcycle: 0.0000, Bicycle: 0.0000 }
        MeanDICE: 0.5015
        overAllIOU: 0.8725
    

    Epoch 46:
      Train Loss: 2.6438, Train Accuracy: 0.9323
      Val Loss: 2.6443
      Metrics:
        val_loss: 2.6443
        val_accuracy: 0.9315
        IoU: { Unlabeled: 0.5366, Unused: 0.0000, Unused: 0.0000, Unused: 0.0000, Static: 0.0000, Dynamic: 0.0000, Ground: 0.0000, Road: 0.9635, Sidewalk: 0.7900, Parking: 0.0000, Rail track: 0.0000, Building: 0.8975, Wall: 0.0000, Fence: 0.6844, Guard rail: 0.0000, Bridge: 0.0000, Tunnel: 0.0000, Pole: 0.0000, Pole group: 0.6215, Traffic light: 0.0000, Traffic sign: 0.7111, Vegetation: 0.9128, Terrain: 0.7035, Sky: 0.9831, Person: 0.0000, Rider: 0.0000, Car: 0.8914, Truck: 0.0000, Bus: 0.0000, Caravan: 0.0000, Trailer: 0.0000, Train: 0.0000, Motorcycle: 0.0000, Bicycle: 0.0000 }
        MeanIoU: 0.4543
        PixelAccuracy: 0.9317
        DICE: { Unlabeled: 0.6977, Unused: 0.0000, Unused: 0.0000, Unused: 0.0000, Static: 0.0000, Dynamic: 0.0000, Ground: 0.0000, Road: 0.9814, Sidewalk: 0.8817, Parking: 0.0000, Rail track: 0.0000, Building: 0.9458, Wall: 0.0000, Fence: 0.8087, Guard rail: 0.0000, Bridge: 0.0000, Tunnel: 0.0000, Pole: 0.0000, Pole group: 0.7595, Traffic light: 0.0000, Traffic sign: 0.8163, Vegetation: 0.9543, Terrain: 0.8196, Sky: 0.9915, Person: 0.0000, Rider: 0.0000, Car: 0.9419, Truck: 0.0000, Bus: 0.0000, Caravan: 0.0000, Trailer: 0.0000, Train: 0.0000, Motorcycle: 0.0000, Bicycle: 0.0000 }
        MeanDICE: 0.5013
        overAllIOU: 0.8724
    

    Epoch 47:
      Train Loss: 2.6436, Train Accuracy: 0.9326
      Val Loss: 2.6447
      Metrics:
        val_loss: 2.6447
        val_accuracy: 0.9312
        IoU: { Unlabeled: 0.5366, Unused: 0.0000, Unused: 0.0000, Unused: 0.0000, Static: 0.0000, Dynamic: 0.0000, Ground: 0.0000, Road: 0.9627, Sidewalk: 0.7918, Parking: 0.0000, Rail track: 0.0000, Building: 0.8914, Wall: 0.0000, Fence: 0.6749, Guard rail: 0.0000, Bridge: 0.0000, Tunnel: 0.0000, Pole: 0.0000, Pole group: 0.6155, Traffic light: 0.0000, Traffic sign: 0.7026, Vegetation: 0.9130, Terrain: 0.7098, Sky: 0.9827, Person: 0.0000, Rider: 0.0000, Car: 0.8929, Truck: 0.0000, Bus: 0.0000, Caravan: 0.0000, Trailer: 0.0000, Train: 0.0000, Motorcycle: 0.0000, Bicycle: 0.0000 }
        MeanIoU: 0.4532
        PixelAccuracy: 0.9314
        DICE: { Unlabeled: 0.6978, Unused: 0.0000, Unused: 0.0000, Unused: 0.0000, Static: 0.0000, Dynamic: 0.0000, Ground: 0.0000, Road: 0.9809, Sidewalk: 0.8827, Parking: 0.0000, Rail track: 0.0000, Building: 0.9424, Wall: 0.0000, Fence: 0.8011, Guard rail: 0.0000, Bridge: 0.0000, Tunnel: 0.0000, Pole: 0.0000, Pole group: 0.7562, Traffic light: 0.0000, Traffic sign: 0.8107, Vegetation: 0.9544, Terrain: 0.8237, Sky: 0.9912, Person: 0.0000, Rider: 0.0000, Car: 0.9429, Truck: 0.0000, Bus: 0.0000, Caravan: 0.0000, Trailer: 0.0000, Train: 0.0000, Motorcycle: 0.0000, Bicycle: 0.0000 }
        MeanDICE: 0.5007
        overAllIOU: 0.8719
    

    Epoch 48:
      Train Loss: 2.6434, Train Accuracy: 0.9327
      Val Loss: 2.6463
      Metrics:
        val_loss: 2.6463
        val_accuracy: 0.9296
        IoU: { Unlabeled: 0.5310, Unused: 0.0000, Unused: 0.0000, Unused: 0.0000, Static: 0.0000, Dynamic: 0.0000, Ground: 0.0000, Road: 0.9628, Sidewalk: 0.7835, Parking: 0.0000, Rail track: 0.0000, Building: 0.8921, Wall: 0.0000, Fence: 0.6789, Guard rail: 0.0000, Bridge: 0.0000, Tunnel: 0.0000, Pole: 0.0000, Pole group: 0.6160, Traffic light: 0.0000, Traffic sign: 0.7026, Vegetation: 0.9036, Terrain: 0.6529, Sky: 0.9819, Person: 0.0000, Rider: 0.0000, Car: 0.8907, Truck: 0.0000, Bus: 0.0000, Caravan: 0.0000, Trailer: 0.0000, Train: 0.0000, Motorcycle: 0.0000, Bicycle: 0.0000 }
        MeanIoU: 0.4490
        PixelAccuracy: 0.9298
        DICE: { Unlabeled: 0.6930, Unused: 0.0000, Unused: 0.0000, Unused: 0.0000, Static: 0.0000, Dynamic: 0.0000, Ground: 0.0000, Road: 0.9810, Sidewalk: 0.8775, Parking: 0.0000, Rail track: 0.0000, Building: 0.9428, Wall: 0.0000, Fence: 0.8047, Guard rail: 0.0000, Bridge: 0.0000, Tunnel: 0.0000, Pole: 0.0000, Pole group: 0.7553, Traffic light: 0.0000, Traffic sign: 0.8064, Vegetation: 0.9492, Terrain: 0.7836, Sky: 0.9908, Person: 0.0000, Rider: 0.0000, Car: 0.9416, Truck: 0.0000, Bus: 0.0000, Caravan: 0.0000, Trailer: 0.0000, Train: 0.0000, Motorcycle: 0.0000, Bicycle: 0.0000 }
        MeanDICE: 0.4975
        overAllIOU: 0.8690
    

    Epoch 49:
      Train Loss: 2.6433, Train Accuracy: 0.9328
      Val Loss: 2.6444
      Metrics:
        val_loss: 2.6444
        val_accuracy: 0.9315
        IoU: { Unlabeled: 0.5356, Unused: 0.0000, Unused: 0.0000, Unused: 0.0000, Static: 0.0000, Dynamic: 0.0000, Ground: 0.0000, Road: 0.9639, Sidewalk: 0.7844, Parking: 0.0000, Rail track: 0.0000, Building: 0.8967, Wall: 0.0000, Fence: 0.6728, Guard rail: 0.0000, Bridge: 0.0000, Tunnel: 0.0000, Pole: 0.0000, Pole group: 0.6338, Traffic light: 0.0000, Traffic sign: 0.7105, Vegetation: 0.9120, Terrain: 0.7138, Sky: 0.9825, Person: 0.0000, Rider: 0.0000, Car: 0.8938, Truck: 0.0000, Bus: 0.0000, Caravan: 0.0000, Trailer: 0.0000, Train: 0.0000, Motorcycle: 0.0000, Bicycle: 0.0000 }
        MeanIoU: 0.4545
        PixelAccuracy: 0.9317
        DICE: { Unlabeled: 0.6969, Unused: 0.0000, Unused: 0.0000, Unused: 0.0000, Static: 0.0000, Dynamic: 0.0000, Ground: 0.0000, Road: 0.9816, Sidewalk: 0.8779, Parking: 0.0000, Rail track: 0.0000, Building: 0.9454, Wall: 0.0000, Fence: 0.8000, Guard rail: 0.0000, Bridge: 0.0000, Tunnel: 0.0000, Pole: 0.0000, Pole group: 0.7696, Traffic light: 0.0000, Traffic sign: 0.8160, Vegetation: 0.9539, Terrain: 0.8279, Sky: 0.9911, Person: 0.0000, Rider: 0.0000, Car: 0.9434, Truck: 0.0000, Bus: 0.0000, Caravan: 0.0000, Trailer: 0.0000, Train: 0.0000, Motorcycle: 0.0000, Bicycle: 0.0000 }
        MeanDICE: 0.5016
        overAllIOU: 0.8724
    

    Epoch 50:
      Train Loss: 2.6428, Train Accuracy: 0.9333
      Val Loss: 2.6442
      Metrics:
        val_loss: 2.6442
        val_accuracy: 0.9316
        IoU: { Unlabeled: 0.5353, Unused: 0.0000, Unused: 0.0000, Unused: 0.0000, Static: 0.0000, Dynamic: 0.0000, Ground: 0.0000, Road: 0.9645, Sidewalk: 0.7921, Parking: 0.0000, Rail track: 0.0000, Building: 0.8942, Wall: 0.0000, Fence: 0.6797, Guard rail: 0.0000, Bridge: 0.0000, Tunnel: 0.0000, Pole: 0.0000, Pole group: 0.6330, Traffic light: 0.0000, Traffic sign: 0.7120, Vegetation: 0.9127, Terrain: 0.7165, Sky: 0.9827, Person: 0.0000, Rider: 0.0000, Car: 0.8927, Truck: 0.0000, Bus: 0.0000, Caravan: 0.0000, Trailer: 0.0000, Train: 0.0000, Motorcycle: 0.0000, Bicycle: 0.0000 }
        MeanIoU: 0.4553
        PixelAccuracy: 0.9318
        DICE: { Unlabeled: 0.6966, Unused: 0.0000, Unused: 0.0000, Unused: 0.0000, Static: 0.0000, Dynamic: 0.0000, Ground: 0.0000, Road: 0.9819, Sidewalk: 0.8829, Parking: 0.0000, Rail track: 0.0000, Building: 0.9439, Wall: 0.0000, Fence: 0.8047, Guard rail: 0.0000, Bridge: 0.0000, Tunnel: 0.0000, Pole: 0.0000, Pole group: 0.7693, Traffic light: 0.0000, Traffic sign: 0.8182, Vegetation: 0.9543, Terrain: 0.8300, Sky: 0.9912, Person: 0.0000, Rider: 0.0000, Car: 0.9427, Truck: 0.0000, Bus: 0.0000, Caravan: 0.0000, Trailer: 0.0000, Train: 0.0000, Motorcycle: 0.0000, Bicycle: 0.0000 }
        MeanDICE: 0.5023
        overAllIOU: 0.8726
    
Training started at: 2025-01-03 11:25:02.219172
Training ended at: 2025-01-03 15:08:44.197490
Training duration: 3:43:41.978318
Results on Test Data Set :
  IoU:
    0 (Unlabeled): 0.5362576246261597
    1 (Unused): 0.000000
    2 (Unused): 0.000000
    3 (Unused): 0.000000
    4 (Static): 0.000000
    5 (Dynamic): 0.000000
    6 (Ground): 0.000000
    7 (Road): 0.9660114645957947
    8 (Sidewalk): 0.8070713877677917
    9 (Parking): 0.000000
    10 (Rail track): 0.000000
    11 (Building): 0.8978354930877686
    12 (Wall): 0.0
    13 (Fence): 0.6609917283058167
    14 (Guard rail): 0.000000
    15 (Bridge): 0.000000
    16 (Tunnel): 0.000000
    17 (Pole): 0.000000
    18 (Pole group): 0.654432475566864
    19 (Traffic light): 0.0
    20 (Traffic sign): 0.7168432474136353
    21 (Vegetation): 0.9103559255599976
    22 (Terrain): 0.7154978513717651
    23 (Sky): 0.9833846688270569
    24 (Person): 0.0
    25 (Rider): 0.0
    26 (Car): 0.8986421227455139
    27 (Truck): 0.0
    28 (Bus): 0.0
    29 (Caravan): 0.0
    30 (Trailer): 0.0
    31 (Train): 0.0
    32 (Motorcycle): 0.0
    33 (Bicycle): 0.0
  MeanIoU: 0.4554060399532318
  IoUoverall: 0.8726722002029419
  PixelAccuracy: 0.931847
  DICE:
    0 (Unlabeled): 0.6975675821304321
    1 (Unused): 0.000000
    2 (Unused): 0.000000
    3 (Unused): 0.000000
    4 (Static): 0.000000
    5 (Dynamic): 0.000000
    6 (Ground): 0.000000
    7 (Road): 0.9826804399490356
    8 (Sidewalk): 0.8922615051269531
    9 (Parking): 0.000000
    10 (Rail track): 0.000000
    11 (Building): 0.9460272192955017
    12 (Wall): 0.0
    13 (Fence): 0.7914448380470276
    14 (Guard rail): 0.000000
    15 (Bridge): 0.000000
    16 (Tunnel): 0.000000
    17 (Pole): 0.000000
    18 (Pole group): 0.7874969840049744
    19 (Traffic light): 0.0
    20 (Traffic sign): 0.8173815011978149
    21 (Vegetation): 0.9529618620872498
    22 (Terrain): 0.8260053396224976
    23 (Sky): 0.991617739200592
    24 (Person): 0.0
    25 (Rider): 0.0
    26 (Car): 0.9463141560554504
    27 (Truck): 0.0
    28 (Bus): 0.0
    29 (Caravan): 0.0
    30 (Trailer): 0.0
    31 (Train): 0.0
    32 (Motorcycle): 0.0
    33 (Bicycle): 0.0
  MeanDICE: 0.501405
  val_loss: 2.644270
  val_accuracy: 0.931757

Testing started at: 2025-01-03 15:08:44.203126
Testing ended at: 2025-01-03 15:09:05.284659
Testing duration: 0:00:21.081533
