Model: UNet
Loss Function: FocalLoss
Optimizer: Adam
Learning Rate: 0.0001
Scheduler: CosineAnnealingLR
Scheduler Params: {'T_max': 10, 'eta_min': 1e-06}
Batch Size: 16
Epochs: 50
Seed: 42
Dataset Details:
Dataset Path: /net/ens/am4ip/datasets/project-dataset
Train Split: 0.8
Validation Split: 0.1
Test Split: 0.1
Augmentation Details:
Use Augmentation: False

    Epoch 1:
      Train Loss: 2.7975, Train Accuracy: 0.7676
      Val Loss: 2.6572
      Metrics:
        val_loss: 2.6572
        val_accuracy: 0.8429
        IoU: { Unlabeled: 0.2322, Static: 0.0000, Dynamic: 0.0000, Ground: 0.9223, Road: 0.0000, Sidewalk: 0.0000, Parking: 0.0000, Rail track: 0.7789, Building: 0.0000, Wall: 0.0000, Fence: 0.0000, Guard rail: 0.0000, Bridge: 0.0000, Tunnel: 0.0000, Pole: 0.0000, Pole group: 0.0000, Traffic light: 0.8031, Traffic sign: 0.0000, Vegetation: 0.9505, Terrain: 0.0000, Sky: 0.0000, Person: 0.5509, Rider: 0.0000, Car: 0.0000, Truck: 0.0000, Bus: 0.0000, Caravan: 0.0000, Trailer: 0.0000, Train: 0.0000, Motorcycle: 0.0000, Bicycle: 0.0000 }
        MeanIoU: 0.2215
        PixelAccuracy: 0.8435
        DICE: { Unlabeled: 0.3764, Static: 0.0000, Dynamic: 0.0000, Ground: 0.9595, Road: 0.0000, Sidewalk: 0.0000, Parking: 0.0000, Rail track: 0.8752, Building: 0.0000, Wall: 0.0000, Fence: 0.0000, Guard rail: 0.0000, Bridge: 0.0000, Tunnel: 0.0000, Pole: 0.0000, Pole group: 0.0000, Traffic light: 0.8905, Traffic sign: 0.0000, Vegetation: 0.9746, Terrain: 0.0000, Sky: 0.0000, Person: 0.7064, Rider: 0.0000, Car: 0.0000, Truck: 0.0000, Bus: 0.0000, Caravan: 0.0000, Trailer: 0.0000, Train: 0.0000, Motorcycle: 0.0000, Bicycle: 0.0000 }
        MeanDICE: 0.2499
    

    Epoch 2:
      Train Loss: 2.5747, Train Accuracy: 0.8492
      Val Loss: 2.5002
      Metrics:
        val_loss: 2.5002
        val_accuracy: 0.8524
        IoU: { Unlabeled: 0.3043, Static: 0.0000, Dynamic: 0.0000, Ground: 0.9392, Road: 0.0000, Sidewalk: 0.0000, Parking: 0.0000, Rail track: 0.7831, Building: 0.0000, Wall: 0.0000, Fence: 0.0000, Guard rail: 0.0000, Bridge: 0.0000, Tunnel: 0.0000, Pole: 0.0000, Pole group: 0.0000, Traffic light: 0.8032, Traffic sign: 0.0000, Vegetation: 0.9547, Terrain: 0.0000, Sky: 0.0000, Person: 0.6870, Rider: 0.0000, Car: 0.0000, Truck: 0.0000, Bus: 0.0000, Caravan: 0.0000, Trailer: 0.0000, Train: 0.0000, Motorcycle: 0.0000, Bicycle: 0.0000 }
        MeanIoU: 0.2337
        PixelAccuracy: 0.8530
        DICE: { Unlabeled: 0.4662, Static: 0.0000, Dynamic: 0.0000, Ground: 0.9686, Road: 0.0000, Sidewalk: 0.0000, Parking: 0.0000, Rail track: 0.8778, Building: 0.0000, Wall: 0.0000, Fence: 0.0000, Guard rail: 0.0000, Bridge: 0.0000, Tunnel: 0.0000, Pole: 0.0000, Pole group: 0.0000, Traffic light: 0.8905, Traffic sign: 0.0000, Vegetation: 0.9768, Terrain: 0.0000, Sky: 0.0000, Person: 0.8118, Rider: 0.0000, Car: 0.0000, Truck: 0.0000, Bus: 0.0000, Caravan: 0.0000, Trailer: 0.0000, Train: 0.0000, Motorcycle: 0.0000, Bicycle: 0.0000 }
        MeanDICE: 0.2608
    

    Epoch 3:
      Train Loss: 2.4403, Train Accuracy: 0.8616
      Val Loss: 2.3844
      Metrics:
        val_loss: 2.3844
        val_accuracy: 0.8683
        IoU: { Unlabeled: 0.3254, Static: 0.0000, Dynamic: 0.0000, Ground: 0.9502, Road: 0.0000, Sidewalk: 0.0000, Parking: 0.0000, Rail track: 0.7891, Building: 0.0000, Wall: 0.0000, Fence: 0.0000, Guard rail: 0.0000, Bridge: 0.0000, Tunnel: 0.0000, Pole: 0.0000, Pole group: 0.0000, Traffic light: 0.8547, Traffic sign: 0.0000, Vegetation: 0.9677, Terrain: 0.0000, Sky: 0.0000, Person: 0.7946, Rider: 0.0000, Car: 0.0000, Truck: 0.0000, Bus: 0.0000, Caravan: 0.0000, Trailer: 0.0000, Train: 0.0000, Motorcycle: 0.0000, Bicycle: 0.0000 }
        MeanIoU: 0.2447
        PixelAccuracy: 0.8690
        DICE: { Unlabeled: 0.4905, Static: 0.0000, Dynamic: 0.0000, Ground: 0.9744, Road: 0.0000, Sidewalk: 0.0000, Parking: 0.0000, Rail track: 0.8814, Building: 0.0000, Wall: 0.0000, Fence: 0.0000, Guard rail: 0.0000, Bridge: 0.0000, Tunnel: 0.0000, Pole: 0.0000, Pole group: 0.0000, Traffic light: 0.9214, Traffic sign: 0.0000, Vegetation: 0.9836, Terrain: 0.0000, Sky: 0.0000, Person: 0.8848, Rider: 0.0000, Car: 0.0000, Truck: 0.0000, Bus: 0.0000, Caravan: 0.0000, Trailer: 0.0000, Train: 0.0000, Motorcycle: 0.0000, Bicycle: 0.0000 }
        MeanDICE: 0.2683
    

    Epoch 4:
      Train Loss: 2.3518, Train Accuracy: 0.8656
      Val Loss: 2.3167
      Metrics:
        val_loss: 2.3167
        val_accuracy: 0.8660
        IoU: { Unlabeled: 0.3373, Static: 0.0000, Dynamic: 0.0000, Ground: 0.9478, Road: 0.0000, Sidewalk: 0.0000, Parking: 0.0000, Rail track: 0.8017, Building: 0.0000, Wall: 0.0000, Fence: 0.0000, Guard rail: 0.0000, Bridge: 0.0000, Tunnel: 0.0000, Pole: 0.0000, Pole group: 0.0000, Traffic light: 0.8571, Traffic sign: 0.0000, Vegetation: 0.9628, Terrain: 0.0000, Sky: 0.0000, Person: 0.7772, Rider: 0.0000, Car: 0.0000, Truck: 0.0000, Bus: 0.0000, Caravan: 0.0000, Trailer: 0.0000, Train: 0.0000, Motorcycle: 0.0000, Bicycle: 0.0000 }
        MeanIoU: 0.2447
        PixelAccuracy: 0.8666
        DICE: { Unlabeled: 0.5040, Static: 0.0000, Dynamic: 0.0000, Ground: 0.9732, Road: 0.0000, Sidewalk: 0.0000, Parking: 0.0000, Rail track: 0.8892, Building: 0.0000, Wall: 0.0000, Fence: 0.0000, Guard rail: 0.0000, Bridge: 0.0000, Tunnel: 0.0000, Pole: 0.0000, Pole group: 0.0000, Traffic light: 0.9229, Traffic sign: 0.0000, Vegetation: 0.9810, Terrain: 0.0000, Sky: 0.0000, Person: 0.8735, Rider: 0.0000, Car: 0.0000, Truck: 0.0000, Bus: 0.0000, Caravan: 0.0000, Trailer: 0.0000, Train: 0.0000, Motorcycle: 0.0000, Bicycle: 0.0000 }
        MeanDICE: 0.2687
    

    Epoch 5:
      Train Loss: 2.2914, Train Accuracy: 0.8707
      Val Loss: 2.2642
      Metrics:
        val_loss: 2.2642
        val_accuracy: 0.8757
        IoU: { Unlabeled: 0.3587, Static: 0.0000, Dynamic: 0.0000, Ground: 0.9569, Road: 0.0000, Sidewalk: 0.0000, Parking: 0.0000, Rail track: 0.8109, Building: 0.0000, Wall: 0.0000, Fence: 0.0000, Guard rail: 0.0000, Bridge: 0.0000, Tunnel: 0.0000, Pole: 0.0000, Pole group: 0.0027, Traffic light: 0.8767, Traffic sign: 0.0000, Vegetation: 0.9697, Terrain: 0.0000, Sky: 0.0000, Person: 0.8296, Rider: 0.0000, Car: 0.0000, Truck: 0.0000, Bus: 0.0000, Caravan: 0.0000, Trailer: 0.0000, Train: 0.0000, Motorcycle: 0.0000, Bicycle: 0.0000 }
        MeanIoU: 0.2511
        PixelAccuracy: 0.8763
        DICE: { Unlabeled: 0.5275, Static: 0.0000, Dynamic: 0.0000, Ground: 0.9780, Road: 0.0000, Sidewalk: 0.0000, Parking: 0.0000, Rail track: 0.8950, Building: 0.0000, Wall: 0.0000, Fence: 0.0000, Guard rail: 0.0000, Bridge: 0.0000, Tunnel: 0.0000, Pole: 0.0000, Pole group: 0.0054, Traffic light: 0.9341, Traffic sign: 0.0000, Vegetation: 0.9846, Terrain: 0.0000, Sky: 0.0000, Person: 0.9060, Rider: 0.0000, Car: 0.0000, Truck: 0.0000, Bus: 0.0000, Caravan: 0.0000, Trailer: 0.0000, Train: 0.0000, Motorcycle: 0.0000, Bicycle: 0.0000 }
        MeanDICE: 0.2733
    

    Epoch 6:
      Train Loss: 2.2504, Train Accuracy: 0.8738
      Val Loss: 2.2331
      Metrics:
        val_loss: 2.2331
        val_accuracy: 0.8751
        IoU: { Unlabeled: 0.3654, Static: 0.0000, Dynamic: 0.0000, Ground: 0.9560, Road: 0.0001, Sidewalk: 0.0000, Parking: 0.0000, Rail track: 0.8134, Building: 0.0000, Wall: 0.0000, Fence: 0.0000, Guard rail: 0.0000, Bridge: 0.0000, Tunnel: 0.0000, Pole: 0.0000, Pole group: 0.2036, Traffic light: 0.8717, Traffic sign: 0.0000, Vegetation: 0.9701, Terrain: 0.0000, Sky: 0.0000, Person: 0.8368, Rider: 0.0000, Car: 0.0000, Truck: 0.0000, Bus: 0.0000, Caravan: 0.0000, Trailer: 0.0000, Train: 0.0000, Motorcycle: 0.0000, Bicycle: 0.0000 }
        MeanIoU: 0.2622
        PixelAccuracy: 0.8757
        DICE: { Unlabeled: 0.5347, Static: 0.0000, Dynamic: 0.0000, Ground: 0.9775, Road: 0.0001, Sidewalk: 0.0000, Parking: 0.0000, Rail track: 0.8966, Building: 0.0000, Wall: 0.0000, Fence: 0.0000, Guard rail: 0.0000, Bridge: 0.0000, Tunnel: 0.0000, Pole: 0.0000, Pole group: 0.3281, Traffic light: 0.9313, Traffic sign: 0.0000, Vegetation: 0.9848, Terrain: 0.0000, Sky: 0.0000, Person: 0.9104, Rider: 0.0000, Car: 0.0000, Truck: 0.0000, Bus: 0.0000, Caravan: 0.0000, Trailer: 0.0000, Train: 0.0000, Motorcycle: 0.0000, Bicycle: 0.0000 }
        MeanDICE: 0.2906
    

    Epoch 7:
      Train Loss: 2.2224, Train Accuracy: 0.8769
      Val Loss: 2.2068
      Metrics:
        val_loss: 2.2068
        val_accuracy: 0.8841
        IoU: { Unlabeled: 0.3913, Static: 0.0000, Dynamic: 0.0000, Ground: 0.9585, Road: 0.1107, Sidewalk: 0.0000, Parking: 0.0000, Rail track: 0.8330, Building: 0.0000, Wall: 0.0000, Fence: 0.0000, Guard rail: 0.0000, Bridge: 0.0000, Tunnel: 0.0000, Pole: 0.0000, Pole group: 0.4316, Traffic light: 0.8862, Traffic sign: 0.0000, Vegetation: 0.9705, Terrain: 0.0000, Sky: 0.0000, Person: 0.8584, Rider: 0.0000, Car: 0.0000, Truck: 0.0000, Bus: 0.0000, Caravan: 0.0000, Trailer: 0.0000, Train: 0.0000, Motorcycle: 0.0000, Bicycle: 0.0000 }
        MeanIoU: 0.2842
        PixelAccuracy: 0.8846
        DICE: { Unlabeled: 0.5620, Static: 0.0000, Dynamic: 0.0000, Ground: 0.9788, Road: 0.1976, Sidewalk: 0.0000, Parking: 0.0000, Rail track: 0.9085, Building: 0.0000, Wall: 0.0000, Fence: 0.0000, Guard rail: 0.0000, Bridge: 0.0000, Tunnel: 0.0000, Pole: 0.0000, Pole group: 0.5829, Traffic light: 0.9395, Traffic sign: 0.0000, Vegetation: 0.9850, Terrain: 0.0000, Sky: 0.0000, Person: 0.9231, Rider: 0.0000, Car: 0.0000, Truck: 0.0000, Bus: 0.0000, Caravan: 0.0000, Trailer: 0.0000, Train: 0.0000, Motorcycle: 0.0000, Bicycle: 0.0000 }
        MeanDICE: 0.3174
    

    Epoch 8:
      Train Loss: 2.2006, Train Accuracy: 0.8857
      Val Loss: 2.1919
      Metrics:
        val_loss: 2.1919
        val_accuracy: 0.8894
        IoU: { Unlabeled: 0.3969, Static: 0.0000, Dynamic: 0.0000, Ground: 0.9586, Road: 0.5359, Sidewalk: 0.0000, Parking: 0.0000, Rail track: 0.8372, Building: 0.0000, Wall: 0.0000, Fence: 0.0000, Guard rail: 0.0000, Bridge: 0.0000, Tunnel: 0.0000, Pole: 0.0000, Pole group: 0.5686, Traffic light: 0.8758, Traffic sign: 0.0000, Vegetation: 0.9748, Terrain: 0.0000, Sky: 0.0000, Person: 0.8487, Rider: 0.0000, Car: 0.0000, Truck: 0.0000, Bus: 0.0000, Caravan: 0.0000, Trailer: 0.0000, Train: 0.0000, Motorcycle: 0.0000, Bicycle: 0.0000 }
        MeanIoU: 0.3133
        PixelAccuracy: 0.8899
        DICE: { Unlabeled: 0.5677, Static: 0.0000, Dynamic: 0.0000, Ground: 0.9788, Road: 0.6959, Sidewalk: 0.0000, Parking: 0.0000, Rail track: 0.9110, Building: 0.0000, Wall: 0.0000, Fence: 0.0000, Guard rail: 0.0000, Bridge: 0.0000, Tunnel: 0.0000, Pole: 0.0000, Pole group: 0.7016, Traffic light: 0.9336, Traffic sign: 0.0000, Vegetation: 0.9872, Terrain: 0.0000, Sky: 0.0000, Person: 0.9174, Rider: 0.0000, Car: 0.0000, Truck: 0.0000, Bus: 0.0000, Caravan: 0.0000, Trailer: 0.0000, Train: 0.0000, Motorcycle: 0.0000, Bicycle: 0.0000 }
        MeanDICE: 0.3496
    

    Epoch 9:
      Train Loss: 2.1843, Train Accuracy: 0.8920
      Val Loss: 2.1769
      Metrics:
        val_loss: 2.1769
        val_accuracy: 0.8892
        IoU: { Unlabeled: 0.3977, Static: 0.0000, Dynamic: 0.0000, Ground: 0.9597, Road: 0.4940, Sidewalk: 0.0000, Parking: 0.0000, Rail track: 0.8418, Building: 0.0000, Wall: 0.0000, Fence: 0.0000, Guard rail: 0.0000, Bridge: 0.0000, Tunnel: 0.0000, Pole: 0.0000, Pole group: 0.6527, Traffic light: 0.8774, Traffic sign: 0.0039, Vegetation: 0.9763, Terrain: 0.0000, Sky: 0.0000, Person: 0.8478, Rider: 0.0000, Car: 0.0000, Truck: 0.0000, Bus: 0.0000, Caravan: 0.0000, Trailer: 0.0000, Train: 0.0000, Motorcycle: 0.0000, Bicycle: 0.0000 }
        MeanIoU: 0.3160
        PixelAccuracy: 0.8896
        DICE: { Unlabeled: 0.5686, Static: 0.0000, Dynamic: 0.0000, Ground: 0.9794, Road: 0.6585, Sidewalk: 0.0000, Parking: 0.0000, Rail track: 0.9138, Building: 0.0000, Wall: 0.0000, Fence: 0.0000, Guard rail: 0.0000, Bridge: 0.0000, Tunnel: 0.0000, Pole: 0.0000, Pole group: 0.7658, Traffic light: 0.9345, Traffic sign: 0.0077, Vegetation: 0.9880, Terrain: 0.0000, Sky: 0.0000, Person: 0.9167, Rider: 0.0000, Car: 0.0000, Truck: 0.0000, Bus: 0.0000, Caravan: 0.0000, Trailer: 0.0000, Train: 0.0000, Motorcycle: 0.0000, Bicycle: 0.0000 }
        MeanDICE: 0.3516
    

    Epoch 10:
      Train Loss: 2.1727, Train Accuracy: 0.8964
      Val Loss: 2.1670
      Metrics:
        val_loss: 2.1670
        val_accuracy: 0.8974
        IoU: { Unlabeled: 0.3984, Static: 0.0000, Dynamic: 0.0000, Ground: 0.9610, Road: 0.7237, Sidewalk: 0.0000, Parking: 0.0000, Rail track: 0.8662, Building: 0.0000, Wall: 0.0030, Fence: 0.0000, Guard rail: 0.0000, Bridge: 0.0000, Tunnel: 0.0000, Pole: 0.0000, Pole group: 0.5097, Traffic light: 0.8844, Traffic sign: 0.1520, Vegetation: 0.9761, Terrain: 0.0000, Sky: 0.0000, Person: 0.8642, Rider: 0.0000, Car: 0.0041, Truck: 0.0000, Bus: 0.0000, Caravan: 0.0000, Trailer: 0.0000, Train: 0.0000, Motorcycle: 0.0000, Bicycle: 0.0000 }
        MeanIoU: 0.3313
        PixelAccuracy: 0.8978
        DICE: { Unlabeled: 0.5694, Static: 0.0000, Dynamic: 0.0000, Ground: 0.9801, Road: 0.8386, Sidewalk: 0.0000, Parking: 0.0000, Rail track: 0.9282, Building: 0.0000, Wall: 0.0057, Fence: 0.0000, Guard rail: 0.0000, Bridge: 0.0000, Tunnel: 0.0000, Pole: 0.0000, Pole group: 0.6511, Traffic light: 0.9385, Traffic sign: 0.2517, Vegetation: 0.9879, Terrain: 0.0000, Sky: 0.0000, Person: 0.9265, Rider: 0.0000, Car: 0.0079, Truck: 0.0000, Bus: 0.0000, Caravan: 0.0000, Trailer: 0.0000, Train: 0.0000, Motorcycle: 0.0000, Bicycle: 0.0000 }
        MeanDICE: 0.3701
    

    Epoch 11:
      Train Loss: 2.1623, Train Accuracy: 0.9014
      Val Loss: 2.1612
      Metrics:
        val_loss: 2.1612
        val_accuracy: 0.8960
        IoU: { Unlabeled: 0.4215, Static: 0.0000, Dynamic: 0.0000, Ground: 0.9609, Road: 0.6291, Sidewalk: 0.0000, Parking: 0.0000, Rail track: 0.8625, Building: 0.0000, Wall: 0.0131, Fence: 0.0000, Guard rail: 0.0000, Bridge: 0.0000, Tunnel: 0.0000, Pole: 0.0000, Pole group: 0.5252, Traffic light: 0.8741, Traffic sign: 0.2934, Vegetation: 0.9780, Terrain: 0.0000, Sky: 0.0000, Person: 0.8617, Rider: 0.0000, Car: 0.2630, Truck: 0.0000, Bus: 0.0000, Caravan: 0.0000, Trailer: 0.0000, Train: 0.0000, Motorcycle: 0.0000, Bicycle: 0.0000 }
        MeanIoU: 0.3492
        PixelAccuracy: 0.8964
        DICE: { Unlabeled: 0.5925, Static: 0.0000, Dynamic: 0.0000, Ground: 0.9800, Road: 0.7701, Sidewalk: 0.0000, Parking: 0.0000, Rail track: 0.9260, Building: 0.0000, Wall: 0.0226, Fence: 0.0000, Guard rail: 0.0000, Bridge: 0.0000, Tunnel: 0.0000, Pole: 0.0000, Pole group: 0.6682, Traffic light: 0.9326, Traffic sign: 0.4349, Vegetation: 0.9888, Terrain: 0.0000, Sky: 0.0000, Person: 0.9253, Rider: 0.0000, Car: 0.3778, Truck: 0.0000, Bus: 0.0000, Caravan: 0.0000, Trailer: 0.0000, Train: 0.0000, Motorcycle: 0.0000, Bicycle: 0.0000 }
        MeanDICE: 0.3980
    

    Epoch 12:
      Train Loss: 2.1551, Train Accuracy: 0.9043
      Val Loss: 2.1514
      Metrics:
        val_loss: 2.1514
        val_accuracy: 0.9021
        IoU: { Unlabeled: 0.4155, Static: 0.0000, Dynamic: 0.0000, Ground: 0.9601, Road: 0.7476, Sidewalk: 0.0000, Parking: 0.0000, Rail track: 0.8717, Building: 0.0000, Wall: 0.0414, Fence: 0.0000, Guard rail: 0.0000, Bridge: 0.0000, Tunnel: 0.0000, Pole: 0.0000, Pole group: 0.5588, Traffic light: 0.8912, Traffic sign: 0.2809, Vegetation: 0.9777, Terrain: 0.0000, Sky: 0.0000, Person: 0.8695, Rider: 0.0000, Car: 0.1439, Truck: 0.0000, Bus: 0.0000, Caravan: 0.0000, Trailer: 0.0000, Train: 0.0000, Motorcycle: 0.0000, Bicycle: 0.0000 }
        MeanIoU: 0.3531
        PixelAccuracy: 0.9025
        DICE: { Unlabeled: 0.5866, Static: 0.0000, Dynamic: 0.0000, Ground: 0.9796, Road: 0.8547, Sidewalk: 0.0000, Parking: 0.0000, Rail track: 0.9312, Building: 0.0000, Wall: 0.0761, Fence: 0.0000, Guard rail: 0.0000, Bridge: 0.0000, Tunnel: 0.0000, Pole: 0.0000, Pole group: 0.6942, Traffic light: 0.9424, Traffic sign: 0.4267, Vegetation: 0.9887, Terrain: 0.0000, Sky: 0.0000, Person: 0.9297, Rider: 0.0000, Car: 0.2292, Truck: 0.0000, Bus: 0.0000, Caravan: 0.0000, Trailer: 0.0000, Train: 0.0000, Motorcycle: 0.0000, Bicycle: 0.0000 }
        MeanDICE: 0.3991
    

    Epoch 13:
      Train Loss: 2.1487, Train Accuracy: 0.9078
      Val Loss: 2.1465
      Metrics:
        val_loss: 2.1465
        val_accuracy: 0.9105
        IoU: { Unlabeled: 0.4533, Static: 0.0000, Dynamic: 0.0000, Ground: 0.9621, Road: 0.7411, Sidewalk: 0.0000, Parking: 0.0000, Rail track: 0.8727, Building: 0.0000, Wall: 0.1930, Fence: 0.0000, Guard rail: 0.0000, Bridge: 0.0000, Tunnel: 0.0000, Pole: 0.0000, Pole group: 0.6940, Traffic light: 0.8954, Traffic sign: 0.5575, Vegetation: 0.9792, Terrain: 0.0000, Sky: 0.0000, Person: 0.8817, Rider: 0.0000, Car: 0.2004, Truck: 0.0000, Bus: 0.0000, Caravan: 0.0000, Trailer: 0.0000, Train: 0.0000, Motorcycle: 0.0000, Bicycle: 0.0000 }
        MeanIoU: 0.3882
        PixelAccuracy: 0.9108
        DICE: { Unlabeled: 0.6233, Static: 0.0000, Dynamic: 0.0000, Ground: 0.9807, Road: 0.8504, Sidewalk: 0.0000, Parking: 0.0000, Rail track: 0.9318, Building: 0.0000, Wall: 0.3204, Fence: 0.0000, Guard rail: 0.0000, Bridge: 0.0000, Tunnel: 0.0000, Pole: 0.0000, Pole group: 0.8014, Traffic light: 0.9447, Traffic sign: 0.7074, Vegetation: 0.9894, Terrain: 0.0000, Sky: 0.0000, Person: 0.9367, Rider: 0.0000, Car: 0.3054, Truck: 0.0000, Bus: 0.0000, Caravan: 0.0000, Trailer: 0.0000, Train: 0.0000, Motorcycle: 0.0000, Bicycle: 0.0000 }
        MeanDICE: 0.4384
    

    Epoch 14:
      Train Loss: 2.1431, Train Accuracy: 0.9105
      Val Loss: 2.1404
      Metrics:
        val_loss: 2.1404
        val_accuracy: 0.9145
        IoU: { Unlabeled: 0.4600, Static: 0.0000, Dynamic: 0.0000, Ground: 0.9645, Road: 0.7666, Sidewalk: 0.0000, Parking: 0.0000, Rail track: 0.8846, Building: 0.0000, Wall: 0.2959, Fence: 0.0000, Guard rail: 0.0000, Bridge: 0.0000, Tunnel: 0.0000, Pole: 0.0000, Pole group: 0.7019, Traffic light: 0.9002, Traffic sign: 0.6130, Vegetation: 0.9793, Terrain: 0.0001, Sky: 0.0000, Person: 0.8817, Rider: 0.0000, Car: 0.1728, Truck: 0.0000, Bus: 0.0000, Caravan: 0.0000, Trailer: 0.0000, Train: 0.0000, Motorcycle: 0.0000, Bicycle: 0.0000 }
        MeanIoU: 0.3982
        PixelAccuracy: 0.9149
        DICE: { Unlabeled: 0.6295, Static: 0.0000, Dynamic: 0.0000, Ground: 0.9819, Road: 0.8670, Sidewalk: 0.0000, Parking: 0.0000, Rail track: 0.9386, Building: 0.0000, Wall: 0.4488, Fence: 0.0000, Guard rail: 0.0000, Bridge: 0.0000, Tunnel: 0.0000, Pole: 0.0000, Pole group: 0.8102, Traffic light: 0.9474, Traffic sign: 0.7531, Vegetation: 0.9895, Terrain: 0.0002, Sky: 0.0000, Person: 0.9368, Rider: 0.0000, Car: 0.2638, Truck: 0.0000, Bus: 0.0000, Caravan: 0.0000, Trailer: 0.0000, Train: 0.0000, Motorcycle: 0.0000, Bicycle: 0.0000 }
        MeanDICE: 0.4475
    

    Epoch 15:
      Train Loss: 2.1389, Train Accuracy: 0.9127
      Val Loss: 2.1390
      Metrics:
        val_loss: 2.1390
        val_accuracy: 0.9099
        IoU: { Unlabeled: 0.4366, Static: 0.0000, Dynamic: 0.0000, Ground: 0.9623, Road: 0.7357, Sidewalk: 0.0000, Parking: 0.0000, Rail track: 0.8787, Building: 0.0000, Wall: 0.1427, Fence: 0.0000, Guard rail: 0.0000, Bridge: 0.0000, Tunnel: 0.0000, Pole: 0.0000, Pole group: 0.6363, Traffic light: 0.8905, Traffic sign: 0.6862, Vegetation: 0.9775, Terrain: 0.0013, Sky: 0.0000, Person: 0.8812, Rider: 0.0000, Car: 0.1514, Truck: 0.0000, Bus: 0.0000, Caravan: 0.0000, Trailer: 0.0000, Train: 0.0000, Motorcycle: 0.0000, Bicycle: 0.0000 }
        MeanIoU: 0.3856
        PixelAccuracy: 0.9102
        DICE: { Unlabeled: 0.6073, Static: 0.0000, Dynamic: 0.0000, Ground: 0.9808, Road: 0.8466, Sidewalk: 0.0000, Parking: 0.0000, Rail track: 0.9353, Building: 0.0000, Wall: 0.2429, Fence: 0.0000, Guard rail: 0.0000, Bridge: 0.0000, Tunnel: 0.0000, Pole: 0.0000, Pole group: 0.7594, Traffic light: 0.9420, Traffic sign: 0.8085, Vegetation: 0.9886, Terrain: 0.0026, Sky: 0.0000, Person: 0.9365, Rider: 0.0000, Car: 0.2403, Truck: 0.0000, Bus: 0.0000, Caravan: 0.0000, Trailer: 0.0000, Train: 0.0000, Motorcycle: 0.0000, Bicycle: 0.0000 }
        MeanDICE: 0.4331
    

    Epoch 16:
      Train Loss: 2.1355, Train Accuracy: 0.9144
      Val Loss: 2.1347
      Metrics:
        val_loss: 2.1347
        val_accuracy: 0.9150
        IoU: { Unlabeled: 0.4637, Static: 0.0000, Dynamic: 0.0000, Ground: 0.9653, Road: 0.7541, Sidewalk: 0.0000, Parking: 0.0000, Rail track: 0.8818, Building: 0.0000, Wall: 0.2896, Fence: 0.0000, Guard rail: 0.0000, Bridge: 0.0000, Tunnel: 0.0000, Pole: 0.0000, Pole group: 0.6770, Traffic light: 0.8970, Traffic sign: 0.6994, Vegetation: 0.9800, Terrain: 0.0083, Sky: 0.0000, Person: 0.8845, Rider: 0.0001, Car: 0.2452, Truck: 0.0000, Bus: 0.0000, Caravan: 0.0000, Trailer: 0.0000, Train: 0.0000, Motorcycle: 0.0000, Bicycle: 0.0000 }
        MeanIoU: 0.4047
        PixelAccuracy: 0.9152
        DICE: { Unlabeled: 0.6330, Static: 0.0000, Dynamic: 0.0000, Ground: 0.9823, Road: 0.8590, Sidewalk: 0.0000, Parking: 0.0000, Rail track: 0.9370, Building: 0.0000, Wall: 0.4400, Fence: 0.0000, Guard rail: 0.0000, Bridge: 0.0000, Tunnel: 0.0000, Pole: 0.0000, Pole group: 0.7896, Traffic light: 0.9456, Traffic sign: 0.8181, Vegetation: 0.9899, Terrain: 0.0161, Sky: 0.0000, Person: 0.9383, Rider: 0.0001, Car: 0.3586, Truck: 0.0000, Bus: 0.0000, Caravan: 0.0000, Trailer: 0.0000, Train: 0.0000, Motorcycle: 0.0000, Bicycle: 0.0000 }
        MeanDICE: 0.4548
    

    Epoch 17:
      Train Loss: 2.1332, Train Accuracy: 0.9139
      Val Loss: 2.1336
      Metrics:
        val_loss: 2.1336
        val_accuracy: 0.9110
        IoU: { Unlabeled: 0.4388, Static: 0.0000, Dynamic: 0.0000, Ground: 0.9635, Road: 0.7573, Sidewalk: 0.0000, Parking: 0.0000, Rail track: 0.8821, Building: 0.0000, Wall: 0.0665, Fence: 0.0000, Guard rail: 0.0000, Bridge: 0.0000, Tunnel: 0.0000, Pole: 0.0118, Pole group: 0.6187, Traffic light: 0.9013, Traffic sign: 0.6474, Vegetation: 0.9797, Terrain: 0.0022, Sky: 0.0000, Person: 0.8744, Rider: 0.0022, Car: 0.1566, Truck: 0.0000, Bus: 0.0000, Caravan: 0.0000, Trailer: 0.0000, Train: 0.0000, Motorcycle: 0.0000, Bicycle: 0.0000 }
        MeanIoU: 0.3816
        PixelAccuracy: 0.9114
        DICE: { Unlabeled: 0.6094, Static: 0.0000, Dynamic: 0.0000, Ground: 0.9814, Road: 0.8610, Sidewalk: 0.0000, Parking: 0.0000, Rail track: 0.9372, Building: 0.0000, Wall: 0.1221, Fence: 0.0000, Guard rail: 0.0000, Bridge: 0.0000, Tunnel: 0.0000, Pole: 0.0233, Pole group: 0.7447, Traffic light: 0.9480, Traffic sign: 0.7799, Vegetation: 0.9897, Terrain: 0.0045, Sky: 0.0000, Person: 0.9324, Rider: 0.0043, Car: 0.2451, Truck: 0.0000, Bus: 0.0000, Caravan: 0.0000, Trailer: 0.0000, Train: 0.0000, Motorcycle: 0.0000, Bicycle: 0.0000 }
        MeanDICE: 0.4275
    

    Epoch 18:
      Train Loss: 2.1303, Train Accuracy: 0.9152
      Val Loss: 2.1308
      Metrics:
        val_loss: 2.1308
        val_accuracy: 0.9135
        IoU: { Unlabeled: 0.4650, Static: 0.0000, Dynamic: 0.0000, Ground: 0.9570, Road: 0.7753, Sidewalk: 0.0000, Parking: 0.0000, Rail track: 0.8848, Building: 0.0000, Wall: 0.2564, Fence: 0.0000, Guard rail: 0.0000, Bridge: 0.0000, Tunnel: 0.0000, Pole: 0.1109, Pole group: 0.7233, Traffic light: 0.9000, Traffic sign: 0.6866, Vegetation: 0.9802, Terrain: 0.0532, Sky: 0.0000, Person: 0.8776, Rider: 0.0026, Car: 0.2592, Truck: 0.0000, Bus: 0.0000, Caravan: 0.0000, Trailer: 0.0000, Train: 0.0000, Motorcycle: 0.0000, Bicycle: 0.0000 }
        MeanIoU: 0.4144
        PixelAccuracy: 0.9138
        DICE: { Unlabeled: 0.6342, Static: 0.0000, Dynamic: 0.0000, Ground: 0.9780, Road: 0.8727, Sidewalk: 0.0000, Parking: 0.0000, Rail track: 0.9387, Building: 0.0000, Wall: 0.4019, Fence: 0.0000, Guard rail: 0.0000, Bridge: 0.0000, Tunnel: 0.0000, Pole: 0.1968, Pole group: 0.8262, Traffic light: 0.9473, Traffic sign: 0.8085, Vegetation: 0.9900, Terrain: 0.0977, Sky: 0.0000, Person: 0.9343, Rider: 0.0050, Car: 0.3713, Truck: 0.0000, Bus: 0.0000, Caravan: 0.0000, Trailer: 0.0000, Train: 0.0000, Motorcycle: 0.0000, Bicycle: 0.0000 }
        MeanDICE: 0.4702
    

    Epoch 19:
      Train Loss: 2.1299, Train Accuracy: 0.9141
      Val Loss: 2.1311
      Metrics:
        val_loss: 2.1311
        val_accuracy: 0.9133
        IoU: { Unlabeled: 0.4558, Static: 0.0000, Dynamic: 0.0000, Ground: 0.9586, Road: 0.7316, Sidewalk: 0.0000, Parking: 0.0000, Rail track: 0.8809, Building: 0.0000, Wall: 0.5101, Fence: 0.0000, Guard rail: 0.0000, Bridge: 0.0000, Tunnel: 0.0000, Pole: 0.3661, Pole group: 0.6439, Traffic light: 0.8856, Traffic sign: 0.6868, Vegetation: 0.9777, Terrain: 0.1101, Sky: 0.0000, Person: 0.8791, Rider: 0.0274, Car: 0.2930, Truck: 0.0000, Bus: 0.0000, Caravan: 0.0000, Trailer: 0.0000, Train: 0.0000, Motorcycle: 0.0000, Bicycle: 0.0000 }
        MeanIoU: 0.4391
        PixelAccuracy: 0.9136
        DICE: { Unlabeled: 0.6256, Static: 0.0000, Dynamic: 0.0000, Ground: 0.9788, Road: 0.8436, Sidewalk: 0.0000, Parking: 0.0000, Rail track: 0.9366, Building: 0.0000, Wall: 0.6701, Fence: 0.0000, Guard rail: 0.0000, Bridge: 0.0000, Tunnel: 0.0000, Pole: 0.5266, Pole group: 0.7663, Traffic light: 0.9392, Traffic sign: 0.8085, Vegetation: 0.9887, Terrain: 0.1913, Sky: 0.0000, Person: 0.9353, Rider: 0.0489, Car: 0.3984, Truck: 0.0000, Bus: 0.0000, Caravan: 0.0000, Trailer: 0.0000, Train: 0.0000, Motorcycle: 0.0000, Bicycle: 0.0000 }
        MeanDICE: 0.5043
    

    Epoch 20:
      Train Loss: 2.1256, Train Accuracy: 0.9184
      Val Loss: 2.1266
      Metrics:
        val_loss: 2.1266
        val_accuracy: 0.9150
        IoU: { Unlabeled: 0.4719, Static: 0.0000, Dynamic: 0.0000, Ground: 0.9632, Road: 0.7428, Sidewalk: 0.0000, Parking: 0.0000, Rail track: 0.8898, Building: 0.0000, Wall: 0.1197, Fence: 0.0000, Guard rail: 0.0000, Bridge: 0.0000, Tunnel: 0.0000, Pole: 0.4628, Pole group: 0.7200, Traffic light: 0.9050, Traffic sign: 0.6846, Vegetation: 0.9801, Terrain: 0.0578, Sky: 0.0000, Person: 0.8879, Rider: 0.0466, Car: 0.2705, Truck: 0.0000, Bus: 0.0000, Caravan: 0.0000, Trailer: 0.0000, Train: 0.0000, Motorcycle: 0.0000, Bicycle: 0.0000 }
        MeanIoU: 0.4285
        PixelAccuracy: 0.9153
        DICE: { Unlabeled: 0.6406, Static: 0.0000, Dynamic: 0.0000, Ground: 0.9812, Road: 0.8513, Sidewalk: 0.0000, Parking: 0.0000, Rail track: 0.9415, Building: 0.0000, Wall: 0.2068, Fence: 0.0000, Guard rail: 0.0000, Bridge: 0.0000, Tunnel: 0.0000, Pole: 0.6187, Pole group: 0.8252, Traffic light: 0.9500, Traffic sign: 0.8060, Vegetation: 0.9899, Terrain: 0.1061, Sky: 0.0000, Person: 0.9402, Rider: 0.0765, Car: 0.3858, Truck: 0.0000, Bus: 0.0000, Caravan: 0.0000, Trailer: 0.0000, Train: 0.0000, Motorcycle: 0.0000, Bicycle: 0.0000 }
        MeanDICE: 0.4867
    

    Epoch 21:
      Train Loss: 2.1240, Train Accuracy: 0.9208
      Val Loss: 2.1259
      Metrics:
        val_loss: 2.1259
        val_accuracy: 0.9203
        IoU: { Unlabeled: 0.4720, Static: 0.0000, Dynamic: 0.0000, Ground: 0.9630, Road: 0.7755, Sidewalk: 0.0000, Parking: 0.0000, Rail track: 0.8830, Building: 0.0000, Wall: 0.6106, Fence: 0.0000, Guard rail: 0.0000, Bridge: 0.0000, Tunnel: 0.0000, Pole: 0.5867, Pole group: 0.7227, Traffic light: 0.9006, Traffic sign: 0.6907, Vegetation: 0.9806, Terrain: 0.0673, Sky: 0.0000, Person: 0.8850, Rider: 0.0445, Car: 0.3238, Truck: 0.0000, Bus: 0.0000, Caravan: 0.0000, Trailer: 0.0000, Train: 0.0000, Motorcycle: 0.0000, Bicycle: 0.0000 }
        MeanIoU: 0.4652
        PixelAccuracy: 0.9206
        DICE: { Unlabeled: 0.6406, Static: 0.0000, Dynamic: 0.0000, Ground: 0.9811, Road: 0.8729, Sidewalk: 0.0000, Parking: 0.0000, Rail track: 0.9377, Building: 0.0000, Wall: 0.7552, Fence: 0.0000, Guard rail: 0.0000, Bridge: 0.0000, Tunnel: 0.0000, Pole: 0.7305, Pole group: 0.8266, Traffic light: 0.9476, Traffic sign: 0.8108, Vegetation: 0.9902, Terrain: 0.1227, Sky: 0.0000, Person: 0.9386, Rider: 0.0730, Car: 0.4379, Truck: 0.0000, Bus: 0.0000, Caravan: 0.0000, Trailer: 0.0000, Train: 0.0000, Motorcycle: 0.0000, Bicycle: 0.0000 }
        MeanDICE: 0.5257
    

    Epoch 22:
      Train Loss: 2.1244, Train Accuracy: 0.9201
      Val Loss: 2.1415
      Metrics:
        val_loss: 2.1415
        val_accuracy: 0.8941
        IoU: { Unlabeled: 0.4294, Static: 0.0000, Dynamic: 0.0000, Ground: 0.9571, Road: 0.7246, Sidewalk: 0.0000, Parking: 0.0000, Rail track: 0.8215, Building: 0.0000, Wall: 0.5850, Fence: 0.0000, Guard rail: 0.0000, Bridge: 0.0000, Tunnel: 0.0000, Pole: 0.4963, Pole group: 0.6338, Traffic light: 0.7809, Traffic sign: 0.6742, Vegetation: 0.9695, Terrain: 0.0062, Sky: 0.0000, Person: 0.8685, Rider: 0.0530, Car: 0.1516, Truck: 0.0000, Bus: 0.0000, Caravan: 0.0000, Trailer: 0.0000, Train: 0.0000, Motorcycle: 0.0000, Bicycle: 0.0000 }
        MeanIoU: 0.4256
        PixelAccuracy: 0.8939
        DICE: { Unlabeled: 0.6001, Static: 0.0000, Dynamic: 0.0000, Ground: 0.9781, Road: 0.8392, Sidewalk: 0.0000, Parking: 0.0000, Rail track: 0.9014, Building: 0.0000, Wall: 0.7323, Fence: 0.0000, Guard rail: 0.0000, Bridge: 0.0000, Tunnel: 0.0000, Pole: 0.6537, Pole group: 0.7561, Traffic light: 0.8764, Traffic sign: 0.7990, Vegetation: 0.9845, Terrain: 0.0122, Sky: 0.0000, Person: 0.9290, Rider: 0.0860, Car: 0.2399, Truck: 0.0000, Bus: 0.0000, Caravan: 0.0000, Trailer: 0.0000, Train: 0.0000, Motorcycle: 0.0000, Bicycle: 0.0000 }
        MeanDICE: 0.4900
    

    Epoch 23:
      Train Loss: 2.1220, Train Accuracy: 0.9237
      Val Loss: 2.1224
      Metrics:
        val_loss: 2.1224
        val_accuracy: 0.9241
        IoU: { Unlabeled: 0.4926, Static: 0.0000, Dynamic: 0.0000, Ground: 0.9662, Road: 0.7796, Sidewalk: 0.0000, Parking: 0.0000, Rail track: 0.8910, Building: 0.0008, Wall: 0.6105, Fence: 0.0000, Guard rail: 0.0000, Bridge: 0.0000, Tunnel: 0.0000, Pole: 0.5499, Pole group: 0.6886, Traffic light: 0.9053, Traffic sign: 0.7194, Vegetation: 0.9811, Terrain: 0.0378, Sky: 0.0000, Person: 0.8915, Rider: 0.1206, Car: 0.2751, Truck: 0.0000, Bus: 0.0000, Caravan: 0.0000, Trailer: 0.0000, Train: 0.0000, Motorcycle: 0.0000, Bicycle: 0.0000 }
        MeanIoU: 0.4652
        PixelAccuracy: 0.9244
        DICE: { Unlabeled: 0.6594, Static: 0.0000, Dynamic: 0.0000, Ground: 0.9828, Road: 0.8752, Sidewalk: 0.0000, Parking: 0.0000, Rail track: 0.9422, Building: 0.0016, Wall: 0.7540, Fence: 0.0000, Guard rail: 0.0000, Bridge: 0.0000, Tunnel: 0.0000, Pole: 0.7006, Pole group: 0.8013, Traffic light: 0.9502, Traffic sign: 0.8320, Vegetation: 0.9905, Terrain: 0.0714, Sky: 0.0000, Person: 0.9423, Rider: 0.1698, Car: 0.3876, Truck: 0.0000, Bus: 0.0000, Caravan: 0.0000, Trailer: 0.0000, Train: 0.0000, Motorcycle: 0.0000, Bicycle: 0.0000 }
        MeanDICE: 0.5251
    

    Epoch 24:
      Train Loss: 2.1205, Train Accuracy: 0.9252
      Val Loss: 2.1247
      Metrics:
        val_loss: 2.1247
        val_accuracy: 0.9194
        IoU: { Unlabeled: 0.4779, Static: 0.0000, Dynamic: 0.0000, Ground: 0.9621, Road: 0.7690, Sidewalk: 0.0000, Parking: 0.0000, Rail track: 0.8825, Building: 0.0088, Wall: 0.6413, Fence: 0.0000, Guard rail: 0.0000, Bridge: 0.0000, Tunnel: 0.0000, Pole: 0.5555, Pole group: 0.6625, Traffic light: 0.9013, Traffic sign: 0.6929, Vegetation: 0.9790, Terrain: 0.0270, Sky: 0.0000, Person: 0.8795, Rider: 0.1089, Car: 0.1669, Truck: 0.0000, Bus: 0.0000, Caravan: 0.0000, Trailer: 0.0000, Train: 0.0000, Motorcycle: 0.0000, Bicycle: 0.0000 }
        MeanIoU: 0.4550
        PixelAccuracy: 0.9197
        DICE: { Unlabeled: 0.6462, Static: 0.0000, Dynamic: 0.0000, Ground: 0.9807, Road: 0.8687, Sidewalk: 0.0000, Parking: 0.0000, Rail track: 0.9375, Building: 0.0167, Wall: 0.7770, Fence: 0.0000, Guard rail: 0.0000, Bridge: 0.0000, Tunnel: 0.0000, Pole: 0.7045, Pole group: 0.7738, Traffic light: 0.9480, Traffic sign: 0.8114, Vegetation: 0.9894, Terrain: 0.0514, Sky: 0.0000, Person: 0.9353, Rider: 0.1559, Car: 0.2597, Truck: 0.0000, Bus: 0.0000, Caravan: 0.0000, Trailer: 0.0000, Train: 0.0000, Motorcycle: 0.0000, Bicycle: 0.0000 }
        MeanDICE: 0.5144
    

    Epoch 25:
      Train Loss: 2.1221, Train Accuracy: 0.9221
      Val Loss: 2.1213
      Metrics:
        val_loss: 2.1213
        val_accuracy: 0.9252
        IoU: { Unlabeled: 0.4997, Static: 0.0000, Dynamic: 0.0000, Ground: 0.9652, Road: 0.7707, Sidewalk: 0.0000, Parking: 0.0000, Rail track: 0.8933, Building: 0.0009, Wall: 0.6631, Fence: 0.0000, Guard rail: 0.0000, Bridge: 0.0000, Tunnel: 0.0000, Pole: 0.6728, Pole group: 0.7374, Traffic light: 0.9060, Traffic sign: 0.7200, Vegetation: 0.9812, Terrain: 0.2264, Sky: 0.0000, Person: 0.8912, Rider: 0.1701, Car: 0.3102, Truck: 0.0000, Bus: 0.0000, Caravan: 0.0000, Trailer: 0.0000, Train: 0.0000, Motorcycle: 0.0000, Bicycle: 0.0000 }
        MeanIoU: 0.4913
        PixelAccuracy: 0.9255
        DICE: { Unlabeled: 0.6657, Static: 0.0000, Dynamic: 0.0000, Ground: 0.9823, Road: 0.8695, Sidewalk: 0.0000, Parking: 0.0000, Rail track: 0.9436, Building: 0.0017, Wall: 0.7934, Fence: 0.0000, Guard rail: 0.0000, Bridge: 0.0000, Tunnel: 0.0001, Pole: 0.7981, Pole group: 0.8406, Traffic light: 0.9506, Traffic sign: 0.8318, Vegetation: 0.9905, Terrain: 0.3616, Sky: 0.0000, Person: 0.9421, Rider: 0.2116, Car: 0.4191, Truck: 0.0000, Bus: 0.0000, Caravan: 0.0000, Trailer: 0.0000, Train: 0.0000, Motorcycle: 0.0000, Bicycle: 0.0000 }
        MeanDICE: 0.5534
    

    Epoch 26:
      Train Loss: 2.1194, Train Accuracy: 0.9258
      Val Loss: 2.1219
      Metrics:
        val_loss: 2.1219
        val_accuracy: 0.9230
        IoU: { Unlabeled: 0.4877, Static: 0.0000, Dynamic: 0.0000, Ground: 0.9637, Road: 0.7660, Sidewalk: 0.0000, Parking: 0.0000, Rail track: 0.8929, Building: 0.0011, Wall: 0.6614, Fence: 0.0000, Guard rail: 0.0000, Bridge: 0.0000, Tunnel: 0.0000, Pole: 0.6449, Pole group: 0.7432, Traffic light: 0.9026, Traffic sign: 0.7042, Vegetation: 0.9813, Terrain: 0.0739, Sky: 0.0000, Person: 0.8896, Rider: 0.1823, Car: 0.3072, Truck: 0.0000, Bus: 0.0000, Caravan: 0.0000, Trailer: 0.0000, Train: 0.0000, Motorcycle: 0.0000, Bicycle: 0.0000 }
        MeanIoU: 0.4803
        PixelAccuracy: 0.9233
        DICE: { Unlabeled: 0.6550, Static: 0.0000, Dynamic: 0.0000, Ground: 0.9815, Road: 0.8667, Sidewalk: 0.0000, Parking: 0.0000, Rail track: 0.9434, Building: 0.0023, Wall: 0.7926, Fence: 0.0000, Guard rail: 0.0000, Bridge: 0.0000, Tunnel: 0.0000, Pole: 0.7771, Pole group: 0.8441, Traffic light: 0.9487, Traffic sign: 0.8217, Vegetation: 0.9905, Terrain: 0.1336, Sky: 0.0000, Person: 0.9412, Rider: 0.2252, Car: 0.4104, Truck: 0.0000, Bus: 0.0000, Caravan: 0.0000, Trailer: 0.0000, Train: 0.0000, Motorcycle: 0.0000, Bicycle: 0.0000 }
        MeanDICE: 0.5392
    

    Epoch 27:
      Train Loss: 2.1180, Train Accuracy: 0.9275
      Val Loss: 2.1196
      Metrics:
        val_loss: 2.1196
        val_accuracy: 0.9271
        IoU: { Unlabeled: 0.5046, Static: 0.0000, Dynamic: 0.0000, Ground: 0.9667, Road: 0.7948, Sidewalk: 0.0000, Parking: 0.0000, Rail track: 0.8998, Building: 0.0317, Wall: 0.6945, Fence: 0.0000, Guard rail: 0.0000, Bridge: 0.0000, Tunnel: 0.0001, Pole: 0.6797, Pole group: 0.7489, Traffic light: 0.9025, Traffic sign: 0.7331, Vegetation: 0.9817, Terrain: 0.1910, Sky: 0.0000, Person: 0.8924, Rider: 0.1964, Car: 0.2997, Truck: 0.0000, Bus: 0.0000, Caravan: 0.0000, Trailer: 0.0000, Train: 0.0000, Motorcycle: 0.0000, Bicycle: 0.0000 }
        MeanIoU: 0.4968
        PixelAccuracy: 0.9274
        DICE: { Unlabeled: 0.6701, Static: 0.0000, Dynamic: 0.0000, Ground: 0.9831, Road: 0.8851, Sidewalk: 0.0000, Parking: 0.0000, Rail track: 0.9472, Building: 0.0582, Wall: 0.8166, Fence: 0.0000, Guard rail: 0.0000, Bridge: 0.0000, Tunnel: 0.0002, Pole: 0.8032, Pole group: 0.8477, Traffic light: 0.9487, Traffic sign: 0.8412, Vegetation: 0.9908, Terrain: 0.3134, Sky: 0.0000, Person: 0.9428, Rider: 0.2359, Car: 0.4103, Truck: 0.0000, Bus: 0.0000, Caravan: 0.0000, Trailer: 0.0000, Train: 0.0000, Motorcycle: 0.0000, Bicycle: 0.0000 }
        MeanDICE: 0.5581
    

    Epoch 28:
      Train Loss: 2.1183, Train Accuracy: 0.9268
      Val Loss: 2.1251
      Metrics:
        val_loss: 2.1251
        val_accuracy: 0.9181
        IoU: { Unlabeled: 0.4739, Static: 0.0000, Dynamic: 0.0000, Ground: 0.9644, Road: 0.7732, Sidewalk: 0.0000, Parking: 0.0000, Rail track: 0.8687, Building: 0.0247, Wall: 0.6385, Fence: 0.0000, Guard rail: 0.0000, Bridge: 0.0000, Tunnel: 0.0002, Pole: 0.6799, Pole group: 0.7320, Traffic light: 0.8846, Traffic sign: 0.7136, Vegetation: 0.9797, Terrain: 0.2848, Sky: 0.0000, Person: 0.8806, Rider: 0.1262, Car: 0.3563, Truck: 0.0000, Bus: 0.0000, Caravan: 0.0000, Trailer: 0.0000, Train: 0.0000, Motorcycle: 0.0000, Bicycle: 0.0000 }
        MeanIoU: 0.4899
        PixelAccuracy: 0.9184
        DICE: { Unlabeled: 0.6423, Static: 0.0000, Dynamic: 0.0000, Ground: 0.9819, Road: 0.8714, Sidewalk: 0.0000, Parking: 0.0000, Rail track: 0.9293, Building: 0.0465, Wall: 0.7740, Fence: 0.0000, Guard rail: 0.0000, Bridge: 0.0000, Tunnel: 0.0003, Pole: 0.8034, Pole group: 0.8365, Traffic light: 0.9386, Traffic sign: 0.8287, Vegetation: 0.9897, Terrain: 0.4317, Sky: 0.0000, Person: 0.9361, Rider: 0.1608, Car: 0.4660, Truck: 0.0000, Bus: 0.0000, Caravan: 0.0000, Trailer: 0.0000, Train: 0.0000, Motorcycle: 0.0000, Bicycle: 0.0000 }
        MeanDICE: 0.5554
    

    Epoch 29:
      Train Loss: 2.1180, Train Accuracy: 0.9267
      Val Loss: 2.1200
      Metrics:
        val_loss: 2.1200
        val_accuracy: 0.9248
        IoU: { Unlabeled: 0.4937, Static: 0.0000, Dynamic: 0.0000, Ground: 0.9655, Road: 0.7852, Sidewalk: 0.0000, Parking: 0.0000, Rail track: 0.8936, Building: 0.0012, Wall: 0.6658, Fence: 0.0000, Guard rail: 0.0000, Bridge: 0.0000, Tunnel: 0.0000, Pole: 0.5913, Pole group: 0.7536, Traffic light: 0.9070, Traffic sign: 0.7293, Vegetation: 0.9801, Terrain: 0.0442, Sky: 0.0000, Person: 0.8929, Rider: 0.1930, Car: 0.2901, Truck: 0.0000, Bus: 0.0000, Caravan: 0.0000, Trailer: 0.0000, Train: 0.0000, Motorcycle: 0.0000, Bicycle: 0.0000 }
        MeanIoU: 0.4795
        PixelAccuracy: 0.9251
        DICE: { Unlabeled: 0.6604, Static: 0.0000, Dynamic: 0.0000, Ground: 0.9824, Road: 0.8790, Sidewalk: 0.0000, Parking: 0.0000, Rail track: 0.9437, Building: 0.0024, Wall: 0.7955, Fence: 0.0000, Guard rail: 0.0000, Bridge: 0.0000, Tunnel: 0.0000, Pole: 0.7348, Pole group: 0.8508, Traffic light: 0.9512, Traffic sign: 0.8388, Vegetation: 0.9899, Terrain: 0.0830, Sky: 0.0000, Person: 0.9430, Rider: 0.2368, Car: 0.4030, Truck: 0.0000, Bus: 0.0000, Caravan: 0.0000, Trailer: 0.0000, Train: 0.0000, Motorcycle: 0.0000, Bicycle: 0.0000 }
        MeanDICE: 0.5372
    

    Epoch 30:
      Train Loss: 2.1172, Train Accuracy: 0.9279
      Val Loss: 2.1205
      Metrics:
        val_loss: 2.1205
        val_accuracy: 0.9254
        IoU: { Unlabeled: 0.4955, Static: 0.0000, Dynamic: 0.0000, Ground: 0.9653, Road: 0.7817, Sidewalk: 0.0000, Parking: 0.0000, Rail track: 0.8943, Building: 0.0231, Wall: 0.6806, Fence: 0.0000, Guard rail: 0.0000, Bridge: 0.0000, Tunnel: 0.0007, Pole: 0.6612, Pole group: 0.6976, Traffic light: 0.9055, Traffic sign: 0.7169, Vegetation: 0.9814, Terrain: 0.2389, Sky: 0.0000, Person: 0.8822, Rider: 0.2043, Car: 0.3591, Truck: 0.0000, Bus: 0.0000, Caravan: 0.0000, Trailer: 0.0000, Train: 0.0000, Motorcycle: 0.0000, Bicycle: 0.0000 }
        MeanIoU: 0.4951
        PixelAccuracy: 0.9257
        DICE: { Unlabeled: 0.6619, Static: 0.0000, Dynamic: 0.0000, Ground: 0.9823, Road: 0.8768, Sidewalk: 0.0000, Parking: 0.0000, Rail track: 0.9441, Building: 0.0434, Wall: 0.8063, Fence: 0.0000, Guard rail: 0.0000, Bridge: 0.0000, Tunnel: 0.0013, Pole: 0.7896, Pole group: 0.8052, Traffic light: 0.9503, Traffic sign: 0.8304, Vegetation: 0.9906, Terrain: 0.3734, Sky: 0.0000, Person: 0.9370, Rider: 0.2496, Car: 0.4693, Truck: 0.0000, Bus: 0.0000, Caravan: 0.0000, Trailer: 0.0000, Train: 0.0000, Motorcycle: 0.0000, Bicycle: 0.0000 }
        MeanDICE: 0.5587
    

    Epoch 31:
      Train Loss: 2.1187, Train Accuracy: 0.9253
      Val Loss: 2.1238
      Metrics:
        val_loss: 2.1238
        val_accuracy: 0.9238
        IoU: { Unlabeled: 0.4768, Static: 0.0000, Dynamic: 0.0000, Ground: 0.9599, Road: 0.7584, Sidewalk: 0.0000, Parking: 0.0000, Rail track: 0.8912, Building: 0.0762, Wall: 0.6842, Fence: 0.0000, Guard rail: 0.0000, Bridge: 0.0000, Tunnel: 0.0040, Pole: 0.6824, Pole group: 0.7441, Traffic light: 0.9100, Traffic sign: 0.6688, Vegetation: 0.9803, Terrain: 0.0643, Sky: 0.0000, Person: 0.8738, Rider: 0.1793, Car: 0.3495, Truck: 0.0000, Bus: 0.0000, Caravan: 0.0000, Trailer: 0.0000, Train: 0.0000, Motorcycle: 0.0000, Bicycle: 0.0000 }
        MeanIoU: 0.4857
        PixelAccuracy: 0.9240
        DICE: { Unlabeled: 0.6451, Static: 0.0000, Dynamic: 0.0000, Ground: 0.9795, Road: 0.8619, Sidewalk: 0.0000, Parking: 0.0000, Rail track: 0.9424, Building: 0.1290, Wall: 0.8096, Fence: 0.0000, Guard rail: 0.0000, Bridge: 0.0000, Tunnel: 0.0079, Pole: 0.8053, Pole group: 0.8457, Traffic light: 0.9528, Traffic sign: 0.7949, Vegetation: 0.9900, Terrain: 0.1178, Sky: 0.0000, Person: 0.9317, Rider: 0.2183, Car: 0.4598, Truck: 0.0000, Bus: 0.0000, Caravan: 0.0000, Trailer: 0.0000, Train: 0.0000, Motorcycle: 0.0000, Bicycle: 0.0000 }
        MeanDICE: 0.5476
    

    Epoch 32:
      Train Loss: 2.1163, Train Accuracy: 0.9290
      Val Loss: 2.1187
      Metrics:
        val_loss: 2.1187
        val_accuracy: 0.9273
        IoU: { Unlabeled: 0.5004, Static: 0.0000, Dynamic: 0.0000, Ground: 0.9656, Road: 0.7897, Sidewalk: 0.0000, Parking: 0.0000, Rail track: 0.8956, Building: 0.1162, Wall: 0.6942, Fence: 0.0000, Guard rail: 0.0000, Bridge: 0.0000, Tunnel: 0.0018, Pole: 0.6931, Pole group: 0.7138, Traffic light: 0.9078, Traffic sign: 0.7193, Vegetation: 0.9815, Terrain: 0.1701, Sky: 0.0000, Person: 0.8936, Rider: 0.2094, Car: 0.3419, Truck: 0.0000, Bus: 0.0000, Caravan: 0.0000, Trailer: 0.0000, Train: 0.0000, Motorcycle: 0.0000, Bicycle: 0.0000 }
        MeanIoU: 0.5006
        PixelAccuracy: 0.9275
        DICE: { Unlabeled: 0.6664, Static: 0.0000, Dynamic: 0.0000, Ground: 0.9825, Road: 0.8819, Sidewalk: 0.0000, Parking: 0.0000, Rail track: 0.9448, Building: 0.1975, Wall: 0.8162, Fence: 0.0000, Guard rail: 0.0000, Bridge: 0.0000, Tunnel: 0.0035, Pole: 0.8127, Pole group: 0.8220, Traffic light: 0.9516, Traffic sign: 0.8318, Vegetation: 0.9907, Terrain: 0.2819, Sky: 0.0000, Person: 0.9435, Rider: 0.2538, Car: 0.4504, Truck: 0.0000, Bus: 0.0000, Caravan: 0.0000, Trailer: 0.0000, Train: 0.0000, Motorcycle: 0.0000, Bicycle: 0.0000 }
        MeanDICE: 0.5650
    

    Epoch 33:
      Train Loss: 2.1170, Train Accuracy: 0.9284
      Val Loss: 2.1226
      Metrics:
        val_loss: 2.1226
        val_accuracy: 0.9206
        IoU: { Unlabeled: 0.4797, Static: 0.0000, Dynamic: 0.0000, Ground: 0.9597, Road: 0.7432, Sidewalk: 0.0000, Parking: 0.0000, Rail track: 0.8881, Building: 0.0933, Wall: 0.6737, Fence: 0.0000, Guard rail: 0.0000, Bridge: 0.0000, Tunnel: 0.0006, Pole: 0.6940, Pole group: 0.6967, Traffic light: 0.8956, Traffic sign: 0.6506, Vegetation: 0.9800, Terrain: 0.1498, Sky: 0.0000, Person: 0.8816, Rider: 0.1874, Car: 0.3687, Truck: 0.0000, Bus: 0.0000, Caravan: 0.0000, Trailer: 0.0000, Train: 0.0000, Motorcycle: 0.0000, Bicycle: 0.0000 }
        MeanIoU: 0.4869
        PixelAccuracy: 0.9208
        DICE: { Unlabeled: 0.6477, Static: 0.0000, Dynamic: 0.0000, Ground: 0.9794, Road: 0.8514, Sidewalk: 0.0000, Parking: 0.0000, Rail track: 0.9406, Building: 0.1612, Wall: 0.8012, Fence: 0.0000, Guard rail: 0.0000, Bridge: 0.0000, Tunnel: 0.0012, Pole: 0.8142, Pole group: 0.8083, Traffic light: 0.9448, Traffic sign: 0.7811, Vegetation: 0.9899, Terrain: 0.2540, Sky: 0.0000, Person: 0.9367, Rider: 0.2283, Car: 0.4795, Truck: 0.0000, Bus: 0.0000, Caravan: 0.0000, Trailer: 0.0000, Train: 0.0000, Motorcycle: 0.0000, Bicycle: 0.0000 }
        MeanDICE: 0.5533
    

    Epoch 34:
      Train Loss: 2.1164, Train Accuracy: 0.9287
      Val Loss: 2.1191
      Metrics:
        val_loss: 2.1191
        val_accuracy: 0.9266
        IoU: { Unlabeled: 0.5044, Static: 0.0000, Dynamic: 0.0000, Ground: 0.9637, Road: 0.7811, Sidewalk: 0.0000, Parking: 0.0000, Rail track: 0.8968, Building: 0.0727, Wall: 0.6840, Fence: 0.0000, Guard rail: 0.0000, Bridge: 0.0000, Tunnel: 0.0017, Pole: 0.6888, Pole group: 0.7340, Traffic light: 0.9101, Traffic sign: 0.7201, Vegetation: 0.9812, Terrain: 0.0575, Sky: 0.0000, Person: 0.8909, Rider: 0.2019, Car: 0.3242, Truck: 0.0000, Bus: 0.0000, Caravan: 0.0000, Trailer: 0.0000, Train: 0.0000, Motorcycle: 0.0000, Bicycle: 0.0000 }
        MeanIoU: 0.4913
        PixelAccuracy: 0.9268
        DICE: { Unlabeled: 0.6699, Static: 0.0000, Dynamic: 0.0000, Ground: 0.9815, Road: 0.8764, Sidewalk: 0.0000, Parking: 0.0000, Rail track: 0.9455, Building: 0.1285, Wall: 0.8081, Fence: 0.0000, Guard rail: 0.0000, Bridge: 0.0000, Tunnel: 0.0034, Pole: 0.8100, Pole group: 0.8342, Traffic light: 0.9529, Traffic sign: 0.8320, Vegetation: 0.9905, Terrain: 0.1049, Sky: 0.0000, Person: 0.9419, Rider: 0.2459, Car: 0.4330, Truck: 0.0000, Bus: 0.0000, Caravan: 0.0000, Trailer: 0.0000, Train: 0.0000, Motorcycle: 0.0000, Bicycle: 0.0000 }
        MeanDICE: 0.5508
    

    Epoch 35:
      Train Loss: 2.1156, Train Accuracy: 0.9299
      Val Loss: 2.1199
      Metrics:
        val_loss: 2.1199
        val_accuracy: 0.9244
        IoU: { Unlabeled: 0.4988, Static: 0.0000, Dynamic: 0.0000, Ground: 0.9645, Road: 0.7803, Sidewalk: 0.0000, Parking: 0.0000, Rail track: 0.8894, Building: 0.2300, Wall: 0.6752, Fence: 0.0000, Guard rail: 0.0000, Bridge: 0.0000, Tunnel: 0.0074, Pole: 0.7072, Pole group: 0.7128, Traffic light: 0.9038, Traffic sign: 0.6884, Vegetation: 0.9788, Terrain: 0.2294, Sky: 0.0000, Person: 0.8910, Rider: 0.1797, Car: 0.3355, Truck: 0.0000, Bus: 0.0000, Caravan: 0.0000, Trailer: 0.0000, Train: 0.0000, Motorcycle: 0.0000, Bicycle: 0.0000 }
        MeanIoU: 0.5048
        PixelAccuracy: 0.9246
        DICE: { Unlabeled: 0.6650, Static: 0.0000, Dynamic: 0.0000, Ground: 0.9819, Road: 0.8758, Sidewalk: 0.0000, Parking: 0.0000, Rail track: 0.9413, Building: 0.3561, Wall: 0.8020, Fence: 0.0000, Guard rail: 0.0000, Bridge: 0.0000, Tunnel: 0.0145, Pole: 0.8230, Pole group: 0.8220, Traffic light: 0.9494, Traffic sign: 0.8096, Vegetation: 0.9893, Terrain: 0.3652, Sky: 0.0000, Person: 0.9420, Rider: 0.2238, Car: 0.4521, Truck: 0.0000, Bus: 0.0000, Caravan: 0.0000, Trailer: 0.0000, Train: 0.0000, Motorcycle: 0.0000, Bicycle: 0.0000 }
        MeanDICE: 0.5747
    

    Epoch 36:
      Train Loss: 2.1155, Train Accuracy: 0.9302
      Val Loss: 2.1183
      Metrics:
        val_loss: 2.1183
        val_accuracy: 0.9291
        IoU: { Unlabeled: 0.5085, Static: 0.0000, Dynamic: 0.0000, Ground: 0.9654, Road: 0.7785, Sidewalk: 0.0000, Parking: 0.0000, Rail track: 0.8958, Building: 0.2672, Wall: 0.6958, Fence: 0.0000, Guard rail: 0.0000, Bridge: 0.0000, Tunnel: 0.0035, Pole: 0.6973, Pole group: 0.7518, Traffic light: 0.9121, Traffic sign: 0.7335, Vegetation: 0.9815, Terrain: 0.0665, Sky: 0.0000, Person: 0.8967, Rider: 0.2331, Car: 0.3525, Truck: 0.0000, Bus: 0.0000, Caravan: 0.0000, Trailer: 0.0000, Train: 0.0000, Motorcycle: 0.0000, Bicycle: 0.0000 }
        MeanIoU: 0.5081
        PixelAccuracy: 0.9293
        DICE: { Unlabeled: 0.6736, Static: 0.0000, Dynamic: 0.0000, Ground: 0.9823, Road: 0.8747, Sidewalk: 0.0000, Parking: 0.0000, Rail track: 0.9449, Building: 0.3977, Wall: 0.8172, Fence: 0.0000, Guard rail: 0.0000, Bridge: 0.0000, Tunnel: 0.0069, Pole: 0.8159, Pole group: 0.8515, Traffic light: 0.9540, Traffic sign: 0.8418, Vegetation: 0.9907, Terrain: 0.1206, Sky: 0.0000, Person: 0.9451, Rider: 0.2844, Car: 0.4598, Truck: 0.0000, Bus: 0.0000, Caravan: 0.0000, Trailer: 0.0000, Train: 0.0000, Motorcycle: 0.0000, Bicycle: 0.0000 }
        MeanDICE: 0.5716
    

    Epoch 37:
      Train Loss: 2.1158, Train Accuracy: 0.9295
      Val Loss: 2.1213
      Metrics:
        val_loss: 2.1213
        val_accuracy: 0.9251
        IoU: { Unlabeled: 0.4907, Static: 0.0000, Dynamic: 0.0000, Ground: 0.9632, Road: 0.7700, Sidewalk: 0.0000, Parking: 0.0000, Rail track: 0.8899, Building: 0.2221, Wall: 0.6749, Fence: 0.0000, Guard rail: 0.0000, Bridge: 0.0000, Tunnel: 0.0060, Pole: 0.6687, Pole group: 0.7405, Traffic light: 0.9032, Traffic sign: 0.6951, Vegetation: 0.9810, Terrain: 0.0305, Sky: 0.0000, Person: 0.8863, Rider: 0.2069, Car: 0.3884, Truck: 0.0000, Bus: 0.0000, Caravan: 0.0000, Trailer: 0.0000, Train: 0.0000, Motorcycle: 0.0000, Bicycle: 0.0000 }
        MeanIoU: 0.4959
        PixelAccuracy: 0.9254
        DICE: { Unlabeled: 0.6578, Static: 0.0000, Dynamic: 0.0000, Ground: 0.9812, Road: 0.8693, Sidewalk: 0.0000, Parking: 0.0000, Rail track: 0.9417, Building: 0.3411, Wall: 0.8026, Fence: 0.0000, Guard rail: 0.0000, Bridge: 0.0000, Tunnel: 0.0119, Pole: 0.7948, Pole group: 0.8430, Traffic light: 0.9491, Traffic sign: 0.8135, Vegetation: 0.9904, Terrain: 0.0581, Sky: 0.0000, Person: 0.9393, Rider: 0.2546, Car: 0.5105, Truck: 0.0000, Bus: 0.0000, Caravan: 0.0000, Trailer: 0.0000, Train: 0.0000, Motorcycle: 0.0000, Bicycle: 0.0000 }
        MeanDICE: 0.5604
    

    Epoch 38:
      Train Loss: 2.1154, Train Accuracy: 0.9301
      Val Loss: 2.1177
      Metrics:
        val_loss: 2.1177
        val_accuracy: 0.9271
        IoU: { Unlabeled: 0.5148, Static: 0.0000, Dynamic: 0.0000, Ground: 0.9616, Road: 0.7751, Sidewalk: 0.0000, Parking: 0.0000, Rail track: 0.8951, Building: 0.2399, Wall: 0.6949, Fence: 0.0000, Guard rail: 0.0000, Bridge: 0.0000, Tunnel: 0.0005, Pole: 0.6494, Pole group: 0.7630, Traffic light: 0.9117, Traffic sign: 0.7261, Vegetation: 0.9824, Terrain: 0.0099, Sky: 0.0000, Person: 0.8951, Rider: 0.2183, Car: 0.3339, Truck: 0.0000, Bus: 0.0000, Caravan: 0.0000, Trailer: 0.0000, Train: 0.0000, Motorcycle: 0.0000, Bicycle: 0.0000 }
        MeanIoU: 0.4995
        PixelAccuracy: 0.9273
        DICE: { Unlabeled: 0.6792, Static: 0.0000, Dynamic: 0.0000, Ground: 0.9804, Road: 0.8724, Sidewalk: 0.0000, Parking: 0.0000, Rail track: 0.9446, Building: 0.3668, Wall: 0.8169, Fence: 0.0000, Guard rail: 0.0000, Bridge: 0.0000, Tunnel: 0.0010, Pole: 0.7817, Pole group: 0.8587, Traffic light: 0.9537, Traffic sign: 0.8364, Vegetation: 0.9911, Terrain: 0.0195, Sky: 0.0000, Person: 0.9443, Rider: 0.2668, Car: 0.4429, Truck: 0.0000, Bus: 0.0000, Caravan: 0.0000, Trailer: 0.0000, Train: 0.0000, Motorcycle: 0.0000, Bicycle: 0.0000 }
        MeanDICE: 0.5611
    

    Epoch 39:
      Train Loss: 2.1149, Train Accuracy: 0.9309
      Val Loss: 2.1184
      Metrics:
        val_loss: 2.1184
        val_accuracy: 0.9277
        IoU: { Unlabeled: 0.5010, Static: 0.0000, Dynamic: 0.0000, Ground: 0.9647, Road: 0.7914, Sidewalk: 0.0000, Parking: 0.0000, Rail track: 0.8912, Building: 0.2234, Wall: 0.6920, Fence: 0.0000, Guard rail: 0.0000, Bridge: 0.0000, Tunnel: 0.0217, Pole: 0.6945, Pole group: 0.7715, Traffic light: 0.9117, Traffic sign: 0.7319, Vegetation: 0.9807, Terrain: 0.0038, Sky: 0.0000, Person: 0.8945, Rider: 0.2156, Car: 0.3669, Truck: 0.0000, Bus: 0.0000, Caravan: 0.0000, Trailer: 0.0000, Train: 0.0000, Motorcycle: 0.0000, Bicycle: 0.0000 }
        MeanIoU: 0.5039
        PixelAccuracy: 0.9279
        DICE: { Unlabeled: 0.6669, Static: 0.0000, Dynamic: 0.0000, Ground: 0.9820, Road: 0.8828, Sidewalk: 0.0000, Parking: 0.0000, Rail track: 0.9424, Building: 0.3474, Wall: 0.8152, Fence: 0.0000, Guard rail: 0.0000, Bridge: 0.0000, Tunnel: 0.0422, Pole: 0.8137, Pole group: 0.8639, Traffic light: 0.9538, Traffic sign: 0.8407, Vegetation: 0.9903, Terrain: 0.0076, Sky: 0.0000, Person: 0.9439, Rider: 0.2598, Car: 0.4809, Truck: 0.0000, Bus: 0.0000, Caravan: 0.0000, Trailer: 0.0000, Train: 0.0000, Motorcycle: 0.0000, Bicycle: 0.0000 }
        MeanDICE: 0.5652
    

    Epoch 40:
      Train Loss: 2.1175, Train Accuracy: 0.9274
      Val Loss: 2.1201
      Metrics:
        val_loss: 2.1201
        val_accuracy: 0.9235
        IoU: { Unlabeled: 0.4837, Static: 0.0000, Dynamic: 0.0000, Ground: 0.9616, Road: 0.7762, Sidewalk: 0.0000, Parking: 0.0000, Rail track: 0.8863, Building: 0.3133, Wall: 0.6301, Fence: 0.0000, Guard rail: 0.0000, Bridge: 0.0000, Tunnel: 0.0035, Pole: 0.5765, Pole group: 0.7294, Traffic light: 0.9076, Traffic sign: 0.6407, Vegetation: 0.9820, Terrain: 0.0020, Sky: 0.0000, Person: 0.8881, Rider: 0.2169, Car: 0.2801, Truck: 0.0000, Bus: 0.0000, Caravan: 0.0000, Trailer: 0.0000, Train: 0.0000, Motorcycle: 0.0000, Bicycle: 0.0000 }
        MeanIoU: 0.4840
        PixelAccuracy: 0.9238
        DICE: { Unlabeled: 0.6515, Static: 0.0000, Dynamic: 0.0000, Ground: 0.9804, Road: 0.8734, Sidewalk: 0.0000, Parking: 0.0000, Rail track: 0.9396, Building: 0.4476, Wall: 0.7688, Fence: 0.0000, Guard rail: 0.0000, Bridge: 0.0000, Tunnel: 0.0069, Pole: 0.7222, Pole group: 0.8325, Traffic light: 0.9515, Traffic sign: 0.7735, Vegetation: 0.9909, Terrain: 0.0040, Sky: 0.0000, Person: 0.9403, Rider: 0.2633, Car: 0.3835, Truck: 0.0000, Bus: 0.0000, Caravan: 0.0000, Trailer: 0.0000, Train: 0.0000, Motorcycle: 0.0000, Bicycle: 0.0000 }
        MeanDICE: 0.5491
    

    Epoch 41:
      Train Loss: 2.1151, Train Accuracy: 0.9310
      Val Loss: 2.1181
      Metrics:
        val_loss: 2.1181
        val_accuracy: 0.9275
        IoU: { Unlabeled: 0.5075, Static: 0.0000, Dynamic: 0.0000, Ground: 0.9642, Road: 0.7657, Sidewalk: 0.0000, Parking: 0.0000, Rail track: 0.8952, Building: 0.2038, Wall: 0.6789, Fence: 0.0000, Guard rail: 0.0000, Bridge: 0.0000, Tunnel: 0.0969, Pole: 0.6999, Pole group: 0.7451, Traffic light: 0.9091, Traffic sign: 0.7244, Vegetation: 0.9827, Terrain: 0.0072, Sky: 0.0000, Person: 0.8946, Rider: 0.1942, Car: 0.3575, Truck: 0.0000, Bus: 0.0000, Caravan: 0.0000, Trailer: 0.0000, Train: 0.0000, Motorcycle: 0.0000, Bicycle: 0.0000 }
        MeanIoU: 0.5024
        PixelAccuracy: 0.9277
        DICE: { Unlabeled: 0.6726, Static: 0.0000, Dynamic: 0.0000, Ground: 0.9817, Road: 0.8667, Sidewalk: 0.0000, Parking: 0.0000, Rail track: 0.9446, Building: 0.3100, Wall: 0.8049, Fence: 0.0000, Guard rail: 0.0000, Bridge: 0.0000, Tunnel: 0.1748, Pole: 0.8176, Pole group: 0.8451, Traffic light: 0.9523, Traffic sign: 0.8363, Vegetation: 0.9913, Terrain: 0.0142, Sky: 0.0000, Person: 0.9441, Rider: 0.2426, Car: 0.4686, Truck: 0.0000, Bus: 0.0000, Caravan: 0.0000, Trailer: 0.0000, Train: 0.0000, Motorcycle: 0.0000, Bicycle: 0.0000 }
        MeanDICE: 0.5670
    

    Epoch 42:
      Train Loss: 2.1137, Train Accuracy: 0.9337
      Val Loss: 2.1186
      Metrics:
        val_loss: 2.1186
        val_accuracy: 0.9264
        IoU: { Unlabeled: 0.5023, Static: 0.0000, Dynamic: 0.0000, Ground: 0.9653, Road: 0.7396, Sidewalk: 0.0000, Parking: 0.0000, Rail track: 0.8940, Building: 0.2893, Wall: 0.6506, Fence: 0.0000, Guard rail: 0.0000, Bridge: 0.0000, Tunnel: 0.0060, Pole: 0.6897, Pole group: 0.7169, Traffic light: 0.9099, Traffic sign: 0.7248, Vegetation: 0.9781, Terrain: 0.0012, Sky: 0.0000, Person: 0.8975, Rider: 0.2181, Car: 0.3516, Truck: 0.0000, Bus: 0.0000, Caravan: 0.0000, Trailer: 0.0000, Train: 0.0000, Motorcycle: 0.0000, Bicycle: 0.0000 }
        MeanIoU: 0.4975
        PixelAccuracy: 0.9266
        DICE: { Unlabeled: 0.6681, Static: 0.0000, Dynamic: 0.0000, Ground: 0.9823, Road: 0.8495, Sidewalk: 0.0000, Parking: 0.0000, Rail track: 0.9439, Building: 0.4236, Wall: 0.7845, Fence: 0.0000, Guard rail: 0.0000, Bridge: 0.0000, Tunnel: 0.0119, Pole: 0.8100, Pole group: 0.8226, Traffic light: 0.9528, Traffic sign: 0.8355, Vegetation: 0.9889, Terrain: 0.0023, Sky: 0.0000, Person: 0.9456, Rider: 0.2657, Car: 0.4570, Truck: 0.0000, Bus: 0.0000, Caravan: 0.0000, Trailer: 0.0000, Train: 0.0000, Motorcycle: 0.0000, Bicycle: 0.0000 }
        MeanDICE: 0.5605
    

    Epoch 43:
      Train Loss: 2.1139, Train Accuracy: 0.9333
      Val Loss: 2.1180
      Metrics:
        val_loss: 2.1180
        val_accuracy: 0.9302
        IoU: { Unlabeled: 0.5133, Static: 0.0000, Dynamic: 0.0000, Ground: 0.9652, Road: 0.7903, Sidewalk: 0.0000, Parking: 0.0000, Rail track: 0.8964, Building: 0.3597, Wall: 0.6892, Fence: 0.0000, Guard rail: 0.0000, Bridge: 0.0000, Tunnel: 0.0084, Pole: 0.6917, Pole group: 0.7689, Traffic light: 0.9112, Traffic sign: 0.7382, Vegetation: 0.9823, Terrain: 0.0114, Sky: 0.0000, Person: 0.8977, Rider: 0.2206, Car: 0.3915, Truck: 0.0000, Bus: 0.0000, Caravan: 0.0000, Trailer: 0.0000, Train: 0.0000, Motorcycle: 0.0000, Bicycle: 0.0000 }
        MeanIoU: 0.5133
        PixelAccuracy: 0.9304
        DICE: { Unlabeled: 0.6778, Static: 0.0000, Dynamic: 0.0000, Ground: 0.9823, Road: 0.8823, Sidewalk: 0.0000, Parking: 0.0000, Rail track: 0.9453, Building: 0.4982, Wall: 0.8135, Fence: 0.0000, Guard rail: 0.0000, Bridge: 0.0000, Tunnel: 0.0165, Pole: 0.8124, Pole group: 0.8640, Traffic light: 0.9535, Traffic sign: 0.8453, Vegetation: 0.9911, Terrain: 0.0224, Sky: 0.0000, Person: 0.9458, Rider: 0.2678, Car: 0.5064, Truck: 0.0000, Bus: 0.0000, Caravan: 0.0000, Trailer: 0.0000, Train: 0.0000, Motorcycle: 0.0000, Bicycle: 0.0000 }
        MeanDICE: 0.5752
    
Results on Test Data Set :
  IoU:
    0 (Unlabeled): 0.5102177262306213
    1 (Static): 0.000000
    2 (Dynamic): 0.000000
    3 (Ground): 0.9650234580039978
    4 (Road): 0.8015233278274536
    5 (Sidewalk): 0.000000
    6 (Parking): 0.000000
    7 (Rail track): 0.900888979434967
    8 (Building): 0.3370596468448639
    9 (Wall): 0.6652371287345886
    10 (Fence): 0.000000
    11 (Guard rail): 0.000000
    12 (Bridge): 0.000000
    13 (Tunnel): 0.009841876104474068
    14 (Pole): 0.684183657169342
    15 (Pole group): 0.7782613635063171
    16 (Traffic light): 0.9100013375282288
    17 (Traffic sign): 0.742058277130127
    18 (Vegetation): 0.9810594320297241
    19 (Terrain): 0.011196048930287361
    20 (Sky): 0.0
    21 (Person): 0.9015056490898132
    22 (Rider): 0.1996450424194336
    23 (Car): 0.3866392970085144
    24 (Truck): 0.0
    25 (Bus): 0.0
    26 (Caravan): 0.0
    27 (Trailer): 0.0
    28 (Train): 0.000000
    29 (Motorcycle): 0.0
    30 (Bicycle): 0.000000
  MeanIoU: 0.508032
  PixelAccuracy: 0.929261
  DICE:
    0 (Unlabeled): 0.6752355694770813
    1 (Static): 0.000000
    2 (Dynamic): 0.000000
    3 (Ground): 0.9821745157241821
    4 (Road): 0.8886988162994385
    5 (Sidewalk): 0.000000
    6 (Parking): 0.000000
    7 (Rail track): 0.9478192329406738
    8 (Building): 0.4721141457557678
    9 (Wall): 0.7943066358566284
    10 (Fence): 0.000000
    11 (Guard rail): 0.000000
    12 (Bridge): 0.000000
    13 (Tunnel): 0.01932518370449543
    14 (Pole): 0.8080859184265137
    15 (Pole group): 0.8712888956069946
    16 (Traffic light): 0.9528087973594666
    17 (Traffic sign): 0.8470086455345154
    18 (Vegetation): 0.9904288649559021
    19 (Terrain): 0.0220381710678339
    20 (Sky): 0.0
    21 (Person): 0.9479080438613892
    22 (Rider): 0.2571851909160614
    23 (Car): 0.5116868615150452
    24 (Truck): 0.0
    25 (Bus): 0.0
    26 (Caravan): 0.0
    27 (Trailer): 0.0
    28 (Train): 0.000000
    29 (Motorcycle): 0.0
    30 (Bicycle): 0.000000
  MeanDICE: 0.570344
  val_loss: 2.118482
  val_accuracy: 0.929215

