Model: UNet
Loss Function: CrossEntropyLoss
Optimizer: Adam
Learning Rate: 0.0001
Scheduler: CosineAnnealingLR
Scheduler Params: {'T_max': 10, 'eta_min': 1e-06}
Batch Size: 16
Epochs: 50
Seed: 42
Dataset Details:
Dataset Path: /net/ens/am4ip/datasets/project-dataset
Train Split: 0.8
Validation Split: 0.1
Test Split: 0.1
Augmentation Details:
Use Augmentation: False

    Epoch 1:
      Train Loss: 3.0729, Train Accuracy: 0.7901
      Val Loss: 2.9149
      Metrics:
        val_loss: 2.9149
        val_accuracy: 0.8544
        IoU: { Unlabeled: 0.2673, Unused: 0.0000, Unused: 0.0000, Unused: 0.0000, Static: 0.0000, Dynamic: 0.0000, Ground: 0.0000, Road: 0.9004, Sidewalk: 0.0299, Parking: 0.0000, Rail track: 0.0000, Building: 0.8028, Wall: 0.0000, Fence: 0.0000, Guard rail: 0.0000, Bridge: 0.0000, Tunnel: 0.0000, Pole: 0.0000, Pole group: 0.0000, Traffic light: 0.0000, Traffic sign: 0.0000, Vegetation: 0.7903, Terrain: 0.3034, Sky: 0.9585, Person: 0.0000, Rider: 0.0000, Car: 0.6872, Truck: 0.0000, Bus: 0.0000, Caravan: 0.0000, Trailer: 0.0000, Train: 0.0000, Motorcycle: 0.0000, Bicycle: 0.0000 }
        MeanIoU: 0.2478
        PixelAccuracy: 0.8550
        DICE: { Unlabeled: 0.4215, Unused: 0.0000, Unused: 0.0000, Unused: 0.0000, Static: 0.0000, Dynamic: 0.0000, Ground: 0.0000, Road: 0.9474, Sidewalk: 0.0574, Parking: 0.0000, Rail track: 0.0000, Building: 0.8903, Wall: 0.0000, Fence: 0.0000, Guard rail: 0.0000, Bridge: 0.0000, Tunnel: 0.0000, Pole: 0.0000, Pole group: 0.0000, Traffic light: 0.0000, Traffic sign: 0.0000, Vegetation: 0.8824, Terrain: 0.4482, Sky: 0.9788, Person: 0.0000, Rider: 0.0000, Car: 0.8125, Truck: 0.0000, Bus: 0.0000, Caravan: 0.0000, Trailer: 0.0000, Train: 0.0000, Motorcycle: 0.0000, Bicycle: 0.0000 }
        MeanDICE: 0.2842
    

    Epoch 2:
      Train Loss: 2.8356, Train Accuracy: 0.8562
      Val Loss: 2.7680
      Metrics:
        val_loss: 2.7680
        val_accuracy: 0.8666
        IoU: { Unlabeled: 0.2961, Unused: 0.0000, Unused: 0.0000, Unused: 0.0000, Static: 0.0000, Dynamic: 0.0000, Ground: 0.0000, Road: 0.9210, Sidewalk: 0.4633, Parking: 0.0000, Rail track: 0.0000, Building: 0.8219, Wall: 0.0000, Fence: 0.0000, Guard rail: 0.0000, Bridge: 0.0000, Tunnel: 0.0000, Pole: 0.0000, Pole group: 0.0000, Traffic light: 0.0000, Traffic sign: 0.0000, Vegetation: 0.8238, Terrain: 0.0000, Sky: 0.9654, Person: 0.0000, Rider: 0.0000, Car: 0.7727, Truck: 0.0000, Bus: 0.0000, Caravan: 0.0000, Trailer: 0.0000, Train: 0.0000, Motorcycle: 0.0000, Bicycle: 0.0000 }
        MeanIoU: 0.2647
        PixelAccuracy: 0.8672
        DICE: { Unlabeled: 0.4566, Unused: 0.0000, Unused: 0.0000, Unused: 0.0000, Static: 0.0000, Dynamic: 0.0000, Ground: 0.0000, Road: 0.9588, Sidewalk: 0.6304, Parking: 0.0000, Rail track: 0.0000, Building: 0.9020, Wall: 0.0000, Fence: 0.0000, Guard rail: 0.0000, Bridge: 0.0000, Tunnel: 0.0000, Pole: 0.0000, Pole group: 0.0000, Traffic light: 0.0000, Traffic sign: 0.0000, Vegetation: 0.9030, Terrain: 0.0000, Sky: 0.9824, Person: 0.0000, Rider: 0.0000, Car: 0.8708, Truck: 0.0000, Bus: 0.0000, Caravan: 0.0000, Trailer: 0.0000, Train: 0.0000, Motorcycle: 0.0000, Bicycle: 0.0000 }
        MeanDICE: 0.2980
    

    Epoch 3:
      Train Loss: 2.7365, Train Accuracy: 0.8666
      Val Loss: 2.7041
      Metrics:
        val_loss: 2.7041
        val_accuracy: 0.8750
        IoU: { Unlabeled: 0.3220, Unused: 0.0000, Unused: 0.0000, Unused: 0.0000, Static: 0.0000, Dynamic: 0.0000, Ground: 0.0000, Road: 0.9400, Sidewalk: 0.5914, Parking: 0.0000, Rail track: 0.0000, Building: 0.8229, Wall: 0.0000, Fence: 0.0000, Guard rail: 0.0000, Bridge: 0.0000, Tunnel: 0.0000, Pole: 0.0000, Pole group: 0.0000, Traffic light: 0.0000, Traffic sign: 0.0000, Vegetation: 0.8436, Terrain: 0.0001, Sky: 0.9706, Person: 0.0000, Rider: 0.0000, Car: 0.7832, Truck: 0.0000, Bus: 0.0000, Caravan: 0.0000, Trailer: 0.0000, Train: 0.0000, Motorcycle: 0.0000, Bicycle: 0.0000 }
        MeanIoU: 0.2756
        PixelAccuracy: 0.8756
        DICE: { Unlabeled: 0.4868, Unused: 0.0000, Unused: 0.0000, Unused: 0.0000, Static: 0.0000, Dynamic: 0.0000, Ground: 0.0000, Road: 0.9690, Sidewalk: 0.7409, Parking: 0.0000, Rail track: 0.0000, Building: 0.9026, Wall: 0.0000, Fence: 0.0000, Guard rail: 0.0000, Bridge: 0.0000, Tunnel: 0.0000, Pole: 0.0000, Pole group: 0.0000, Traffic light: 0.0000, Traffic sign: 0.0000, Vegetation: 0.9149, Terrain: 0.0002, Sky: 0.9850, Person: 0.0000, Rider: 0.0000, Car: 0.8777, Truck: 0.0000, Bus: 0.0000, Caravan: 0.0000, Trailer: 0.0000, Train: 0.0000, Motorcycle: 0.0000, Bicycle: 0.0000 }
        MeanDICE: 0.3070
    

    Epoch 4:
      Train Loss: 2.6878, Train Accuracy: 0.8760
      Val Loss: 2.6695
      Metrics:
        val_loss: 2.6695
        val_accuracy: 0.8835
        IoU: { Unlabeled: 0.3658, Unused: 0.0000, Unused: 0.0000, Unused: 0.0000, Static: 0.0000, Dynamic: 0.0000, Ground: 0.0000, Road: 0.9439, Sidewalk: 0.5744, Parking: 0.0000, Rail track: 0.0000, Building: 0.8574, Wall: 0.0000, Fence: 0.0000, Guard rail: 0.0000, Bridge: 0.0000, Tunnel: 0.0000, Pole: 0.0000, Pole group: 0.0000, Traffic light: 0.0000, Traffic sign: 0.2274, Vegetation: 0.8590, Terrain: 0.0205, Sky: 0.9732, Person: 0.0000, Rider: 0.0000, Car: 0.8122, Truck: 0.0000, Bus: 0.0000, Caravan: 0.0000, Trailer: 0.0000, Train: 0.0000, Motorcycle: 0.0000, Bicycle: 0.0000 }
        MeanIoU: 0.2944
        PixelAccuracy: 0.8840
        DICE: { Unlabeled: 0.5352, Unused: 0.0000, Unused: 0.0000, Unused: 0.0000, Static: 0.0000, Dynamic: 0.0000, Ground: 0.0000, Road: 0.9711, Sidewalk: 0.7271, Parking: 0.0000, Rail track: 0.0000, Building: 0.9230, Wall: 0.0000, Fence: 0.0000, Guard rail: 0.0000, Bridge: 0.0000, Tunnel: 0.0000, Pole: 0.0000, Pole group: 0.0000, Traffic light: 0.0000, Traffic sign: 0.3580, Vegetation: 0.9240, Terrain: 0.0387, Sky: 0.9864, Person: 0.0000, Rider: 0.0000, Car: 0.8957, Truck: 0.0000, Bus: 0.0000, Caravan: 0.0000, Trailer: 0.0000, Train: 0.0000, Motorcycle: 0.0000, Bicycle: 0.0000 }
        MeanDICE: 0.3322
    

    Epoch 5:
      Train Loss: 2.6634, Train Accuracy: 0.8792
      Val Loss: 2.6530
      Metrics:
        val_loss: 2.6530
        val_accuracy: 0.8850
        IoU: { Unlabeled: 0.3735, Unused: 0.0000, Unused: 0.0000, Unused: 0.0000, Static: 0.0000, Dynamic: 0.0000, Ground: 0.0000, Road: 0.9475, Sidewalk: 0.6478, Parking: 0.0000, Rail track: 0.0000, Building: 0.8458, Wall: 0.0000, Fence: 0.0000, Guard rail: 0.0000, Bridge: 0.0000, Tunnel: 0.0000, Pole: 0.0000, Pole group: 0.0000, Traffic light: 0.0000, Traffic sign: 0.4863, Vegetation: 0.8631, Terrain: 0.0122, Sky: 0.9742, Person: 0.0000, Rider: 0.0000, Car: 0.8145, Truck: 0.0000, Bus: 0.0000, Caravan: 0.0000, Trailer: 0.0000, Train: 0.0000, Motorcycle: 0.0000, Bicycle: 0.0000 }
        MeanIoU: 0.3116
        PixelAccuracy: 0.8855
        DICE: { Unlabeled: 0.5434, Unused: 0.0000, Unused: 0.0000, Unused: 0.0000, Static: 0.0000, Dynamic: 0.0000, Ground: 0.0000, Road: 0.9730, Sidewalk: 0.7837, Parking: 0.0000, Rail track: 0.0000, Building: 0.9162, Wall: 0.0000, Fence: 0.0000, Guard rail: 0.0000, Bridge: 0.0000, Tunnel: 0.0000, Pole: 0.0000, Pole group: 0.0000, Traffic light: 0.0000, Traffic sign: 0.6211, Vegetation: 0.9264, Terrain: 0.0236, Sky: 0.9869, Person: 0.0000, Rider: 0.0000, Car: 0.8973, Truck: 0.0000, Bus: 0.0000, Caravan: 0.0000, Trailer: 0.0000, Train: 0.0000, Motorcycle: 0.0000, Bicycle: 0.0000 }
        MeanDICE: 0.3484
    

    Epoch 6:
      Train Loss: 2.6447, Train Accuracy: 0.8863
      Val Loss: 2.6406
      Metrics:
        val_loss: 2.6406
        val_accuracy: 0.8814
        IoU: { Unlabeled: 0.3725, Unused: 0.0000, Unused: 0.0000, Unused: 0.0000, Static: 0.0000, Dynamic: 0.0000, Ground: 0.0000, Road: 0.9476, Sidewalk: 0.6111, Parking: 0.0000, Rail track: 0.0000, Building: 0.8577, Wall: 0.0000, Fence: 0.0000, Guard rail: 0.0000, Bridge: 0.0000, Tunnel: 0.0000, Pole: 0.0000, Pole group: 0.0000, Traffic light: 0.0000, Traffic sign: 0.6017, Vegetation: 0.8487, Terrain: 0.0736, Sky: 0.9680, Person: 0.0000, Rider: 0.0000, Car: 0.8105, Truck: 0.0000, Bus: 0.0000, Caravan: 0.0000, Trailer: 0.0000, Train: 0.0000, Motorcycle: 0.0000, Bicycle: 0.0000 }
        MeanIoU: 0.3182
        PixelAccuracy: 0.8819
        DICE: { Unlabeled: 0.5423, Unused: 0.0000, Unused: 0.0000, Unused: 0.0000, Static: 0.0000, Dynamic: 0.0000, Ground: 0.0000, Road: 0.9731, Sidewalk: 0.7566, Parking: 0.0000, Rail track: 0.0000, Building: 0.9232, Wall: 0.0000, Fence: 0.0000, Guard rail: 0.0000, Bridge: 0.0000, Tunnel: 0.0000, Pole: 0.0000, Pole group: 0.0000, Traffic light: 0.0000, Traffic sign: 0.7243, Vegetation: 0.9179, Terrain: 0.1349, Sky: 0.9837, Person: 0.0000, Rider: 0.0000, Car: 0.8945, Truck: 0.0000, Bus: 0.0000, Caravan: 0.0000, Trailer: 0.0000, Train: 0.0000, Motorcycle: 0.0000, Bicycle: 0.0000 }
        MeanDICE: 0.3578
    

    Epoch 7:
      Train Loss: 2.6352, Train Accuracy: 0.8847
      Val Loss: 2.6292
      Metrics:
        val_loss: 2.6292
        val_accuracy: 0.8809
        IoU: { Unlabeled: 0.3713, Unused: 0.0000, Unused: 0.0000, Unused: 0.0000, Static: 0.0000, Dynamic: 0.0000, Ground: 0.0000, Road: 0.9499, Sidewalk: 0.1617, Parking: 0.0000, Rail track: 0.0000, Building: 0.8644, Wall: 0.0000, Fence: 0.0000, Guard rail: 0.0000, Bridge: 0.0000, Tunnel: 0.0000, Pole: 0.0000, Pole group: 0.0000, Traffic light: 0.0000, Traffic sign: 0.6159, Vegetation: 0.8651, Terrain: 0.0702, Sky: 0.9741, Person: 0.0000, Rider: 0.0000, Car: 0.8206, Truck: 0.0000, Bus: 0.0000, Caravan: 0.0000, Trailer: 0.0000, Train: 0.0347, Motorcycle: 0.0000, Bicycle: 0.0000 }
        MeanIoU: 0.2990
        PixelAccuracy: 0.8814
        DICE: { Unlabeled: 0.5409, Unused: 0.0000, Unused: 0.0000, Unused: 0.0000, Static: 0.0000, Dynamic: 0.0000, Ground: 0.0000, Road: 0.9743, Sidewalk: 0.2718, Parking: 0.0000, Rail track: 0.0000, Building: 0.9271, Wall: 0.0000, Fence: 0.0000, Guard rail: 0.0000, Bridge: 0.0000, Tunnel: 0.0000, Pole: 0.0000, Pole group: 0.0000, Traffic light: 0.0000, Traffic sign: 0.7399, Vegetation: 0.9275, Terrain: 0.1275, Sky: 0.9868, Person: 0.0000, Rider: 0.0000, Car: 0.9008, Truck: 0.0000, Bus: 0.0000, Caravan: 0.0000, Trailer: 0.0000, Train: 0.0664, Motorcycle: 0.0000, Bicycle: 0.0000 }
        MeanDICE: 0.3372
    

    Epoch 8:
      Train Loss: 2.6269, Train Accuracy: 0.8838
      Val Loss: 2.6236
      Metrics:
        val_loss: 2.6236
        val_accuracy: 0.8867
        IoU: { Unlabeled: 0.3890, Unused: 0.0000, Unused: 0.0000, Unused: 0.0000, Static: 0.0000, Dynamic: 0.0000, Ground: 0.0000, Road: 0.9567, Sidewalk: 0.3429, Parking: 0.0000, Rail track: 0.0000, Building: 0.8624, Wall: 0.0000, Fence: 0.0000, Guard rail: 0.0000, Bridge: 0.0000, Tunnel: 0.0000, Pole: 0.0000, Pole group: 0.0000, Traffic light: 0.0000, Traffic sign: 0.6331, Vegetation: 0.8723, Terrain: 0.1555, Sky: 0.9735, Person: 0.0000, Rider: 0.0000, Car: 0.8251, Truck: 0.0000, Bus: 0.0000, Caravan: 0.0000, Trailer: 0.0000, Train: 0.5197, Motorcycle: 0.0000, Bicycle: 0.0000 }
        MeanIoU: 0.3392
        PixelAccuracy: 0.8872
        DICE: { Unlabeled: 0.5595, Unused: 0.0000, Unused: 0.0000, Unused: 0.0000, Static: 0.0000, Dynamic: 0.0000, Ground: 0.0000, Road: 0.9779, Sidewalk: 0.5048, Parking: 0.0000, Rail track: 0.0000, Building: 0.9259, Wall: 0.0000, Fence: 0.0000, Guard rail: 0.0000, Bridge: 0.0000, Tunnel: 0.0000, Pole: 0.0000, Pole group: 0.0000, Traffic light: 0.0000, Traffic sign: 0.7518, Vegetation: 0.9317, Terrain: 0.2653, Sky: 0.9865, Person: 0.0000, Rider: 0.0000, Car: 0.9034, Truck: 0.0000, Bus: 0.0000, Caravan: 0.0000, Trailer: 0.0000, Train: 0.6301, Motorcycle: 0.0000, Bicycle: 0.0000 }
        MeanDICE: 0.3860
    

    Epoch 9:
      Train Loss: 2.6218, Train Accuracy: 0.8865
      Val Loss: 2.6190
      Metrics:
        val_loss: 2.6190
        val_accuracy: 0.8961
        IoU: { Unlabeled: 0.4106, Unused: 0.0000, Unused: 0.0000, Unused: 0.0000, Static: 0.0000, Dynamic: 0.0000, Ground: 0.0000, Road: 0.9582, Sidewalk: 0.3340, Parking: 0.0000, Rail track: 0.0000, Building: 0.8622, Wall: 0.0000, Fence: 0.0000, Guard rail: 0.0000, Bridge: 0.0000, Tunnel: 0.0000, Pole: 0.0000, Pole group: 0.0006, Traffic light: 0.0000, Traffic sign: 0.6036, Vegetation: 0.8756, Terrain: 0.6401, Sky: 0.9766, Person: 0.0000, Rider: 0.0000, Car: 0.8461, Truck: 0.0000, Bus: 0.0002, Caravan: 0.0000, Trailer: 0.0000, Train: 0.5919, Motorcycle: 0.0000, Bicycle: 0.0000 }
        MeanIoU: 0.3688
        PixelAccuracy: 0.8965
        DICE: { Unlabeled: 0.5815, Unused: 0.0000, Unused: 0.0000, Unused: 0.0000, Static: 0.0000, Dynamic: 0.0000, Ground: 0.0000, Road: 0.9786, Sidewalk: 0.4970, Parking: 0.0000, Rail track: 0.0000, Building: 0.9258, Wall: 0.0000, Fence: 0.0000, Guard rail: 0.0000, Bridge: 0.0000, Tunnel: 0.0000, Pole: 0.0000, Pole group: 0.0012, Traffic light: 0.0000, Traffic sign: 0.7277, Vegetation: 0.9335, Terrain: 0.7752, Sky: 0.9881, Person: 0.0000, Rider: 0.0000, Car: 0.9162, Truck: 0.0000, Bus: 0.0004, Caravan: 0.0000, Trailer: 0.0000, Train: 0.6890, Motorcycle: 0.0000, Bicycle: 0.0000 }
        MeanDICE: 0.4161
    

    Epoch 10:
      Train Loss: 2.6165, Train Accuracy: 0.8908
      Val Loss: 2.6166
      Metrics:
        val_loss: 2.6166
        val_accuracy: 0.8908
        IoU: { Unlabeled: 0.3919, Unused: 0.0000, Unused: 0.0000, Unused: 0.0000, Static: 0.0000, Dynamic: 0.0000, Ground: 0.0000, Road: 0.9593, Sidewalk: 0.1902, Parking: 0.0000, Rail track: 0.0000, Building: 0.8639, Wall: 0.0000, Fence: 0.0001, Guard rail: 0.0000, Bridge: 0.0000, Tunnel: 0.0000, Pole: 0.0000, Pole group: 0.0009, Traffic light: 0.0000, Traffic sign: 0.5904, Vegetation: 0.8697, Terrain: 0.5390, Sky: 0.9767, Person: 0.0000, Rider: 0.0000, Car: 0.8330, Truck: 0.0000, Bus: 0.0032, Caravan: 0.0000, Trailer: 0.0000, Train: 0.6028, Motorcycle: 0.0000, Bicycle: 0.0000 }
        MeanIoU: 0.3542
        PixelAccuracy: 0.8912
        DICE: { Unlabeled: 0.5625, Unused: 0.0000, Unused: 0.0000, Unused: 0.0000, Static: 0.0000, Dynamic: 0.0000, Ground: 0.0000, Road: 0.9792, Sidewalk: 0.3171, Parking: 0.0000, Rail track: 0.0000, Building: 0.9268, Wall: 0.0000, Fence: 0.0003, Guard rail: 0.0000, Bridge: 0.0000, Tunnel: 0.0000, Pole: 0.0000, Pole group: 0.0017, Traffic light: 0.0000, Traffic sign: 0.7185, Vegetation: 0.9301, Terrain: 0.6942, Sky: 0.9882, Person: 0.0000, Rider: 0.0000, Car: 0.9076, Truck: 0.0000, Bus: 0.0062, Caravan: 0.0000, Trailer: 0.0000, Train: 0.6935, Motorcycle: 0.0000, Bicycle: 0.0000 }
        MeanDICE: 0.4010
    

    Epoch 11:
      Train Loss: 2.6144, Train Accuracy: 0.8944
      Val Loss: 2.6166
      Metrics:
        val_loss: 2.6166
        val_accuracy: 0.8924
        IoU: { Unlabeled: 0.4112, Unused: 0.0000, Unused: 0.0000, Unused: 0.0000, Static: 0.0000, Dynamic: 0.0000, Ground: 0.0000, Road: 0.9527, Sidewalk: 0.5395, Parking: 0.0000, Rail track: 0.0000, Building: 0.8536, Wall: 0.0000, Fence: 0.0067, Guard rail: 0.0000, Bridge: 0.0000, Tunnel: 0.0000, Pole: 0.0000, Pole group: 0.0047, Traffic light: 0.3003, Traffic sign: 0.6247, Vegetation: 0.8533, Terrain: 0.5932, Sky: 0.9759, Person: 0.0000, Rider: 0.0000, Car: 0.8358, Truck: 0.0000, Bus: 0.0033, Caravan: 0.0000, Trailer: 0.0000, Train: 0.6142, Motorcycle: 0.0000, Bicycle: 0.0000 }
        MeanIoU: 0.3932
        PixelAccuracy: 0.8928
        DICE: { Unlabeled: 0.5822, Unused: 0.0000, Unused: 0.0000, Unused: 0.0000, Static: 0.0000, Dynamic: 0.0000, Ground: 0.0000, Road: 0.9757, Sidewalk: 0.6971, Parking: 0.0000, Rail track: 0.0000, Building: 0.9208, Wall: 0.0000, Fence: 0.0131, Guard rail: 0.0000, Bridge: 0.0000, Tunnel: 0.0000, Pole: 0.0000, Pole group: 0.0093, Traffic light: 0.4542, Traffic sign: 0.7462, Vegetation: 0.9206, Terrain: 0.7364, Sky: 0.9878, Person: 0.0000, Rider: 0.0000, Car: 0.9092, Truck: 0.0000, Bus: 0.0064, Caravan: 0.0000, Trailer: 0.0000, Train: 0.6994, Motorcycle: 0.0000, Bicycle: 0.0000 }
        MeanDICE: 0.4496
    

    Epoch 12:
      Train Loss: 2.6114, Train Accuracy: 0.8987
      Val Loss: 2.6087
      Metrics:
        val_loss: 2.6087
        val_accuracy: 0.9038
        IoU: { Unlabeled: 0.4331, Unused: 0.0000, Unused: 0.0000, Unused: 0.0000, Static: 0.0000, Dynamic: 0.0000, Ground: 0.0000, Road: 0.9588, Sidewalk: 0.4273, Parking: 0.0000, Rail track: 0.0000, Building: 0.8771, Wall: 0.0000, Fence: 0.0901, Guard rail: 0.0000, Bridge: 0.0000, Tunnel: 0.0000, Pole: 0.0000, Pole group: 0.0734, Traffic light: 0.5741, Traffic sign: 0.7114, Vegetation: 0.8903, Terrain: 0.6451, Sky: 0.9785, Person: 0.0000, Rider: 0.0000, Car: 0.8576, Truck: 0.0000, Bus: 0.0324, Caravan: 0.0000, Trailer: 0.0000, Train: 0.5675, Motorcycle: 0.0000, Bicycle: 0.0000 }
        MeanIoU: 0.4220
        PixelAccuracy: 0.9042
        DICE: { Unlabeled: 0.6037, Unused: 0.0000, Unused: 0.0000, Unused: 0.0000, Static: 0.0000, Dynamic: 0.0000, Ground: 0.0000, Road: 0.9789, Sidewalk: 0.5962, Parking: 0.0000, Rail track: 0.0000, Building: 0.9344, Wall: 0.0000, Fence: 0.1621, Guard rail: 0.0000, Bridge: 0.0000, Tunnel: 0.0000, Pole: 0.0000, Pole group: 0.1354, Traffic light: 0.7185, Traffic sign: 0.8152, Vegetation: 0.9418, Terrain: 0.7788, Sky: 0.9891, Person: 0.0000, Rider: 0.0000, Car: 0.9224, Truck: 0.0000, Bus: 0.0550, Caravan: 0.0000, Trailer: 0.0000, Train: 0.6707, Motorcycle: 0.0000, Bicycle: 0.0000 }
        MeanDICE: 0.4834
    

    Epoch 13:
      Train Loss: 2.6097, Train Accuracy: 0.8999
      Val Loss: 2.6091
      Metrics:
        val_loss: 2.6091
        val_accuracy: 0.9018
        IoU: { Unlabeled: 0.4329, Unused: 0.0000, Unused: 0.0000, Unused: 0.0000, Static: 0.0000, Dynamic: 0.0000, Ground: 0.0000, Road: 0.9524, Sidewalk: 0.5171, Parking: 0.0000, Rail track: 0.0000, Building: 0.8751, Wall: 0.0000, Fence: 0.0021, Guard rail: 0.0000, Bridge: 0.0000, Tunnel: 0.0000, Pole: 0.0000, Pole group: 0.0391, Traffic light: 0.5326, Traffic sign: 0.6731, Vegetation: 0.8907, Terrain: 0.6617, Sky: 0.9762, Person: 0.0000, Rider: 0.0000, Car: 0.8483, Truck: 0.0000, Bus: 0.0209, Caravan: 0.0000, Trailer: 0.0000, Train: 0.6083, Motorcycle: 0.0000, Bicycle: 0.0000 }
        MeanIoU: 0.4173
        PixelAccuracy: 0.9022
        DICE: { Unlabeled: 0.6035, Unused: 0.0000, Unused: 0.0000, Unused: 0.0000, Static: 0.0000, Dynamic: 0.0000, Ground: 0.0000, Road: 0.9756, Sidewalk: 0.6794, Parking: 0.0000, Rail track: 0.0000, Building: 0.9332, Wall: 0.0000, Fence: 0.0042, Guard rail: 0.0000, Bridge: 0.0000, Tunnel: 0.0000, Pole: 0.0000, Pole group: 0.0748, Traffic light: 0.6825, Traffic sign: 0.7862, Vegetation: 0.9421, Terrain: 0.7913, Sky: 0.9879, Person: 0.0000, Rider: 0.0000, Car: 0.9171, Truck: 0.0000, Bus: 0.0361, Caravan: 0.0000, Trailer: 0.0000, Train: 0.7018, Motorcycle: 0.0000, Bicycle: 0.0000 }
        MeanDICE: 0.4735
    

    Epoch 14:
      Train Loss: 2.6069, Train Accuracy: 0.9048
      Val Loss: 2.6065
      Metrics:
        val_loss: 2.6065
        val_accuracy: 0.9075
        IoU: { Unlabeled: 0.4353, Unused: 0.0000, Unused: 0.0000, Unused: 0.0000, Static: 0.0000, Dynamic: 0.0000, Ground: 0.0000, Road: 0.9598, Sidewalk: 0.5749, Parking: 0.0000, Rail track: 0.0000, Building: 0.8760, Wall: 0.0000, Fence: 0.3096, Guard rail: 0.0000, Bridge: 0.0000, Tunnel: 0.0000, Pole: 0.0000, Pole group: 0.1186, Traffic light: 0.5846, Traffic sign: 0.6914, Vegetation: 0.8835, Terrain: 0.6619, Sky: 0.9784, Person: 0.0000, Rider: 0.0000, Car: 0.8691, Truck: 0.0000, Bus: 0.0311, Caravan: 0.0000, Trailer: 0.0000, Train: 0.5688, Motorcycle: 0.0000, Bicycle: 0.0000 }
        MeanIoU: 0.4442
        PixelAccuracy: 0.9079
        DICE: { Unlabeled: 0.6059, Unused: 0.0000, Unused: 0.0000, Unused: 0.0000, Static: 0.0000, Dynamic: 0.0000, Ground: 0.0000, Road: 0.9794, Sidewalk: 0.7279, Parking: 0.0000, Rail track: 0.0000, Building: 0.9337, Wall: 0.0000, Fence: 0.4668, Guard rail: 0.0000, Bridge: 0.0000, Tunnel: 0.0000, Pole: 0.0000, Pole group: 0.2092, Traffic light: 0.7263, Traffic sign: 0.8019, Vegetation: 0.9380, Terrain: 0.7907, Sky: 0.9890, Person: 0.0000, Rider: 0.0000, Car: 0.9292, Truck: 0.0000, Bus: 0.0522, Caravan: 0.0000, Trailer: 0.0000, Train: 0.6642, Motorcycle: 0.0000, Bicycle: 0.0000 }
        MeanDICE: 0.5101
    

    Epoch 15:
      Train Loss: 2.6055, Train Accuracy: 0.9092
      Val Loss: 2.6046
      Metrics:
        val_loss: 2.6046
        val_accuracy: 0.9113
        IoU: { Unlabeled: 0.4544, Unused: 0.0000, Unused: 0.0000, Unused: 0.0000, Static: 0.0000, Dynamic: 0.0000, Ground: 0.0000, Road: 0.9602, Sidewalk: 0.5771, Parking: 0.0000, Rail track: 0.0000, Building: 0.8732, Wall: 0.0000, Fence: 0.4181, Guard rail: 0.0000, Bridge: 0.0000, Tunnel: 0.0000, Pole: 0.0000, Pole group: 0.1223, Traffic light: 0.5910, Traffic sign: 0.6973, Vegetation: 0.8960, Terrain: 0.6477, Sky: 0.9787, Person: 0.0000, Rider: 0.0000, Car: 0.8613, Truck: 0.0000, Bus: 0.0257, Caravan: 0.0000, Trailer: 0.0000, Train: 0.6290, Motorcycle: 0.0000, Bicycle: 0.0000 }
        MeanIoU: 0.4539
        PixelAccuracy: 0.9116
        DICE: { Unlabeled: 0.6243, Unused: 0.0000, Unused: 0.0000, Unused: 0.0000, Static: 0.0000, Dynamic: 0.0000, Ground: 0.0000, Road: 0.9797, Sidewalk: 0.7293, Parking: 0.0000, Rail track: 0.0000, Building: 0.9322, Wall: 0.0000, Fence: 0.5828, Guard rail: 0.0000, Bridge: 0.0000, Tunnel: 0.0000, Pole: 0.0000, Pole group: 0.2153, Traffic light: 0.7328, Traffic sign: 0.8074, Vegetation: 0.9451, Terrain: 0.7801, Sky: 0.9892, Person: 0.0000, Rider: 0.0000, Car: 0.9247, Truck: 0.0000, Bus: 0.0450, Caravan: 0.0000, Trailer: 0.0000, Train: 0.7168, Motorcycle: 0.0000, Bicycle: 0.0000 }
        MeanDICE: 0.5199
    

    Epoch 16:
      Train Loss: 2.6054, Train Accuracy: 0.9098
      Val Loss: 2.6050
      Metrics:
        val_loss: 2.6050
        val_accuracy: 0.9125
        IoU: { Unlabeled: 0.4667, Unused: 0.0000, Unused: 0.0000, Unused: 0.0000, Static: 0.0000, Dynamic: 0.0000, Ground: 0.0000, Road: 0.9560, Sidewalk: 0.7194, Parking: 0.0000, Rail track: 0.0000, Building: 0.8646, Wall: 0.0000, Fence: 0.4609, Guard rail: 0.0000, Bridge: 0.0000, Tunnel: 0.0000, Pole: 0.0000, Pole group: 0.1880, Traffic light: 0.5756, Traffic sign: 0.6992, Vegetation: 0.8941, Terrain: 0.6722, Sky: 0.9781, Person: 0.0000, Rider: 0.0000, Car: 0.8701, Truck: 0.0000, Bus: 0.0201, Caravan: 0.0000, Trailer: 0.0000, Train: 0.6155, Motorcycle: 0.0000, Bicycle: 0.0000 }
        MeanIoU: 0.4669
        PixelAccuracy: 0.9128
        DICE: { Unlabeled: 0.6357, Unused: 0.0000, Unused: 0.0000, Unused: 0.0000, Static: 0.0000, Dynamic: 0.0000, Ground: 0.0000, Road: 0.9775, Sidewalk: 0.8354, Parking: 0.0000, Rail track: 0.0000, Building: 0.9272, Wall: 0.0000, Fence: 0.6220, Guard rail: 0.0000, Bridge: 0.0000, Tunnel: 0.0000, Pole: 0.0000, Pole group: 0.3122, Traffic light: 0.7202, Traffic sign: 0.8088, Vegetation: 0.9440, Terrain: 0.7968, Sky: 0.9889, Person: 0.0000, Rider: 0.0000, Car: 0.9299, Truck: 0.0000, Bus: 0.0364, Caravan: 0.0000, Trailer: 0.0000, Train: 0.7072, Motorcycle: 0.0000, Bicycle: 0.0000 }
        MeanDICE: 0.5323
    

    Epoch 17:
      Train Loss: 2.6034, Train Accuracy: 0.9147
      Val Loss: 2.6066
      Metrics:
        val_loss: 2.6066
        val_accuracy: 0.9090
        IoU: { Unlabeled: 0.4465, Unused: 0.0000, Unused: 0.0000, Unused: 0.0000, Static: 0.0000, Dynamic: 0.0000, Ground: 0.0000, Road: 0.9452, Sidewalk: 0.6931, Parking: 0.0000, Rail track: 0.0000, Building: 0.8730, Wall: 0.0011, Fence: 0.6402, Guard rail: 0.0000, Bridge: 0.0000, Tunnel: 0.0000, Pole: 0.0000, Pole group: 0.2839, Traffic light: 0.5956, Traffic sign: 0.7157, Vegetation: 0.8680, Terrain: 0.6440, Sky: 0.9746, Person: 0.0000, Rider: 0.0000, Car: 0.8711, Truck: 0.0000, Bus: 0.1081, Caravan: 0.0000, Trailer: 0.0000, Train: 0.5379, Motorcycle: 0.0000, Bicycle: 0.0000 }
        MeanIoU: 0.4787
        PixelAccuracy: 0.9093
        DICE: { Unlabeled: 0.6166, Unused: 0.0000, Unused: 0.0000, Unused: 0.0000, Static: 0.0000, Dynamic: 0.0000, Ground: 0.0000, Road: 0.9718, Sidewalk: 0.8175, Parking: 0.0000, Rail track: 0.0000, Building: 0.9320, Wall: 0.0022, Fence: 0.7765, Guard rail: 0.0000, Bridge: 0.0000, Tunnel: 0.0000, Pole: 0.0000, Pole group: 0.4349, Traffic light: 0.7380, Traffic sign: 0.8227, Vegetation: 0.9292, Terrain: 0.7785, Sky: 0.9871, Person: 0.0000, Rider: 0.0000, Car: 0.9306, Truck: 0.0000, Bus: 0.1831, Caravan: 0.0000, Trailer: 0.0000, Train: 0.6527, Motorcycle: 0.0000, Bicycle: 0.0000 }
        MeanDICE: 0.5500
    

    Epoch 18:
      Train Loss: 2.6018, Train Accuracy: 0.9174
      Val Loss: 2.6031
      Metrics:
        val_loss: 2.6031
        val_accuracy: 0.9153
        IoU: { Unlabeled: 0.4656, Unused: 0.0000, Unused: 0.0000, Unused: 0.0000, Static: 0.0000, Dynamic: 0.0000, Ground: 0.0000, Road: 0.9558, Sidewalk: 0.7062, Parking: 0.0000, Rail track: 0.0000, Building: 0.8725, Wall: 0.0000, Fence: 0.6382, Guard rail: 0.0000, Bridge: 0.0000, Tunnel: 0.0000, Pole: 0.0000, Pole group: 0.3887, Traffic light: 0.6782, Traffic sign: 0.7382, Vegetation: 0.8842, Terrain: 0.7003, Sky: 0.9757, Person: 0.0000, Rider: 0.0000, Car: 0.8708, Truck: 0.0000, Bus: 0.0864, Caravan: 0.0000, Trailer: 0.0000, Train: 0.6473, Motorcycle: 0.0000, Bicycle: 0.0000 }
        MeanIoU: 0.4996
        PixelAccuracy: 0.9155
        DICE: { Unlabeled: 0.6347, Unused: 0.0000, Unused: 0.0000, Unused: 0.0000, Static: 0.0000, Dynamic: 0.0000, Ground: 0.0000, Road: 0.9774, Sidewalk: 0.8263, Parking: 0.0000, Rail track: 0.0000, Building: 0.9318, Wall: 0.0000, Fence: 0.7749, Guard rail: 0.0000, Bridge: 0.0000, Tunnel: 0.0000, Pole: 0.0000, Pole group: 0.5511, Traffic light: 0.8012, Traffic sign: 0.8415, Vegetation: 0.9384, Terrain: 0.8189, Sky: 0.9877, Person: 0.0000, Rider: 0.0000, Car: 0.9302, Truck: 0.0000, Bus: 0.1517, Caravan: 0.0000, Trailer: 0.0000, Train: 0.7381, Motorcycle: 0.0000, Bicycle: 0.0000 }
        MeanDICE: 0.5669
    

    Epoch 19:
      Train Loss: 2.6022, Train Accuracy: 0.9163
      Val Loss: 2.6048
      Metrics:
        val_loss: 2.6048
        val_accuracy: 0.9156
        IoU: { Unlabeled: 0.4623, Unused: 0.0000, Unused: 0.0000, Unused: 0.0000, Static: 0.0000, Dynamic: 0.0000, Ground: 0.0000, Road: 0.9559, Sidewalk: 0.7347, Parking: 0.0000, Rail track: 0.0000, Building: 0.8584, Wall: 0.0011, Fence: 0.6589, Guard rail: 0.0000, Bridge: 0.0000, Tunnel: 0.0000, Pole: 0.0000, Pole group: 0.4543, Traffic light: 0.6666, Traffic sign: 0.7172, Vegetation: 0.8856, Terrain: 0.7013, Sky: 0.9774, Person: 0.0000, Rider: 0.0000, Car: 0.8724, Truck: 0.0000, Bus: 0.1097, Caravan: 0.0000, Trailer: 0.0000, Train: 0.6680, Motorcycle: 0.0000, Bicycle: 0.0000 }
        MeanIoU: 0.5055
        PixelAccuracy: 0.9158
        DICE: { Unlabeled: 0.6316, Unused: 0.0000, Unused: 0.0000, Unused: 0.0000, Static: 0.0000, Dynamic: 0.0000, Ground: 0.0000, Road: 0.9774, Sidewalk: 0.8458, Parking: 0.0000, Rail track: 0.0000, Building: 0.9236, Wall: 0.0022, Fence: 0.7905, Guard rail: 0.0000, Bridge: 0.0000, Tunnel: 0.0000, Pole: 0.0000, Pole group: 0.6163, Traffic light: 0.7919, Traffic sign: 0.8245, Vegetation: 0.9392, Terrain: 0.8199, Sky: 0.9885, Person: 0.0000, Rider: 0.0000, Car: 0.9311, Truck: 0.0000, Bus: 0.1864, Caravan: 0.0000, Trailer: 0.0000, Train: 0.7611, Motorcycle: 0.0000, Bicycle: 0.0000 }
        MeanDICE: 0.5733
    

    Epoch 20:
      Train Loss: 2.6008, Train Accuracy: 0.9179
      Val Loss: 2.6023
      Metrics:
        val_loss: 2.6023
        val_accuracy: 0.9141
        IoU: { Unlabeled: 0.4638, Unused: 0.0000, Unused: 0.0000, Unused: 0.0000, Static: 0.0000, Dynamic: 0.0000, Ground: 0.0000, Road: 0.9602, Sidewalk: 0.6895, Parking: 0.0000, Rail track: 0.0000, Building: 0.8706, Wall: 0.0000, Fence: 0.6700, Guard rail: 0.0000, Bridge: 0.0000, Tunnel: 0.0000, Pole: 0.0000, Pole group: 0.4781, Traffic light: 0.5966, Traffic sign: 0.6715, Vegetation: 0.8811, Terrain: 0.6950, Sky: 0.9761, Person: 0.0000, Rider: 0.0000, Car: 0.8709, Truck: 0.0000, Bus: 0.0133, Caravan: 0.0000, Trailer: 0.0000, Train: 0.5650, Motorcycle: 0.0000, Bicycle: 0.0000 }
        MeanIoU: 0.4890
        PixelAccuracy: 0.9143
        DICE: { Unlabeled: 0.6329, Unused: 0.0000, Unused: 0.0000, Unused: 0.0000, Static: 0.0000, Dynamic: 0.0000, Ground: 0.0000, Road: 0.9797, Sidewalk: 0.8148, Parking: 0.0000, Rail track: 0.0000, Building: 0.9306, Wall: 0.0001, Fence: 0.7985, Guard rail: 0.0000, Bridge: 0.0000, Tunnel: 0.0000, Pole: 0.0000, Pole group: 0.6368, Traffic light: 0.7371, Traffic sign: 0.7881, Vegetation: 0.9367, Terrain: 0.8140, Sky: 0.9879, Person: 0.0000, Rider: 0.0000, Car: 0.9303, Truck: 0.0000, Bus: 0.0233, Caravan: 0.0000, Trailer: 0.0000, Train: 0.6763, Motorcycle: 0.0000, Bicycle: 0.0000 }
        MeanDICE: 0.5556
    

    Epoch 21:
      Train Loss: 2.6009, Train Accuracy: 0.9175
      Val Loss: 2.6024
      Metrics:
        val_loss: 2.6024
        val_accuracy: 0.9192
        IoU: { Unlabeled: 0.4808, Unused: 0.0000, Unused: 0.0000, Unused: 0.0000, Static: 0.0000, Dynamic: 0.0000, Ground: 0.0000, Road: 0.9585, Sidewalk: 0.7483, Parking: 0.0000, Rail track: 0.0000, Building: 0.8762, Wall: 0.0262, Fence: 0.5888, Guard rail: 0.0000, Bridge: 0.0000, Tunnel: 0.0000, Pole: 0.0000, Pole group: 0.4543, Traffic light: 0.6793, Traffic sign: 0.7097, Vegetation: 0.8891, Terrain: 0.6935, Sky: 0.9774, Person: 0.0000, Rider: 0.0000, Car: 0.8652, Truck: 0.0000, Bus: 0.0803, Caravan: 0.0000, Trailer: 0.0000, Train: 0.6048, Motorcycle: 0.0000, Bicycle: 0.0000 }
        MeanIoU: 0.5010
        PixelAccuracy: 0.9193
        DICE: { Unlabeled: 0.6487, Unused: 0.0000, Unused: 0.0000, Unused: 0.0000, Static: 0.0000, Dynamic: 0.0000, Ground: 0.0000, Road: 0.9788, Sidewalk: 0.8551, Parking: 0.0000, Rail track: 0.0000, Building: 0.9339, Wall: 0.0484, Fence: 0.7328, Guard rail: 0.0000, Bridge: 0.0000, Tunnel: 0.0000, Pole: 0.0000, Pole group: 0.6168, Traffic light: 0.8033, Traffic sign: 0.8187, Vegetation: 0.9412, Terrain: 0.8133, Sky: 0.9885, Person: 0.0000, Rider: 0.0000, Car: 0.9268, Truck: 0.0000, Bus: 0.1314, Caravan: 0.0000, Trailer: 0.0000, Train: 0.7025, Motorcycle: 0.0000, Bicycle: 0.0000 }
        MeanDICE: 0.5688
    

    Epoch 22:
      Train Loss: 2.5998, Train Accuracy: 0.9197
      Val Loss: 2.6010
      Metrics:
        val_loss: 2.6010
        val_accuracy: 0.9167
        IoU: { Unlabeled: 0.4778, Unused: 0.0000, Unused: 0.0000, Unused: 0.0000, Static: 0.0000, Dynamic: 0.0000, Ground: 0.0000, Road: 0.9609, Sidewalk: 0.7124, Parking: 0.0000, Rail track: 0.0000, Building: 0.8632, Wall: 0.0000, Fence: 0.6587, Guard rail: 0.0000, Bridge: 0.0000, Tunnel: 0.0000, Pole: 0.0000, Pole group: 0.5043, Traffic light: 0.7039, Traffic sign: 0.7473, Vegetation: 0.8898, Terrain: 0.6834, Sky: 0.9772, Person: 0.0000, Rider: 0.0000, Car: 0.8750, Truck: 0.0000, Bus: 0.0184, Caravan: 0.0000, Trailer: 0.0000, Train: 0.6208, Motorcycle: 0.0000, Bicycle: 0.0000 }
        MeanIoU: 0.5041
        PixelAccuracy: 0.9169
        DICE: { Unlabeled: 0.6459, Unused: 0.0000, Unused: 0.0000, Unused: 0.0000, Static: 0.0000, Dynamic: 0.0000, Ground: 0.0000, Road: 0.9800, Sidewalk: 0.8305, Parking: 0.0000, Rail track: 0.0000, Building: 0.9264, Wall: 0.0000, Fence: 0.7905, Guard rail: 0.0000, Bridge: 0.0000, Tunnel: 0.0000, Pole: 0.0000, Pole group: 0.6606, Traffic light: 0.8207, Traffic sign: 0.8488, Vegetation: 0.9416, Terrain: 0.8048, Sky: 0.9884, Person: 0.0000, Rider: 0.0000, Car: 0.9326, Truck: 0.0000, Bus: 0.0355, Caravan: 0.0000, Trailer: 0.0000, Train: 0.7245, Motorcycle: 0.0000, Bicycle: 0.0000 }
        MeanDICE: 0.5683
    

    Epoch 23:
      Train Loss: 2.5997, Train Accuracy: 0.9192
      Val Loss: 2.6003
      Metrics:
        val_loss: 2.6003
        val_accuracy: 0.9202
        IoU: { Unlabeled: 0.4813, Unused: 0.0000, Unused: 0.0000, Unused: 0.0000, Static: 0.0000, Dynamic: 0.0000, Ground: 0.0000, Road: 0.9587, Sidewalk: 0.6956, Parking: 0.0000, Rail track: 0.0000, Building: 0.8811, Wall: 0.0084, Fence: 0.6506, Guard rail: 0.0000, Bridge: 0.0000, Tunnel: 0.0000, Pole: 0.0000, Pole group: 0.4346, Traffic light: 0.7134, Traffic sign: 0.7618, Vegetation: 0.8970, Terrain: 0.7019, Sky: 0.9801, Person: 0.0000, Rider: 0.0000, Car: 0.8648, Truck: 0.0000, Bus: 0.0141, Caravan: 0.0000, Trailer: 0.0000, Train: 0.6391, Motorcycle: 0.0000, Bicycle: 0.0000 }
        MeanIoU: 0.5036
        PixelAccuracy: 0.9205
        DICE: { Unlabeled: 0.6490, Unused: 0.0000, Unused: 0.0000, Unused: 0.0000, Static: 0.0000, Dynamic: 0.0000, Ground: 0.0000, Road: 0.9789, Sidewalk: 0.8188, Parking: 0.0000, Rail track: 0.0000, Building: 0.9367, Wall: 0.0164, Fence: 0.7849, Guard rail: 0.0000, Bridge: 0.0000, Tunnel: 0.0000, Pole: 0.0000, Pole group: 0.5975, Traffic light: 0.8277, Traffic sign: 0.8585, Vegetation: 0.9456, Terrain: 0.8195, Sky: 0.9899, Person: 0.0000, Rider: 0.0000, Car: 0.9267, Truck: 0.0000, Bus: 0.0275, Caravan: 0.0000, Trailer: 0.0000, Train: 0.7345, Motorcycle: 0.0000, Bicycle: 0.0000 }
        MeanDICE: 0.5673
    

    Epoch 24:
      Train Loss: 2.5993, Train Accuracy: 0.9200
      Val Loss: 2.6014
      Metrics:
        val_loss: 2.6014
        val_accuracy: 0.9122
        IoU: { Unlabeled: 0.4763, Unused: 0.0000, Unused: 0.0000, Unused: 0.0000, Static: 0.0000, Dynamic: 0.0000, Ground: 0.0000, Road: 0.9461, Sidewalk: 0.7195, Parking: 0.0000, Rail track: 0.0000, Building: 0.8585, Wall: 0.0386, Fence: 0.6157, Guard rail: 0.0000, Bridge: 0.0000, Tunnel: 0.0000, Pole: 0.0000, Pole group: 0.4301, Traffic light: 0.7039, Traffic sign: 0.7191, Vegetation: 0.8980, Terrain: 0.6614, Sky: 0.9794, Person: 0.0000, Rider: 0.0000, Car: 0.8716, Truck: 0.0000, Bus: 0.0055, Caravan: 0.0000, Trailer: 0.0000, Train: 0.5525, Motorcycle: 0.0000, Bicycle: 0.0000 }
        MeanIoU: 0.4931
        PixelAccuracy: 0.9125
        DICE: { Unlabeled: 0.6446, Unused: 0.0000, Unused: 0.0000, Unused: 0.0000, Static: 0.0000, Dynamic: 0.0000, Ground: 0.0000, Road: 0.9723, Sidewalk: 0.8351, Parking: 0.0000, Rail track: 0.0000, Building: 0.9237, Wall: 0.0708, Fence: 0.7553, Guard rail: 0.0000, Bridge: 0.0000, Tunnel: 0.0000, Pole: 0.0000, Pole group: 0.5944, Traffic light: 0.8218, Traffic sign: 0.8264, Vegetation: 0.9462, Terrain: 0.7898, Sky: 0.9896, Person: 0.0000, Rider: 0.0000, Car: 0.9307, Truck: 0.0000, Bus: 0.0105, Caravan: 0.0000, Trailer: 0.0000, Train: 0.6750, Motorcycle: 0.0000, Bicycle: 0.0000 }
        MeanDICE: 0.5609
    

    Epoch 25:
      Train Loss: 2.5994, Train Accuracy: 0.9197
      Val Loss: 2.5995
      Metrics:
        val_loss: 2.5995
        val_accuracy: 0.9240
        IoU: { Unlabeled: 0.4937, Unused: 0.0000, Unused: 0.0000, Unused: 0.0000, Static: 0.0000, Dynamic: 0.0000, Ground: 0.0000, Road: 0.9629, Sidewalk: 0.7693, Parking: 0.0000, Rail track: 0.0000, Building: 0.8842, Wall: 0.1201, Fence: 0.6193, Guard rail: 0.0000, Bridge: 0.0000, Tunnel: 0.0000, Pole: 0.0000, Pole group: 0.4354, Traffic light: 0.6801, Traffic sign: 0.7610, Vegetation: 0.8989, Terrain: 0.7057, Sky: 0.9799, Person: 0.0000, Rider: 0.0000, Car: 0.8797, Truck: 0.0000, Bus: 0.0617, Caravan: 0.0000, Trailer: 0.0000, Train: 0.6099, Motorcycle: 0.0000, Bicycle: 0.0000 }
        MeanIoU: 0.5130
        PixelAccuracy: 0.9242
        DICE: { Unlabeled: 0.6604, Unused: 0.0000, Unused: 0.0000, Unused: 0.0000, Static: 0.0000, Dynamic: 0.0000, Ground: 0.0000, Road: 0.9811, Sidewalk: 0.8686, Parking: 0.0000, Rail track: 0.0000, Building: 0.9384, Wall: 0.2012, Fence: 0.7596, Guard rail: 0.0000, Bridge: 0.0000, Tunnel: 0.0000, Pole: 0.0000, Pole group: 0.6000, Traffic light: 0.8036, Traffic sign: 0.8589, Vegetation: 0.9467, Terrain: 0.8230, Sky: 0.9898, Person: 0.0000, Rider: 0.0000, Car: 0.9353, Truck: 0.0000, Bus: 0.1126, Caravan: 0.0000, Trailer: 0.0000, Train: 0.7134, Motorcycle: 0.0000, Bicycle: 0.0000 }
        MeanDICE: 0.5820
    

    Epoch 26:
      Train Loss: 2.5993, Train Accuracy: 0.9200
      Val Loss: 2.5994
      Metrics:
        val_loss: 2.5994
        val_accuracy: 0.9203
        IoU: { Unlabeled: 0.4832, Unused: 0.0000, Unused: 0.0000, Unused: 0.0000, Static: 0.0000, Dynamic: 0.0000, Ground: 0.0000, Road: 0.9605, Sidewalk: 0.7638, Parking: 0.0000, Rail track: 0.0000, Building: 0.8814, Wall: 0.0495, Fence: 0.5722, Guard rail: 0.0000, Bridge: 0.0000, Tunnel: 0.0000, Pole: 0.0000, Pole group: 0.3971, Traffic light: 0.6753, Traffic sign: 0.7604, Vegetation: 0.9016, Terrain: 0.7013, Sky: 0.9797, Person: 0.0000, Rider: 0.0000, Car: 0.8677, Truck: 0.0000, Bus: 0.0283, Caravan: 0.0000, Trailer: 0.0000, Train: 0.4871, Motorcycle: 0.0000, Bicycle: 0.0000 }
        MeanIoU: 0.4950
        PixelAccuracy: 0.9206
        DICE: { Unlabeled: 0.6508, Unused: 0.0000, Unused: 0.0000, Unused: 0.0000, Static: 0.0000, Dynamic: 0.0000, Ground: 0.0000, Road: 0.9798, Sidewalk: 0.8651, Parking: 0.0000, Rail track: 0.0000, Building: 0.9369, Wall: 0.0888, Fence: 0.7191, Guard rail: 0.0000, Bridge: 0.0000, Tunnel: 0.0000, Pole: 0.0000, Pole group: 0.5615, Traffic light: 0.7990, Traffic sign: 0.8582, Vegetation: 0.9481, Terrain: 0.8192, Sky: 0.9897, Person: 0.0000, Rider: 0.0000, Car: 0.9285, Truck: 0.0000, Bus: 0.0499, Caravan: 0.0000, Trailer: 0.0000, Train: 0.6095, Motorcycle: 0.0000, Bicycle: 0.0000 }
        MeanDICE: 0.5621
    

    Epoch 27:
      Train Loss: 2.5989, Train Accuracy: 0.9206
      Val Loss: 2.6003
      Metrics:
        val_loss: 2.6003
        val_accuracy: 0.9181
        IoU: { Unlabeled: 0.4856, Unused: 0.0000, Unused: 0.0000, Unused: 0.0000, Static: 0.0000, Dynamic: 0.0000, Ground: 0.0000, Road: 0.9591, Sidewalk: 0.7523, Parking: 0.0000, Rail track: 0.0000, Building: 0.8752, Wall: 0.1364, Fence: 0.6259, Guard rail: 0.0000, Bridge: 0.0000, Tunnel: 0.0000, Pole: 0.0000, Pole group: 0.6216, Traffic light: 0.6603, Traffic sign: 0.7543, Vegetation: 0.8876, Terrain: 0.7053, Sky: 0.9795, Person: 0.0000, Rider: 0.0000, Car: 0.8470, Truck: 0.0000, Bus: 0.0112, Caravan: 0.0000, Trailer: 0.0000, Train: 0.6421, Motorcycle: 0.0000, Bicycle: 0.0000 }
        MeanIoU: 0.5171
        PixelAccuracy: 0.9184
        DICE: { Unlabeled: 0.6530, Unused: 0.0000, Unused: 0.0000, Unused: 0.0000, Static: 0.0000, Dynamic: 0.0000, Ground: 0.0000, Road: 0.9791, Sidewalk: 0.8574, Parking: 0.0000, Rail track: 0.0000, Building: 0.9333, Wall: 0.2242, Fence: 0.7660, Guard rail: 0.0000, Bridge: 0.0000, Tunnel: 0.0000, Pole: 0.0000, Pole group: 0.7613, Traffic light: 0.7890, Traffic sign: 0.8528, Vegetation: 0.9403, Terrain: 0.8228, Sky: 0.9896, Person: 0.0000, Rider: 0.0000, Car: 0.9159, Truck: 0.0000, Bus: 0.0220, Caravan: 0.0000, Trailer: 0.0000, Train: 0.7377, Motorcycle: 0.0000, Bicycle: 0.0000 }
        MeanDICE: 0.5846
    

    Epoch 28:
      Train Loss: 2.5984, Train Accuracy: 0.9219
      Val Loss: 2.6023
      Metrics:
        val_loss: 2.6023
        val_accuracy: 0.9165
        IoU: { Unlabeled: 0.4685, Unused: 0.0000, Unused: 0.0000, Unused: 0.0000, Static: 0.0000, Dynamic: 0.0000, Ground: 0.0000, Road: 0.9611, Sidewalk: 0.7289, Parking: 0.0000, Rail track: 0.0000, Building: 0.8733, Wall: 0.0772, Fence: 0.6303, Guard rail: 0.0000, Bridge: 0.0000, Tunnel: 0.0000, Pole: 0.0000, Pole group: 0.5618, Traffic light: 0.6030, Traffic sign: 0.7386, Vegetation: 0.8837, Terrain: 0.6984, Sky: 0.9694, Person: 0.0000, Rider: 0.0000, Car: 0.8773, Truck: 0.0000, Bus: 0.0275, Caravan: 0.0000, Trailer: 0.0000, Train: 0.5828, Motorcycle: 0.0000, Bicycle: 0.0000 }
        MeanIoU: 0.5024
        PixelAccuracy: 0.9168
        DICE: { Unlabeled: 0.6373, Unused: 0.0000, Unused: 0.0000, Unused: 0.0000, Static: 0.0000, Dynamic: 0.0000, Ground: 0.0000, Road: 0.9801, Sidewalk: 0.8420, Parking: 0.0000, Rail track: 0.0000, Building: 0.9322, Wall: 0.1346, Fence: 0.7698, Guard rail: 0.0000, Bridge: 0.0000, Tunnel: 0.0000, Pole: 0.0000, Pole group: 0.7126, Traffic light: 0.7438, Traffic sign: 0.8425, Vegetation: 0.9381, Terrain: 0.8170, Sky: 0.9844, Person: 0.0000, Rider: 0.0000, Car: 0.9340, Truck: 0.0000, Bus: 0.0518, Caravan: 0.0000, Trailer: 0.0000, Train: 0.6901, Motorcycle: 0.0000, Bicycle: 0.0000 }
        MeanDICE: 0.5711
    

    Epoch 29:
      Train Loss: 2.5983, Train Accuracy: 0.9221
      Val Loss: 2.6009
      Metrics:
        val_loss: 2.6009
        val_accuracy: 0.9183
        IoU: { Unlabeled: 0.4772, Unused: 0.0000, Unused: 0.0000, Unused: 0.0000, Static: 0.0000, Dynamic: 0.0000, Ground: 0.0000, Road: 0.9586, Sidewalk: 0.7266, Parking: 0.0000, Rail track: 0.0000, Building: 0.8629, Wall: 0.0855, Fence: 0.6683, Guard rail: 0.0000, Bridge: 0.0000, Tunnel: 0.0000, Pole: 0.0000, Pole group: 0.6270, Traffic light: 0.7044, Traffic sign: 0.7563, Vegetation: 0.8984, Terrain: 0.7010, Sky: 0.9793, Person: 0.0000, Rider: 0.0000, Car: 0.8686, Truck: 0.0000, Bus: 0.0022, Caravan: 0.0000, Trailer: 0.0000, Train: 0.5741, Motorcycle: 0.0000, Bicycle: 0.0000 }
        MeanIoU: 0.5147
        PixelAccuracy: 0.9186
        DICE: { Unlabeled: 0.6452, Unused: 0.0000, Unused: 0.0000, Unused: 0.0000, Static: 0.0000, Dynamic: 0.0000, Ground: 0.0000, Road: 0.9788, Sidewalk: 0.8401, Parking: 0.0000, Rail track: 0.0000, Building: 0.9262, Wall: 0.1496, Fence: 0.7987, Guard rail: 0.0000, Bridge: 0.0000, Tunnel: 0.0000, Pole: 0.0000, Pole group: 0.7658, Traffic light: 0.8208, Traffic sign: 0.8560, Vegetation: 0.9464, Terrain: 0.8187, Sky: 0.9895, Person: 0.0000, Rider: 0.0000, Car: 0.9288, Truck: 0.0000, Bus: 0.0043, Caravan: 0.0000, Trailer: 0.0000, Train: 0.6768, Motorcycle: 0.0000, Bicycle: 0.0000 }
        MeanDICE: 0.5798
    

    Epoch 30:
      Train Loss: 2.6005, Train Accuracy: 0.9179
      Val Loss: 2.5994
      Metrics:
        val_loss: 2.5994
        val_accuracy: 0.9218
        IoU: { Unlabeled: 0.4988, Unused: 0.0000, Unused: 0.0000, Unused: 0.0000, Static: 0.0000, Dynamic: 0.0000, Ground: 0.0000, Road: 0.9589, Sidewalk: 0.7204, Parking: 0.0000, Rail track: 0.0000, Building: 0.8796, Wall: 0.1393, Fence: 0.6576, Guard rail: 0.0000, Bridge: 0.0000, Tunnel: 0.0000, Pole: 0.0000, Pole group: 0.6086, Traffic light: 0.6687, Traffic sign: 0.7246, Vegetation: 0.9009, Terrain: 0.7041, Sky: 0.9800, Person: 0.0000, Rider: 0.0000, Car: 0.8705, Truck: 0.0000, Bus: 0.0027, Caravan: 0.0000, Trailer: 0.0000, Train: 0.5523, Motorcycle: 0.0000, Bicycle: 0.0000 }
        MeanIoU: 0.5134
        PixelAccuracy: 0.9220
        DICE: { Unlabeled: 0.6648, Unused: 0.0000, Unused: 0.0000, Unused: 0.0000, Static: 0.0000, Dynamic: 0.0000, Ground: 0.0000, Road: 0.9790, Sidewalk: 0.8358, Parking: 0.0000, Rail track: 0.0000, Building: 0.9358, Wall: 0.2287, Fence: 0.7898, Guard rail: 0.0000, Bridge: 0.0000, Tunnel: 0.0000, Pole: 0.0000, Pole group: 0.7513, Traffic light: 0.7946, Traffic sign: 0.8285, Vegetation: 0.9478, Terrain: 0.8220, Sky: 0.9899, Person: 0.0000, Rider: 0.0000, Car: 0.9302, Truck: 0.0000, Bus: 0.0053, Caravan: 0.0000, Trailer: 0.0000, Train: 0.6563, Motorcycle: 0.0000, Bicycle: 0.0000 }
        MeanDICE: 0.5804
    

    Epoch 31:
      Train Loss: 2.5975, Train Accuracy: 0.9241
      Val Loss: 2.5984
      Metrics:
        val_loss: 2.5984
        val_accuracy: 0.9248
        IoU: { Unlabeled: 0.4997, Unused: 0.0000, Unused: 0.0000, Unused: 0.0000, Static: 0.0000, Dynamic: 0.0000, Ground: 0.0000, Road: 0.9628, Sidewalk: 0.7560, Parking: 0.0000, Rail track: 0.0000, Building: 0.8860, Wall: 0.0063, Fence: 0.6554, Guard rail: 0.0000, Bridge: 0.0000, Tunnel: 0.0000, Pole: 0.0000, Pole group: 0.6325, Traffic light: 0.7136, Traffic sign: 0.7539, Vegetation: 0.9025, Terrain: 0.7042, Sky: 0.9805, Person: 0.0000, Rider: 0.0000, Car: 0.8827, Truck: 0.0000, Bus: 0.0170, Caravan: 0.0000, Trailer: 0.0000, Train: 0.5832, Motorcycle: 0.0000, Bicycle: 0.0000 }
        MeanIoU: 0.5170
        PixelAccuracy: 0.9250
        DICE: { Unlabeled: 0.6656, Unused: 0.0000, Unused: 0.0000, Unused: 0.0000, Static: 0.0000, Dynamic: 0.0000, Ground: 0.0000, Road: 0.9810, Sidewalk: 0.8598, Parking: 0.0000, Rail track: 0.0000, Building: 0.9394, Wall: 0.0122, Fence: 0.7882, Guard rail: 0.0000, Bridge: 0.0000, Tunnel: 0.0000, Pole: 0.0000, Pole group: 0.7699, Traffic light: 0.8279, Traffic sign: 0.8526, Vegetation: 0.9487, Terrain: 0.8205, Sky: 0.9901, Person: 0.0000, Rider: 0.0000, Car: 0.9371, Truck: 0.0000, Bus: 0.0328, Caravan: 0.0000, Trailer: 0.0000, Train: 0.6802, Motorcycle: 0.0000, Bicycle: 0.0000 }
        MeanDICE: 0.5777
    

    Epoch 32:
      Train Loss: 2.5969, Train Accuracy: 0.9249
      Val Loss: 2.5990
      Metrics:
        val_loss: 2.5990
        val_accuracy: 0.9212
        IoU: { Unlabeled: 0.4962, Unused: 0.0000, Unused: 0.0000, Unused: 0.0000, Static: 0.0000, Dynamic: 0.0000, Ground: 0.0000, Road: 0.9598, Sidewalk: 0.7488, Parking: 0.0000, Rail track: 0.0000, Building: 0.8758, Wall: 0.0567, Fence: 0.6678, Guard rail: 0.0000, Bridge: 0.0000, Tunnel: 0.0000, Pole: 0.0000, Pole group: 0.6435, Traffic light: 0.6912, Traffic sign: 0.7195, Vegetation: 0.9015, Terrain: 0.7181, Sky: 0.9763, Person: 0.0000, Rider: 0.0000, Car: 0.8791, Truck: 0.0000, Bus: 0.0009, Caravan: 0.0000, Trailer: 0.0000, Train: 0.6616, Motorcycle: 0.0000, Bicycle: 0.0000 }
        MeanIoU: 0.5198
        PixelAccuracy: 0.9215
        DICE: { Unlabeled: 0.6624, Unused: 0.0000, Unused: 0.0000, Unused: 0.0000, Static: 0.0000, Dynamic: 0.0000, Ground: 0.0000, Road: 0.9794, Sidewalk: 0.8551, Parking: 0.0000, Rail track: 0.0000, Building: 0.9336, Wall: 0.0996, Fence: 0.7975, Guard rail: 0.0000, Bridge: 0.0000, Tunnel: 0.0000, Pole: 0.0000, Pole group: 0.7785, Traffic light: 0.8120, Traffic sign: 0.8264, Vegetation: 0.9481, Terrain: 0.8313, Sky: 0.9880, Person: 0.0000, Rider: 0.0000, Car: 0.9350, Truck: 0.0000, Bus: 0.0018, Caravan: 0.0000, Trailer: 0.0000, Train: 0.7554, Motorcycle: 0.0000, Bicycle: 0.0000 }
        MeanDICE: 0.5824
    

    Epoch 33:
      Train Loss: 2.5976, Train Accuracy: 0.9238
      Val Loss: 2.5987
      Metrics:
        val_loss: 2.5987
        val_accuracy: 0.9201
        IoU: { Unlabeled: 0.4962, Unused: 0.0000, Unused: 0.0000, Unused: 0.0000, Static: 0.0000, Dynamic: 0.0000, Ground: 0.0000, Road: 0.9619, Sidewalk: 0.7618, Parking: 0.0000, Rail track: 0.0000, Building: 0.8798, Wall: 0.0803, Fence: 0.6445, Guard rail: 0.0000, Bridge: 0.0000, Tunnel: 0.0000, Pole: 0.0000, Pole group: 0.6004, Traffic light: 0.5624, Traffic sign: 0.7504, Vegetation: 0.8863, Terrain: 0.6978, Sky: 0.9803, Person: 0.0000, Rider: 0.0000, Car: 0.8717, Truck: 0.0000, Bus: 0.0030, Caravan: 0.0000, Trailer: 0.0000, Train: 0.5881, Motorcycle: 0.0000, Bicycle: 0.0000 }
        MeanIoU: 0.5080
        PixelAccuracy: 0.9203
        DICE: { Unlabeled: 0.6626, Unused: 0.0000, Unused: 0.0000, Unused: 0.0000, Static: 0.0000, Dynamic: 0.0000, Ground: 0.0000, Road: 0.9806, Sidewalk: 0.8639, Parking: 0.0000, Rail track: 0.0000, Building: 0.9359, Wall: 0.1412, Fence: 0.7813, Guard rail: 0.0000, Bridge: 0.0000, Tunnel: 0.0000, Pole: 0.0000, Pole group: 0.7446, Traffic light: 0.7103, Traffic sign: 0.8495, Vegetation: 0.9396, Terrain: 0.8170, Sky: 0.9901, Person: 0.0000, Rider: 0.0000, Car: 0.9308, Truck: 0.0000, Bus: 0.0060, Caravan: 0.0000, Trailer: 0.0000, Train: 0.6886, Motorcycle: 0.0000, Bicycle: 0.0000 }
        MeanDICE: 0.5742
    

    Epoch 34:
      Train Loss: 2.5970, Train Accuracy: 0.9247
      Val Loss: 2.5985
      Metrics:
        val_loss: 2.5985
        val_accuracy: 0.9259
        IoU: { Unlabeled: 0.5004, Unused: 0.0000, Unused: 0.0000, Unused: 0.0000, Static: 0.0000, Dynamic: 0.0000, Ground: 0.0000, Road: 0.9619, Sidewalk: 0.7648, Parking: 0.0000, Rail track: 0.0000, Building: 0.8862, Wall: 0.1010, Fence: 0.6554, Guard rail: 0.0000, Bridge: 0.0000, Tunnel: 0.0000, Pole: 0.0000, Pole group: 0.6032, Traffic light: 0.7060, Traffic sign: 0.7518, Vegetation: 0.9015, Terrain: 0.7012, Sky: 0.9808, Person: 0.0000, Rider: 0.0000, Car: 0.8847, Truck: 0.0000, Bus: 0.0002, Caravan: 0.0000, Trailer: 0.0000, Train: 0.6038, Motorcycle: 0.0000, Bicycle: 0.0000 }
        MeanIoU: 0.5204
        PixelAccuracy: 0.9261
        DICE: { Unlabeled: 0.6662, Unused: 0.0000, Unused: 0.0000, Unused: 0.0000, Static: 0.0000, Dynamic: 0.0000, Ground: 0.0000, Road: 0.9806, Sidewalk: 0.8655, Parking: 0.0000, Rail track: 0.0000, Building: 0.9395, Wall: 0.1721, Fence: 0.7878, Guard rail: 0.0000, Bridge: 0.0000, Tunnel: 0.0000, Pole: 0.0000, Pole group: 0.7469, Traffic light: 0.8221, Traffic sign: 0.8523, Vegetation: 0.9481, Terrain: 0.8186, Sky: 0.9903, Person: 0.0000, Rider: 0.0000, Car: 0.9383, Truck: 0.0000, Bus: 0.0004, Caravan: 0.0000, Trailer: 0.0000, Train: 0.7023, Motorcycle: 0.0000, Bicycle: 0.0000 }
        MeanDICE: 0.5841
    

    Epoch 35:
      Train Loss: 2.5970, Train Accuracy: 0.9249
      Val Loss: 2.6012
      Metrics:
        val_loss: 2.6012
        val_accuracy: 0.9186
        IoU: { Unlabeled: 0.4813, Unused: 0.0000, Unused: 0.0000, Unused: 0.0000, Static: 0.0000, Dynamic: 0.0000, Ground: 0.0000, Road: 0.9595, Sidewalk: 0.7636, Parking: 0.0000, Rail track: 0.0000, Building: 0.8738, Wall: 0.0012, Fence: 0.6462, Guard rail: 0.0000, Bridge: 0.0000, Tunnel: 0.0000, Pole: 0.0000, Pole group: 0.5639, Traffic light: 0.6686, Traffic sign: 0.7423, Vegetation: 0.8844, Terrain: 0.6887, Sky: 0.9792, Person: 0.0000, Rider: 0.0000, Car: 0.8733, Truck: 0.0000, Bus: 0.0070, Caravan: 0.0000, Trailer: 0.0000, Train: 0.6248, Motorcycle: 0.0000, Bicycle: 0.0000 }
        MeanIoU: 0.5075
        PixelAccuracy: 0.9187
        DICE: { Unlabeled: 0.6491, Unused: 0.0000, Unused: 0.0000, Unused: 0.0000, Static: 0.0000, Dynamic: 0.0000, Ground: 0.0000, Road: 0.9793, Sidewalk: 0.8650, Parking: 0.0000, Rail track: 0.0000, Building: 0.9325, Wall: 0.0023, Fence: 0.7815, Guard rail: 0.0000, Bridge: 0.0000, Tunnel: 0.0000, Pole: 0.0000, Pole group: 0.7130, Traffic light: 0.7951, Traffic sign: 0.8436, Vegetation: 0.9385, Terrain: 0.8103, Sky: 0.9895, Person: 0.0000, Rider: 0.0000, Car: 0.9317, Truck: 0.0000, Bus: 0.0138, Caravan: 0.0000, Trailer: 0.0000, Train: 0.7244, Motorcycle: 0.0000, Bicycle: 0.0000 }
        MeanDICE: 0.5703
    
Training started at: 2024-12-31 19:57:08.751640
Training ended at: 2024-12-31 22:27:13.983688
Training duration: 2:30:05.232048
Results on Test Data Set :
  IoU:
    0 (Unlabeled): 0.4986567795276642
    1 (Unused): 0.000000
    2 (Unused): 0.000000
    3 (Unused): 0.000000
    4 (Static): 0.000000
    5 (Dynamic): 0.000000
    6 (Ground): 0.000000
    7 (Road): 0.9642940163612366
    8 (Sidewalk): 0.7612258195877075
    9 (Parking): 0.000000
    10 (Rail track): 0.000000
    11 (Building): 0.8835481405258179
    12 (Wall): 0.11549212783575058
    13 (Fence): 0.6329575777053833
    14 (Guard rail): 0.000000
    15 (Bridge): 0.000000
    16 (Tunnel): 0.000000
    17 (Pole): 0.000000
    18 (Pole group): 0.6158201694488525
    19 (Traffic light): 0.4780466556549072
    20 (Traffic sign): 0.7211124300956726
    21 (Vegetation): 0.9041548371315002
    22 (Terrain): 0.7124959826469421
    23 (Sky): 0.9806468486785889
    24 (Person): 0.0
    25 (Rider): 0.0
    26 (Car): 0.8729579448699951
    27 (Truck): 0.0
    28 (Bus): 0.00024617367307655513
    29 (Caravan): 0.0
    30 (Trailer): 0.0
    31 (Train): 0.514672577381134
    32 (Motorcycle): 0.0
    33 (Bicycle): 0.0
  MeanIoU: 0.501547
  PixelAccuracy: 0.922512
  DICE:
    0 (Unlabeled): 0.6647303700447083
    1 (Unused): 0.000000
    2 (Unused): 0.000000
    3 (Unused): 0.000000
    4 (Static): 0.000000
    5 (Dynamic): 0.000000
    6 (Ground): 0.000000
    7 (Road): 0.9817935824394226
    8 (Sidewalk): 0.8631861805915833
    9 (Parking): 0.000000
    10 (Rail track): 0.000000
    11 (Building): 0.9381017684936523
    12 (Wall): 0.19127300381660461
    13 (Fence): 0.7701820731163025
    14 (Guard rail): 0.000000
    15 (Bridge): 0.000000
    16 (Tunnel): 0.000000
    17 (Pole): 0.000000
    18 (Pole group): 0.7576519846916199
    19 (Traffic light): 0.640851616859436
    20 (Traffic sign): 0.8315494060516357
    21 (Vegetation): 0.9495912790298462
    22 (Terrain): 0.8262820243835449
    23 (Sky): 0.990222692489624
    24 (Person): 0.0
    25 (Rider): 0.0
    26 (Car): 0.9317496418952942
    27 (Truck): 0.0
    28 (Bus): 0.000490692735183984
    29 (Caravan): 0.0
    30 (Trailer): 0.0
    31 (Train): 0.6206746697425842
    32 (Motorcycle): 0.0
    33 (Bicycle): 0.0
  MeanDICE: 0.569034
  val_loss: 2.598851
  val_accuracy: 0.922431

Testing started at: 2024-12-31 22:27:13.988428
Testing ended at: 2024-12-31 22:27:32.669339
Testing duration: 0:00:18.680911
