Model: UNet
Loss Function: CrossEntropyLoss
Optimizer: Adam
Learning Rate: 0.0001
Scheduler: CosineAnnealingLR
Scheduler Params: {'T_max': 10, 'eta_min': 1e-06}
Batch Size: 16
Epochs: 50
Seed: 42
Dataset Details:
Dataset Path: /net/ens/am4ip/datasets/project-dataset
Train Split: 0.8
Validation Split: 0.1
Test Split: 0.1
Augmentation Details:
Use Augmentation: False

    Epoch 1:
      Train Loss: 3.0772, Train Accuracy: 0.7664
      Val Loss: 2.9571
      Metrics:
        val_loss: 2.9571
        val_accuracy: 0.8438
        IoU: { Unlabeled: 0.2420, Static: 0.0000, Dynamic: 0.0000, Ground: 0.9207, Road: 0.0000, Sidewalk: 0.0000, Parking: 0.0000, Rail track: 0.7715, Building: 0.0000, Wall: 0.0000, Fence: 0.0000, Guard rail: 0.0000, Bridge: 0.0000, Tunnel: 0.0000, Pole: 0.0000, Pole group: 0.0000, Traffic light: 0.7942, Traffic sign: 0.0000, Vegetation: 0.9491, Terrain: 0.0000, Sky: 0.0000, Person: 0.5914, Rider: 0.0000, Car: 0.0000, Truck: 0.0000, Bus: 0.0000, Caravan: 0.0000, Trailer: 0.0000, Train: 0.0000, Motorcycle: 0.0000, Bicycle: 0.0000 }
        MeanIoU: 0.2231
        PixelAccuracy: 0.8443
        DICE: { Unlabeled: 0.3892, Static: 0.0000, Dynamic: 0.0000, Ground: 0.9586, Road: 0.0000, Sidewalk: 0.0000, Parking: 0.0000, Rail track: 0.8705, Building: 0.0000, Wall: 0.0000, Fence: 0.0000, Guard rail: 0.0000, Bridge: 0.0000, Tunnel: 0.0000, Pole: 0.0000, Pole group: 0.0000, Traffic light: 0.8849, Traffic sign: 0.0000, Vegetation: 0.9738, Terrain: 0.0000, Sky: 0.0000, Person: 0.7397, Rider: 0.0000, Car: 0.0000, Truck: 0.0000, Bus: 0.0000, Caravan: 0.0000, Trailer: 0.0000, Train: 0.0000, Motorcycle: 0.0000, Bicycle: 0.0000 }
        MeanDICE: 0.2517
    

    Epoch 2:
      Train Loss: 2.8892, Train Accuracy: 0.8492
      Val Loss: 2.8252
      Metrics:
        val_loss: 2.8252
        val_accuracy: 0.8533
        IoU: { Unlabeled: 0.3014, Static: 0.0000, Dynamic: 0.0000, Ground: 0.9397, Road: 0.0000, Sidewalk: 0.0000, Parking: 0.0000, Rail track: 0.7857, Building: 0.0000, Wall: 0.0000, Fence: 0.0000, Guard rail: 0.0000, Bridge: 0.0000, Tunnel: 0.0000, Pole: 0.0000, Pole group: 0.0000, Traffic light: 0.7918, Traffic sign: 0.0000, Vegetation: 0.9521, Terrain: 0.0000, Sky: 0.0000, Person: 0.7234, Rider: 0.0000, Car: 0.0000, Truck: 0.0000, Bus: 0.0000, Caravan: 0.0000, Trailer: 0.0000, Train: 0.0000, Motorcycle: 0.0000, Bicycle: 0.0000 }
        MeanIoU: 0.2349
        PixelAccuracy: 0.8539
        DICE: { Unlabeled: 0.4626, Static: 0.0000, Dynamic: 0.0000, Ground: 0.9688, Road: 0.0000, Sidewalk: 0.0000, Parking: 0.0000, Rail track: 0.8793, Building: 0.0000, Wall: 0.0000, Fence: 0.0000, Guard rail: 0.0000, Bridge: 0.0000, Tunnel: 0.0000, Pole: 0.0000, Pole group: 0.0000, Traffic light: 0.8833, Traffic sign: 0.0000, Vegetation: 0.9754, Terrain: 0.0000, Sky: 0.0000, Person: 0.8374, Rider: 0.0000, Car: 0.0000, Truck: 0.0000, Bus: 0.0000, Caravan: 0.0000, Trailer: 0.0000, Train: 0.0000, Motorcycle: 0.0000, Bicycle: 0.0000 }
        MeanDICE: 0.2616
    

    Epoch 3:
      Train Loss: 2.7778, Train Accuracy: 0.8609
      Val Loss: 2.7320
      Metrics:
        val_loss: 2.7320
        val_accuracy: 0.8671
        IoU: { Unlabeled: 0.3210, Static: 0.0000, Dynamic: 0.0000, Ground: 0.9486, Road: 0.0000, Sidewalk: 0.0000, Parking: 0.0000, Rail track: 0.7933, Building: 0.0000, Wall: 0.0000, Fence: 0.0000, Guard rail: 0.0000, Bridge: 0.0000, Tunnel: 0.0000, Pole: 0.0000, Pole group: 0.0000, Traffic light: 0.8492, Traffic sign: 0.0000, Vegetation: 0.9673, Terrain: 0.0000, Sky: 0.0000, Person: 0.7702, Rider: 0.0000, Car: 0.0000, Truck: 0.0000, Bus: 0.0000, Caravan: 0.0000, Trailer: 0.0000, Train: 0.0000, Motorcycle: 0.0000, Bicycle: 0.0000 }
        MeanIoU: 0.2430
        PixelAccuracy: 0.8677
        DICE: { Unlabeled: 0.4855, Static: 0.0000, Dynamic: 0.0000, Ground: 0.9736, Road: 0.0000, Sidewalk: 0.0000, Parking: 0.0000, Rail track: 0.8840, Building: 0.0000, Wall: 0.0000, Fence: 0.0000, Guard rail: 0.0000, Bridge: 0.0000, Tunnel: 0.0000, Pole: 0.0000, Pole group: 0.0000, Traffic light: 0.9182, Traffic sign: 0.0000, Vegetation: 0.9834, Terrain: 0.0000, Sky: 0.0000, Person: 0.8692, Rider: 0.0000, Car: 0.0000, Truck: 0.0000, Bus: 0.0000, Caravan: 0.0000, Trailer: 0.0000, Train: 0.0000, Motorcycle: 0.0000, Bicycle: 0.0000 }
        MeanDICE: 0.2672
    

    Epoch 4:
      Train Loss: 2.7033, Train Accuracy: 0.8664
      Val Loss: 2.6760
      Metrics:
        val_loss: 2.6760
        val_accuracy: 0.8642
        IoU: { Unlabeled: 0.3496, Static: 0.0000, Dynamic: 0.0000, Ground: 0.9489, Road: 0.0000, Sidewalk: 0.0000, Parking: 0.0000, Rail track: 0.8036, Building: 0.0000, Wall: 0.0000, Fence: 0.0000, Guard rail: 0.0000, Bridge: 0.0000, Tunnel: 0.0000, Pole: 0.0000, Pole group: 0.0000, Traffic light: 0.8448, Traffic sign: 0.0000, Vegetation: 0.9637, Terrain: 0.0000, Sky: 0.0000, Person: 0.7789, Rider: 0.0000, Car: 0.0000, Truck: 0.0000, Bus: 0.0000, Caravan: 0.0000, Trailer: 0.0000, Train: 0.0000, Motorcycle: 0.0000, Bicycle: 0.0000 }
        MeanIoU: 0.2451
        PixelAccuracy: 0.8649
        DICE: { Unlabeled: 0.5175, Static: 0.0000, Dynamic: 0.0000, Ground: 0.9737, Road: 0.0000, Sidewalk: 0.0000, Parking: 0.0000, Rail track: 0.8905, Building: 0.0000, Wall: 0.0000, Fence: 0.0000, Guard rail: 0.0000, Bridge: 0.0000, Tunnel: 0.0000, Pole: 0.0000, Pole group: 0.0000, Traffic light: 0.9157, Traffic sign: 0.0000, Vegetation: 0.9815, Terrain: 0.0000, Sky: 0.0000, Person: 0.8743, Rider: 0.0000, Car: 0.0000, Truck: 0.0000, Bus: 0.0000, Caravan: 0.0000, Trailer: 0.0000, Train: 0.0000, Motorcycle: 0.0000, Bicycle: 0.0000 }
        MeanDICE: 0.2692
    

    Epoch 5:
      Train Loss: 2.6534, Train Accuracy: 0.8708
      Val Loss: 2.6311
      Metrics:
        val_loss: 2.6311
        val_accuracy: 0.8750
        IoU: { Unlabeled: 0.3478, Static: 0.0000, Dynamic: 0.0000, Ground: 0.9566, Road: 0.0000, Sidewalk: 0.0000, Parking: 0.0000, Rail track: 0.8094, Building: 0.0000, Wall: 0.0000, Fence: 0.0000, Guard rail: 0.0000, Bridge: 0.0000, Tunnel: 0.0000, Pole: 0.0000, Pole group: 0.0000, Traffic light: 0.8732, Traffic sign: 0.0000, Vegetation: 0.9691, Terrain: 0.0000, Sky: 0.0000, Person: 0.8429, Rider: 0.0000, Car: 0.0000, Truck: 0.0000, Bus: 0.0000, Caravan: 0.0000, Trailer: 0.0000, Train: 0.0000, Motorcycle: 0.0000, Bicycle: 0.0000 }
        MeanIoU: 0.2507
        PixelAccuracy: 0.8756
        DICE: { Unlabeled: 0.5156, Static: 0.0000, Dynamic: 0.0000, Ground: 0.9778, Road: 0.0000, Sidewalk: 0.0000, Parking: 0.0000, Rail track: 0.8941, Building: 0.0000, Wall: 0.0000, Fence: 0.0000, Guard rail: 0.0000, Bridge: 0.0000, Tunnel: 0.0000, Pole: 0.0000, Pole group: 0.0000, Traffic light: 0.9321, Traffic sign: 0.0000, Vegetation: 0.9843, Terrain: 0.0000, Sky: 0.0000, Person: 0.9141, Rider: 0.0000, Car: 0.0000, Truck: 0.0000, Bus: 0.0000, Caravan: 0.0000, Trailer: 0.0000, Train: 0.0000, Motorcycle: 0.0000, Bicycle: 0.0000 }
        MeanDICE: 0.2726
    

    Epoch 6:
      Train Loss: 2.6200, Train Accuracy: 0.8735
      Val Loss: 2.6076
      Metrics:
        val_loss: 2.6076
        val_accuracy: 0.8732
        IoU: { Unlabeled: 0.3577, Static: 0.0000, Dynamic: 0.0000, Ground: 0.9504, Road: 0.0000, Sidewalk: 0.0000, Parking: 0.0000, Rail track: 0.8227, Building: 0.0000, Wall: 0.0000, Fence: 0.0000, Guard rail: 0.0000, Bridge: 0.0000, Tunnel: 0.0000, Pole: 0.0000, Pole group: 0.0811, Traffic light: 0.8707, Traffic sign: 0.0000, Vegetation: 0.9675, Terrain: 0.0000, Sky: 0.0000, Person: 0.7964, Rider: 0.0000, Car: 0.0000, Truck: 0.0000, Bus: 0.0000, Caravan: 0.0000, Trailer: 0.0000, Train: 0.0000, Motorcycle: 0.0000, Bicycle: 0.0000 }
        MeanIoU: 0.2532
        PixelAccuracy: 0.8737
        DICE: { Unlabeled: 0.5264, Static: 0.0000, Dynamic: 0.0000, Ground: 0.9745, Road: 0.0000, Sidewalk: 0.0000, Parking: 0.0000, Rail track: 0.9023, Building: 0.0000, Wall: 0.0000, Fence: 0.0000, Guard rail: 0.0000, Bridge: 0.0000, Tunnel: 0.0000, Pole: 0.0000, Pole group: 0.1480, Traffic light: 0.9307, Traffic sign: 0.0000, Vegetation: 0.9834, Terrain: 0.0000, Sky: 0.0000, Person: 0.8847, Rider: 0.0000, Car: 0.0000, Truck: 0.0000, Bus: 0.0000, Caravan: 0.0000, Trailer: 0.0000, Train: 0.0000, Motorcycle: 0.0000, Bicycle: 0.0000 }
        MeanDICE: 0.2795
    

    Epoch 7:
      Train Loss: 2.5965, Train Accuracy: 0.8762
      Val Loss: 2.5836
      Metrics:
        val_loss: 2.5836
        val_accuracy: 0.8824
        IoU: { Unlabeled: 0.3801, Static: 0.0000, Dynamic: 0.0000, Ground: 0.9588, Road: 0.0417, Sidewalk: 0.0000, Parking: 0.0000, Rail track: 0.8363, Building: 0.0000, Wall: 0.0001, Fence: 0.0000, Guard rail: 0.0000, Bridge: 0.0000, Tunnel: 0.0000, Pole: 0.0000, Pole group: 0.3427, Traffic light: 0.8850, Traffic sign: 0.0000, Vegetation: 0.9713, Terrain: 0.0000, Sky: 0.0000, Person: 0.8597, Rider: 0.0000, Car: 0.0000, Truck: 0.0000, Bus: 0.0000, Caravan: 0.0000, Trailer: 0.0000, Train: 0.0000, Motorcycle: 0.0000, Bicycle: 0.0000 }
        MeanIoU: 0.2756
        PixelAccuracy: 0.8829
        DICE: { Unlabeled: 0.5503, Static: 0.0000, Dynamic: 0.0000, Ground: 0.9789, Road: 0.0794, Sidewalk: 0.0000, Parking: 0.0000, Rail track: 0.9105, Building: 0.0000, Wall: 0.0001, Fence: 0.0000, Guard rail: 0.0000, Bridge: 0.0000, Tunnel: 0.0000, Pole: 0.0000, Pole group: 0.4927, Traffic light: 0.9388, Traffic sign: 0.0000, Vegetation: 0.9854, Terrain: 0.0000, Sky: 0.0000, Person: 0.9240, Rider: 0.0000, Car: 0.0000, Truck: 0.0000, Bus: 0.0000, Caravan: 0.0000, Trailer: 0.0000, Train: 0.0000, Motorcycle: 0.0000, Bicycle: 0.0000 }
        MeanDICE: 0.3061
    

    Epoch 8:
      Train Loss: 2.5784, Train Accuracy: 0.8837
      Val Loss: 2.5711
      Metrics:
        val_loss: 2.5711
        val_accuracy: 0.8861
        IoU: { Unlabeled: 0.3860, Static: 0.0000, Dynamic: 0.0000, Ground: 0.9542, Road: 0.3032, Sidewalk: 0.0000, Parking: 0.0000, Rail track: 0.8515, Building: 0.0000, Wall: 0.0815, Fence: 0.0000, Guard rail: 0.0000, Bridge: 0.0000, Tunnel: 0.0000, Pole: 0.0000, Pole group: 0.5303, Traffic light: 0.8813, Traffic sign: 0.0000, Vegetation: 0.9769, Terrain: 0.0000, Sky: 0.0000, Person: 0.8442, Rider: 0.0000, Car: 0.0000, Truck: 0.0000, Bus: 0.0000, Caravan: 0.0000, Trailer: 0.0000, Train: 0.0000, Motorcycle: 0.0000, Bicycle: 0.0000 }
        MeanIoU: 0.3035
        PixelAccuracy: 0.8866
        DICE: { Unlabeled: 0.5566, Static: 0.0000, Dynamic: 0.0000, Ground: 0.9766, Road: 0.4619, Sidewalk: 0.0000, Parking: 0.0000, Rail track: 0.9195, Building: 0.0000, Wall: 0.1469, Fence: 0.0000, Guard rail: 0.0000, Bridge: 0.0000, Tunnel: 0.0000, Pole: 0.0000, Pole group: 0.6700, Traffic light: 0.9367, Traffic sign: 0.0000, Vegetation: 0.9883, Terrain: 0.0000, Sky: 0.0000, Person: 0.9148, Rider: 0.0000, Car: 0.0000, Truck: 0.0000, Bus: 0.0000, Caravan: 0.0000, Trailer: 0.0000, Train: 0.0000, Motorcycle: 0.0000, Bicycle: 0.0000 }
        MeanDICE: 0.3433
    

    Epoch 9:
      Train Loss: 2.5649, Train Accuracy: 0.8908
      Val Loss: 2.5593
      Metrics:
        val_loss: 2.5593
        val_accuracy: 0.8899
        IoU: { Unlabeled: 0.3815, Static: 0.0000, Dynamic: 0.0000, Ground: 0.9593, Road: 0.4698, Sidewalk: 0.0000, Parking: 0.0000, Rail track: 0.8617, Building: 0.0000, Wall: 0.0302, Fence: 0.0000, Guard rail: 0.0000, Bridge: 0.0000, Tunnel: 0.0000, Pole: 0.0000, Pole group: 0.6347, Traffic light: 0.8834, Traffic sign: 0.0000, Vegetation: 0.9770, Terrain: 0.0000, Sky: 0.0000, Person: 0.8521, Rider: 0.0000, Car: 0.0000, Truck: 0.0000, Bus: 0.0000, Caravan: 0.0000, Trailer: 0.0000, Train: 0.0000, Motorcycle: 0.0000, Bicycle: 0.0000 }
        MeanIoU: 0.3160
        PixelAccuracy: 0.8904
        DICE: { Unlabeled: 0.5519, Static: 0.0000, Dynamic: 0.0000, Ground: 0.9792, Road: 0.6353, Sidewalk: 0.0000, Parking: 0.0000, Rail track: 0.9256, Building: 0.0000, Wall: 0.0547, Fence: 0.0000, Guard rail: 0.0000, Bridge: 0.0000, Tunnel: 0.0000, Pole: 0.0000, Pole group: 0.7502, Traffic light: 0.9379, Traffic sign: 0.0000, Vegetation: 0.9883, Terrain: 0.0000, Sky: 0.0000, Person: 0.9195, Rider: 0.0000, Car: 0.0000, Truck: 0.0000, Bus: 0.0000, Caravan: 0.0000, Trailer: 0.0000, Train: 0.0000, Motorcycle: 0.0000, Bicycle: 0.0000 }
        MeanDICE: 0.3521
    

    Epoch 10:
      Train Loss: 2.5553, Train Accuracy: 0.8938
      Val Loss: 2.5506
      Metrics:
        val_loss: 2.5506
        val_accuracy: 0.8961
        IoU: { Unlabeled: 0.3953, Static: 0.0000, Dynamic: 0.0000, Ground: 0.9595, Road: 0.7172, Sidewalk: 0.0000, Parking: 0.0000, Rail track: 0.8788, Building: 0.0000, Wall: 0.1624, Fence: 0.0000, Guard rail: 0.0000, Bridge: 0.0000, Tunnel: 0.0000, Pole: 0.0000, Pole group: 0.5083, Traffic light: 0.8812, Traffic sign: 0.0000, Vegetation: 0.9763, Terrain: 0.0000, Sky: 0.0000, Person: 0.8502, Rider: 0.0000, Car: 0.0000, Truck: 0.0000, Bus: 0.0000, Caravan: 0.0000, Trailer: 0.0000, Train: 0.0000, Motorcycle: 0.0000, Bicycle: 0.0000 }
        MeanIoU: 0.3306
        PixelAccuracy: 0.8965
        DICE: { Unlabeled: 0.5662, Static: 0.0000, Dynamic: 0.0000, Ground: 0.9793, Road: 0.8341, Sidewalk: 0.0000, Parking: 0.0000, Rail track: 0.9354, Building: 0.0000, Wall: 0.2749, Fence: 0.0000, Guard rail: 0.0000, Bridge: 0.0000, Tunnel: 0.0000, Pole: 0.0000, Pole group: 0.6495, Traffic light: 0.9367, Traffic sign: 0.0000, Vegetation: 0.9880, Terrain: 0.0000, Sky: 0.0000, Person: 0.9179, Rider: 0.0000, Car: 0.0001, Truck: 0.0000, Bus: 0.0000, Caravan: 0.0000, Trailer: 0.0000, Train: 0.0000, Motorcycle: 0.0000, Bicycle: 0.0000 }
        MeanDICE: 0.3699
    

    Epoch 11:
      Train Loss: 2.5472, Train Accuracy: 0.8963
      Val Loss: 2.5444
      Metrics:
        val_loss: 2.5444
        val_accuracy: 0.8933
        IoU: { Unlabeled: 0.4018, Static: 0.0000, Dynamic: 0.0000, Ground: 0.9633, Road: 0.6861, Sidewalk: 0.0000, Parking: 0.0000, Rail track: 0.8684, Building: 0.0000, Wall: 0.0440, Fence: 0.0000, Guard rail: 0.0000, Bridge: 0.0000, Tunnel: 0.0000, Pole: 0.0000, Pole group: 0.5360, Traffic light: 0.8763, Traffic sign: 0.0000, Vegetation: 0.9772, Terrain: 0.0000, Sky: 0.0000, Person: 0.8610, Rider: 0.0000, Car: 0.0904, Truck: 0.0000, Bus: 0.0000, Caravan: 0.0000, Trailer: 0.0000, Train: 0.0000, Motorcycle: 0.0000, Bicycle: 0.0000 }
        MeanIoU: 0.3293
        PixelAccuracy: 0.8937
        DICE: { Unlabeled: 0.5728, Static: 0.0000, Dynamic: 0.0000, Ground: 0.9813, Road: 0.8120, Sidewalk: 0.0000, Parking: 0.0000, Rail track: 0.9294, Building: 0.0000, Wall: 0.0826, Fence: 0.0000, Guard rail: 0.0000, Bridge: 0.0000, Tunnel: 0.0000, Pole: 0.0000, Pole group: 0.6768, Traffic light: 0.9339, Traffic sign: 0.0000, Vegetation: 0.9884, Terrain: 0.0001, Sky: 0.0000, Person: 0.9248, Rider: 0.0000, Car: 0.1552, Truck: 0.0000, Bus: 0.0000, Caravan: 0.0000, Trailer: 0.0000, Train: 0.0000, Motorcycle: 0.0000, Bicycle: 0.0000 }
        MeanDICE: 0.3686
    

    Epoch 12:
      Train Loss: 2.5410, Train Accuracy: 0.8979
      Val Loss: 2.5374
      Metrics:
        val_loss: 2.5374
        val_accuracy: 0.8983
        IoU: { Unlabeled: 0.4091, Static: 0.0000, Dynamic: 0.0000, Ground: 0.9627, Road: 0.7523, Sidewalk: 0.0000, Parking: 0.0000, Rail track: 0.8815, Building: 0.0000, Wall: 0.0719, Fence: 0.0000, Guard rail: 0.0000, Bridge: 0.0000, Tunnel: 0.0000, Pole: 0.0000, Pole group: 0.5122, Traffic light: 0.8875, Traffic sign: 0.0000, Vegetation: 0.9782, Terrain: 0.0015, Sky: 0.0000, Person: 0.8718, Rider: 0.0000, Car: 0.0149, Truck: 0.0000, Bus: 0.0000, Caravan: 0.0000, Trailer: 0.0000, Train: 0.0000, Motorcycle: 0.0000, Bicycle: 0.0000 }
        MeanIoU: 0.3314
        PixelAccuracy: 0.8988
        DICE: { Unlabeled: 0.5801, Static: 0.0000, Dynamic: 0.0000, Ground: 0.9810, Road: 0.8579, Sidewalk: 0.0000, Parking: 0.0000, Rail track: 0.9369, Building: 0.0000, Wall: 0.1313, Fence: 0.0000, Guard rail: 0.0000, Bridge: 0.0000, Tunnel: 0.0000, Pole: 0.0000, Pole group: 0.6545, Traffic light: 0.9402, Traffic sign: 0.0000, Vegetation: 0.9890, Terrain: 0.0029, Sky: 0.0000, Person: 0.9310, Rider: 0.0001, Car: 0.0266, Truck: 0.0000, Bus: 0.0000, Caravan: 0.0000, Trailer: 0.0000, Train: 0.0000, Motorcycle: 0.0000, Bicycle: 0.0000 }
        MeanDICE: 0.3672
    

    Epoch 13:
      Train Loss: 2.5351, Train Accuracy: 0.9009
      Val Loss: 2.5325
      Metrics:
        val_loss: 2.5325
        val_accuracy: 0.9067
        IoU: { Unlabeled: 0.4397, Static: 0.0000, Dynamic: 0.0000, Ground: 0.9622, Road: 0.7568, Sidewalk: 0.0000, Parking: 0.0000, Rail track: 0.8860, Building: 0.0000, Wall: 0.2009, Fence: 0.0000, Guard rail: 0.0000, Bridge: 0.0000, Tunnel: 0.0000, Pole: 0.0000, Pole group: 0.6238, Traffic light: 0.8891, Traffic sign: 0.2927, Vegetation: 0.9778, Terrain: 0.0868, Sky: 0.0000, Person: 0.8790, Rider: 0.0029, Car: 0.2386, Truck: 0.0000, Bus: 0.0000, Caravan: 0.0000, Trailer: 0.0000, Train: 0.0000, Motorcycle: 0.0000, Bicycle: 0.0000 }
        MeanIoU: 0.3780
        PixelAccuracy: 0.9071
        DICE: { Unlabeled: 0.6103, Static: 0.0000, Dynamic: 0.0000, Ground: 0.9807, Road: 0.8608, Sidewalk: 0.0000, Parking: 0.0000, Rail track: 0.9395, Building: 0.0000, Wall: 0.3292, Fence: 0.0000, Guard rail: 0.0000, Bridge: 0.0000, Tunnel: 0.0000, Pole: 0.0000, Pole group: 0.7463, Traffic light: 0.9411, Traffic sign: 0.4403, Vegetation: 0.9887, Terrain: 0.1526, Sky: 0.0000, Person: 0.9352, Rider: 0.0056, Car: 0.3517, Truck: 0.0000, Bus: 0.0000, Caravan: 0.0000, Trailer: 0.0000, Train: 0.0000, Motorcycle: 0.0000, Bicycle: 0.0000 }
        MeanDICE: 0.4326
    

    Epoch 14:
      Train Loss: 2.5312, Train Accuracy: 0.9079
      Val Loss: 2.5281
      Metrics:
        val_loss: 2.5281
        val_accuracy: 0.9169
        IoU: { Unlabeled: 0.4679, Static: 0.0000, Dynamic: 0.0000, Ground: 0.9643, Road: 0.7683, Sidewalk: 0.0000, Parking: 0.0000, Rail track: 0.8893, Building: 0.0000, Wall: 0.5295, Fence: 0.0000, Guard rail: 0.0000, Bridge: 0.0000, Tunnel: 0.0000, Pole: 0.0000, Pole group: 0.6786, Traffic light: 0.8968, Traffic sign: 0.5430, Vegetation: 0.9792, Terrain: 0.1517, Sky: 0.0000, Person: 0.8808, Rider: 0.0402, Car: 0.2181, Truck: 0.0000, Bus: 0.0000, Caravan: 0.0000, Trailer: 0.0000, Train: 0.0000, Motorcycle: 0.0000, Bicycle: 0.0000 }
        MeanIoU: 0.4182
        PixelAccuracy: 0.9172
        DICE: { Unlabeled: 0.6370, Static: 0.0000, Dynamic: 0.0000, Ground: 0.9818, Road: 0.8680, Sidewalk: 0.0000, Parking: 0.0000, Rail track: 0.9413, Building: 0.0000, Wall: 0.6830, Fence: 0.0000, Guard rail: 0.0000, Bridge: 0.0000, Tunnel: 0.0000, Pole: 0.0000, Pole group: 0.7908, Traffic light: 0.9455, Traffic sign: 0.6960, Vegetation: 0.9895, Terrain: 0.2478, Sky: 0.0000, Person: 0.9363, Rider: 0.0603, Car: 0.3234, Truck: 0.0000, Bus: 0.0000, Caravan: 0.0000, Trailer: 0.0000, Train: 0.0000, Motorcycle: 0.0000, Bicycle: 0.0000 }
        MeanDICE: 0.4751
    

    Epoch 15:
      Train Loss: 2.5280, Train Accuracy: 0.9128
      Val Loss: 2.5257
      Metrics:
        val_loss: 2.5257
        val_accuracy: 0.9172
        IoU: { Unlabeled: 0.4609, Static: 0.0000, Dynamic: 0.0000, Ground: 0.9629, Road: 0.7562, Sidewalk: 0.0000, Parking: 0.0000, Rail track: 0.8878, Building: 0.0000, Wall: 0.5769, Fence: 0.0000, Guard rail: 0.0000, Bridge: 0.0000, Tunnel: 0.0001, Pole: 0.0019, Pole group: 0.6656, Traffic light: 0.8975, Traffic sign: 0.6004, Vegetation: 0.9793, Terrain: 0.0777, Sky: 0.0000, Person: 0.8785, Rider: 0.0635, Car: 0.1209, Truck: 0.0000, Bus: 0.0000, Caravan: 0.0000, Trailer: 0.0000, Train: 0.0000, Motorcycle: 0.0000, Bicycle: 0.0000 }
        MeanIoU: 0.4142
        PixelAccuracy: 0.9175
        DICE: { Unlabeled: 0.6304, Static: 0.0000, Dynamic: 0.0000, Ground: 0.9811, Road: 0.8601, Sidewalk: 0.0000, Parking: 0.0000, Rail track: 0.9405, Building: 0.0000, Wall: 0.7256, Fence: 0.0000, Guard rail: 0.0000, Bridge: 0.0000, Tunnel: 0.0001, Pole: 0.0038, Pole group: 0.7831, Traffic light: 0.9459, Traffic sign: 0.7427, Vegetation: 0.9895, Terrain: 0.1378, Sky: 0.0000, Person: 0.9349, Rider: 0.0895, Car: 0.1996, Truck: 0.0000, Bus: 0.0000, Caravan: 0.0000, Trailer: 0.0000, Train: 0.0000, Motorcycle: 0.0000, Bicycle: 0.0000 }
        MeanDICE: 0.4681
    

    Epoch 16:
      Train Loss: 2.5244, Train Accuracy: 0.9168
      Val Loss: 2.5226
      Metrics:
        val_loss: 2.5226
        val_accuracy: 0.9194
        IoU: { Unlabeled: 0.4710, Static: 0.0000, Dynamic: 0.0000, Ground: 0.9654, Road: 0.7468, Sidewalk: 0.0000, Parking: 0.0000, Rail track: 0.8901, Building: 0.0000, Wall: 0.6120, Fence: 0.0000, Guard rail: 0.0000, Bridge: 0.0000, Tunnel: 0.0000, Pole: 0.0230, Pole group: 0.6899, Traffic light: 0.8993, Traffic sign: 0.6212, Vegetation: 0.9786, Terrain: 0.1220, Sky: 0.0000, Person: 0.8862, Rider: 0.1512, Car: 0.2512, Truck: 0.0000, Bus: 0.0000, Caravan: 0.0000, Trailer: 0.0000, Train: 0.0000, Motorcycle: 0.0000, Bicycle: 0.0000 }
        MeanIoU: 0.4337
        PixelAccuracy: 0.9196
        DICE: { Unlabeled: 0.6398, Static: 0.0000, Dynamic: 0.0000, Ground: 0.9824, Road: 0.8541, Sidewalk: 0.0000, Parking: 0.0000, Rail track: 0.9418, Building: 0.0000, Wall: 0.7558, Fence: 0.0000, Guard rail: 0.0000, Bridge: 0.0000, Tunnel: 0.0000, Pole: 0.0447, Pole group: 0.8014, Traffic light: 0.9469, Traffic sign: 0.7593, Vegetation: 0.9892, Terrain: 0.2098, Sky: 0.0000, Person: 0.9392, Rider: 0.1911, Car: 0.3636, Truck: 0.0000, Bus: 0.0000, Caravan: 0.0000, Trailer: 0.0000, Train: 0.0000, Motorcycle: 0.0000, Bicycle: 0.0000 }
        MeanDICE: 0.4915
    

    Epoch 17:
      Train Loss: 2.5222, Train Accuracy: 0.9191
      Val Loss: 2.5224
      Metrics:
        val_loss: 2.5224
        val_accuracy: 0.9186
        IoU: { Unlabeled: 0.4732, Static: 0.0000, Dynamic: 0.0000, Ground: 0.9615, Road: 0.7648, Sidewalk: 0.0000, Parking: 0.0000, Rail track: 0.8869, Building: 0.0000, Wall: 0.6360, Fence: 0.0000, Guard rail: 0.0000, Bridge: 0.0000, Tunnel: 0.0000, Pole: 0.1669, Pole group: 0.6880, Traffic light: 0.9013, Traffic sign: 0.6687, Vegetation: 0.9789, Terrain: 0.1079, Sky: 0.0000, Person: 0.8671, Rider: 0.1530, Car: 0.1182, Truck: 0.0000, Bus: 0.0000, Caravan: 0.0000, Trailer: 0.0000, Train: 0.0000, Motorcycle: 0.0000, Bicycle: 0.0000 }
        MeanIoU: 0.4371
        PixelAccuracy: 0.9189
        DICE: { Unlabeled: 0.6418, Static: 0.0000, Dynamic: 0.0000, Ground: 0.9803, Road: 0.8660, Sidewalk: 0.0000, Parking: 0.0000, Rail track: 0.9400, Building: 0.0001, Wall: 0.7744, Fence: 0.0000, Guard rail: 0.0000, Bridge: 0.0000, Tunnel: 0.0000, Pole: 0.2833, Pole group: 0.7978, Traffic light: 0.9480, Traffic sign: 0.7955, Vegetation: 0.9893, Terrain: 0.1897, Sky: 0.0000, Person: 0.9274, Rider: 0.1883, Car: 0.1933, Truck: 0.0000, Bus: 0.0000, Caravan: 0.0000, Trailer: 0.0000, Train: 0.0000, Motorcycle: 0.0000, Bicycle: 0.0000 }
        MeanDICE: 0.4966
    

    Epoch 18:
      Train Loss: 2.5201, Train Accuracy: 0.9205
      Val Loss: 2.5203
      Metrics:
        val_loss: 2.5203
        val_accuracy: 0.9207
        IoU: { Unlabeled: 0.4772, Static: 0.0000, Dynamic: 0.0000, Ground: 0.9628, Road: 0.7644, Sidewalk: 0.0000, Parking: 0.0000, Rail track: 0.8879, Building: 0.0090, Wall: 0.6640, Fence: 0.0000, Guard rail: 0.0000, Bridge: 0.0000, Tunnel: 0.0001, Pole: 0.4985, Pole group: 0.7283, Traffic light: 0.8986, Traffic sign: 0.6604, Vegetation: 0.9786, Terrain: 0.3206, Sky: 0.0000, Person: 0.8877, Rider: 0.1885, Car: 0.1725, Truck: 0.0000, Bus: 0.0000, Caravan: 0.0000, Trailer: 0.0000, Train: 0.0000, Motorcycle: 0.0000, Bicycle: 0.0000 }
        MeanIoU: 0.4749
        PixelAccuracy: 0.9210
        DICE: { Unlabeled: 0.6454, Static: 0.0000, Dynamic: 0.0000, Ground: 0.9810, Road: 0.8659, Sidewalk: 0.0000, Parking: 0.0000, Rail track: 0.9405, Building: 0.0168, Wall: 0.7944, Fence: 0.0000, Guard rail: 0.0000, Bridge: 0.0000, Tunnel: 0.0001, Pole: 0.6554, Pole group: 0.8294, Traffic light: 0.9465, Traffic sign: 0.7892, Vegetation: 0.9892, Terrain: 0.4776, Sky: 0.0000, Person: 0.9402, Rider: 0.2258, Car: 0.2709, Truck: 0.0000, Bus: 0.0000, Caravan: 0.0000, Trailer: 0.0000, Train: 0.0000, Motorcycle: 0.0000, Bicycle: 0.0000 }
        MeanDICE: 0.5411
    

    Epoch 19:
      Train Loss: 2.5182, Train Accuracy: 0.9216
      Val Loss: 2.5191
      Metrics:
        val_loss: 2.5191
        val_accuracy: 0.9173
        IoU: { Unlabeled: 0.4703, Static: 0.0000, Dynamic: 0.0000, Ground: 0.9577, Road: 0.7321, Sidewalk: 0.0000, Parking: 0.0000, Rail track: 0.8879, Building: 0.0473, Wall: 0.6766, Fence: 0.0000, Guard rail: 0.0000, Bridge: 0.0000, Tunnel: 0.0001, Pole: 0.5064, Pole group: 0.7123, Traffic light: 0.8926, Traffic sign: 0.6538, Vegetation: 0.9777, Terrain: 0.1687, Sky: 0.0000, Person: 0.8825, Rider: 0.1822, Car: 0.2754, Truck: 0.0000, Bus: 0.0000, Caravan: 0.0000, Trailer: 0.0000, Train: 0.0000, Motorcycle: 0.0000, Bicycle: 0.0000 }
        MeanIoU: 0.4711
        PixelAccuracy: 0.9176
        DICE: { Unlabeled: 0.6391, Static: 0.0000, Dynamic: 0.0000, Ground: 0.9784, Road: 0.8443, Sidewalk: 0.0000, Parking: 0.0000, Rail track: 0.9405, Building: 0.0801, Wall: 0.8036, Fence: 0.0000, Guard rail: 0.0000, Bridge: 0.0000, Tunnel: 0.0001, Pole: 0.6648, Pole group: 0.8165, Traffic light: 0.9432, Traffic sign: 0.7833, Vegetation: 0.9887, Terrain: 0.2813, Sky: 0.0000, Person: 0.9372, Rider: 0.2161, Car: 0.3870, Truck: 0.0000, Bus: 0.0000, Caravan: 0.0000, Trailer: 0.0000, Train: 0.0000, Motorcycle: 0.0000, Bicycle: 0.0000 }
        MeanDICE: 0.5378
    

    Epoch 20:
      Train Loss: 2.5178, Train Accuracy: 0.9202
      Val Loss: 2.5207
      Metrics:
        val_loss: 2.5207
        val_accuracy: 0.9144
        IoU: { Unlabeled: 0.4626, Static: 0.0000, Dynamic: 0.0000, Ground: 0.9641, Road: 0.7433, Sidewalk: 0.0000, Parking: 0.0000, Rail track: 0.8658, Building: 0.0026, Wall: 0.5820, Fence: 0.0000, Guard rail: 0.0000, Bridge: 0.0000, Tunnel: 0.0000, Pole: 0.4436, Pole group: 0.7166, Traffic light: 0.8965, Traffic sign: 0.6552, Vegetation: 0.9768, Terrain: 0.1093, Sky: 0.0000, Person: 0.8765, Rider: 0.1431, Car: 0.2219, Truck: 0.0000, Bus: 0.0000, Caravan: 0.0000, Trailer: 0.0000, Train: 0.0000, Motorcycle: 0.0000, Bicycle: 0.0000 }
        MeanIoU: 0.4522
        PixelAccuracy: 0.9147
        DICE: { Unlabeled: 0.6320, Static: 0.0000, Dynamic: 0.0000, Ground: 0.9817, Road: 0.8517, Sidewalk: 0.0000, Parking: 0.0000, Rail track: 0.9279, Building: 0.0050, Wall: 0.7276, Fence: 0.0000, Guard rail: 0.0000, Bridge: 0.0000, Tunnel: 0.0000, Pole: 0.6028, Pole group: 0.8202, Traffic light: 0.9454, Traffic sign: 0.7841, Vegetation: 0.9882, Terrain: 0.1902, Sky: 0.0000, Person: 0.9337, Rider: 0.1801, Car: 0.3265, Truck: 0.0000, Bus: 0.0000, Caravan: 0.0000, Trailer: 0.0000, Train: 0.0000, Motorcycle: 0.0000, Bicycle: 0.0000 }
        MeanDICE: 0.5166
    

    Epoch 21:
      Train Loss: 2.5153, Train Accuracy: 0.9230
      Val Loss: 2.5161
      Metrics:
        val_loss: 2.5161
        val_accuracy: 0.9234
        IoU: { Unlabeled: 0.4823, Static: 0.0000, Dynamic: 0.0000, Ground: 0.9630, Road: 0.7692, Sidewalk: 0.0000, Parking: 0.0000, Rail track: 0.8889, Building: 0.0630, Wall: 0.6675, Fence: 0.0000, Guard rail: 0.0000, Bridge: 0.0000, Tunnel: 0.0001, Pole: 0.6205, Pole group: 0.7442, Traffic light: 0.9045, Traffic sign: 0.6980, Vegetation: 0.9789, Terrain: 0.2313, Sky: 0.0000, Person: 0.8867, Rider: 0.1897, Car: 0.3085, Truck: 0.0000, Bus: 0.0000, Caravan: 0.0000, Trailer: 0.0000, Train: 0.0000, Motorcycle: 0.0000, Bicycle: 0.0000 }
        MeanIoU: 0.4906
        PixelAccuracy: 0.9236
        DICE: { Unlabeled: 0.6501, Static: 0.0000, Dynamic: 0.0000, Ground: 0.9811, Road: 0.8689, Sidewalk: 0.0000, Parking: 0.0000, Rail track: 0.9411, Building: 0.1054, Wall: 0.7966, Fence: 0.0000, Guard rail: 0.0000, Bridge: 0.0000, Tunnel: 0.0002, Pole: 0.7576, Pole group: 0.8455, Traffic light: 0.9498, Traffic sign: 0.8166, Vegetation: 0.9893, Terrain: 0.3677, Sky: 0.0000, Person: 0.9395, Rider: 0.2251, Car: 0.4236, Truck: 0.0000, Bus: 0.0000, Caravan: 0.0000, Trailer: 0.0000, Train: 0.0000, Motorcycle: 0.0000, Bicycle: 0.0000 }
        MeanDICE: 0.5564
    

    Epoch 22:
      Train Loss: 2.5142, Train Accuracy: 0.9239
      Val Loss: 2.5220
      Metrics:
        val_loss: 2.5220
        val_accuracy: 0.9054
        IoU: { Unlabeled: 0.4385, Static: 0.0000, Dynamic: 0.0000, Ground: 0.9625, Road: 0.7383, Sidewalk: 0.0000, Parking: 0.0000, Rail track: 0.8681, Building: 0.1066, Wall: 0.6240, Fence: 0.0000, Guard rail: 0.0000, Bridge: 0.0000, Tunnel: 0.0000, Pole: 0.4040, Pole group: 0.7032, Traffic light: 0.8357, Traffic sign: 0.5916, Vegetation: 0.9756, Terrain: 0.0383, Sky: 0.0000, Person: 0.8634, Rider: 0.1411, Car: 0.0795, Truck: 0.0000, Bus: 0.0000, Caravan: 0.0011, Trailer: 0.0000, Train: 0.0000, Motorcycle: 0.0000, Bicycle: 0.0000 }
        MeanIoU: 0.4358
        PixelAccuracy: 0.9055
        DICE: { Unlabeled: 0.6091, Static: 0.0000, Dynamic: 0.0000, Ground: 0.9809, Road: 0.8485, Sidewalk: 0.0000, Parking: 0.0000, Rail track: 0.9292, Building: 0.1737, Wall: 0.7635, Fence: 0.0000, Guard rail: 0.0000, Bridge: 0.0000, Tunnel: 0.0000, Pole: 0.5663, Pole group: 0.8081, Traffic light: 0.9103, Traffic sign: 0.7336, Vegetation: 0.9876, Terrain: 0.0719, Sky: 0.0000, Person: 0.9261, Rider: 0.1847, Car: 0.1364, Truck: 0.0000, Bus: 0.0000, Caravan: 0.0022, Trailer: 0.0000, Train: 0.0000, Motorcycle: 0.0000, Bicycle: 0.0000 }
        MeanDICE: 0.5012
    

    Epoch 23:
      Train Loss: 2.5137, Train Accuracy: 0.9238
      Val Loss: 2.5135
      Metrics:
        val_loss: 2.5135
        val_accuracy: 0.9246
        IoU: { Unlabeled: 0.4958, Static: 0.0000, Dynamic: 0.0000, Ground: 0.9655, Road: 0.7785, Sidewalk: 0.0000, Parking: 0.0000, Rail track: 0.8921, Building: 0.1323, Wall: 0.6434, Fence: 0.0000, Guard rail: 0.0000, Bridge: 0.0000, Tunnel: 0.0000, Pole: 0.5989, Pole group: 0.6982, Traffic light: 0.8991, Traffic sign: 0.7100, Vegetation: 0.9809, Terrain: 0.0902, Sky: 0.0000, Person: 0.8938, Rider: 0.1879, Car: 0.2578, Truck: 0.0000, Bus: 0.0000, Caravan: 0.0000, Trailer: 0.0000, Train: 0.0000, Motorcycle: 0.0000, Bicycle: 0.0000 }
        MeanIoU: 0.4815
        PixelAccuracy: 0.9249
        DICE: { Unlabeled: 0.6623, Static: 0.0000, Dynamic: 0.0000, Ground: 0.9824, Road: 0.8745, Sidewalk: 0.0000, Parking: 0.0000, Rail track: 0.9429, Building: 0.2117, Wall: 0.7797, Fence: 0.0000, Guard rail: 0.0000, Bridge: 0.0000, Tunnel: 0.0000, Pole: 0.7414, Pole group: 0.8052, Traffic light: 0.9468, Traffic sign: 0.8249, Vegetation: 0.9904, Terrain: 0.1621, Sky: 0.0000, Person: 0.9436, Rider: 0.2250, Car: 0.3682, Truck: 0.0000, Bus: 0.0000, Caravan: 0.0001, Trailer: 0.0000, Train: 0.0000, Motorcycle: 0.0000, Bicycle: 0.0000 }
        MeanDICE: 0.5459
    

    Epoch 24:
      Train Loss: 2.5133, Train Accuracy: 0.9239
      Val Loss: 2.5237
      Metrics:
        val_loss: 2.5237
        val_accuracy: 0.9088
        IoU: { Unlabeled: 0.4461, Static: 0.0000, Dynamic: 0.0000, Ground: 0.9451, Road: 0.6492, Sidewalk: 0.0000, Parking: 0.0000, Rail track: 0.8631, Building: 0.1293, Wall: 0.5623, Fence: 0.0000, Guard rail: 0.0000, Bridge: 0.0000, Tunnel: 0.0000, Pole: 0.5042, Pole group: 0.7017, Traffic light: 0.8798, Traffic sign: 0.6064, Vegetation: 0.9753, Terrain: 0.0531, Sky: 0.0000, Person: 0.8445, Rider: 0.1679, Car: 0.1887, Truck: 0.0000, Bus: 0.0000, Caravan: 0.0001, Trailer: 0.0000, Train: 0.0000, Motorcycle: 0.0000, Bicycle: 0.0000 }
        MeanIoU: 0.4440
        PixelAccuracy: 0.9091
        DICE: { Unlabeled: 0.6164, Static: 0.0000, Dynamic: 0.0000, Ground: 0.9717, Road: 0.7849, Sidewalk: 0.0000, Parking: 0.0000, Rail track: 0.9264, Building: 0.2090, Wall: 0.7101, Fence: 0.0000, Guard rail: 0.0000, Bridge: 0.0000, Tunnel: 0.0000, Pole: 0.6597, Pole group: 0.8122, Traffic light: 0.9360, Traffic sign: 0.7464, Vegetation: 0.9875, Terrain: 0.0983, Sky: 0.0000, Person: 0.9147, Rider: 0.2067, Car: 0.2873, Truck: 0.0000, Bus: 0.0000, Caravan: 0.0002, Trailer: 0.0000, Train: 0.0000, Motorcycle: 0.0000, Bicycle: 0.0000 }
        MeanDICE: 0.5142
    

    Epoch 25:
      Train Loss: 2.5130, Train Accuracy: 0.9233
      Val Loss: 2.5122
      Metrics:
        val_loss: 2.5122
        val_accuracy: 0.9264
        IoU: { Unlabeled: 0.5049, Static: 0.0000, Dynamic: 0.0000, Ground: 0.9651, Road: 0.7776, Sidewalk: 0.0000, Parking: 0.0000, Rail track: 0.8927, Building: 0.1455, Wall: 0.6677, Fence: 0.0000, Guard rail: 0.0000, Bridge: 0.0000, Tunnel: 0.0004, Pole: 0.6959, Pole group: 0.7472, Traffic light: 0.9071, Traffic sign: 0.7282, Vegetation: 0.9808, Terrain: 0.3072, Sky: 0.0000, Person: 0.8928, Rider: 0.1978, Car: 0.3409, Truck: 0.0000, Bus: 0.0000, Caravan: 0.0000, Trailer: 0.0000, Train: 0.0000, Motorcycle: 0.0000, Bicycle: 0.0000 }
        MeanIoU: 0.5091
        PixelAccuracy: 0.9267
        DICE: { Unlabeled: 0.6704, Static: 0.0000, Dynamic: 0.0000, Ground: 0.9822, Road: 0.8741, Sidewalk: 0.0000, Parking: 0.0000, Rail track: 0.9432, Building: 0.2355, Wall: 0.7973, Fence: 0.0000, Guard rail: 0.0000, Bridge: 0.0000, Tunnel: 0.0008, Pole: 0.8156, Pole group: 0.8454, Traffic light: 0.9512, Traffic sign: 0.8379, Vegetation: 0.9903, Terrain: 0.4633, Sky: 0.0000, Person: 0.9430, Rider: 0.2375, Car: 0.4572, Truck: 0.0000, Bus: 0.0000, Caravan: 0.0000, Trailer: 0.0000, Train: 0.0000, Motorcycle: 0.0000, Bicycle: 0.0000 }
        MeanDICE: 0.5764
    

    Epoch 26:
      Train Loss: 2.5111, Train Accuracy: 0.9267
      Val Loss: 2.5153
      Metrics:
        val_loss: 2.5153
        val_accuracy: 0.9194
        IoU: { Unlabeled: 0.4879, Static: 0.0000, Dynamic: 0.0000, Ground: 0.9591, Road: 0.7078, Sidewalk: 0.0000, Parking: 0.0000, Rail track: 0.8860, Building: 0.1413, Wall: 0.6428, Fence: 0.0000, Guard rail: 0.0000, Bridge: 0.0000, Tunnel: 0.0000, Pole: 0.6199, Pole group: 0.7451, Traffic light: 0.8959, Traffic sign: 0.6530, Vegetation: 0.9803, Terrain: 0.1908, Sky: 0.0000, Person: 0.8815, Rider: 0.1464, Car: 0.2994, Truck: 0.0000, Bus: 0.0000, Caravan: 0.0000, Trailer: 0.0000, Train: 0.0000, Motorcycle: 0.0000, Bicycle: 0.0000 }
        MeanIoU: 0.4823
        PixelAccuracy: 0.9197
        DICE: { Unlabeled: 0.6551, Static: 0.0000, Dynamic: 0.0000, Ground: 0.9791, Road: 0.8274, Sidewalk: 0.0000, Parking: 0.0000, Rail track: 0.9395, Building: 0.2297, Wall: 0.7787, Fence: 0.0000, Guard rail: 0.0000, Bridge: 0.0000, Tunnel: 0.0000, Pole: 0.7588, Pole group: 0.8470, Traffic light: 0.9450, Traffic sign: 0.7834, Vegetation: 0.9901, Terrain: 0.3150, Sky: 0.0000, Person: 0.9367, Rider: 0.1891, Car: 0.4075, Truck: 0.0000, Bus: 0.0000, Caravan: 0.0000, Trailer: 0.0000, Train: 0.0000, Motorcycle: 0.0000, Bicycle: 0.0000 }
        MeanDICE: 0.5523
    

    Epoch 27:
      Train Loss: 2.5112, Train Accuracy: 0.9261
      Val Loss: 2.5118
      Metrics:
        val_loss: 2.5118
        val_accuracy: 0.9261
        IoU: { Unlabeled: 0.5015, Static: 0.0000, Dynamic: 0.0000, Ground: 0.9661, Road: 0.7867, Sidewalk: 0.0000, Parking: 0.0000, Rail track: 0.8962, Building: 0.2802, Wall: 0.6826, Fence: 0.0000, Guard rail: 0.0000, Bridge: 0.0000, Tunnel: 0.0003, Pole: 0.6650, Pole group: 0.7432, Traffic light: 0.8894, Traffic sign: 0.7292, Vegetation: 0.9799, Terrain: 0.3048, Sky: 0.0000, Person: 0.8936, Rider: 0.1938, Car: 0.3686, Truck: 0.0000, Bus: 0.0000, Caravan: 0.0000, Trailer: 0.0000, Train: 0.0000, Motorcycle: 0.0000, Bicycle: 0.0000 }
        MeanIoU: 0.5157
        PixelAccuracy: 0.9263
        DICE: { Unlabeled: 0.6675, Static: 0.0000, Dynamic: 0.0000, Ground: 0.9828, Road: 0.8798, Sidewalk: 0.0000, Parking: 0.0000, Rail track: 0.9451, Building: 0.4096, Wall: 0.8080, Fence: 0.0000, Guard rail: 0.0000, Bridge: 0.0000, Tunnel: 0.0006, Pole: 0.7924, Pole group: 0.8428, Traffic light: 0.9414, Traffic sign: 0.8385, Vegetation: 0.9898, Terrain: 0.4583, Sky: 0.0000, Person: 0.9434, Rider: 0.2394, Car: 0.4843, Truck: 0.0000, Bus: 0.0000, Caravan: 0.0000, Trailer: 0.0000, Train: 0.0000, Motorcycle: 0.0000, Bicycle: 0.0000 }
        MeanDICE: 0.5855
    

    Epoch 28:
      Train Loss: 2.5099, Train Accuracy: 0.9282
      Val Loss: 2.5180
      Metrics:
        val_loss: 2.5180
        val_accuracy: 0.9175
        IoU: { Unlabeled: 0.4775, Static: 0.0000, Dynamic: 0.0000, Ground: 0.9525, Road: 0.7764, Sidewalk: 0.0000, Parking: 0.0000, Rail track: 0.8708, Building: 0.1650, Wall: 0.6483, Fence: 0.0000, Guard rail: 0.0000, Bridge: 0.0000, Tunnel: 0.0012, Pole: 0.6658, Pole group: 0.7255, Traffic light: 0.8955, Traffic sign: 0.6934, Vegetation: 0.9798, Terrain: 0.2756, Sky: 0.0000, Person: 0.8435, Rider: 0.1946, Car: 0.3310, Truck: 0.0000, Bus: 0.0000, Caravan: 0.0000, Trailer: 0.0000, Train: 0.0000, Motorcycle: 0.0000, Bicycle: 0.0000 }
        MeanIoU: 0.4949
        PixelAccuracy: 0.9177
        DICE: { Unlabeled: 0.6458, Static: 0.0000, Dynamic: 0.0000, Ground: 0.9756, Road: 0.8734, Sidewalk: 0.0000, Parking: 0.0000, Rail track: 0.9308, Building: 0.2617, Wall: 0.7826, Fence: 0.0000, Guard rail: 0.0000, Bridge: 0.0000, Tunnel: 0.0024, Pole: 0.7923, Pole group: 0.8309, Traffic light: 0.9448, Traffic sign: 0.8124, Vegetation: 0.9898, Terrain: 0.4196, Sky: 0.0000, Person: 0.9145, Rider: 0.2462, Car: 0.4447, Truck: 0.0000, Bus: 0.0000, Caravan: 0.0000, Trailer: 0.0000, Train: 0.0000, Motorcycle: 0.0000, Bicycle: 0.0000 }
        MeanDICE: 0.5662
    

    Epoch 29:
      Train Loss: 2.5104, Train Accuracy: 0.9267
      Val Loss: 2.5125
      Metrics:
        val_loss: 2.5125
        val_accuracy: 0.9240
        IoU: { Unlabeled: 0.4899, Static: 0.0000, Dynamic: 0.0000, Ground: 0.9633, Road: 0.7630, Sidewalk: 0.0000, Parking: 0.0000, Rail track: 0.8932, Building: 0.1093, Wall: 0.6868, Fence: 0.0000, Guard rail: 0.0000, Bridge: 0.0000, Tunnel: 0.0000, Pole: 0.6287, Pole group: 0.7347, Traffic light: 0.9048, Traffic sign: 0.7262, Vegetation: 0.9797, Terrain: 0.1209, Sky: 0.0000, Person: 0.8907, Rider: 0.2140, Car: 0.3078, Truck: 0.0000, Bus: 0.0000, Caravan: 0.0000, Trailer: 0.0000, Train: 0.0000, Motorcycle: 0.0000, Bicycle: 0.0000 }
        MeanIoU: 0.4912
        PixelAccuracy: 0.9243
        DICE: { Unlabeled: 0.6570, Static: 0.0000, Dynamic: 0.0000, Ground: 0.9813, Road: 0.8646, Sidewalk: 0.0000, Parking: 0.0000, Rail track: 0.9435, Building: 0.1785, Wall: 0.8108, Fence: 0.0000, Guard rail: 0.0000, Bridge: 0.0000, Tunnel: 0.0000, Pole: 0.7650, Pole group: 0.8355, Traffic light: 0.9500, Traffic sign: 0.8367, Vegetation: 0.9897, Terrain: 0.2108, Sky: 0.0000, Person: 0.9417, Rider: 0.2614, Car: 0.4226, Truck: 0.0000, Bus: 0.0000, Caravan: 0.0000, Trailer: 0.0000, Train: 0.0000, Motorcycle: 0.0000, Bicycle: 0.0000 }
        MeanDICE: 0.5555
    

    Epoch 30:
      Train Loss: 2.5098, Train Accuracy: 0.9278
      Val Loss: 2.5123
      Metrics:
        val_loss: 2.5123
        val_accuracy: 0.9259
        IoU: { Unlabeled: 0.4888, Static: 0.0000, Dynamic: 0.0000, Ground: 0.9648, Road: 0.7838, Sidewalk: 0.0000, Parking: 0.0000, Rail track: 0.8920, Building: 0.2412, Wall: 0.6728, Fence: 0.0000, Guard rail: 0.0000, Bridge: 0.0000, Tunnel: 0.0009, Pole: 0.6182, Pole group: 0.7402, Traffic light: 0.9045, Traffic sign: 0.7198, Vegetation: 0.9808, Terrain: 0.1618, Sky: 0.0000, Person: 0.8879, Rider: 0.2123, Car: 0.4152, Truck: 0.0000, Bus: 0.0000, Caravan: 0.0000, Trailer: 0.0000, Train: 0.0000, Motorcycle: 0.0000, Bicycle: 0.0000 }
        MeanIoU: 0.5053
        PixelAccuracy: 0.9261
        DICE: { Unlabeled: 0.6561, Static: 0.0000, Dynamic: 0.0000, Ground: 0.9821, Road: 0.8782, Sidewalk: 0.0000, Parking: 0.0000, Rail track: 0.9429, Building: 0.3657, Wall: 0.7998, Fence: 0.0000, Guard rail: 0.0000, Bridge: 0.0000, Tunnel: 0.0018, Pole: 0.7553, Pole group: 0.8386, Traffic light: 0.9498, Traffic sign: 0.8327, Vegetation: 0.9903, Terrain: 0.2715, Sky: 0.0000, Person: 0.9403, Rider: 0.2581, Car: 0.5348, Truck: 0.0000, Bus: 0.0000, Caravan: 0.0000, Trailer: 0.0000, Train: 0.0000, Motorcycle: 0.0000, Bicycle: 0.0000 }
        MeanDICE: 0.5735
    

    Epoch 31:
      Train Loss: 2.5095, Train Accuracy: 0.9279
      Val Loss: 2.5156
      Metrics:
        val_loss: 2.5156
        val_accuracy: 0.9223
        IoU: { Unlabeled: 0.4686, Static: 0.0000, Dynamic: 0.0000, Ground: 0.9597, Road: 0.7593, Sidewalk: 0.0000, Parking: 0.0000, Rail track: 0.8936, Building: 0.1235, Wall: 0.6850, Fence: 0.0000, Guard rail: 0.0000, Bridge: 0.0000, Tunnel: 0.0014, Pole: 0.6537, Pole group: 0.7330, Traffic light: 0.9021, Traffic sign: 0.7033, Vegetation: 0.9759, Terrain: 0.0792, Sky: 0.0000, Person: 0.8784, Rider: 0.1860, Car: 0.4107, Truck: 0.0000, Bus: 0.0000, Caravan: 0.0000, Trailer: 0.0000, Train: 0.0000, Motorcycle: 0.0000, Bicycle: 0.0000 }
        MeanIoU: 0.4914
        PixelAccuracy: 0.9226
        DICE: { Unlabeled: 0.6375, Static: 0.0000, Dynamic: 0.0000, Ground: 0.9794, Road: 0.8623, Sidewalk: 0.0000, Parking: 0.0000, Rail track: 0.9437, Building: 0.2050, Wall: 0.8098, Fence: 0.0000, Guard rail: 0.0000, Bridge: 0.0000, Tunnel: 0.0028, Pole: 0.7845, Pole group: 0.8364, Traffic light: 0.9485, Traffic sign: 0.8198, Vegetation: 0.9878, Terrain: 0.1428, Sky: 0.0000, Person: 0.9347, Rider: 0.2319, Car: 0.5287, Truck: 0.0000, Bus: 0.0000, Caravan: 0.0000, Trailer: 0.0000, Train: 0.0000, Motorcycle: 0.0000, Bicycle: 0.0000 }
        MeanDICE: 0.5561
    

    Epoch 32:
      Train Loss: 2.5097, Train Accuracy: 0.9274
      Val Loss: 2.5119
      Metrics:
        val_loss: 2.5119
        val_accuracy: 0.9251
        IoU: { Unlabeled: 0.5007, Static: 0.0000, Dynamic: 0.0000, Ground: 0.9640, Road: 0.7826, Sidewalk: 0.0000, Parking: 0.0000, Rail track: 0.8880, Building: 0.3083, Wall: 0.6868, Fence: 0.0000, Guard rail: 0.0000, Bridge: 0.0000, Tunnel: 0.0003, Pole: 0.6950, Pole group: 0.7226, Traffic light: 0.9007, Traffic sign: 0.7124, Vegetation: 0.9801, Terrain: 0.2744, Sky: 0.0000, Person: 0.8914, Rider: 0.2108, Car: 0.2819, Truck: 0.0000, Bus: 0.0000, Caravan: 0.0000, Trailer: 0.0000, Train: 0.0000, Motorcycle: 0.0000, Bicycle: 0.0000 }
        MeanIoU: 0.5113
        PixelAccuracy: 0.9253
        DICE: { Unlabeled: 0.6668, Static: 0.0000, Dynamic: 0.0000, Ground: 0.9816, Road: 0.8773, Sidewalk: 0.0000, Parking: 0.0000, Rail track: 0.9406, Building: 0.4435, Wall: 0.8110, Fence: 0.0000, Guard rail: 0.0000, Bridge: 0.0000, Tunnel: 0.0006, Pole: 0.8145, Pole group: 0.8279, Traffic light: 0.9476, Traffic sign: 0.8265, Vegetation: 0.9899, Terrain: 0.4176, Sky: 0.0000, Person: 0.9422, Rider: 0.2561, Car: 0.3901, Truck: 0.0000, Bus: 0.0000, Caravan: 0.0001, Trailer: 0.0000, Train: 0.0000, Motorcycle: 0.0000, Bicycle: 0.0000 }
        MeanDICE: 0.5808
    
Results on Test Data Set :
  IoU:
    0 (Unlabeled): 0.49942120909690857
    1 (Static): 0.000000
    2 (Dynamic): 0.000000
    3 (Ground): 0.9642643332481384
    4 (Road): 0.7960788011550903
    5 (Sidewalk): 0.000000
    6 (Parking): 0.000000
    7 (Rail track): 0.8929205536842346
    8 (Building): 0.3073769807815552
    9 (Wall): 0.67875736951828
    10 (Fence): 0.000000
    11 (Guard rail): 0.000000
    12 (Bridge): 0.000000
    13 (Tunnel): 0.0004724684695247561
    14 (Pole): 0.6965747475624084
    15 (Pole group): 0.7385321259498596
    16 (Traffic light): 0.9002550840377808
    17 (Traffic sign): 0.7146866917610168
    18 (Vegetation): 0.980425238609314
    19 (Terrain): 0.2819848656654358
    20 (Sky): 0.0
    21 (Person): 0.8960517048835754
    22 (Rider): 0.1784215122461319
    23 (Car): 0.2739783823490143
    24 (Truck): 0.0
    25 (Bus): 0.0
    26 (Caravan): 6.4874067902565e-05
    27 (Trailer): 0.0
    28 (Train): 0.000000
    29 (Motorcycle): 0.0
    30 (Bicycle): 0.000000
  MeanIoU: 0.508801
  PixelAccuracy: 0.924987
  DICE:
    0 (Unlabeled): 0.6656771898269653
    1 (Static): 0.000000
    2 (Dynamic): 0.000000
    3 (Ground): 0.9817743301391602
    4 (Road): 0.885516881942749
    5 (Sidewalk): 0.000000
    6 (Parking): 0.000000
    7 (Rail track): 0.9433728456497192
    8 (Building): 0.4423432946205139
    9 (Wall): 0.8047938346862793
    10 (Fence): 0.000000
    11 (Guard rail): 0.000000
    12 (Bridge): 0.000000
    13 (Tunnel): 0.0009431744692847133
    14 (Pole): 0.8173859715461731
    15 (Pole group): 0.8446045517921448
    16 (Traffic light): 0.947419285774231
    17 (Traffic sign): 0.825626790523529
    18 (Vegetation): 0.9901116490364075
    19 (Terrain): 0.42678430676460266
    20 (Sky): 0.0
    21 (Person): 0.9449202418327332
    22 (Rider): 0.22761112451553345
    23 (Car): 0.38473406434059143
    24 (Truck): 0.0
    25 (Bus): 0.0
    26 (Caravan): 0.00012963905464857817
    27 (Trailer): 0.0
    28 (Train): 0.000000
    29 (Motorcycle): 0.0
    30 (Bicycle): 0.000000
  MeanDICE: 0.577835
  val_loss: 2.512315
  val_accuracy: 0.924936

