Model: DeepLabV3Plus
Loss Function: DiceLoss
Optimizer: AdamW
Learning Rate: 0.0001
Scheduler: CosineAnnealingLR
Scheduler Params: {'T_max': 20, 'eta_min': 1e-05}
Batch Size: 16
Epochs: 50
Seed: 42
Dataset Details:
Dataset Path: /net/ens/am4ip/datasets/project-dataset
Train Split: 0.8
Validation Split: 0.1
Test Split: 0.1
Augmentation Details:
Use Augmentation: True
  horizontal_flip: True
  rotation_range: 10
  scale_range: [0.8, 1.2]

    Epoch 1:
      Train Loss: 0.6925, Train Accuracy: 0.6731
      Val Loss: 0.3000
      Metrics:
        val_loss: 0.3000
        val_accuracy: 0.6424
        IoU: { Unlabeled: 0.1677, Unused: 0.0000, Unused: 0.0000, Unused: 0.0000, Static: 0.0000, Dynamic: 0.0000, Ground: 0.0000, Road: 0.8053, Sidewalk: 0.2385, Parking: 0.0000, Rail track: 0.0000, Building: 0.3751, Wall: 0.0000, Fence: 0.0828, Guard rail: 0.0000, Bridge: 0.0000, Tunnel: 0.0000, Pole: 0.0000, Pole group: 0.0933, Traffic light: 0.0000, Traffic sign: 0.2903, Vegetation: 0.3695, Terrain: 0.0040, Sky: 0.6799, Person: 0.0000, Rider: 0.0000, Car: 0.3381, Truck: 0.0000, Bus: 0.0000, Caravan: 0.0000, Trailer: 0.0000, Train: 0.0000, Motorcycle: 0.0000, Bicycle: 0.0000 }
        MeanIoU: 0.1798
        PixelAccuracy: 0.6413
        DICE: { Unlabeled: 0.2871, Unused: 0.0000, Unused: 0.0000, Unused: 0.0000, Static: 0.0000, Dynamic: 0.0000, Ground: 0.0000, Road: 0.8918, Sidewalk: 0.3794, Parking: 0.0000, Rail track: 0.0000, Building: 0.5406, Wall: 0.0000, Fence: 0.1347, Guard rail: 0.0000, Bridge: 0.0000, Tunnel: 0.0000, Pole: 0.0000, Pole group: 0.1664, Traffic light: 0.0000, Traffic sign: 0.4316, Vegetation: 0.5375, Terrain: 0.0079, Sky: 0.8083, Person: 0.0000, Rider: 0.0000, Car: 0.5002, Truck: 0.0000, Bus: 0.0000, Caravan: 0.0000, Trailer: 0.0000, Train: 0.0000, Motorcycle: 0.0000, Bicycle: 0.0000 }
        MeanDICE: 0.2446
    

    Epoch 2:
      Train Loss: 0.2595, Train Accuracy: 0.7099
      Val Loss: 0.2359
      Metrics:
        val_loss: 0.2359
        val_accuracy: 0.7690
        IoU: { Unlabeled: 0.1811, Unused: 0.0000, Unused: 0.0000, Unused: 0.0000, Static: 0.0000, Dynamic: 0.0000, Ground: 0.0000, Road: 0.8574, Sidewalk: 0.3677, Parking: 0.0000, Rail track: 0.0000, Building: 0.6516, Wall: 0.0000, Fence: 0.1993, Guard rail: 0.0000, Bridge: 0.0000, Tunnel: 0.0000, Pole: 0.0000, Pole group: 0.2321, Traffic light: 0.0000, Traffic sign: 0.2734, Vegetation: 0.6087, Terrain: 0.0050, Sky: 0.7987, Person: 0.0000, Rider: 0.0000, Car: 0.5203, Truck: 0.0000, Bus: 0.0000, Caravan: 0.0000, Trailer: 0.0000, Train: 0.0000, Motorcycle: 0.0000, Bicycle: 0.0000 }
        MeanIoU: 0.2452
        PixelAccuracy: 0.7691
        DICE: { Unlabeled: 0.3065, Unused: 0.0000, Unused: 0.0000, Unused: 0.0000, Static: 0.0000, Dynamic: 0.0000, Ground: 0.0000, Road: 0.9230, Sidewalk: 0.5340, Parking: 0.0000, Rail track: 0.0000, Building: 0.7877, Wall: 0.0000, Fence: 0.2811, Guard rail: 0.0000, Bridge: 0.0000, Tunnel: 0.0000, Pole: 0.0000, Pole group: 0.3638, Traffic light: 0.0000, Traffic sign: 0.4033, Vegetation: 0.7556, Terrain: 0.0099, Sky: 0.8874, Person: 0.0000, Rider: 0.0000, Car: 0.6786, Truck: 0.0000, Bus: 0.0000, Caravan: 0.0000, Trailer: 0.0000, Train: 0.0000, Motorcycle: 0.0000, Bicycle: 0.0000 }
        MeanDICE: 0.3097
    

    Epoch 3:
      Train Loss: 0.2330, Train Accuracy: 0.7793
      Val Loss: 0.2252
      Metrics:
        val_loss: 0.2252
        val_accuracy: 0.7934
        IoU: { Unlabeled: 0.1994, Unused: 0.0000, Unused: 0.0000, Unused: 0.0000, Static: 0.0000, Dynamic: 0.0000, Ground: 0.0000, Road: 0.8713, Sidewalk: 0.4298, Parking: 0.0000, Rail track: 0.0000, Building: 0.6907, Wall: 0.0000, Fence: 0.2033, Guard rail: 0.0000, Bridge: 0.0000, Tunnel: 0.0000, Pole: 0.0000, Pole group: 0.2775, Traffic light: 0.0000, Traffic sign: 0.3526, Vegetation: 0.6697, Terrain: 0.0054, Sky: 0.8368, Person: 0.0000, Rider: 0.0000, Car: 0.5779, Truck: 0.0000, Bus: 0.0000, Caravan: 0.0000, Trailer: 0.0000, Train: 0.0000, Motorcycle: 0.0000, Bicycle: 0.0000 }
        MeanIoU: 0.2672
        PixelAccuracy: 0.7937
        DICE: { Unlabeled: 0.3322, Unused: 0.0000, Unused: 0.0000, Unused: 0.0000, Static: 0.0000, Dynamic: 0.0000, Ground: 0.0000, Road: 0.9310, Sidewalk: 0.5979, Parking: 0.0000, Rail track: 0.0000, Building: 0.8161, Wall: 0.0000, Fence: 0.2849, Guard rail: 0.0000, Bridge: 0.0000, Tunnel: 0.0000, Pole: 0.0000, Pole group: 0.4170, Traffic light: 0.0000, Traffic sign: 0.4828, Vegetation: 0.8016, Terrain: 0.0106, Sky: 0.9108, Person: 0.0000, Rider: 0.0000, Car: 0.7275, Truck: 0.0000, Bus: 0.0000, Caravan: 0.0000, Trailer: 0.0000, Train: 0.0000, Motorcycle: 0.0000, Bicycle: 0.0000 }
        MeanDICE: 0.3297
    

    Epoch 4:
      Train Loss: 0.2233, Train Accuracy: 0.7984
      Val Loss: 0.2198
      Metrics:
        val_loss: 0.2198
        val_accuracy: 0.8043
        IoU: { Unlabeled: 0.2155, Unused: 0.0000, Unused: 0.0000, Unused: 0.0000, Static: 0.0000, Dynamic: 0.0000, Ground: 0.0000, Road: 0.8801, Sidewalk: 0.4382, Parking: 0.0000, Rail track: 0.0000, Building: 0.7172, Wall: 0.0000, Fence: 0.2082, Guard rail: 0.0000, Bridge: 0.0000, Tunnel: 0.0000, Pole: 0.0000, Pole group: 0.2533, Traffic light: 0.0000, Traffic sign: 0.3817, Vegetation: 0.7101, Terrain: 0.0055, Sky: 0.8546, Person: 0.0000, Rider: 0.0000, Car: 0.6196, Truck: 0.0000, Bus: 0.0000, Caravan: 0.0000, Trailer: 0.0000, Train: 0.0000, Motorcycle: 0.0000, Bicycle: 0.0000 }
        MeanIoU: 0.2762
        PixelAccuracy: 0.8048
        DICE: { Unlabeled: 0.3542, Unused: 0.0000, Unused: 0.0000, Unused: 0.0000, Static: 0.0000, Dynamic: 0.0000, Ground: 0.0000, Road: 0.9361, Sidewalk: 0.6065, Parking: 0.0000, Rail track: 0.0000, Building: 0.8348, Wall: 0.0000, Fence: 0.2911, Guard rail: 0.0000, Bridge: 0.0000, Tunnel: 0.0000, Pole: 0.0000, Pole group: 0.3778, Traffic light: 0.0000, Traffic sign: 0.5183, Vegetation: 0.8300, Terrain: 0.0109, Sky: 0.9214, Person: 0.0000, Rider: 0.0000, Car: 0.7616, Truck: 0.0000, Bus: 0.0000, Caravan: 0.0000, Trailer: 0.0000, Train: 0.0000, Motorcycle: 0.0000, Bicycle: 0.0000 }
        MeanDICE: 0.3366
    

    Epoch 5:
      Train Loss: 0.2181, Train Accuracy: 0.8096
      Val Loss: 0.2141
      Metrics:
        val_loss: 0.2141
        val_accuracy: 0.8145
        IoU: { Unlabeled: 0.2246, Unused: 0.0000, Unused: 0.0000, Unused: 0.0000, Static: 0.0000, Dynamic: 0.0000, Ground: 0.0000, Road: 0.8904, Sidewalk: 0.5240, Parking: 0.0000, Rail track: 0.0000, Building: 0.7236, Wall: 0.0000, Fence: 0.2133, Guard rail: 0.0000, Bridge: 0.0000, Tunnel: 0.0000, Pole: 0.0000, Pole group: 0.2985, Traffic light: 0.0000, Traffic sign: 0.4609, Vegetation: 0.7298, Terrain: 0.0055, Sky: 0.8654, Person: 0.0000, Rider: 0.0000, Car: 0.6522, Truck: 0.0000, Bus: 0.0000, Caravan: 0.0000, Trailer: 0.0000, Train: 0.0000, Motorcycle: 0.0000, Bicycle: 0.0000 }
        MeanIoU: 0.2918
        PixelAccuracy: 0.8148
        DICE: { Unlabeled: 0.3666, Unused: 0.0000, Unused: 0.0000, Unused: 0.0000, Static: 0.0000, Dynamic: 0.0000, Ground: 0.0000, Road: 0.9418, Sidewalk: 0.6853, Parking: 0.0000, Rail track: 0.0000, Building: 0.8392, Wall: 0.0000, Fence: 0.2972, Guard rail: 0.0000, Bridge: 0.0000, Tunnel: 0.0000, Pole: 0.0000, Pole group: 0.4386, Traffic light: 0.0000, Traffic sign: 0.5988, Vegetation: 0.8435, Terrain: 0.0108, Sky: 0.9276, Person: 0.0000, Rider: 0.0000, Car: 0.7857, Truck: 0.0000, Bus: 0.0000, Caravan: 0.0000, Trailer: 0.0000, Train: 0.0000, Motorcycle: 0.0000, Bicycle: 0.0000 }
        MeanDICE: 0.3517
    

    Epoch 6:
      Train Loss: 0.2145, Train Accuracy: 0.8176
      Val Loss: 0.2114
      Metrics:
        val_loss: 0.2114
        val_accuracy: 0.8234
        IoU: { Unlabeled: 0.2331, Unused: 0.0000, Unused: 0.0000, Unused: 0.0000, Static: 0.0000, Dynamic: 0.0000, Ground: 0.0000, Road: 0.8951, Sidewalk: 0.5339, Parking: 0.0000, Rail track: 0.0000, Building: 0.7443, Wall: 0.0000, Fence: 0.2135, Guard rail: 0.0000, Bridge: 0.0000, Tunnel: 0.0000, Pole: 0.0000, Pole group: 0.3026, Traffic light: 0.0000, Traffic sign: 0.4722, Vegetation: 0.7506, Terrain: 0.0058, Sky: 0.8767, Person: 0.0000, Rider: 0.0000, Car: 0.6728, Truck: 0.0000, Bus: 0.0000, Caravan: 0.0000, Trailer: 0.0000, Train: 0.0000, Motorcycle: 0.0000, Bicycle: 0.0000 }
        MeanIoU: 0.2979
        PixelAccuracy: 0.8239
        DICE: { Unlabeled: 0.3777, Unused: 0.0000, Unused: 0.0000, Unused: 0.0000, Static: 0.0000, Dynamic: 0.0000, Ground: 0.0000, Road: 0.9445, Sidewalk: 0.6938, Parking: 0.0000, Rail track: 0.0000, Building: 0.8530, Wall: 0.0000, Fence: 0.2952, Guard rail: 0.0000, Bridge: 0.0000, Tunnel: 0.0000, Pole: 0.0000, Pole group: 0.4431, Traffic light: 0.0000, Traffic sign: 0.6081, Vegetation: 0.8571, Terrain: 0.0115, Sky: 0.9342, Person: 0.0000, Rider: 0.0000, Car: 0.8025, Truck: 0.0000, Bus: 0.0000, Caravan: 0.0000, Trailer: 0.0000, Train: 0.0000, Motorcycle: 0.0000, Bicycle: 0.0000 }
        MeanDICE: 0.3563
    

    Epoch 7:
      Train Loss: 0.2113, Train Accuracy: 0.8225
      Val Loss: 0.2068
      Metrics:
        val_loss: 0.2068
        val_accuracy: 0.8261
        IoU: { Unlabeled: 0.2446, Unused: 0.0000, Unused: 0.0000, Unused: 0.0000, Static: 0.0000, Dynamic: 0.0000, Ground: 0.0000, Road: 0.8991, Sidewalk: 0.5499, Parking: 0.0000, Rail track: 0.0000, Building: 0.7410, Wall: 0.0000, Fence: 0.4247, Guard rail: 0.0000, Bridge: 0.0000, Tunnel: 0.0000, Pole: 0.0000, Pole group: 0.3051, Traffic light: 0.0000, Traffic sign: 0.4707, Vegetation: 0.7508, Terrain: 0.0057, Sky: 0.8815, Person: 0.0000, Rider: 0.0000, Car: 0.6828, Truck: 0.0000, Bus: 0.0000, Caravan: 0.0000, Trailer: 0.0000, Train: 0.0000, Motorcycle: 0.0000, Bicycle: 0.0000 }
        MeanIoU: 0.3112
        PixelAccuracy: 0.8266
        DICE: { Unlabeled: 0.3927, Unused: 0.0000, Unused: 0.0000, Unused: 0.0000, Static: 0.0000, Dynamic: 0.0000, Ground: 0.0000, Road: 0.9468, Sidewalk: 0.7067, Parking: 0.0000, Rail track: 0.0000, Building: 0.8508, Wall: 0.0000, Fence: 0.5761, Guard rail: 0.0000, Bridge: 0.0000, Tunnel: 0.0000, Pole: 0.0000, Pole group: 0.4452, Traffic light: 0.0000, Traffic sign: 0.6067, Vegetation: 0.8573, Terrain: 0.0113, Sky: 0.9369, Person: 0.0000, Rider: 0.0000, Car: 0.8093, Truck: 0.0000, Bus: 0.0000, Caravan: 0.0000, Trailer: 0.0000, Train: 0.0000, Motorcycle: 0.0000, Bicycle: 0.0000 }
        MeanDICE: 0.3729
    

    Epoch 8:
      Train Loss: 0.2076, Train Accuracy: 0.8278
      Val Loss: 0.2029
      Metrics:
        val_loss: 0.2029
        val_accuracy: 0.8358
        IoU: { Unlabeled: 0.2570, Unused: 0.0000, Unused: 0.0000, Unused: 0.0000, Static: 0.0000, Dynamic: 0.0000, Ground: 0.0000, Road: 0.9050, Sidewalk: 0.5886, Parking: 0.0000, Rail track: 0.0000, Building: 0.7635, Wall: 0.0000, Fence: 0.5090, Guard rail: 0.0000, Bridge: 0.0000, Tunnel: 0.0000, Pole: 0.0000, Pole group: 0.3004, Traffic light: 0.0000, Traffic sign: 0.4712, Vegetation: 0.7598, Terrain: 0.0060, Sky: 0.8914, Person: 0.0000, Rider: 0.0000, Car: 0.7049, Truck: 0.0000, Bus: 0.0000, Caravan: 0.0000, Trailer: 0.0000, Train: 0.0000, Motorcycle: 0.0000, Bicycle: 0.0000 }
        MeanIoU: 0.3217
        PixelAccuracy: 0.8363
        DICE: { Unlabeled: 0.4085, Unused: 0.0000, Unused: 0.0000, Unused: 0.0000, Static: 0.0000, Dynamic: 0.0000, Ground: 0.0000, Road: 0.9500, Sidewalk: 0.7392, Parking: 0.0000, Rail track: 0.0000, Building: 0.8655, Wall: 0.0000, Fence: 0.6619, Guard rail: 0.0000, Bridge: 0.0000, Tunnel: 0.0000, Pole: 0.0000, Pole group: 0.4404, Traffic light: 0.0000, Traffic sign: 0.6057, Vegetation: 0.8632, Terrain: 0.0118, Sky: 0.9425, Person: 0.0000, Rider: 0.0000, Car: 0.8243, Truck: 0.0000, Bus: 0.0000, Caravan: 0.0000, Trailer: 0.0000, Train: 0.0000, Motorcycle: 0.0000, Bicycle: 0.0000 }
        MeanDICE: 0.3820
    

    Epoch 9:
      Train Loss: 0.2043, Train Accuracy: 0.8347
      Val Loss: 0.2007
      Metrics:
        val_loss: 0.2007
        val_accuracy: 0.8434
        IoU: { Unlabeled: 0.2691, Unused: 0.0000, Unused: 0.0000, Unused: 0.0000, Static: 0.0000, Dynamic: 0.0000, Ground: 0.0000, Road: 0.9070, Sidewalk: 0.6108, Parking: 0.0000, Rail track: 0.0000, Building: 0.7836, Wall: 0.0000, Fence: 0.5208, Guard rail: 0.0000, Bridge: 0.0000, Tunnel: 0.0000, Pole: 0.0000, Pole group: 0.3091, Traffic light: 0.0000, Traffic sign: 0.4821, Vegetation: 0.7777, Terrain: 0.0057, Sky: 0.9012, Person: 0.0000, Rider: 0.0000, Car: 0.7104, Truck: 0.0000, Bus: 0.0000, Caravan: 0.0000, Trailer: 0.0000, Train: 0.0000, Motorcycle: 0.0000, Bicycle: 0.0000 }
        MeanIoU: 0.3279
        PixelAccuracy: 0.8438
        DICE: { Unlabeled: 0.4237, Unused: 0.0000, Unused: 0.0000, Unused: 0.0000, Static: 0.0000, Dynamic: 0.0000, Ground: 0.0000, Road: 0.9511, Sidewalk: 0.7567, Parking: 0.0000, Rail track: 0.0000, Building: 0.8784, Wall: 0.0000, Fence: 0.6722, Guard rail: 0.0000, Bridge: 0.0000, Tunnel: 0.0000, Pole: 0.0000, Pole group: 0.4495, Traffic light: 0.0000, Traffic sign: 0.6155, Vegetation: 0.8747, Terrain: 0.0112, Sky: 0.9480, Person: 0.0000, Rider: 0.0000, Car: 0.8288, Truck: 0.0000, Bus: 0.0000, Caravan: 0.0000, Trailer: 0.0000, Train: 0.0000, Motorcycle: 0.0000, Bicycle: 0.0000 }
        MeanDICE: 0.3870
    

    Epoch 10:
      Train Loss: 0.2030, Train Accuracy: 0.8393
      Val Loss: 0.2000
      Metrics:
        val_loss: 0.2000
        val_accuracy: 0.8424
        IoU: { Unlabeled: 0.2723, Unused: 0.0000, Unused: 0.0000, Unused: 0.0000, Static: 0.0000, Dynamic: 0.0000, Ground: 0.0000, Road: 0.9098, Sidewalk: 0.6124, Parking: 0.0000, Rail track: 0.0000, Building: 0.7826, Wall: 0.0000, Fence: 0.5194, Guard rail: 0.0000, Bridge: 0.0000, Tunnel: 0.0000, Pole: 0.0000, Pole group: 0.3036, Traffic light: 0.0000, Traffic sign: 0.4861, Vegetation: 0.7760, Terrain: 0.0060, Sky: 0.8973, Person: 0.0000, Rider: 0.0000, Car: 0.7228, Truck: 0.0000, Bus: 0.0000, Caravan: 0.0000, Trailer: 0.0000, Train: 0.0000, Motorcycle: 0.0000, Bicycle: 0.0000 }
        MeanIoU: 0.3286
        PixelAccuracy: 0.8427
        DICE: { Unlabeled: 0.4277, Unused: 0.0000, Unused: 0.0000, Unused: 0.0000, Static: 0.0000, Dynamic: 0.0000, Ground: 0.0000, Road: 0.9526, Sidewalk: 0.7576, Parking: 0.0000, Rail track: 0.0000, Building: 0.8776, Wall: 0.0000, Fence: 0.6720, Guard rail: 0.0000, Bridge: 0.0000, Tunnel: 0.0000, Pole: 0.0000, Pole group: 0.4447, Traffic light: 0.0000, Traffic sign: 0.6206, Vegetation: 0.8736, Terrain: 0.0118, Sky: 0.9458, Person: 0.0000, Rider: 0.0000, Car: 0.8377, Truck: 0.0000, Bus: 0.0000, Caravan: 0.0000, Trailer: 0.0000, Train: 0.0000, Motorcycle: 0.0000, Bicycle: 0.0000 }
        MeanDICE: 0.3877
    

    Epoch 11:
      Train Loss: 0.2020, Train Accuracy: 0.8410
      Val Loss: 0.1980
      Metrics:
        val_loss: 0.1980
        val_accuracy: 0.8480
        IoU: { Unlabeled: 0.2809, Unused: 0.0000, Unused: 0.0000, Unused: 0.0000, Static: 0.0000, Dynamic: 0.0000, Ground: 0.0000, Road: 0.9103, Sidewalk: 0.6315, Parking: 0.0000, Rail track: 0.0000, Building: 0.7890, Wall: 0.0000, Fence: 0.5339, Guard rail: 0.0000, Bridge: 0.0000, Tunnel: 0.0000, Pole: 0.0000, Pole group: 0.3188, Traffic light: 0.0000, Traffic sign: 0.4978, Vegetation: 0.7873, Terrain: 0.0058, Sky: 0.9042, Person: 0.0000, Rider: 0.0000, Car: 0.7381, Truck: 0.0000, Bus: 0.0000, Caravan: 0.0000, Trailer: 0.0000, Train: 0.0000, Motorcycle: 0.0000, Bicycle: 0.0000 }
        MeanIoU: 0.3343
        PixelAccuracy: 0.8482
        DICE: { Unlabeled: 0.4381, Unused: 0.0000, Unused: 0.0000, Unused: 0.0000, Static: 0.0000, Dynamic: 0.0000, Ground: 0.0000, Road: 0.9529, Sidewalk: 0.7719, Parking: 0.0000, Rail track: 0.0000, Building: 0.8817, Wall: 0.0000, Fence: 0.6826, Guard rail: 0.0000, Bridge: 0.0000, Tunnel: 0.0000, Pole: 0.0000, Pole group: 0.4608, Traffic light: 0.0000, Traffic sign: 0.6309, Vegetation: 0.8807, Terrain: 0.0114, Sky: 0.9496, Person: 0.0000, Rider: 0.0000, Car: 0.8479, Truck: 0.0000, Bus: 0.0000, Caravan: 0.0000, Trailer: 0.0000, Train: 0.0000, Motorcycle: 0.0000, Bicycle: 0.0000 }
        MeanDICE: 0.3922
    

    Epoch 12:
      Train Loss: 0.1999, Train Accuracy: 0.8457
      Val Loss: 0.1974
      Metrics:
        val_loss: 0.1974
        val_accuracy: 0.8492
        IoU: { Unlabeled: 0.2866, Unused: 0.0000, Unused: 0.0000, Unused: 0.0000, Static: 0.0000, Dynamic: 0.0000, Ground: 0.0000, Road: 0.9150, Sidewalk: 0.6387, Parking: 0.0000, Rail track: 0.0000, Building: 0.7943, Wall: 0.0000, Fence: 0.5264, Guard rail: 0.0000, Bridge: 0.0000, Tunnel: 0.0000, Pole: 0.0000, Pole group: 0.3143, Traffic light: 0.0000, Traffic sign: 0.4958, Vegetation: 0.7841, Terrain: 0.0055, Sky: 0.9042, Person: 0.0000, Rider: 0.0000, Car: 0.7493, Truck: 0.0000, Bus: 0.0000, Caravan: 0.0000, Trailer: 0.0000, Train: 0.0000, Motorcycle: 0.0000, Bicycle: 0.0000 }
        MeanIoU: 0.3352
        PixelAccuracy: 0.8496
        DICE: { Unlabeled: 0.4451, Unused: 0.0000, Unused: 0.0000, Unused: 0.0000, Static: 0.0000, Dynamic: 0.0000, Ground: 0.0000, Road: 0.9555, Sidewalk: 0.7780, Parking: 0.0000, Rail track: 0.0000, Building: 0.8850, Wall: 0.0000, Fence: 0.6773, Guard rail: 0.0000, Bridge: 0.0000, Tunnel: 0.0000, Pole: 0.0000, Pole group: 0.4569, Traffic light: 0.0000, Traffic sign: 0.6297, Vegetation: 0.8787, Terrain: 0.0110, Sky: 0.9496, Person: 0.0000, Rider: 0.0000, Car: 0.8553, Truck: 0.0000, Bus: 0.0000, Caravan: 0.0000, Trailer: 0.0000, Train: 0.0000, Motorcycle: 0.0000, Bicycle: 0.0000 }
        MeanDICE: 0.3929
    

    Epoch 13:
      Train Loss: 0.1988, Train Accuracy: 0.8483
      Val Loss: 0.1960
      Metrics:
        val_loss: 0.1960
        val_accuracy: 0.8538
        IoU: { Unlabeled: 0.2932, Unused: 0.0000, Unused: 0.0000, Unused: 0.0000, Static: 0.0000, Dynamic: 0.0000, Ground: 0.0000, Road: 0.9203, Sidewalk: 0.6363, Parking: 0.0000, Rail track: 0.0000, Building: 0.8000, Wall: 0.0000, Fence: 0.5466, Guard rail: 0.0000, Bridge: 0.0000, Tunnel: 0.0000, Pole: 0.0000, Pole group: 0.3154, Traffic light: 0.0000, Traffic sign: 0.4918, Vegetation: 0.7981, Terrain: 0.0056, Sky: 0.9064, Person: 0.0000, Rider: 0.0000, Car: 0.7644, Truck: 0.0000, Bus: 0.0000, Caravan: 0.0000, Trailer: 0.0000, Train: 0.0000, Motorcycle: 0.0000, Bicycle: 0.0000 }
        MeanIoU: 0.3384
        PixelAccuracy: 0.8540
        DICE: { Unlabeled: 0.4529, Unused: 0.0000, Unused: 0.0000, Unused: 0.0000, Static: 0.0000, Dynamic: 0.0000, Ground: 0.0000, Road: 0.9584, Sidewalk: 0.7760, Parking: 0.0000, Rail track: 0.0000, Building: 0.8886, Wall: 0.0000, Fence: 0.6942, Guard rail: 0.0000, Bridge: 0.0000, Tunnel: 0.0000, Pole: 0.0000, Pole group: 0.4565, Traffic light: 0.0000, Traffic sign: 0.6237, Vegetation: 0.8875, Terrain: 0.0112, Sky: 0.9508, Person: 0.0000, Rider: 0.0000, Car: 0.8655, Truck: 0.0000, Bus: 0.0000, Caravan: 0.0000, Trailer: 0.0000, Train: 0.0000, Motorcycle: 0.0000, Bicycle: 0.0000 }
        MeanDICE: 0.3951
    

    Epoch 14:
      Train Loss: 0.1978, Train Accuracy: 0.8506
      Val Loss: 0.1957
      Metrics:
        val_loss: 0.1957
        val_accuracy: 0.8548
        IoU: { Unlabeled: 0.2944, Unused: 0.0000, Unused: 0.0000, Unused: 0.0000, Static: 0.0000, Dynamic: 0.0000, Ground: 0.0000, Road: 0.9197, Sidewalk: 0.6453, Parking: 0.0000, Rail track: 0.0000, Building: 0.7975, Wall: 0.0000, Fence: 0.5406, Guard rail: 0.0000, Bridge: 0.0000, Tunnel: 0.0000, Pole: 0.0000, Pole group: 0.3088, Traffic light: 0.0000, Traffic sign: 0.4921, Vegetation: 0.7994, Terrain: 0.0060, Sky: 0.9127, Person: 0.0000, Rider: 0.0000, Car: 0.7737, Truck: 0.0000, Bus: 0.0000, Caravan: 0.0000, Trailer: 0.0000, Train: 0.0000, Motorcycle: 0.0000, Bicycle: 0.0000 }
        MeanIoU: 0.3390
        PixelAccuracy: 0.8551
        DICE: { Unlabeled: 0.4543, Unused: 0.0000, Unused: 0.0000, Unused: 0.0000, Static: 0.0000, Dynamic: 0.0000, Ground: 0.0000, Road: 0.9581, Sidewalk: 0.7828, Parking: 0.0000, Rail track: 0.0000, Building: 0.8870, Wall: 0.0000, Fence: 0.6873, Guard rail: 0.0000, Bridge: 0.0000, Tunnel: 0.0000, Pole: 0.0000, Pole group: 0.4497, Traffic light: 0.0000, Traffic sign: 0.6260, Vegetation: 0.8882, Terrain: 0.0118, Sky: 0.9543, Person: 0.0000, Rider: 0.0000, Car: 0.8715, Truck: 0.0000, Bus: 0.0000, Caravan: 0.0000, Trailer: 0.0000, Train: 0.0000, Motorcycle: 0.0000, Bicycle: 0.0000 }
        MeanDICE: 0.3954
    

    Epoch 15:
      Train Loss: 0.1971, Train Accuracy: 0.8520
      Val Loss: 0.1945
      Metrics:
        val_loss: 0.1945
        val_accuracy: 0.8572
        IoU: { Unlabeled: 0.3029, Unused: 0.0000, Unused: 0.0000, Unused: 0.0000, Static: 0.0000, Dynamic: 0.0000, Ground: 0.0000, Road: 0.9213, Sidewalk: 0.6653, Parking: 0.0000, Rail track: 0.0000, Building: 0.8075, Wall: 0.0000, Fence: 0.5587, Guard rail: 0.0000, Bridge: 0.0000, Tunnel: 0.0000, Pole: 0.0000, Pole group: 0.3155, Traffic light: 0.0000, Traffic sign: 0.4924, Vegetation: 0.8032, Terrain: 0.0052, Sky: 0.9150, Person: 0.0000, Rider: 0.0000, Car: 0.7648, Truck: 0.0000, Bus: 0.0000, Caravan: 0.0000, Trailer: 0.0000, Train: 0.0000, Motorcycle: 0.0000, Bicycle: 0.0000 }
        MeanIoU: 0.3423
        PixelAccuracy: 0.8576
        DICE: { Unlabeled: 0.4644, Unused: 0.0000, Unused: 0.0000, Unused: 0.0000, Static: 0.0000, Dynamic: 0.0000, Ground: 0.0000, Road: 0.9590, Sidewalk: 0.7976, Parking: 0.0000, Rail track: 0.0000, Building: 0.8932, Wall: 0.0000, Fence: 0.7050, Guard rail: 0.0000, Bridge: 0.0000, Tunnel: 0.0000, Pole: 0.0000, Pole group: 0.4561, Traffic light: 0.0000, Traffic sign: 0.6245, Vegetation: 0.8906, Terrain: 0.0103, Sky: 0.9555, Person: 0.0000, Rider: 0.0000, Car: 0.8655, Truck: 0.0000, Bus: 0.0000, Caravan: 0.0000, Trailer: 0.0000, Train: 0.0000, Motorcycle: 0.0000, Bicycle: 0.0000 }
        MeanDICE: 0.3981
    

    Epoch 16:
      Train Loss: 0.1959, Train Accuracy: 0.8551
      Val Loss: 0.1935
      Metrics:
        val_loss: 0.1935
        val_accuracy: 0.8596
        IoU: { Unlabeled: 0.3056, Unused: 0.0000, Unused: 0.0000, Unused: 0.0000, Static: 0.0000, Dynamic: 0.0000, Ground: 0.0000, Road: 0.9231, Sidewalk: 0.6632, Parking: 0.0000, Rail track: 0.0000, Building: 0.8131, Wall: 0.0000, Fence: 0.5520, Guard rail: 0.0000, Bridge: 0.0000, Tunnel: 0.0000, Pole: 0.0000, Pole group: 0.3100, Traffic light: 0.0000, Traffic sign: 0.4921, Vegetation: 0.8089, Terrain: 0.0058, Sky: 0.9153, Person: 0.0000, Rider: 0.0000, Car: 0.7834, Truck: 0.0000, Bus: 0.0000, Caravan: 0.0000, Trailer: 0.0000, Train: 0.0000, Motorcycle: 0.0000, Bicycle: 0.0000 }
        MeanIoU: 0.3435
        PixelAccuracy: 0.8599
        DICE: { Unlabeled: 0.4677, Unused: 0.0000, Unused: 0.0000, Unused: 0.0000, Static: 0.0000, Dynamic: 0.0000, Ground: 0.0000, Road: 0.9599, Sidewalk: 0.7959, Parking: 0.0000, Rail track: 0.0000, Building: 0.8966, Wall: 0.0000, Fence: 0.6972, Guard rail: 0.0000, Bridge: 0.0000, Tunnel: 0.0000, Pole: 0.0000, Pole group: 0.4498, Traffic light: 0.0000, Traffic sign: 0.6250, Vegetation: 0.8941, Terrain: 0.0114, Sky: 0.9557, Person: 0.0000, Rider: 0.0000, Car: 0.8776, Truck: 0.0000, Bus: 0.0000, Caravan: 0.0000, Trailer: 0.0000, Train: 0.0000, Motorcycle: 0.0000, Bicycle: 0.0000 }
        MeanDICE: 0.3986
    

    Epoch 17:
      Train Loss: 0.1959, Train Accuracy: 0.8548
      Val Loss: 0.1939
      Metrics:
        val_loss: 0.1939
        val_accuracy: 0.8591
        IoU: { Unlabeled: 0.3065, Unused: 0.0000, Unused: 0.0000, Unused: 0.0000, Static: 0.0000, Dynamic: 0.0000, Ground: 0.0000, Road: 0.9222, Sidewalk: 0.6553, Parking: 0.0000, Rail track: 0.0000, Building: 0.8105, Wall: 0.0000, Fence: 0.5661, Guard rail: 0.0000, Bridge: 0.0000, Tunnel: 0.0000, Pole: 0.0000, Pole group: 0.3182, Traffic light: 0.0000, Traffic sign: 0.5023, Vegetation: 0.8068, Terrain: 0.0060, Sky: 0.9144, Person: 0.0000, Rider: 0.0000, Car: 0.7789, Truck: 0.0000, Bus: 0.0000, Caravan: 0.0000, Trailer: 0.0000, Train: 0.0000, Motorcycle: 0.0000, Bicycle: 0.0000 }
        MeanIoU: 0.3441
        PixelAccuracy: 0.8594
        DICE: { Unlabeled: 0.4687, Unused: 0.0000, Unused: 0.0000, Unused: 0.0000, Static: 0.0000, Dynamic: 0.0000, Ground: 0.0000, Road: 0.9594, Sidewalk: 0.7899, Parking: 0.0000, Rail track: 0.0000, Building: 0.8950, Wall: 0.0000, Fence: 0.7095, Guard rail: 0.0000, Bridge: 0.0000, Tunnel: 0.0000, Pole: 0.0000, Pole group: 0.4608, Traffic light: 0.0000, Traffic sign: 0.6341, Vegetation: 0.8928, Terrain: 0.0117, Sky: 0.9552, Person: 0.0000, Rider: 0.0000, Car: 0.8746, Truck: 0.0000, Bus: 0.0000, Caravan: 0.0000, Trailer: 0.0000, Train: 0.0000, Motorcycle: 0.0000, Bicycle: 0.0000 }
        MeanDICE: 0.3996
    

    Epoch 18:
      Train Loss: 0.1953, Train Accuracy: 0.8566
      Val Loss: 0.1929
      Metrics:
        val_loss: 0.1929
        val_accuracy: 0.8610
        IoU: { Unlabeled: 0.3099, Unused: 0.0000, Unused: 0.0000, Unused: 0.0000, Static: 0.0000, Dynamic: 0.0000, Ground: 0.0000, Road: 0.9234, Sidewalk: 0.6650, Parking: 0.0000, Rail track: 0.0000, Building: 0.8151, Wall: 0.0000, Fence: 0.5721, Guard rail: 0.0000, Bridge: 0.0000, Tunnel: 0.0000, Pole: 0.0000, Pole group: 0.3163, Traffic light: 0.0000, Traffic sign: 0.4959, Vegetation: 0.8121, Terrain: 0.0058, Sky: 0.9175, Person: 0.0000, Rider: 0.0000, Car: 0.7735, Truck: 0.0000, Bus: 0.0000, Caravan: 0.0000, Trailer: 0.0000, Train: 0.0000, Motorcycle: 0.0000, Bicycle: 0.0000 }
        MeanIoU: 0.3452
        PixelAccuracy: 0.8615
        DICE: { Unlabeled: 0.4726, Unused: 0.0000, Unused: 0.0000, Unused: 0.0000, Static: 0.0000, Dynamic: 0.0000, Ground: 0.0000, Road: 0.9601, Sidewalk: 0.7971, Parking: 0.0000, Rail track: 0.0000, Building: 0.8978, Wall: 0.0000, Fence: 0.7139, Guard rail: 0.0000, Bridge: 0.0000, Tunnel: 0.0000, Pole: 0.0000, Pole group: 0.4586, Traffic light: 0.0000, Traffic sign: 0.6279, Vegetation: 0.8961, Terrain: 0.0114, Sky: 0.9569, Person: 0.0000, Rider: 0.0000, Car: 0.8710, Truck: 0.0000, Bus: 0.0000, Caravan: 0.0000, Trailer: 0.0000, Train: 0.0000, Motorcycle: 0.0000, Bicycle: 0.0000 }
        MeanDICE: 0.4003
    

    Epoch 19:
      Train Loss: 0.1936, Train Accuracy: 0.8606
      Val Loss: 0.1912
      Metrics:
        val_loss: 0.1912
        val_accuracy: 0.8647
        IoU: { Unlabeled: 0.3159, Unused: 0.0000, Unused: 0.0000, Unused: 0.0000, Static: 0.0000, Dynamic: 0.0000, Ground: 0.0000, Road: 0.9263, Sidewalk: 0.6781, Parking: 0.0000, Rail track: 0.0000, Building: 0.8222, Wall: 0.0000, Fence: 0.5836, Guard rail: 0.0000, Bridge: 0.0000, Tunnel: 0.0000, Pole: 0.0000, Pole group: 0.3210, Traffic light: 0.0000, Traffic sign: 0.5366, Vegetation: 0.8158, Terrain: 0.0059, Sky: 0.9209, Person: 0.0000, Rider: 0.0000, Car: 0.7913, Truck: 0.0000, Bus: 0.0000, Caravan: 0.0000, Trailer: 0.0000, Train: 0.0000, Motorcycle: 0.0000, Bicycle: 0.0000 }
        MeanIoU: 0.3510
        PixelAccuracy: 0.8650
        DICE: { Unlabeled: 0.4796, Unused: 0.0000, Unused: 0.0000, Unused: 0.0000, Static: 0.0000, Dynamic: 0.0000, Ground: 0.0000, Road: 0.9616, Sidewalk: 0.8065, Parking: 0.0000, Rail track: 0.0000, Building: 0.9021, Wall: 0.0000, Fence: 0.7230, Guard rail: 0.0000, Bridge: 0.0000, Tunnel: 0.0000, Pole: 0.0000, Pole group: 0.4629, Traffic light: 0.0000, Traffic sign: 0.6615, Vegetation: 0.8984, Terrain: 0.0117, Sky: 0.9587, Person: 0.0000, Rider: 0.0000, Car: 0.8826, Truck: 0.0000, Bus: 0.0000, Caravan: 0.0000, Trailer: 0.0000, Train: 0.0000, Motorcycle: 0.0000, Bicycle: 0.0000 }
        MeanDICE: 0.4047
    

    Epoch 20:
      Train Loss: 0.1937, Train Accuracy: 0.8607
      Val Loss: 0.1912
      Metrics:
        val_loss: 0.1912
        val_accuracy: 0.8653
        IoU: { Unlabeled: 0.3207, Unused: 0.0000, Unused: 0.0000, Unused: 0.0000, Static: 0.0000, Dynamic: 0.0000, Ground: 0.0000, Road: 0.9285, Sidewalk: 0.6767, Parking: 0.0000, Rail track: 0.0000, Building: 0.8220, Wall: 0.0000, Fence: 0.5825, Guard rail: 0.0000, Bridge: 0.0000, Tunnel: 0.0000, Pole: 0.0000, Pole group: 0.3135, Traffic light: 0.0000, Traffic sign: 0.5269, Vegetation: 0.8204, Terrain: 0.0060, Sky: 0.9199, Person: 0.0000, Rider: 0.0000, Car: 0.7946, Truck: 0.0000, Bus: 0.0000, Caravan: 0.0000, Trailer: 0.0000, Train: 0.0000, Motorcycle: 0.0000, Bicycle: 0.0000 }
        MeanIoU: 0.3507
        PixelAccuracy: 0.8656
        DICE: { Unlabeled: 0.4851, Unused: 0.0000, Unused: 0.0000, Unused: 0.0000, Static: 0.0000, Dynamic: 0.0000, Ground: 0.0000, Road: 0.9629, Sidewalk: 0.8056, Parking: 0.0000, Rail track: 0.0000, Building: 0.9020, Wall: 0.0000, Fence: 0.7230, Guard rail: 0.0000, Bridge: 0.0000, Tunnel: 0.0000, Pole: 0.0000, Pole group: 0.4540, Traffic light: 0.0000, Traffic sign: 0.6536, Vegetation: 0.9012, Terrain: 0.0118, Sky: 0.9582, Person: 0.0000, Rider: 0.0000, Car: 0.8846, Truck: 0.0000, Bus: 0.0000, Caravan: 0.0000, Trailer: 0.0000, Train: 0.0000, Motorcycle: 0.0000, Bicycle: 0.0000 }
        MeanDICE: 0.4044
    

    Epoch 21:
      Train Loss: 0.1934, Train Accuracy: 0.8614
      Val Loss: 0.1913
      Metrics:
        val_loss: 0.1913
        val_accuracy: 0.8656
        IoU: { Unlabeled: 0.3173, Unused: 0.0000, Unused: 0.0000, Unused: 0.0000, Static: 0.0000, Dynamic: 0.0000, Ground: 0.0000, Road: 0.9294, Sidewalk: 0.6671, Parking: 0.0000, Rail track: 0.0000, Building: 0.8236, Wall: 0.0000, Fence: 0.5853, Guard rail: 0.0000, Bridge: 0.0000, Tunnel: 0.0000, Pole: 0.0000, Pole group: 0.3220, Traffic light: 0.0000, Traffic sign: 0.5382, Vegetation: 0.8206, Terrain: 0.0059, Sky: 0.9230, Person: 0.0000, Rider: 0.0000, Car: 0.7837, Truck: 0.0000, Bus: 0.0000, Caravan: 0.0000, Trailer: 0.0000, Train: 0.0000, Motorcycle: 0.0000, Bicycle: 0.0000 }
        MeanIoU: 0.3509
        PixelAccuracy: 0.8659
        DICE: { Unlabeled: 0.4812, Unused: 0.0000, Unused: 0.0000, Unused: 0.0000, Static: 0.0000, Dynamic: 0.0000, Ground: 0.0000, Road: 0.9634, Sidewalk: 0.7986, Parking: 0.0000, Rail track: 0.0000, Building: 0.9030, Wall: 0.0000, Fence: 0.7266, Guard rail: 0.0000, Bridge: 0.0000, Tunnel: 0.0000, Pole: 0.0000, Pole group: 0.4637, Traffic light: 0.0000, Traffic sign: 0.6627, Vegetation: 0.9012, Terrain: 0.0117, Sky: 0.9599, Person: 0.0000, Rider: 0.0000, Car: 0.8776, Truck: 0.0000, Bus: 0.0000, Caravan: 0.0000, Trailer: 0.0000, Train: 0.0000, Motorcycle: 0.0000, Bicycle: 0.0000 }
        MeanDICE: 0.4048
    

    Epoch 22:
      Train Loss: 0.1922, Train Accuracy: 0.8639
      Val Loss: 0.1904
      Metrics:
        val_loss: 0.1904
        val_accuracy: 0.8672
        IoU: { Unlabeled: 0.3235, Unused: 0.0000, Unused: 0.0000, Unused: 0.0000, Static: 0.0000, Dynamic: 0.0000, Ground: 0.0000, Road: 0.9296, Sidewalk: 0.6795, Parking: 0.0000, Rail track: 0.0000, Building: 0.8269, Wall: 0.0000, Fence: 0.5895, Guard rail: 0.0000, Bridge: 0.0000, Tunnel: 0.0000, Pole: 0.0000, Pole group: 0.3200, Traffic light: 0.0000, Traffic sign: 0.5409, Vegetation: 0.8226, Terrain: 0.0061, Sky: 0.9237, Person: 0.0000, Rider: 0.0000, Car: 0.7933, Truck: 0.0000, Bus: 0.0000, Caravan: 0.0000, Trailer: 0.0000, Train: 0.0000, Motorcycle: 0.0000, Bicycle: 0.0000 }
        MeanIoU: 0.3529
        PixelAccuracy: 0.8676
        DICE: { Unlabeled: 0.4883, Unused: 0.0000, Unused: 0.0000, Unused: 0.0000, Static: 0.0000, Dynamic: 0.0000, Ground: 0.0000, Road: 0.9634, Sidewalk: 0.8074, Parking: 0.0000, Rail track: 0.0000, Building: 0.9050, Wall: 0.0000, Fence: 0.7301, Guard rail: 0.0000, Bridge: 0.0000, Tunnel: 0.0000, Pole: 0.0000, Pole group: 0.4625, Traffic light: 0.0000, Traffic sign: 0.6650, Vegetation: 0.9025, Terrain: 0.0120, Sky: 0.9602, Person: 0.0000, Rider: 0.0000, Car: 0.8839, Truck: 0.0000, Bus: 0.0000, Caravan: 0.0000, Trailer: 0.0000, Train: 0.0000, Motorcycle: 0.0000, Bicycle: 0.0000 }
        MeanDICE: 0.4063
    

    Epoch 23:
      Train Loss: 0.1921, Train Accuracy: 0.8634
      Val Loss: 0.1903
      Metrics:
        val_loss: 0.1903
        val_accuracy: 0.8674
        IoU: { Unlabeled: 0.3229, Unused: 0.0000, Unused: 0.0000, Unused: 0.0000, Static: 0.0000, Dynamic: 0.0000, Ground: 0.0000, Road: 0.9309, Sidewalk: 0.6718, Parking: 0.0000, Rail track: 0.0000, Building: 0.8255, Wall: 0.0000, Fence: 0.5864, Guard rail: 0.0000, Bridge: 0.0000, Tunnel: 0.0000, Pole: 0.0000, Pole group: 0.3121, Traffic light: 0.0000, Traffic sign: 0.5334, Vegetation: 0.8197, Terrain: 0.0060, Sky: 0.9238, Person: 0.0000, Rider: 0.0000, Car: 0.7981, Truck: 0.0000, Bus: 0.0000, Caravan: 0.0000, Trailer: 0.0000, Train: 0.0000, Motorcycle: 0.0000, Bicycle: 0.0000 }
        MeanIoU: 0.3517
        PixelAccuracy: 0.8678
        DICE: { Unlabeled: 0.4875, Unused: 0.0000, Unused: 0.0000, Unused: 0.0000, Static: 0.0000, Dynamic: 0.0000, Ground: 0.0000, Road: 0.9642, Sidewalk: 0.8023, Parking: 0.0000, Rail track: 0.0000, Building: 0.9041, Wall: 0.0000, Fence: 0.7282, Guard rail: 0.0000, Bridge: 0.0000, Tunnel: 0.0000, Pole: 0.0000, Pole group: 0.4534, Traffic light: 0.0000, Traffic sign: 0.6588, Vegetation: 0.9007, Terrain: 0.0119, Sky: 0.9603, Person: 0.0000, Rider: 0.0000, Car: 0.8870, Truck: 0.0000, Bus: 0.0000, Caravan: 0.0000, Trailer: 0.0000, Train: 0.0000, Motorcycle: 0.0000, Bicycle: 0.0000 }
        MeanDICE: 0.4052
    

    Epoch 24:
      Train Loss: 0.1911, Train Accuracy: 0.8659
      Val Loss: 0.1889
      Metrics:
        val_loss: 0.1889
        val_accuracy: 0.8688
        IoU: { Unlabeled: 0.3344, Unused: 0.0000, Unused: 0.0000, Unused: 0.0000, Static: 0.0000, Dynamic: 0.0000, Ground: 0.0000, Road: 0.9330, Sidewalk: 0.6865, Parking: 0.0000, Rail track: 0.0000, Building: 0.8310, Wall: 0.0000, Fence: 0.5988, Guard rail: 0.0000, Bridge: 0.0000, Tunnel: 0.0000, Pole: 0.0000, Pole group: 0.3206, Traffic light: 0.0000, Traffic sign: 0.5342, Vegetation: 0.8243, Terrain: 0.0060, Sky: 0.9250, Person: 0.0000, Rider: 0.0000, Car: 0.8016, Truck: 0.0000, Bus: 0.0000, Caravan: 0.0000, Trailer: 0.0000, Train: 0.0000, Motorcycle: 0.0000, Bicycle: 0.0000 }
        MeanIoU: 0.3551
        PixelAccuracy: 0.8692
        DICE: { Unlabeled: 0.5006, Unused: 0.0000, Unused: 0.0000, Unused: 0.0000, Static: 0.0000, Dynamic: 0.0000, Ground: 0.0000, Road: 0.9653, Sidewalk: 0.8129, Parking: 0.0000, Rail track: 0.0000, Building: 0.9075, Wall: 0.0000, Fence: 0.7382, Guard rail: 0.0000, Bridge: 0.0000, Tunnel: 0.0000, Pole: 0.0000, Pole group: 0.4618, Traffic light: 0.0000, Traffic sign: 0.6581, Vegetation: 0.9035, Terrain: 0.0117, Sky: 0.9610, Person: 0.0000, Rider: 0.0000, Car: 0.8890, Truck: 0.0000, Bus: 0.0000, Caravan: 0.0000, Trailer: 0.0000, Train: 0.0000, Motorcycle: 0.0000, Bicycle: 0.0000 }
        MeanDICE: 0.4079
    

    Epoch 25:
      Train Loss: 0.1910, Train Accuracy: 0.8662
      Val Loss: 0.1891
      Metrics:
        val_loss: 0.1891
        val_accuracy: 0.8693
        IoU: { Unlabeled: 0.3303, Unused: 0.0000, Unused: 0.0000, Unused: 0.0000, Static: 0.0000, Dynamic: 0.0000, Ground: 0.0000, Road: 0.9327, Sidewalk: 0.6869, Parking: 0.0000, Rail track: 0.0000, Building: 0.8311, Wall: 0.0000, Fence: 0.6008, Guard rail: 0.0000, Bridge: 0.0000, Tunnel: 0.0000, Pole: 0.0000, Pole group: 0.3201, Traffic light: 0.0000, Traffic sign: 0.5365, Vegetation: 0.8252, Terrain: 0.0059, Sky: 0.9261, Person: 0.0000, Rider: 0.0000, Car: 0.8019, Truck: 0.0000, Bus: 0.0000, Caravan: 0.0000, Trailer: 0.0000, Train: 0.0000, Motorcycle: 0.0000, Bicycle: 0.0000 }
        MeanIoU: 0.3551
        PixelAccuracy: 0.8698
        DICE: { Unlabeled: 0.4959, Unused: 0.0000, Unused: 0.0000, Unused: 0.0000, Static: 0.0000, Dynamic: 0.0000, Ground: 0.0000, Road: 0.9651, Sidewalk: 0.8133, Parking: 0.0000, Rail track: 0.0000, Building: 0.9075, Wall: 0.0000, Fence: 0.7400, Guard rail: 0.0000, Bridge: 0.0000, Tunnel: 0.0000, Pole: 0.0000, Pole group: 0.4615, Traffic light: 0.0000, Traffic sign: 0.6611, Vegetation: 0.9040, Terrain: 0.0117, Sky: 0.9615, Person: 0.0000, Rider: 0.0000, Car: 0.8890, Truck: 0.0000, Bus: 0.0000, Caravan: 0.0000, Trailer: 0.0000, Train: 0.0000, Motorcycle: 0.0000, Bicycle: 0.0000 }
        MeanDICE: 0.4079
    

    Epoch 26:
      Train Loss: 0.1905, Train Accuracy: 0.8673
      Val Loss: 0.1881
      Metrics:
        val_loss: 0.1881
        val_accuracy: 0.8715
        IoU: { Unlabeled: 0.3337, Unused: 0.0000, Unused: 0.0000, Unused: 0.0000, Static: 0.0000, Dynamic: 0.0000, Ground: 0.0000, Road: 0.9351, Sidewalk: 0.7011, Parking: 0.0000, Rail track: 0.0000, Building: 0.8359, Wall: 0.0000, Fence: 0.6117, Guard rail: 0.0000, Bridge: 0.0000, Tunnel: 0.0000, Pole: 0.0000, Pole group: 0.3231, Traffic light: 0.0000, Traffic sign: 0.5418, Vegetation: 0.8271, Terrain: 0.0060, Sky: 0.9270, Person: 0.0000, Rider: 0.0000, Car: 0.8109, Truck: 0.0000, Bus: 0.0000, Caravan: 0.0000, Trailer: 0.0000, Train: 0.0000, Motorcycle: 0.0000, Bicycle: 0.0000 }
        MeanIoU: 0.3580
        PixelAccuracy: 0.8719
        DICE: { Unlabeled: 0.4997, Unused: 0.0000, Unused: 0.0000, Unused: 0.0000, Static: 0.0000, Dynamic: 0.0000, Ground: 0.0000, Road: 0.9664, Sidewalk: 0.8233, Parking: 0.0000, Rail track: 0.0000, Building: 0.9103, Wall: 0.0000, Fence: 0.7489, Guard rail: 0.0000, Bridge: 0.0000, Tunnel: 0.0000, Pole: 0.0000, Pole group: 0.4654, Traffic light: 0.0000, Traffic sign: 0.6653, Vegetation: 0.9052, Terrain: 0.0118, Sky: 0.9620, Person: 0.0000, Rider: 0.0000, Car: 0.8948, Truck: 0.0000, Bus: 0.0000, Caravan: 0.0000, Trailer: 0.0000, Train: 0.0000, Motorcycle: 0.0000, Bicycle: 0.0000 }
        MeanDICE: 0.4101
    

    Epoch 27:
      Train Loss: 0.1898, Train Accuracy: 0.8690
      Val Loss: 0.1877
      Metrics:
        val_loss: 0.1877
        val_accuracy: 0.8733
        IoU: { Unlabeled: 0.3406, Unused: 0.0000, Unused: 0.0000, Unused: 0.0000, Static: 0.0000, Dynamic: 0.0000, Ground: 0.0000, Road: 0.9358, Sidewalk: 0.7016, Parking: 0.0000, Rail track: 0.0000, Building: 0.8365, Wall: 0.0000, Fence: 0.6106, Guard rail: 0.0000, Bridge: 0.0000, Tunnel: 0.0000, Pole: 0.0000, Pole group: 0.3217, Traffic light: 0.0000, Traffic sign: 0.5405, Vegetation: 0.8307, Terrain: 0.0057, Sky: 0.9306, Person: 0.0000, Rider: 0.0000, Car: 0.8118, Truck: 0.0000, Bus: 0.0000, Caravan: 0.0000, Trailer: 0.0000, Train: 0.0000, Motorcycle: 0.0000, Bicycle: 0.0000 }
        MeanIoU: 0.3587
        PixelAccuracy: 0.8736
        DICE: { Unlabeled: 0.5075, Unused: 0.0000, Unused: 0.0000, Unused: 0.0000, Static: 0.0000, Dynamic: 0.0000, Ground: 0.0000, Road: 0.9668, Sidewalk: 0.8236, Parking: 0.0000, Rail track: 0.0000, Building: 0.9107, Wall: 0.0000, Fence: 0.7470, Guard rail: 0.0000, Bridge: 0.0000, Tunnel: 0.0000, Pole: 0.0000, Pole group: 0.4638, Traffic light: 0.0000, Traffic sign: 0.6641, Vegetation: 0.9073, Terrain: 0.0113, Sky: 0.9640, Person: 0.0000, Rider: 0.0000, Car: 0.8952, Truck: 0.0000, Bus: 0.0000, Caravan: 0.0000, Trailer: 0.0000, Train: 0.0000, Motorcycle: 0.0000, Bicycle: 0.0000 }
        MeanDICE: 0.4106
    

    Epoch 28:
      Train Loss: 0.1891, Train Accuracy: 0.8707
      Val Loss: 0.1875
      Metrics:
        val_loss: 0.1875
        val_accuracy: 0.8737
        IoU: { Unlabeled: 0.3415, Unused: 0.0000, Unused: 0.0000, Unused: 0.0000, Static: 0.0000, Dynamic: 0.0000, Ground: 0.0000, Road: 0.9353, Sidewalk: 0.7056, Parking: 0.0000, Rail track: 0.0000, Building: 0.8358, Wall: 0.0000, Fence: 0.6110, Guard rail: 0.0000, Bridge: 0.0000, Tunnel: 0.0000, Pole: 0.0000, Pole group: 0.3194, Traffic light: 0.0000, Traffic sign: 0.5392, Vegetation: 0.8328, Terrain: 0.0060, Sky: 0.9297, Person: 0.0000, Rider: 0.0000, Car: 0.8125, Truck: 0.0000, Bus: 0.0000, Caravan: 0.0000, Trailer: 0.0000, Train: 0.0000, Motorcycle: 0.0000, Bicycle: 0.0000 }
        MeanIoU: 0.3589
        PixelAccuracy: 0.8740
        DICE: { Unlabeled: 0.5085, Unused: 0.0000, Unused: 0.0000, Unused: 0.0000, Static: 0.0000, Dynamic: 0.0000, Ground: 0.0000, Road: 0.9665, Sidewalk: 0.8264, Parking: 0.0000, Rail track: 0.0000, Building: 0.9103, Wall: 0.0000, Fence: 0.7476, Guard rail: 0.0000, Bridge: 0.0000, Tunnel: 0.0000, Pole: 0.0000, Pole group: 0.4616, Traffic light: 0.0000, Traffic sign: 0.6632, Vegetation: 0.9086, Terrain: 0.0119, Sky: 0.9635, Person: 0.0000, Rider: 0.0000, Car: 0.8957, Truck: 0.0000, Bus: 0.0000, Caravan: 0.0000, Trailer: 0.0000, Train: 0.0000, Motorcycle: 0.0000, Bicycle: 0.0000 }
        MeanDICE: 0.4107
    

    Epoch 29:
      Train Loss: 0.1893, Train Accuracy: 0.8700
      Val Loss: 0.1878
      Metrics:
        val_loss: 0.1878
        val_accuracy: 0.8729
        IoU: { Unlabeled: 0.3364, Unused: 0.0000, Unused: 0.0000, Unused: 0.0000, Static: 0.0000, Dynamic: 0.0000, Ground: 0.0000, Road: 0.9362, Sidewalk: 0.6996, Parking: 0.0000, Rail track: 0.0000, Building: 0.8405, Wall: 0.0000, Fence: 0.6176, Guard rail: 0.0000, Bridge: 0.0000, Tunnel: 0.0000, Pole: 0.0000, Pole group: 0.3183, Traffic light: 0.0000, Traffic sign: 0.5353, Vegetation: 0.8285, Terrain: 0.0056, Sky: 0.9280, Person: 0.0000, Rider: 0.0000, Car: 0.8083, Truck: 0.0000, Bus: 0.0000, Caravan: 0.0000, Trailer: 0.0000, Train: 0.0000, Motorcycle: 0.0000, Bicycle: 0.0000 }
        MeanIoU: 0.3581
        PixelAccuracy: 0.8732
        DICE: { Unlabeled: 0.5027, Unused: 0.0000, Unused: 0.0000, Unused: 0.0000, Static: 0.0000, Dynamic: 0.0000, Ground: 0.0000, Road: 0.9670, Sidewalk: 0.8223, Parking: 0.0000, Rail track: 0.0000, Building: 0.9131, Wall: 0.0000, Fence: 0.7531, Guard rail: 0.0000, Bridge: 0.0000, Tunnel: 0.0000, Pole: 0.0000, Pole group: 0.4594, Traffic light: 0.0000, Traffic sign: 0.6594, Vegetation: 0.9060, Terrain: 0.0110, Sky: 0.9626, Person: 0.0000, Rider: 0.0000, Car: 0.8927, Truck: 0.0000, Bus: 0.0000, Caravan: 0.0000, Trailer: 0.0000, Train: 0.0000, Motorcycle: 0.0000, Bicycle: 0.0000 }
        MeanDICE: 0.4100
    

    Epoch 30:
      Train Loss: 0.1893, Train Accuracy: 0.8700
      Val Loss: 0.1875
      Metrics:
        val_loss: 0.1875
        val_accuracy: 0.8730
        IoU: { Unlabeled: 0.3401, Unused: 0.0000, Unused: 0.0000, Unused: 0.0000, Static: 0.0000, Dynamic: 0.0000, Ground: 0.0000, Road: 0.9339, Sidewalk: 0.6975, Parking: 0.0000, Rail track: 0.0000, Building: 0.8398, Wall: 0.0000, Fence: 0.6071, Guard rail: 0.0000, Bridge: 0.0000, Tunnel: 0.0000, Pole: 0.0000, Pole group: 0.3251, Traffic light: 0.0000, Traffic sign: 0.5424, Vegetation: 0.8300, Terrain: 0.0063, Sky: 0.9301, Person: 0.0000, Rider: 0.0000, Car: 0.8087, Truck: 0.0000, Bus: 0.0000, Caravan: 0.0000, Trailer: 0.0000, Train: 0.0000, Motorcycle: 0.0000, Bicycle: 0.0000 }
        MeanIoU: 0.3585
        PixelAccuracy: 0.8734
        DICE: { Unlabeled: 0.5070, Unused: 0.0000, Unused: 0.0000, Unused: 0.0000, Static: 0.0000, Dynamic: 0.0000, Ground: 0.0000, Road: 0.9658, Sidewalk: 0.8204, Parking: 0.0000, Rail track: 0.0000, Building: 0.9127, Wall: 0.0000, Fence: 0.7444, Guard rail: 0.0000, Bridge: 0.0000, Tunnel: 0.0000, Pole: 0.0000, Pole group: 0.4677, Traffic light: 0.0000, Traffic sign: 0.6660, Vegetation: 0.9069, Terrain: 0.0124, Sky: 0.9637, Person: 0.0000, Rider: 0.0000, Car: 0.8934, Truck: 0.0000, Bus: 0.0000, Caravan: 0.0000, Trailer: 0.0000, Train: 0.0000, Motorcycle: 0.0000, Bicycle: 0.0000 }
        MeanDICE: 0.4105
    

    Epoch 31:
      Train Loss: 0.1882, Train Accuracy: 0.8727
      Val Loss: 0.1871
      Metrics:
        val_loss: 0.1871
        val_accuracy: 0.8756
        IoU: { Unlabeled: 0.3409, Unused: 0.0000, Unused: 0.0000, Unused: 0.0000, Static: 0.0000, Dynamic: 0.0000, Ground: 0.0000, Road: 0.9376, Sidewalk: 0.7108, Parking: 0.0000, Rail track: 0.0000, Building: 0.8434, Wall: 0.0000, Fence: 0.6053, Guard rail: 0.0000, Bridge: 0.0000, Tunnel: 0.0000, Pole: 0.0000, Pole group: 0.3256, Traffic light: 0.0000, Traffic sign: 0.5422, Vegetation: 0.8326, Terrain: 0.0057, Sky: 0.9313, Person: 0.0000, Rider: 0.0000, Car: 0.8161, Truck: 0.0000, Bus: 0.0000, Caravan: 0.0000, Trailer: 0.0000, Train: 0.0000, Motorcycle: 0.0000, Bicycle: 0.0000 }
        MeanIoU: 0.3601
        PixelAccuracy: 0.8761
        DICE: { Unlabeled: 0.5078, Unused: 0.0000, Unused: 0.0000, Unused: 0.0000, Static: 0.0000, Dynamic: 0.0000, Ground: 0.0000, Road: 0.9677, Sidewalk: 0.8300, Parking: 0.0000, Rail track: 0.0000, Building: 0.9148, Wall: 0.0000, Fence: 0.7439, Guard rail: 0.0000, Bridge: 0.0000, Tunnel: 0.0000, Pole: 0.0000, Pole group: 0.4678, Traffic light: 0.0000, Traffic sign: 0.6655, Vegetation: 0.9085, Terrain: 0.0112, Sky: 0.9644, Person: 0.0000, Rider: 0.0000, Car: 0.8977, Truck: 0.0000, Bus: 0.0000, Caravan: 0.0000, Trailer: 0.0000, Train: 0.0000, Motorcycle: 0.0000, Bicycle: 0.0000 }
        MeanDICE: 0.4115
    

    Epoch 32:
      Train Loss: 0.1880, Train Accuracy: 0.8730
      Val Loss: 0.1868
      Metrics:
        val_loss: 0.1868
        val_accuracy: 0.8751
        IoU: { Unlabeled: 0.3450, Unused: 0.0000, Unused: 0.0000, Unused: 0.0000, Static: 0.0000, Dynamic: 0.0000, Ground: 0.0000, Road: 0.9377, Sidewalk: 0.7102, Parking: 0.0000, Rail track: 0.0000, Building: 0.8419, Wall: 0.0000, Fence: 0.6098, Guard rail: 0.0000, Bridge: 0.0000, Tunnel: 0.0000, Pole: 0.0000, Pole group: 0.3221, Traffic light: 0.0000, Traffic sign: 0.5425, Vegetation: 0.8347, Terrain: 0.0061, Sky: 0.9319, Person: 0.0000, Rider: 0.0000, Car: 0.8139, Truck: 0.0000, Bus: 0.0000, Caravan: 0.0000, Trailer: 0.0000, Train: 0.0000, Motorcycle: 0.0000, Bicycle: 0.0000 }
        MeanIoU: 0.3602
        PixelAccuracy: 0.8755
        DICE: { Unlabeled: 0.5124, Unused: 0.0000, Unused: 0.0000, Unused: 0.0000, Static: 0.0000, Dynamic: 0.0000, Ground: 0.0000, Road: 0.9678, Sidewalk: 0.8296, Parking: 0.0000, Rail track: 0.0000, Building: 0.9140, Wall: 0.0000, Fence: 0.7460, Guard rail: 0.0000, Bridge: 0.0000, Tunnel: 0.0000, Pole: 0.0000, Pole group: 0.4636, Traffic light: 0.0000, Traffic sign: 0.6659, Vegetation: 0.9097, Terrain: 0.0120, Sky: 0.9647, Person: 0.0000, Rider: 0.0000, Car: 0.8966, Truck: 0.0000, Bus: 0.0000, Caravan: 0.0000, Trailer: 0.0000, Train: 0.0000, Motorcycle: 0.0000, Bicycle: 0.0000 }
        MeanDICE: 0.4117
    

    Epoch 33:
      Train Loss: 0.1880, Train Accuracy: 0.8731
      Val Loss: 0.1863
      Metrics:
        val_loss: 0.1863
        val_accuracy: 0.8765
        IoU: { Unlabeled: 0.3480, Unused: 0.0000, Unused: 0.0000, Unused: 0.0000, Static: 0.0000, Dynamic: 0.0000, Ground: 0.0000, Road: 0.9396, Sidewalk: 0.7158, Parking: 0.0000, Rail track: 0.0000, Building: 0.8435, Wall: 0.0000, Fence: 0.6173, Guard rail: 0.0000, Bridge: 0.0000, Tunnel: 0.0000, Pole: 0.0000, Pole group: 0.3284, Traffic light: 0.0000, Traffic sign: 0.5439, Vegetation: 0.8372, Terrain: 0.0056, Sky: 0.9319, Person: 0.0000, Rider: 0.0000, Car: 0.8137, Truck: 0.0000, Bus: 0.0000, Caravan: 0.0000, Trailer: 0.0000, Train: 0.0000, Motorcycle: 0.0000, Bicycle: 0.0000 }
        MeanIoU: 0.3618
        PixelAccuracy: 0.8769
        DICE: { Unlabeled: 0.5157, Unused: 0.0000, Unused: 0.0000, Unused: 0.0000, Static: 0.0000, Dynamic: 0.0000, Ground: 0.0000, Road: 0.9688, Sidewalk: 0.8332, Parking: 0.0000, Rail track: 0.0000, Building: 0.9149, Wall: 0.0000, Fence: 0.7523, Guard rail: 0.0000, Bridge: 0.0000, Tunnel: 0.0000, Pole: 0.0000, Pole group: 0.4712, Traffic light: 0.0000, Traffic sign: 0.6666, Vegetation: 0.9113, Terrain: 0.0110, Sky: 0.9647, Person: 0.0000, Rider: 0.0000, Car: 0.8963, Truck: 0.0000, Bus: 0.0000, Caravan: 0.0000, Trailer: 0.0000, Train: 0.0000, Motorcycle: 0.0000, Bicycle: 0.0000 }
        MeanDICE: 0.4129
    

    Epoch 34:
      Train Loss: 0.1872, Train Accuracy: 0.8750
      Val Loss: 0.1860
      Metrics:
        val_loss: 0.1860
        val_accuracy: 0.8778
        IoU: { Unlabeled: 0.3493, Unused: 0.0000, Unused: 0.0000, Unused: 0.0000, Static: 0.0000, Dynamic: 0.0000, Ground: 0.0000, Road: 0.9386, Sidewalk: 0.7175, Parking: 0.0000, Rail track: 0.0000, Building: 0.8458, Wall: 0.0000, Fence: 0.6245, Guard rail: 0.0000, Bridge: 0.0000, Tunnel: 0.0000, Pole: 0.0000, Pole group: 0.3237, Traffic light: 0.0000, Traffic sign: 0.5424, Vegetation: 0.8429, Terrain: 0.0056, Sky: 0.9320, Person: 0.0000, Rider: 0.0000, Car: 0.8241, Truck: 0.0000, Bus: 0.0000, Caravan: 0.0000, Trailer: 0.0000, Train: 0.0000, Motorcycle: 0.0000, Bicycle: 0.0000 }
        MeanIoU: 0.3629
        PixelAccuracy: 0.8782
        DICE: { Unlabeled: 0.5171, Unused: 0.0000, Unused: 0.0000, Unused: 0.0000, Static: 0.0000, Dynamic: 0.0000, Ground: 0.0000, Road: 0.9683, Sidewalk: 0.8345, Parking: 0.0000, Rail track: 0.0000, Building: 0.9162, Wall: 0.0000, Fence: 0.7584, Guard rail: 0.0000, Bridge: 0.0000, Tunnel: 0.0000, Pole: 0.0000, Pole group: 0.4648, Traffic light: 0.0000, Traffic sign: 0.6655, Vegetation: 0.9146, Terrain: 0.0110, Sky: 0.9648, Person: 0.0000, Rider: 0.0000, Car: 0.9027, Truck: 0.0000, Bus: 0.0000, Caravan: 0.0000, Trailer: 0.0000, Train: 0.0000, Motorcycle: 0.0000, Bicycle: 0.0000 }
        MeanDICE: 0.4135
    

    Epoch 35:
      Train Loss: 0.1869, Train Accuracy: 0.8757
      Val Loss: 0.1855
      Metrics:
        val_loss: 0.1855
        val_accuracy: 0.8787
        IoU: { Unlabeled: 0.3507, Unused: 0.0000, Unused: 0.0000, Unused: 0.0000, Static: 0.0000, Dynamic: 0.0000, Ground: 0.0000, Road: 0.9396, Sidewalk: 0.7258, Parking: 0.0000, Rail track: 0.0000, Building: 0.8479, Wall: 0.0000, Fence: 0.6187, Guard rail: 0.0000, Bridge: 0.0000, Tunnel: 0.0000, Pole: 0.0000, Pole group: 0.3275, Traffic light: 0.0000, Traffic sign: 0.5410, Vegetation: 0.8412, Terrain: 0.0059, Sky: 0.9341, Person: 0.0000, Rider: 0.0000, Car: 0.8290, Truck: 0.0000, Bus: 0.0000, Caravan: 0.0000, Trailer: 0.0000, Train: 0.0000, Motorcycle: 0.0000, Bicycle: 0.0000 }
        MeanIoU: 0.3637
        PixelAccuracy: 0.8791
        DICE: { Unlabeled: 0.5187, Unused: 0.0000, Unused: 0.0000, Unused: 0.0000, Static: 0.0000, Dynamic: 0.0000, Ground: 0.0000, Road: 0.9688, Sidewalk: 0.8404, Parking: 0.0000, Rail track: 0.0000, Building: 0.9175, Wall: 0.0000, Fence: 0.7535, Guard rail: 0.0000, Bridge: 0.0000, Tunnel: 0.0000, Pole: 0.0000, Pole group: 0.4703, Traffic light: 0.0000, Traffic sign: 0.6648, Vegetation: 0.9136, Terrain: 0.0116, Sky: 0.9659, Person: 0.0000, Rider: 0.0000, Car: 0.9057, Truck: 0.0000, Bus: 0.0000, Caravan: 0.0000, Trailer: 0.0000, Train: 0.0000, Motorcycle: 0.0000, Bicycle: 0.0000 }
        MeanDICE: 0.4142
    

    Epoch 36:
      Train Loss: 0.1869, Train Accuracy: 0.8755
      Val Loss: 0.1854
      Metrics:
        val_loss: 0.1854
        val_accuracy: 0.8784
        IoU: { Unlabeled: 0.3494, Unused: 0.0000, Unused: 0.0000, Unused: 0.0000, Static: 0.0000, Dynamic: 0.0000, Ground: 0.0000, Road: 0.9410, Sidewalk: 0.7245, Parking: 0.0000, Rail track: 0.0000, Building: 0.8476, Wall: 0.0000, Fence: 0.6272, Guard rail: 0.0000, Bridge: 0.0000, Tunnel: 0.0000, Pole: 0.0000, Pole group: 0.3311, Traffic light: 0.0000, Traffic sign: 0.5458, Vegetation: 0.8386, Terrain: 0.0060, Sky: 0.9336, Person: 0.0000, Rider: 0.0000, Car: 0.8251, Truck: 0.0000, Bus: 0.0000, Caravan: 0.0000, Trailer: 0.0000, Train: 0.0000, Motorcycle: 0.0000, Bicycle: 0.0000 }
        MeanIoU: 0.3641
        PixelAccuracy: 0.8787
        DICE: { Unlabeled: 0.5172, Unused: 0.0000, Unused: 0.0000, Unused: 0.0000, Static: 0.0000, Dynamic: 0.0000, Ground: 0.0000, Road: 0.9695, Sidewalk: 0.8393, Parking: 0.0000, Rail track: 0.0000, Building: 0.9173, Wall: 0.0000, Fence: 0.7606, Guard rail: 0.0000, Bridge: 0.0000, Tunnel: 0.0000, Pole: 0.0000, Pole group: 0.4738, Traffic light: 0.0000, Traffic sign: 0.6685, Vegetation: 0.9121, Terrain: 0.0118, Sky: 0.9656, Person: 0.0000, Rider: 0.0000, Car: 0.9035, Truck: 0.0000, Bus: 0.0000, Caravan: 0.0000, Trailer: 0.0000, Train: 0.0000, Motorcycle: 0.0000, Bicycle: 0.0000 }
        MeanDICE: 0.4146
    

    Epoch 37:
      Train Loss: 0.1867, Train Accuracy: 0.8760
      Val Loss: 0.1857
      Metrics:
        val_loss: 0.1857
        val_accuracy: 0.8773
        IoU: { Unlabeled: 0.3489, Unused: 0.0000, Unused: 0.0000, Unused: 0.0000, Static: 0.0000, Dynamic: 0.0000, Ground: 0.0000, Road: 0.9402, Sidewalk: 0.7234, Parking: 0.0000, Rail track: 0.0000, Building: 0.8466, Wall: 0.0000, Fence: 0.6230, Guard rail: 0.0000, Bridge: 0.0000, Tunnel: 0.0000, Pole: 0.0000, Pole group: 0.3252, Traffic light: 0.0000, Traffic sign: 0.5436, Vegetation: 0.8355, Terrain: 0.0063, Sky: 0.9302, Person: 0.0000, Rider: 0.0000, Car: 0.8245, Truck: 0.0000, Bus: 0.0000, Caravan: 0.0000, Trailer: 0.0000, Train: 0.0000, Motorcycle: 0.0000, Bicycle: 0.0000 }
        MeanIoU: 0.3629
        PixelAccuracy: 0.8777
        DICE: { Unlabeled: 0.5167, Unused: 0.0000, Unused: 0.0000, Unused: 0.0000, Static: 0.0000, Dynamic: 0.0000, Ground: 0.0000, Road: 0.9692, Sidewalk: 0.8386, Parking: 0.0000, Rail track: 0.0000, Building: 0.9167, Wall: 0.0000, Fence: 0.7569, Guard rail: 0.0000, Bridge: 0.0000, Tunnel: 0.0000, Pole: 0.0000, Pole group: 0.4680, Traffic light: 0.0000, Traffic sign: 0.6668, Vegetation: 0.9102, Terrain: 0.0124, Sky: 0.9638, Person: 0.0000, Rider: 0.0000, Car: 0.9031, Truck: 0.0000, Bus: 0.0000, Caravan: 0.0000, Trailer: 0.0000, Train: 0.0000, Motorcycle: 0.0000, Bicycle: 0.0000 }
        MeanDICE: 0.4138
    

    Epoch 38:
      Train Loss: 0.1872, Train Accuracy: 0.8748
      Val Loss: 0.1858
      Metrics:
        val_loss: 0.1858
        val_accuracy: 0.8775
        IoU: { Unlabeled: 0.3521, Unused: 0.0000, Unused: 0.0000, Unused: 0.0000, Static: 0.0000, Dynamic: 0.0000, Ground: 0.0000, Road: 0.9401, Sidewalk: 0.7206, Parking: 0.0000, Rail track: 0.0000, Building: 0.8472, Wall: 0.0000, Fence: 0.6146, Guard rail: 0.0000, Bridge: 0.0000, Tunnel: 0.0000, Pole: 0.0000, Pole group: 0.3258, Traffic light: 0.0000, Traffic sign: 0.5414, Vegetation: 0.8341, Terrain: 0.0060, Sky: 0.9332, Person: 0.0000, Rider: 0.0000, Car: 0.8252, Truck: 0.0000, Bus: 0.0000, Caravan: 0.0000, Trailer: 0.0000, Train: 0.0000, Motorcycle: 0.0000, Bicycle: 0.0000 }
        MeanIoU: 0.3626
        PixelAccuracy: 0.8779
        DICE: { Unlabeled: 0.5202, Unused: 0.0000, Unused: 0.0000, Unused: 0.0000, Static: 0.0000, Dynamic: 0.0000, Ground: 0.0000, Road: 0.9691, Sidewalk: 0.8367, Parking: 0.0000, Rail track: 0.0000, Building: 0.9171, Wall: 0.0000, Fence: 0.7500, Guard rail: 0.0000, Bridge: 0.0000, Tunnel: 0.0000, Pole: 0.0000, Pole group: 0.4686, Traffic light: 0.0000, Traffic sign: 0.6649, Vegetation: 0.9094, Terrain: 0.0118, Sky: 0.9654, Person: 0.0000, Rider: 0.0000, Car: 0.9034, Truck: 0.0000, Bus: 0.0000, Caravan: 0.0000, Trailer: 0.0000, Train: 0.0000, Motorcycle: 0.0000, Bicycle: 0.0000 }
        MeanDICE: 0.4135
    

    Epoch 39:
      Train Loss: 0.1867, Train Accuracy: 0.8761
      Val Loss: 0.1854
      Metrics:
        val_loss: 0.1854
        val_accuracy: 0.8769
        IoU: { Unlabeled: 0.3515, Unused: 0.0000, Unused: 0.0000, Unused: 0.0000, Static: 0.0000, Dynamic: 0.0000, Ground: 0.0000, Road: 0.9373, Sidewalk: 0.7151, Parking: 0.0000, Rail track: 0.0000, Building: 0.8452, Wall: 0.0000, Fence: 0.6221, Guard rail: 0.0000, Bridge: 0.0000, Tunnel: 0.0000, Pole: 0.0000, Pole group: 0.3310, Traffic light: 0.0000, Traffic sign: 0.5464, Vegetation: 0.8330, Terrain: 0.0059, Sky: 0.9330, Person: 0.0000, Rider: 0.0000, Car: 0.8259, Truck: 0.0000, Bus: 0.0000, Caravan: 0.0000, Trailer: 0.0000, Train: 0.0000, Motorcycle: 0.0000, Bicycle: 0.0000 }
        MeanIoU: 0.3629
        PixelAccuracy: 0.8772
        DICE: { Unlabeled: 0.5195, Unused: 0.0000, Unused: 0.0000, Unused: 0.0000, Static: 0.0000, Dynamic: 0.0000, Ground: 0.0000, Road: 0.9676, Sidewalk: 0.8330, Parking: 0.0000, Rail track: 0.0000, Building: 0.9159, Wall: 0.0000, Fence: 0.7565, Guard rail: 0.0000, Bridge: 0.0000, Tunnel: 0.0000, Pole: 0.0000, Pole group: 0.4735, Traffic light: 0.0000, Traffic sign: 0.6690, Vegetation: 0.9088, Terrain: 0.0117, Sky: 0.9653, Person: 0.0000, Rider: 0.0000, Car: 0.9039, Truck: 0.0000, Bus: 0.0000, Caravan: 0.0000, Trailer: 0.0000, Train: 0.0000, Motorcycle: 0.0000, Bicycle: 0.0000 }
        MeanDICE: 0.4139
    

    Epoch 40:
      Train Loss: 0.1865, Train Accuracy: 0.8766
      Val Loss: 0.1848
      Metrics:
        val_loss: 0.1848
        val_accuracy: 0.8792
        IoU: { Unlabeled: 0.3567, Unused: 0.0000, Unused: 0.0000, Unused: 0.0000, Static: 0.0000, Dynamic: 0.0000, Ground: 0.0000, Road: 0.9412, Sidewalk: 0.7278, Parking: 0.0000, Rail track: 0.0000, Building: 0.8467, Wall: 0.0000, Fence: 0.6245, Guard rail: 0.0000, Bridge: 0.0000, Tunnel: 0.0000, Pole: 0.0000, Pole group: 0.3221, Traffic light: 0.0000, Traffic sign: 0.5411, Vegetation: 0.8399, Terrain: 0.0064, Sky: 0.9358, Person: 0.0000, Rider: 0.0000, Car: 0.8314, Truck: 0.0000, Bus: 0.0000, Caravan: 0.0000, Trailer: 0.0000, Train: 0.0000, Motorcycle: 0.0000, Bicycle: 0.0000 }
        MeanIoU: 0.3644
        PixelAccuracy: 0.8796
        DICE: { Unlabeled: 0.5252, Unused: 0.0000, Unused: 0.0000, Unused: 0.0000, Static: 0.0000, Dynamic: 0.0000, Ground: 0.0000, Road: 0.9697, Sidewalk: 0.8416, Parking: 0.0000, Rail track: 0.0000, Building: 0.9167, Wall: 0.0000, Fence: 0.7584, Guard rail: 0.0000, Bridge: 0.0000, Tunnel: 0.0000, Pole: 0.0000, Pole group: 0.4642, Traffic light: 0.0000, Traffic sign: 0.6647, Vegetation: 0.9129, Terrain: 0.0125, Sky: 0.9668, Person: 0.0000, Rider: 0.0000, Car: 0.9070, Truck: 0.0000, Bus: 0.0000, Caravan: 0.0000, Trailer: 0.0000, Train: 0.0000, Motorcycle: 0.0000, Bicycle: 0.0000 }
        MeanDICE: 0.4147
    

    Epoch 41:
      Train Loss: 0.1856, Train Accuracy: 0.8788
      Val Loss: 0.1842
      Metrics:
        val_loss: 0.1842
        val_accuracy: 0.8814
        IoU: { Unlabeled: 0.3607, Unused: 0.0000, Unused: 0.0000, Unused: 0.0000, Static: 0.0000, Dynamic: 0.0000, Ground: 0.0000, Road: 0.9429, Sidewalk: 0.7279, Parking: 0.0000, Rail track: 0.0000, Building: 0.8491, Wall: 0.0000, Fence: 0.6256, Guard rail: 0.0000, Bridge: 0.0000, Tunnel: 0.0000, Pole: 0.0000, Pole group: 0.3321, Traffic light: 0.0000, Traffic sign: 0.5477, Vegetation: 0.8442, Terrain: 0.0060, Sky: 0.9390, Person: 0.0000, Rider: 0.0000, Car: 0.8327, Truck: 0.0000, Bus: 0.0000, Caravan: 0.0000, Trailer: 0.0000, Train: 0.0000, Motorcycle: 0.0000, Bicycle: 0.0000 }
        MeanIoU: 0.3662
        PixelAccuracy: 0.8818
        DICE: { Unlabeled: 0.5296, Unused: 0.0000, Unused: 0.0000, Unused: 0.0000, Static: 0.0000, Dynamic: 0.0000, Ground: 0.0000, Road: 0.9706, Sidewalk: 0.8417, Parking: 0.0000, Rail track: 0.0000, Building: 0.9182, Wall: 0.0000, Fence: 0.7597, Guard rail: 0.0000, Bridge: 0.0000, Tunnel: 0.0000, Pole: 0.0000, Pole group: 0.4748, Traffic light: 0.0000, Traffic sign: 0.6699, Vegetation: 0.9154, Terrain: 0.0119, Sky: 0.9685, Person: 0.0000, Rider: 0.0000, Car: 0.9077, Truck: 0.0000, Bus: 0.0000, Caravan: 0.0000, Trailer: 0.0000, Train: 0.0000, Motorcycle: 0.0000, Bicycle: 0.0000 }
        MeanDICE: 0.4162
    

    Epoch 42:
      Train Loss: 0.1857, Train Accuracy: 0.8784
      Val Loss: 0.1842
      Metrics:
        val_loss: 0.1842
        val_accuracy: 0.8815
        IoU: { Unlabeled: 0.3625, Unused: 0.0000, Unused: 0.0000, Unused: 0.0000, Static: 0.0000, Dynamic: 0.0000, Ground: 0.0000, Road: 0.9426, Sidewalk: 0.7309, Parking: 0.0000, Rail track: 0.0000, Building: 0.8509, Wall: 0.0000, Fence: 0.6205, Guard rail: 0.0000, Bridge: 0.0000, Tunnel: 0.0000, Pole: 0.0000, Pole group: 0.3329, Traffic light: 0.0000, Traffic sign: 0.5486, Vegetation: 0.8411, Terrain: 0.0061, Sky: 0.9402, Person: 0.0000, Rider: 0.0000, Car: 0.8333, Truck: 0.0000, Bus: 0.0000, Caravan: 0.0000, Trailer: 0.0000, Train: 0.0000, Motorcycle: 0.0000, Bicycle: 0.0000 }
        MeanIoU: 0.3662
        PixelAccuracy: 0.8819
        DICE: { Unlabeled: 0.5314, Unused: 0.0000, Unused: 0.0000, Unused: 0.0000, Static: 0.0000, Dynamic: 0.0000, Ground: 0.0000, Road: 0.9704, Sidewalk: 0.8437, Parking: 0.0000, Rail track: 0.0000, Building: 0.9192, Wall: 0.0000, Fence: 0.7552, Guard rail: 0.0000, Bridge: 0.0000, Tunnel: 0.0000, Pole: 0.0000, Pole group: 0.4758, Traffic light: 0.0000, Traffic sign: 0.6706, Vegetation: 0.9136, Terrain: 0.0120, Sky: 0.9691, Person: 0.0000, Rider: 0.0000, Car: 0.9081, Truck: 0.0000, Bus: 0.0000, Caravan: 0.0000, Trailer: 0.0000, Train: 0.0000, Motorcycle: 0.0000, Bicycle: 0.0000 }
        MeanDICE: 0.4162
    

    Epoch 43:
      Train Loss: 0.1856, Train Accuracy: 0.8786
      Val Loss: 0.1845
      Metrics:
        val_loss: 0.1845
        val_accuracy: 0.8800
        IoU: { Unlabeled: 0.3583, Unused: 0.0000, Unused: 0.0000, Unused: 0.0000, Static: 0.0000, Dynamic: 0.0000, Ground: 0.0000, Road: 0.9419, Sidewalk: 0.7276, Parking: 0.0000, Rail track: 0.0000, Building: 0.8487, Wall: 0.0000, Fence: 0.6235, Guard rail: 0.0000, Bridge: 0.0000, Tunnel: 0.0000, Pole: 0.0000, Pole group: 0.3286, Traffic light: 0.0000, Traffic sign: 0.5443, Vegetation: 0.8384, Terrain: 0.0058, Sky: 0.9344, Person: 0.0000, Rider: 0.0000, Car: 0.8349, Truck: 0.0000, Bus: 0.0000, Caravan: 0.0000, Trailer: 0.0000, Train: 0.0000, Motorcycle: 0.0000, Bicycle: 0.0000 }
        MeanIoU: 0.3650
        PixelAccuracy: 0.8804
        DICE: { Unlabeled: 0.5269, Unused: 0.0000, Unused: 0.0000, Unused: 0.0000, Static: 0.0000, Dynamic: 0.0000, Ground: 0.0000, Road: 0.9700, Sidewalk: 0.8416, Parking: 0.0000, Rail track: 0.0000, Building: 0.9179, Wall: 0.0000, Fence: 0.7576, Guard rail: 0.0000, Bridge: 0.0000, Tunnel: 0.0000, Pole: 0.0000, Pole group: 0.4707, Traffic light: 0.0000, Traffic sign: 0.6673, Vegetation: 0.9120, Terrain: 0.0114, Sky: 0.9660, Person: 0.0000, Rider: 0.0000, Car: 0.9091, Truck: 0.0000, Bus: 0.0000, Caravan: 0.0000, Trailer: 0.0000, Train: 0.0000, Motorcycle: 0.0000, Bicycle: 0.0000 }
        MeanDICE: 0.4153
    

    Epoch 44:
      Train Loss: 0.1856, Train Accuracy: 0.8788
      Val Loss: 0.1839
      Metrics:
        val_loss: 0.1839
        val_accuracy: 0.8820
        IoU: { Unlabeled: 0.3636, Unused: 0.0000, Unused: 0.0000, Unused: 0.0000, Static: 0.0000, Dynamic: 0.0000, Ground: 0.0000, Road: 0.9421, Sidewalk: 0.7300, Parking: 0.0000, Rail track: 0.0000, Building: 0.8522, Wall: 0.0000, Fence: 0.6213, Guard rail: 0.0000, Bridge: 0.0000, Tunnel: 0.0000, Pole: 0.0000, Pole group: 0.3312, Traffic light: 0.0000, Traffic sign: 0.5492, Vegetation: 0.8417, Terrain: 0.0061, Sky: 0.9392, Person: 0.0000, Rider: 0.0000, Car: 0.8359, Truck: 0.0000, Bus: 0.0000, Caravan: 0.0000, Trailer: 0.0000, Train: 0.0000, Motorcycle: 0.0000, Bicycle: 0.0000 }
        MeanIoU: 0.3664
        PixelAccuracy: 0.8824
        DICE: { Unlabeled: 0.5327, Unused: 0.0000, Unused: 0.0000, Unused: 0.0000, Static: 0.0000, Dynamic: 0.0000, Ground: 0.0000, Road: 0.9701, Sidewalk: 0.8429, Parking: 0.0000, Rail track: 0.0000, Building: 0.9200, Wall: 0.0000, Fence: 0.7552, Guard rail: 0.0000, Bridge: 0.0000, Tunnel: 0.0000, Pole: 0.0000, Pole group: 0.4738, Traffic light: 0.0000, Traffic sign: 0.6710, Vegetation: 0.9139, Terrain: 0.0121, Sky: 0.9686, Person: 0.0000, Rider: 0.0000, Car: 0.9098, Truck: 0.0000, Bus: 0.0000, Caravan: 0.0000, Trailer: 0.0000, Train: 0.0000, Motorcycle: 0.0000, Bicycle: 0.0000 }
        MeanDICE: 0.4163
    

    Epoch 45:
      Train Loss: 0.1852, Train Accuracy: 0.8796
      Val Loss: 0.1837
      Metrics:
        val_loss: 0.1837
        val_accuracy: 0.8815
        IoU: { Unlabeled: 0.3628, Unused: 0.0000, Unused: 0.0000, Unused: 0.0000, Static: 0.0000, Dynamic: 0.0000, Ground: 0.0000, Road: 0.9424, Sidewalk: 0.7291, Parking: 0.0000, Rail track: 0.0000, Building: 0.8531, Wall: 0.0000, Fence: 0.6295, Guard rail: 0.0000, Bridge: 0.0000, Tunnel: 0.0000, Pole: 0.0000, Pole group: 0.3343, Traffic light: 0.0000, Traffic sign: 0.5488, Vegetation: 0.8414, Terrain: 0.0062, Sky: 0.9372, Person: 0.0000, Rider: 0.0000, Car: 0.8386, Truck: 0.0000, Bus: 0.0000, Caravan: 0.0000, Trailer: 0.0000, Train: 0.0000, Motorcycle: 0.0000, Bicycle: 0.0000 }
        MeanIoU: 0.3670
        PixelAccuracy: 0.8818
        DICE: { Unlabeled: 0.5318, Unused: 0.0000, Unused: 0.0000, Unused: 0.0000, Static: 0.0000, Dynamic: 0.0000, Ground: 0.0000, Road: 0.9703, Sidewalk: 0.8426, Parking: 0.0000, Rail track: 0.0000, Building: 0.9206, Wall: 0.0000, Fence: 0.7621, Guard rail: 0.0000, Bridge: 0.0000, Tunnel: 0.0000, Pole: 0.0000, Pole group: 0.4769, Traffic light: 0.0000, Traffic sign: 0.6705, Vegetation: 0.9137, Terrain: 0.0123, Sky: 0.9675, Person: 0.0000, Rider: 0.0000, Car: 0.9114, Truck: 0.0000, Bus: 0.0000, Caravan: 0.0000, Trailer: 0.0000, Train: 0.0000, Motorcycle: 0.0000, Bicycle: 0.0000 }
        MeanDICE: 0.4168
    

    Epoch 46:
      Train Loss: 0.1847, Train Accuracy: 0.8810
      Val Loss: 0.1834
      Metrics:
        val_loss: 0.1834
        val_accuracy: 0.8832
        IoU: { Unlabeled: 0.3679, Unused: 0.0000, Unused: 0.0000, Unused: 0.0000, Static: 0.0000, Dynamic: 0.0000, Ground: 0.0000, Road: 0.9433, Sidewalk: 0.7373, Parking: 0.0000, Rail track: 0.0000, Building: 0.8549, Wall: 0.0000, Fence: 0.6311, Guard rail: 0.0000, Bridge: 0.0000, Tunnel: 0.0000, Pole: 0.0000, Pole group: 0.3336, Traffic light: 0.0000, Traffic sign: 0.5495, Vegetation: 0.8465, Terrain: 0.0060, Sky: 0.9402, Person: 0.0000, Rider: 0.0000, Car: 0.8397, Truck: 0.0000, Bus: 0.0000, Caravan: 0.0000, Trailer: 0.0000, Train: 0.0000, Motorcycle: 0.0000, Bicycle: 0.0000 }
        MeanIoU: 0.3683
        PixelAccuracy: 0.8836
        DICE: { Unlabeled: 0.5374, Unused: 0.0000, Unused: 0.0000, Unused: 0.0000, Static: 0.0000, Dynamic: 0.0000, Ground: 0.0000, Road: 0.9708, Sidewalk: 0.8479, Parking: 0.0000, Rail track: 0.0000, Building: 0.9216, Wall: 0.0000, Fence: 0.7632, Guard rail: 0.0000, Bridge: 0.0000, Tunnel: 0.0000, Pole: 0.0000, Pole group: 0.4764, Traffic light: 0.0000, Traffic sign: 0.6713, Vegetation: 0.9167, Terrain: 0.0118, Sky: 0.9691, Person: 0.0000, Rider: 0.0000, Car: 0.9121, Truck: 0.0000, Bus: 0.0000, Caravan: 0.0000, Trailer: 0.0000, Train: 0.0000, Motorcycle: 0.0000, Bicycle: 0.0000 }
        MeanDICE: 0.4178
    

    Epoch 47:
      Train Loss: 0.1853, Train Accuracy: 0.8792
      Val Loss: 0.1845
      Metrics:
        val_loss: 0.1845
        val_accuracy: 0.8805
        IoU: { Unlabeled: 0.3578, Unused: 0.0000, Unused: 0.0000, Unused: 0.0000, Static: 0.0000, Dynamic: 0.0000, Ground: 0.0000, Road: 0.9419, Sidewalk: 0.7249, Parking: 0.0000, Rail track: 0.0000, Building: 0.8502, Wall: 0.0000, Fence: 0.6281, Guard rail: 0.0000, Bridge: 0.0000, Tunnel: 0.0000, Pole: 0.0000, Pole group: 0.3330, Traffic light: 0.0000, Traffic sign: 0.5496, Vegetation: 0.8417, Terrain: 0.0058, Sky: 0.9359, Person: 0.0000, Rider: 0.0000, Car: 0.8314, Truck: 0.0000, Bus: 0.0000, Caravan: 0.0000, Trailer: 0.0000, Train: 0.0000, Motorcycle: 0.0000, Bicycle: 0.0000 }
        MeanIoU: 0.3657
        PixelAccuracy: 0.8809
        DICE: { Unlabeled: 0.5264, Unused: 0.0000, Unused: 0.0000, Unused: 0.0000, Static: 0.0000, Dynamic: 0.0000, Ground: 0.0000, Road: 0.9701, Sidewalk: 0.8396, Parking: 0.0000, Rail track: 0.0000, Building: 0.9189, Wall: 0.0000, Fence: 0.7607, Guard rail: 0.0000, Bridge: 0.0000, Tunnel: 0.0000, Pole: 0.0000, Pole group: 0.4756, Traffic light: 0.0000, Traffic sign: 0.6712, Vegetation: 0.9139, Terrain: 0.0114, Sky: 0.9668, Person: 0.0000, Rider: 0.0000, Car: 0.9071, Truck: 0.0000, Bus: 0.0000, Caravan: 0.0000, Trailer: 0.0000, Train: 0.0000, Motorcycle: 0.0000, Bicycle: 0.0000 }
        MeanDICE: 0.4158
    

    Epoch 48:
      Train Loss: 0.1848, Train Accuracy: 0.8806
      Val Loss: 0.1832
      Metrics:
        val_loss: 0.1832
        val_accuracy: 0.8833
        IoU: { Unlabeled: 0.3686, Unused: 0.0000, Unused: 0.0000, Unused: 0.0000, Static: 0.0000, Dynamic: 0.0000, Ground: 0.0000, Road: 0.9444, Sidewalk: 0.7418, Parking: 0.0000, Rail track: 0.0000, Building: 0.8532, Wall: 0.0000, Fence: 0.6316, Guard rail: 0.0000, Bridge: 0.0000, Tunnel: 0.0000, Pole: 0.0000, Pole group: 0.3319, Traffic light: 0.0000, Traffic sign: 0.5493, Vegetation: 0.8448, Terrain: 0.0060, Sky: 0.9399, Person: 0.0000, Rider: 0.0000, Car: 0.8436, Truck: 0.0000, Bus: 0.0000, Caravan: 0.0000, Trailer: 0.0000, Train: 0.0000, Motorcycle: 0.0000, Bicycle: 0.0000 }
        MeanIoU: 0.3686
        PixelAccuracy: 0.8837
        DICE: { Unlabeled: 0.5381, Unused: 0.0000, Unused: 0.0000, Unused: 0.0000, Static: 0.0000, Dynamic: 0.0000, Ground: 0.0000, Road: 0.9714, Sidewalk: 0.8510, Parking: 0.0000, Rail track: 0.0000, Building: 0.9206, Wall: 0.0000, Fence: 0.7640, Guard rail: 0.0000, Bridge: 0.0000, Tunnel: 0.0000, Pole: 0.0000, Pole group: 0.4749, Traffic light: 0.0000, Traffic sign: 0.6712, Vegetation: 0.9158, Terrain: 0.0119, Sky: 0.9690, Person: 0.0000, Rider: 0.0000, Car: 0.9146, Truck: 0.0000, Bus: 0.0000, Caravan: 0.0000, Trailer: 0.0000, Train: 0.0000, Motorcycle: 0.0000, Bicycle: 0.0000 }
        MeanDICE: 0.4179
    

    Epoch 49:
      Train Loss: 0.1848, Train Accuracy: 0.8809
      Val Loss: 0.1833
      Metrics:
        val_loss: 0.1833
        val_accuracy: 0.8839
        IoU: { Unlabeled: 0.3637, Unused: 0.0000, Unused: 0.0000, Unused: 0.0000, Static: 0.0000, Dynamic: 0.0000, Ground: 0.0000, Road: 0.9438, Sidewalk: 0.7365, Parking: 0.0000, Rail track: 0.0000, Building: 0.8565, Wall: 0.0000, Fence: 0.6350, Guard rail: 0.0000, Bridge: 0.0000, Tunnel: 0.0000, Pole: 0.0000, Pole group: 0.3320, Traffic light: 0.0000, Traffic sign: 0.5470, Vegetation: 0.8479, Terrain: 0.0063, Sky: 0.9396, Person: 0.0000, Rider: 0.0000, Car: 0.8407, Truck: 0.0000, Bus: 0.0000, Caravan: 0.0000, Trailer: 0.0000, Train: 0.0000, Motorcycle: 0.0000, Bicycle: 0.0000 }
        MeanIoU: 0.3683
        PixelAccuracy: 0.8843
        DICE: { Unlabeled: 0.5328, Unused: 0.0000, Unused: 0.0000, Unused: 0.0000, Static: 0.0000, Dynamic: 0.0000, Ground: 0.0000, Road: 0.9710, Sidewalk: 0.8475, Parking: 0.0000, Rail track: 0.0000, Building: 0.9226, Wall: 0.0000, Fence: 0.7675, Guard rail: 0.0000, Bridge: 0.0000, Tunnel: 0.0000, Pole: 0.0000, Pole group: 0.4746, Traffic light: 0.0000, Traffic sign: 0.6695, Vegetation: 0.9176, Terrain: 0.0124, Sky: 0.9688, Person: 0.0000, Rider: 0.0000, Car: 0.9128, Truck: 0.0000, Bus: 0.0000, Caravan: 0.0000, Trailer: 0.0000, Train: 0.0000, Motorcycle: 0.0000, Bicycle: 0.0000 }
        MeanDICE: 0.4177
    

    Epoch 50:
      Train Loss: 0.1843, Train Accuracy: 0.8817
      Val Loss: 0.1829
      Metrics:
        val_loss: 0.1829
        val_accuracy: 0.8849
        IoU: { Unlabeled: 0.3677, Unused: 0.0000, Unused: 0.0000, Unused: 0.0000, Static: 0.0000, Dynamic: 0.0000, Ground: 0.0000, Road: 0.9436, Sidewalk: 0.7430, Parking: 0.0000, Rail track: 0.0000, Building: 0.8588, Wall: 0.0000, Fence: 0.6380, Guard rail: 0.0000, Bridge: 0.0000, Tunnel: 0.0000, Pole: 0.0000, Pole group: 0.3345, Traffic light: 0.0000, Traffic sign: 0.5502, Vegetation: 0.8489, Terrain: 0.0062, Sky: 0.9416, Person: 0.0000, Rider: 0.0000, Car: 0.8417, Truck: 0.0000, Bus: 0.0000, Caravan: 0.0000, Trailer: 0.0000, Train: 0.0000, Motorcycle: 0.0000, Bicycle: 0.0000 }
        MeanIoU: 0.3696
        PixelAccuracy: 0.8853
        DICE: { Unlabeled: 0.5372, Unused: 0.0000, Unused: 0.0000, Unused: 0.0000, Static: 0.0000, Dynamic: 0.0000, Ground: 0.0000, Road: 0.9709, Sidewalk: 0.8519, Parking: 0.0000, Rail track: 0.0000, Building: 0.9239, Wall: 0.0000, Fence: 0.7688, Guard rail: 0.0000, Bridge: 0.0000, Tunnel: 0.0000, Pole: 0.0000, Pole group: 0.4771, Traffic light: 0.0000, Traffic sign: 0.6718, Vegetation: 0.9182, Terrain: 0.0122, Sky: 0.9699, Person: 0.0000, Rider: 0.0000, Car: 0.9132, Truck: 0.0000, Bus: 0.0000, Caravan: 0.0000, Trailer: 0.0000, Train: 0.0000, Motorcycle: 0.0000, Bicycle: 0.0000 }
        MeanDICE: 0.4186
    
Training started at: 2025-01-01 23:17:35.852434
Training ended at: 2025-01-02 03:53:08.775433
Training duration: 4:35:32.922999
Results on Test Data Set :
  IoU:
    0 (Unlabeled): 0.3677099943161011
    1 (Unused): 0.000000
    2 (Unused): 0.000000
    3 (Unused): 0.000000
    4 (Static): 0.000000
    5 (Dynamic): 0.000000
    6 (Ground): 0.000000
    7 (Road): 0.9451901912689209
    8 (Sidewalk): 0.7554166913032532
    9 (Parking): 0.000000
    10 (Rail track): 0.000000
    11 (Building): 0.8605555891990662
    12 (Wall): 0.0
    13 (Fence): 0.6197354197502136
    14 (Guard rail): 0.000000
    15 (Bridge): 0.000000
    16 (Tunnel): 0.000000
    17 (Pole): 0.000000
    18 (Pole group): 0.3385474979877472
    19 (Traffic light): 0.0
    20 (Traffic sign): 0.5359104871749878
    21 (Vegetation): 0.8470647931098938
    22 (Terrain): 0.007719029672443867
    23 (Sky): 0.9401622414588928
    24 (Person): 0.0
    25 (Rider): 0.0
    26 (Car): 0.8518615365028381
    27 (Truck): 0.0
    28 (Bus): 0.0
    29 (Caravan): 0.0
    30 (Trailer): 0.0
    31 (Train): 0.0
    32 (Motorcycle): 0.0
    33 (Bicycle): 0.0
  MeanIoU: 0.368189
  PixelAccuracy: 0.884332
  DICE:
    0 (Unlabeled): 0.5371032357215881
    1 (Unused): 0.000000
    2 (Unused): 0.000000
    3 (Unused): 0.000000
    4 (Static): 0.000000
    5 (Dynamic): 0.000000
    6 (Ground): 0.000000
    7 (Road): 0.9717902541160583
    8 (Sidewalk): 0.860032320022583
    9 (Parking): 0.000000
    10 (Rail track): 0.000000
    11 (Building): 0.924988865852356
    12 (Wall): 0.0
    13 (Fence): 0.7576666474342346
    14 (Guard rail): 0.000000
    15 (Bridge): 0.000000
    16 (Tunnel): 0.000000
    17 (Pole): 0.000000
    18 (Pole group): 0.4786999821662903
    19 (Traffic light): 0.0
    20 (Traffic sign): 0.6611182689666748
    21 (Vegetation): 0.9170568585395813
    22 (Terrain): 0.014981930144131184
    23 (Sky): 0.9691374897956848
    24 (Person): 0.0
    25 (Rider): 0.0
    26 (Car): 0.9196611642837524
    27 (Truck): 0.0
    28 (Bus): 0.0
    29 (Caravan): 0.0
    30 (Trailer): 0.0
    31 (Train): 0.0
    32 (Motorcycle): 0.0
    33 (Bicycle): 0.0
  MeanDICE: 0.417320
  val_loss: 0.182852
  val_accuracy: 0.884228

Testing started at: 2025-01-02 03:53:08.780496
Testing ended at: 2025-01-02 03:53:30.981716
Testing duration: 0:00:22.201220
