Model: UNetImproved
Loss Function: FocalLoss
Optimizer: Adam
Learning Rate: 0.0001
Scheduler: CosineAnnealingLR
Scheduler Params: {'T_max': 10, 'eta_min': 1e-06}
Batch Size: 16
Epochs: 50
Seed: 42
Dataset Details:
Dataset Path: /net/ens/am4ip/datasets/project-dataset
Train Split: 0.8
Validation Split: 0.1
Test Split: 0.1
Augmentation Details:
Use Augmentation: False

    Epoch 1:
      Train Loss: 2.8993, Train Accuracy: 0.5788
      Val Loss: 2.7046
      Metrics:
        val_loss: 2.7046
        val_accuracy: 0.6301
        IoU: { Unlabeled: 0.0000, Unused: 0.0000, Unused: 0.0000, Unused: 0.0000, Static: 0.0000, Dynamic: 0.0000, Ground: 0.0000, Road: 0.8557, Sidewalk: 0.0000, Parking: 0.0000, Rail track: 0.0000, Building: 0.6211, Wall: 0.0000, Fence: 0.0000, Guard rail: 0.0000, Bridge: 0.0000, Tunnel: 0.0000, Pole: 0.0000, Pole group: 0.0000, Traffic light: 0.0000, Traffic sign: 0.0000, Vegetation: 0.0000, Terrain: 0.0000, Sky: 0.4731, Person: 0.0000, Rider: 0.0000, Car: 0.0001, Truck: 0.0000, Bus: 0.0000, Caravan: 0.0000, Trailer: 0.0000, Train: 0.0000, Motorcycle: 0.0000, Bicycle: 0.0000 }
        MeanIoU: 0.1018
        PixelAccuracy: 0.6298
        DICE: { Unlabeled: 0.0000, Unused: 0.0000, Unused: 0.0000, Unused: 0.0000, Static: 0.0000, Dynamic: 0.0000, Ground: 0.0000, Road: 0.9221, Sidewalk: 0.0000, Parking: 0.0000, Rail track: 0.0000, Building: 0.7642, Wall: 0.0000, Fence: 0.0000, Guard rail: 0.0000, Bridge: 0.0000, Tunnel: 0.0000, Pole: 0.0000, Pole group: 0.0000, Traffic light: 0.0000, Traffic sign: 0.0000, Vegetation: 0.0000, Terrain: 0.0000, Sky: 0.6413, Person: 0.0000, Rider: 0.0000, Car: 0.0002, Truck: 0.0000, Bus: 0.0000, Caravan: 0.0000, Trailer: 0.0000, Train: 0.0000, Motorcycle: 0.0000, Bicycle: 0.0000 }
        MeanDICE: 0.1064
        overAllIOU: 0.4601
    

    Epoch 2:
      Train Loss: 2.6570, Train Accuracy: 0.6371
      Val Loss: 2.6167
      Metrics:
        val_loss: 2.6167
        val_accuracy: 0.6401
        IoU: { Unlabeled: 0.0000, Unused: 0.0000, Unused: 0.0000, Unused: 0.0000, Static: 0.0000, Dynamic: 0.0000, Ground: 0.0000, Road: 0.8678, Sidewalk: 0.0000, Parking: 0.0000, Rail track: 0.0000, Building: 0.3716, Wall: 0.0000, Fence: 0.0000, Guard rail: 0.0000, Bridge: 0.0000, Tunnel: 0.0000, Pole: 0.0000, Pole group: 0.0000, Traffic light: 0.0000, Traffic sign: 0.0000, Vegetation: 0.0020, Terrain: 0.0000, Sky: 0.9029, Person: 0.0000, Rider: 0.0000, Car: 0.0003, Truck: 0.0000, Bus: 0.0000, Caravan: 0.0000, Trailer: 0.0000, Train: 0.0000, Motorcycle: 0.0000, Bicycle: 0.0000 }
        MeanIoU: 0.1120
        PixelAccuracy: 0.6398
        DICE: { Unlabeled: 0.0000, Unused: 0.0000, Unused: 0.0000, Unused: 0.0000, Static: 0.0000, Dynamic: 0.0000, Ground: 0.0000, Road: 0.9290, Sidewalk: 0.0000, Parking: 0.0000, Rail track: 0.0000, Building: 0.5380, Wall: 0.0000, Fence: 0.0000, Guard rail: 0.0000, Bridge: 0.0000, Tunnel: 0.0000, Pole: 0.0000, Pole group: 0.0000, Traffic light: 0.0000, Traffic sign: 0.0000, Vegetation: 0.0039, Terrain: 0.0000, Sky: 0.9489, Person: 0.0000, Rider: 0.0000, Car: 0.0007, Truck: 0.0000, Bus: 0.0000, Caravan: 0.0000, Trailer: 0.0000, Train: 0.0000, Motorcycle: 0.0000, Bicycle: 0.0000 }
        MeanDICE: 0.1260
        overAllIOU: 0.4708
    

    Epoch 3:
      Train Loss: 2.5203, Train Accuracy: 0.7703
      Val Loss: 2.4898
      Metrics:
        val_loss: 2.4898
        val_accuracy: 0.7734
        IoU: { Unlabeled: 0.0000, Unused: 0.0000, Unused: 0.0000, Unused: 0.0000, Static: 0.0000, Dynamic: 0.0000, Ground: 0.0000, Road: 0.8439, Sidewalk: 0.0000, Parking: 0.0000, Rail track: 0.0000, Building: 0.6703, Wall: 0.0000, Fence: 0.0000, Guard rail: 0.0000, Bridge: 0.0000, Tunnel: 0.0000, Pole: 0.0000, Pole group: 0.0000, Traffic light: 0.0000, Traffic sign: 0.0000, Vegetation: 0.6393, Terrain: 0.0000, Sky: 0.8177, Person: 0.0000, Rider: 0.0000, Car: 0.0000, Truck: 0.0000, Bus: 0.0000, Caravan: 0.0000, Trailer: 0.0000, Train: 0.0000, Motorcycle: 0.0000, Bicycle: 0.0000 }
        MeanIoU: 0.1552
        PixelAccuracy: 0.7738
        DICE: { Unlabeled: 0.0000, Unused: 0.0000, Unused: 0.0000, Unused: 0.0000, Static: 0.0000, Dynamic: 0.0000, Ground: 0.0000, Road: 0.9151, Sidewalk: 0.0000, Parking: 0.0000, Rail track: 0.0000, Building: 0.8018, Wall: 0.0000, Fence: 0.0000, Guard rail: 0.0000, Bridge: 0.0000, Tunnel: 0.0000, Pole: 0.0000, Pole group: 0.0000, Traffic light: 0.0000, Traffic sign: 0.0000, Vegetation: 0.7793, Terrain: 0.0000, Sky: 0.8993, Person: 0.0000, Rider: 0.0000, Car: 0.0000, Truck: 0.0000, Bus: 0.0000, Caravan: 0.0000, Trailer: 0.0000, Train: 0.0000, Motorcycle: 0.0000, Bicycle: 0.0000 }
        MeanDICE: 0.1774
        overAllIOU: 0.6315
    

    Epoch 4:
      Train Loss: 2.4661, Train Accuracy: 0.7885
      Val Loss: 2.4501
      Metrics:
        val_loss: 2.4501
        val_accuracy: 0.8234
        IoU: { Unlabeled: 0.0001, Unused: 0.0000, Unused: 0.0000, Unused: 0.0000, Static: 0.0000, Dynamic: 0.0000, Ground: 0.0000, Road: 0.8648, Sidewalk: 0.0000, Parking: 0.0000, Rail track: 0.0000, Building: 0.7868, Wall: 0.0000, Fence: 0.0000, Guard rail: 0.0000, Bridge: 0.0000, Tunnel: 0.0000, Pole: 0.0000, Pole group: 0.0000, Traffic light: 0.0000, Traffic sign: 0.0000, Vegetation: 0.7538, Terrain: 0.0000, Sky: 0.9323, Person: 0.0000, Rider: 0.0000, Car: 0.4148, Truck: 0.0000, Bus: 0.0000, Caravan: 0.0000, Trailer: 0.0000, Train: 0.0000, Motorcycle: 0.0000, Bicycle: 0.0000 }
        MeanIoU: 0.1961
        PixelAccuracy: 0.8241
        DICE: { Unlabeled: 0.0001, Unused: 0.0000, Unused: 0.0000, Unused: 0.0000, Static: 0.0000, Dynamic: 0.0000, Ground: 0.0000, Road: 0.9273, Sidewalk: 0.0000, Parking: 0.0000, Rail track: 0.0000, Building: 0.8803, Wall: 0.0000, Fence: 0.0000, Guard rail: 0.0000, Bridge: 0.0000, Tunnel: 0.0000, Pole: 0.0000, Pole group: 0.0000, Traffic light: 0.0000, Traffic sign: 0.0000, Vegetation: 0.8591, Terrain: 0.0000, Sky: 0.9649, Person: 0.0000, Rider: 0.0000, Car: 0.5791, Truck: 0.0000, Bus: 0.0000, Caravan: 0.0000, Trailer: 0.0000, Train: 0.0000, Motorcycle: 0.0000, Bicycle: 0.0000 }
        MeanDICE: 0.2200
        overAllIOU: 0.7012
    

    Epoch 5:
      Train Loss: 2.4162, Train Accuracy: 0.8371
      Val Loss: 2.3839
      Metrics:
        val_loss: 2.3839
        val_accuracy: 0.8602
        IoU: { Unlabeled: 0.2841, Unused: 0.0000, Unused: 0.0000, Unused: 0.0000, Static: 0.0000, Dynamic: 0.0000, Ground: 0.0000, Road: 0.9161, Sidewalk: 0.0000, Parking: 0.0000, Rail track: 0.0000, Building: 0.8163, Wall: 0.0000, Fence: 0.0000, Guard rail: 0.0000, Bridge: 0.0000, Tunnel: 0.0000, Pole: 0.0000, Pole group: 0.0000, Traffic light: 0.0000, Traffic sign: 0.0000, Vegetation: 0.8113, Terrain: 0.0000, Sky: 0.9674, Person: 0.0000, Rider: 0.0000, Car: 0.6389, Truck: 0.0000, Bus: 0.0000, Caravan: 0.0000, Trailer: 0.0000, Train: 0.0000, Motorcycle: 0.0000, Bicycle: 0.0000 }
        MeanIoU: 0.2317
        PixelAccuracy: 0.8607
        DICE: { Unlabeled: 0.4419, Unused: 0.0000, Unused: 0.0000, Unused: 0.0000, Static: 0.0000, Dynamic: 0.0000, Ground: 0.0000, Road: 0.9561, Sidewalk: 0.0000, Parking: 0.0000, Rail track: 0.0000, Building: 0.8985, Wall: 0.0000, Fence: 0.0000, Guard rail: 0.0000, Bridge: 0.0000, Tunnel: 0.0000, Pole: 0.0000, Pole group: 0.0000, Traffic light: 0.0000, Traffic sign: 0.0000, Vegetation: 0.8955, Terrain: 0.0000, Sky: 0.9834, Person: 0.0000, Rider: 0.0000, Car: 0.7757, Truck: 0.0000, Bus: 0.0000, Caravan: 0.0000, Trailer: 0.0000, Train: 0.0000, Motorcycle: 0.0000, Bicycle: 0.0000 }
        MeanDICE: 0.2587
        overAllIOU: 0.7559
    

    Epoch 6:
      Train Loss: 2.3732, Train Accuracy: 0.8646
      Val Loss: 2.3590
      Metrics:
        val_loss: 2.3590
        val_accuracy: 0.8749
        IoU: { Unlabeled: 0.3577, Unused: 0.0000, Unused: 0.0000, Unused: 0.0000, Static: 0.0000, Dynamic: 0.0000, Ground: 0.0000, Road: 0.9272, Sidewalk: 0.0000, Parking: 0.0000, Rail track: 0.0000, Building: 0.8300, Wall: 0.0000, Fence: 0.0000, Guard rail: 0.0000, Bridge: 0.0000, Tunnel: 0.0000, Pole: 0.0000, Pole group: 0.0000, Traffic light: 0.0000, Traffic sign: 0.0000, Vegetation: 0.8491, Terrain: 0.2032, Sky: 0.9693, Person: 0.0000, Rider: 0.0000, Car: 0.7517, Truck: 0.0000, Bus: 0.0000, Caravan: 0.0000, Trailer: 0.0000, Train: 0.0000, Motorcycle: 0.0000, Bicycle: 0.0000 }
        MeanIoU: 0.2555
        PixelAccuracy: 0.8754
        DICE: { Unlabeled: 0.5264, Unused: 0.0000, Unused: 0.0000, Unused: 0.0000, Static: 0.0000, Dynamic: 0.0000, Ground: 0.0000, Road: 0.9621, Sidewalk: 0.0000, Parking: 0.0000, Rail track: 0.0000, Building: 0.9067, Wall: 0.0000, Fence: 0.0000, Guard rail: 0.0000, Bridge: 0.0000, Tunnel: 0.0000, Pole: 0.0000, Pole group: 0.0000, Traffic light: 0.0000, Traffic sign: 0.0000, Vegetation: 0.9181, Terrain: 0.3243, Sky: 0.9844, Person: 0.0000, Rider: 0.0000, Car: 0.8561, Truck: 0.0000, Bus: 0.0000, Caravan: 0.0000, Trailer: 0.0000, Train: 0.0000, Motorcycle: 0.0000, Bicycle: 0.0000 }
        MeanDICE: 0.2863
        overAllIOU: 0.7788
    

    Epoch 7:
      Train Loss: 2.3510, Train Accuracy: 0.8801
      Val Loss: 2.3427
      Metrics:
        val_loss: 2.3427
        val_accuracy: 0.8842
        IoU: { Unlabeled: 0.3932, Unused: 0.0000, Unused: 0.0000, Unused: 0.0000, Static: 0.0000, Dynamic: 0.0000, Ground: 0.0000, Road: 0.9315, Sidewalk: 0.0000, Parking: 0.0000, Rail track: 0.0000, Building: 0.8467, Wall: 0.0000, Fence: 0.0000, Guard rail: 0.0000, Bridge: 0.0000, Tunnel: 0.0000, Pole: 0.0000, Pole group: 0.0000, Traffic light: 0.0000, Traffic sign: 0.0000, Vegetation: 0.8602, Terrain: 0.5054, Sky: 0.9731, Person: 0.0000, Rider: 0.0000, Car: 0.7751, Truck: 0.0000, Bus: 0.0000, Caravan: 0.0000, Trailer: 0.0000, Train: 0.0000, Motorcycle: 0.0000, Bicycle: 0.0000 }
        MeanIoU: 0.2762
        PixelAccuracy: 0.8846
        DICE: { Unlabeled: 0.5639, Unused: 0.0000, Unused: 0.0000, Unused: 0.0000, Static: 0.0000, Dynamic: 0.0000, Ground: 0.0000, Road: 0.9644, Sidewalk: 0.0000, Parking: 0.0000, Rail track: 0.0000, Building: 0.9166, Wall: 0.0000, Fence: 0.0000, Guard rail: 0.0000, Bridge: 0.0000, Tunnel: 0.0000, Pole: 0.0000, Pole group: 0.0000, Traffic light: 0.0000, Traffic sign: 0.0000, Vegetation: 0.9246, Terrain: 0.6596, Sky: 0.9863, Person: 0.0000, Rider: 0.0000, Car: 0.8719, Truck: 0.0000, Bus: 0.0000, Caravan: 0.0000, Trailer: 0.0000, Train: 0.0000, Motorcycle: 0.0000, Bicycle: 0.0000 }
        MeanDICE: 0.3076
        overAllIOU: 0.7934
    

    Epoch 8:
      Train Loss: 2.3360, Train Accuracy: 0.8904
      Val Loss: 2.3250
      Metrics:
        val_loss: 2.3250
        val_accuracy: 0.8985
        IoU: { Unlabeled: 0.4253, Unused: 0.0000, Unused: 0.0000, Unused: 0.0000, Static: 0.0000, Dynamic: 0.0000, Ground: 0.0000, Road: 0.9461, Sidewalk: 0.6047, Parking: 0.0000, Rail track: 0.0000, Building: 0.8519, Wall: 0.0000, Fence: 0.0000, Guard rail: 0.0000, Bridge: 0.0000, Tunnel: 0.0000, Pole: 0.0000, Pole group: 0.0000, Traffic light: 0.0000, Traffic sign: 0.0000, Vegetation: 0.8597, Terrain: 0.6207, Sky: 0.9754, Person: 0.0000, Rider: 0.0000, Car: 0.7897, Truck: 0.0000, Bus: 0.0000, Caravan: 0.0000, Trailer: 0.0000, Train: 0.0000, Motorcycle: 0.0000, Bicycle: 0.0000 }
        MeanIoU: 0.3174
        PixelAccuracy: 0.8988
        DICE: { Unlabeled: 0.5961, Unused: 0.0000, Unused: 0.0000, Unused: 0.0000, Static: 0.0000, Dynamic: 0.0000, Ground: 0.0000, Road: 0.9722, Sidewalk: 0.7502, Parking: 0.0000, Rail track: 0.0000, Building: 0.9197, Wall: 0.0000, Fence: 0.0000, Guard rail: 0.0000, Bridge: 0.0000, Tunnel: 0.0000, Pole: 0.0000, Pole group: 0.0000, Traffic light: 0.0000, Traffic sign: 0.0000, Vegetation: 0.9243, Terrain: 0.7565, Sky: 0.9875, Person: 0.0000, Rider: 0.0000, Car: 0.8811, Truck: 0.0000, Bus: 0.0000, Caravan: 0.0000, Trailer: 0.0000, Train: 0.0000, Motorcycle: 0.0000, Bicycle: 0.0000 }
        MeanDICE: 0.3546
        overAllIOU: 0.8166
    

    Epoch 9:
      Train Loss: 2.3239, Train Accuracy: 0.8986
      Val Loss: 2.3179
      Metrics:
        val_loss: 2.3179
        val_accuracy: 0.9023
        IoU: { Unlabeled: 0.4383, Unused: 0.0000, Unused: 0.0000, Unused: 0.0000, Static: 0.0000, Dynamic: 0.0000, Ground: 0.0000, Road: 0.9493, Sidewalk: 0.6525, Parking: 0.0000, Rail track: 0.0000, Building: 0.8603, Wall: 0.0000, Fence: 0.0000, Guard rail: 0.0000, Bridge: 0.0000, Tunnel: 0.0000, Pole: 0.0000, Pole group: 0.0000, Traffic light: 0.0000, Traffic sign: 0.0000, Vegetation: 0.8640, Terrain: 0.5907, Sky: 0.9765, Person: 0.0000, Rider: 0.0000, Car: 0.8344, Truck: 0.0000, Bus: 0.0000, Caravan: 0.0000, Trailer: 0.0000, Train: 0.0000, Motorcycle: 0.0000, Bicycle: 0.0000 }
        MeanIoU: 0.3222
        PixelAccuracy: 0.9027
        DICE: { Unlabeled: 0.6089, Unused: 0.0000, Unused: 0.0000, Unused: 0.0000, Static: 0.0000, Dynamic: 0.0000, Ground: 0.0000, Road: 0.9739, Sidewalk: 0.7877, Parking: 0.0000, Rail track: 0.0000, Building: 0.9246, Wall: 0.0000, Fence: 0.0000, Guard rail: 0.0000, Bridge: 0.0000, Tunnel: 0.0000, Pole: 0.0000, Pole group: 0.0000, Traffic light: 0.0000, Traffic sign: 0.0000, Vegetation: 0.9268, Terrain: 0.7309, Sky: 0.9881, Person: 0.0000, Rider: 0.0000, Car: 0.9089, Truck: 0.0000, Bus: 0.0000, Caravan: 0.0000, Trailer: 0.0000, Train: 0.0000, Motorcycle: 0.0000, Bicycle: 0.0000 }
        MeanDICE: 0.3579
        overAllIOU: 0.8230
    

    Epoch 10:
      Train Loss: 2.3187, Train Accuracy: 0.9015
      Val Loss: 2.3153
      Metrics:
        val_loss: 2.3153
        val_accuracy: 0.9035
        IoU: { Unlabeled: 0.4441, Unused: 0.0000, Unused: 0.0000, Unused: 0.0000, Static: 0.0000, Dynamic: 0.0000, Ground: 0.0000, Road: 0.9505, Sidewalk: 0.6782, Parking: 0.0000, Rail track: 0.0000, Building: 0.8577, Wall: 0.0000, Fence: 0.0000, Guard rail: 0.0000, Bridge: 0.0000, Tunnel: 0.0000, Pole: 0.0000, Pole group: 0.0000, Traffic light: 0.0000, Traffic sign: 0.0000, Vegetation: 0.8718, Terrain: 0.6105, Sky: 0.9774, Person: 0.0000, Rider: 0.0000, Car: 0.8418, Truck: 0.0000, Bus: 0.0000, Caravan: 0.0000, Trailer: 0.0000, Train: 0.0000, Motorcycle: 0.0000, Bicycle: 0.0000 }
        MeanIoU: 0.3257
        PixelAccuracy: 0.9039
        DICE: { Unlabeled: 0.6146, Unused: 0.0000, Unused: 0.0000, Unused: 0.0000, Static: 0.0000, Dynamic: 0.0000, Ground: 0.0000, Road: 0.9745, Sidewalk: 0.8064, Parking: 0.0000, Rail track: 0.0000, Building: 0.9230, Wall: 0.0000, Fence: 0.0000, Guard rail: 0.0000, Bridge: 0.0000, Tunnel: 0.0000, Pole: 0.0000, Pole group: 0.0000, Traffic light: 0.0000, Traffic sign: 0.0000, Vegetation: 0.9313, Terrain: 0.7477, Sky: 0.9885, Person: 0.0000, Rider: 0.0000, Car: 0.9134, Truck: 0.0000, Bus: 0.0000, Caravan: 0.0000, Trailer: 0.0000, Train: 0.0000, Motorcycle: 0.0000, Bicycle: 0.0000 }
        MeanDICE: 0.3605
        overAllIOU: 0.8250
    

    Epoch 11:
      Train Loss: 2.3145, Train Accuracy: 0.9044
      Val Loss: 2.3100
      Metrics:
        val_loss: 2.3100
        val_accuracy: 0.9080
        IoU: { Unlabeled: 0.4606, Unused: 0.0000, Unused: 0.0000, Unused: 0.0000, Static: 0.0000, Dynamic: 0.0000, Ground: 0.0000, Road: 0.9523, Sidewalk: 0.6882, Parking: 0.0000, Rail track: 0.0000, Building: 0.8671, Wall: 0.0000, Fence: 0.1457, Guard rail: 0.0000, Bridge: 0.0000, Tunnel: 0.0000, Pole: 0.0000, Pole group: 0.0000, Traffic light: 0.0000, Traffic sign: 0.0000, Vegetation: 0.8813, Terrain: 0.6475, Sky: 0.9779, Person: 0.0000, Rider: 0.0000, Car: 0.8106, Truck: 0.0000, Bus: 0.0000, Caravan: 0.0000, Trailer: 0.0000, Train: 0.0000, Motorcycle: 0.0000, Bicycle: 0.0000 }
        MeanIoU: 0.3361
        PixelAccuracy: 0.9083
        DICE: { Unlabeled: 0.6302, Unused: 0.0000, Unused: 0.0000, Unused: 0.0000, Static: 0.0000, Dynamic: 0.0000, Ground: 0.0000, Road: 0.9755, Sidewalk: 0.8133, Parking: 0.0000, Rail track: 0.0000, Building: 0.9285, Wall: 0.0000, Fence: 0.2212, Guard rail: 0.0000, Bridge: 0.0000, Tunnel: 0.0000, Pole: 0.0000, Pole group: 0.0000, Traffic light: 0.0000, Traffic sign: 0.0000, Vegetation: 0.9367, Terrain: 0.7771, Sky: 0.9888, Person: 0.0000, Rider: 0.0000, Car: 0.8940, Truck: 0.0000, Bus: 0.0000, Caravan: 0.0000, Trailer: 0.0000, Train: 0.0000, Motorcycle: 0.0000, Bicycle: 0.0000 }
        MeanDICE: 0.3744
        overAllIOU: 0.8323
    

    Epoch 12:
      Train Loss: 2.3096, Train Accuracy: 0.9083
      Val Loss: 2.3094
      Metrics:
        val_loss: 2.3094
        val_accuracy: 0.9081
        IoU: { Unlabeled: 0.4645, Unused: 0.0000, Unused: 0.0000, Unused: 0.0000, Static: 0.0000, Dynamic: 0.0000, Ground: 0.0000, Road: 0.9541, Sidewalk: 0.7035, Parking: 0.0000, Rail track: 0.0000, Building: 0.8523, Wall: 0.0000, Fence: 0.2572, Guard rail: 0.0000, Bridge: 0.0000, Tunnel: 0.0000, Pole: 0.0000, Pole group: 0.0000, Traffic light: 0.0000, Traffic sign: 0.0000, Vegetation: 0.8795, Terrain: 0.6436, Sky: 0.9740, Person: 0.0000, Rider: 0.0000, Car: 0.8271, Truck: 0.0000, Bus: 0.0000, Caravan: 0.0000, Trailer: 0.0000, Train: 0.0000, Motorcycle: 0.0000, Bicycle: 0.0000 }
        MeanIoU: 0.3426
        PixelAccuracy: 0.9084
        DICE: { Unlabeled: 0.6337, Unused: 0.0000, Unused: 0.0000, Unused: 0.0000, Static: 0.0000, Dynamic: 0.0000, Ground: 0.0000, Road: 0.9764, Sidewalk: 0.8242, Parking: 0.0000, Rail track: 0.0000, Building: 0.9198, Wall: 0.0000, Fence: 0.3670, Guard rail: 0.0000, Bridge: 0.0000, Tunnel: 0.0000, Pole: 0.0000, Pole group: 0.0000, Traffic light: 0.0000, Traffic sign: 0.0000, Vegetation: 0.9357, Terrain: 0.7735, Sky: 0.9868, Person: 0.0000, Rider: 0.0000, Car: 0.9044, Truck: 0.0000, Bus: 0.0000, Caravan: 0.0000, Trailer: 0.0000, Train: 0.0000, Motorcycle: 0.0000, Bicycle: 0.0000 }
        MeanDICE: 0.3826
        overAllIOU: 0.8324
    

    Epoch 13:
      Train Loss: 2.3069, Train Accuracy: 0.9104
      Val Loss: 2.3048
      Metrics:
        val_loss: 2.3048
        val_accuracy: 0.9116
        IoU: { Unlabeled: 0.4670, Unused: 0.0000, Unused: 0.0000, Unused: 0.0000, Static: 0.0000, Dynamic: 0.0000, Ground: 0.0000, Road: 0.9545, Sidewalk: 0.7168, Parking: 0.0000, Rail track: 0.0000, Building: 0.8741, Wall: 0.0000, Fence: 0.4868, Guard rail: 0.0000, Bridge: 0.0000, Tunnel: 0.0000, Pole: 0.0000, Pole group: 0.0000, Traffic light: 0.0000, Traffic sign: 0.0000, Vegetation: 0.8682, Terrain: 0.6283, Sky: 0.9764, Person: 0.0000, Rider: 0.0000, Car: 0.8088, Truck: 0.0000, Bus: 0.0000, Caravan: 0.0000, Trailer: 0.0000, Train: 0.0000, Motorcycle: 0.0000, Bicycle: 0.0000 }
        MeanIoU: 0.3545
        PixelAccuracy: 0.9120
        DICE: { Unlabeled: 0.6359, Unused: 0.0000, Unused: 0.0000, Unused: 0.0000, Static: 0.0000, Dynamic: 0.0000, Ground: 0.0000, Road: 0.9766, Sidewalk: 0.8336, Parking: 0.0000, Rail track: 0.0000, Building: 0.9325, Wall: 0.0000, Fence: 0.6399, Guard rail: 0.0000, Bridge: 0.0000, Tunnel: 0.0000, Pole: 0.0000, Pole group: 0.0000, Traffic light: 0.0000, Traffic sign: 0.0000, Vegetation: 0.9292, Terrain: 0.7625, Sky: 0.9880, Person: 0.0000, Rider: 0.0000, Car: 0.8931, Truck: 0.0000, Bus: 0.0000, Caravan: 0.0000, Trailer: 0.0000, Train: 0.0000, Motorcycle: 0.0000, Bicycle: 0.0000 }
        MeanDICE: 0.3967
        overAllIOU: 0.8385
    

    Epoch 14:
      Train Loss: 2.3030, Train Accuracy: 0.9132
      Val Loss: 2.3003
      Metrics:
        val_loss: 2.3003
        val_accuracy: 0.9150
        IoU: { Unlabeled: 0.4791, Unused: 0.0000, Unused: 0.0000, Unused: 0.0000, Static: 0.0000, Dynamic: 0.0000, Ground: 0.0000, Road: 0.9548, Sidewalk: 0.7196, Parking: 0.0000, Rail track: 0.0000, Building: 0.8772, Wall: 0.0000, Fence: 0.5262, Guard rail: 0.0000, Bridge: 0.0000, Tunnel: 0.0000, Pole: 0.0000, Pole group: 0.0000, Traffic light: 0.0000, Traffic sign: 0.0000, Vegetation: 0.8801, Terrain: 0.6538, Sky: 0.9767, Person: 0.0000, Rider: 0.0000, Car: 0.8550, Truck: 0.0000, Bus: 0.0000, Caravan: 0.0000, Trailer: 0.0000, Train: 0.0000, Motorcycle: 0.0000, Bicycle: 0.0000 }
        MeanIoU: 0.3618
        PixelAccuracy: 0.9153
        DICE: { Unlabeled: 0.6472, Unused: 0.0000, Unused: 0.0000, Unused: 0.0000, Static: 0.0000, Dynamic: 0.0000, Ground: 0.0000, Road: 0.9768, Sidewalk: 0.8353, Parking: 0.0000, Rail track: 0.0000, Building: 0.9343, Wall: 0.0000, Fence: 0.6767, Guard rail: 0.0000, Bridge: 0.0000, Tunnel: 0.0000, Pole: 0.0000, Pole group: 0.0000, Traffic light: 0.0000, Traffic sign: 0.0000, Vegetation: 0.9360, Terrain: 0.7827, Sky: 0.9882, Person: 0.0000, Rider: 0.0000, Car: 0.9210, Truck: 0.0000, Bus: 0.0000, Caravan: 0.0000, Trailer: 0.0000, Train: 0.0000, Motorcycle: 0.0000, Bicycle: 0.0000 }
        MeanDICE: 0.4023
        overAllIOU: 0.8442
    

    Epoch 15:
      Train Loss: 2.3009, Train Accuracy: 0.9146
      Val Loss: 2.2977
      Metrics:
        val_loss: 2.2977
        val_accuracy: 0.9170
        IoU: { Unlabeled: 0.4902, Unused: 0.0000, Unused: 0.0000, Unused: 0.0000, Static: 0.0000, Dynamic: 0.0000, Ground: 0.0000, Road: 0.9566, Sidewalk: 0.7384, Parking: 0.0000, Rail track: 0.0000, Building: 0.8743, Wall: 0.0000, Fence: 0.5289, Guard rail: 0.0000, Bridge: 0.0000, Tunnel: 0.0000, Pole: 0.0000, Pole group: 0.0000, Traffic light: 0.0000, Traffic sign: 0.0000, Vegetation: 0.8899, Terrain: 0.6666, Sky: 0.9773, Person: 0.0000, Rider: 0.0000, Car: 0.8684, Truck: 0.0000, Bus: 0.0000, Caravan: 0.0000, Trailer: 0.0000, Train: 0.0000, Motorcycle: 0.0000, Bicycle: 0.0000 }
        MeanIoU: 0.3654
        PixelAccuracy: 0.9173
        DICE: { Unlabeled: 0.6573, Unused: 0.0000, Unused: 0.0000, Unused: 0.0000, Static: 0.0000, Dynamic: 0.0000, Ground: 0.0000, Road: 0.9777, Sidewalk: 0.8480, Parking: 0.0000, Rail track: 0.0000, Building: 0.9326, Wall: 0.0000, Fence: 0.6819, Guard rail: 0.0000, Bridge: 0.0000, Tunnel: 0.0000, Pole: 0.0000, Pole group: 0.0000, Traffic light: 0.0000, Traffic sign: 0.0000, Vegetation: 0.9416, Terrain: 0.7920, Sky: 0.9885, Person: 0.0000, Rider: 0.0000, Car: 0.9289, Truck: 0.0000, Bus: 0.0000, Caravan: 0.0000, Trailer: 0.0000, Train: 0.0000, Motorcycle: 0.0000, Bicycle: 0.0000 }
        MeanDICE: 0.4049
        overAllIOU: 0.8475
    

    Epoch 16:
      Train Loss: 2.2982, Train Accuracy: 0.9171
      Val Loss: 2.2966
      Metrics:
        val_loss: 2.2966
        val_accuracy: 0.9183
        IoU: { Unlabeled: 0.4863, Unused: 0.0000, Unused: 0.0000, Unused: 0.0000, Static: 0.0000, Dynamic: 0.0000, Ground: 0.0000, Road: 0.9560, Sidewalk: 0.7377, Parking: 0.0000, Rail track: 0.0000, Building: 0.8659, Wall: 0.0000, Fence: 0.5449, Guard rail: 0.0000, Bridge: 0.0000, Tunnel: 0.0000, Pole: 0.0000, Pole group: 0.3913, Traffic light: 0.0000, Traffic sign: 0.1516, Vegetation: 0.8896, Terrain: 0.6702, Sky: 0.9786, Person: 0.0000, Rider: 0.0000, Car: 0.8661, Truck: 0.0000, Bus: 0.0000, Caravan: 0.0000, Trailer: 0.0000, Train: 0.0000, Motorcycle: 0.0000, Bicycle: 0.0000 }
        MeanIoU: 0.3939
        PixelAccuracy: 0.9185
        DICE: { Unlabeled: 0.6537, Unused: 0.0000, Unused: 0.0000, Unused: 0.0000, Static: 0.0000, Dynamic: 0.0000, Ground: 0.0000, Road: 0.9774, Sidewalk: 0.8475, Parking: 0.0000, Rail track: 0.0000, Building: 0.9277, Wall: 0.0000, Fence: 0.6983, Guard rail: 0.0000, Bridge: 0.0000, Tunnel: 0.0000, Pole: 0.0000, Pole group: 0.5404, Traffic light: 0.0000, Traffic sign: 0.2518, Vegetation: 0.9414, Terrain: 0.7943, Sky: 0.9892, Person: 0.0000, Rider: 0.0000, Car: 0.9277, Truck: 0.0000, Bus: 0.0000, Caravan: 0.0000, Trailer: 0.0000, Train: 0.0000, Motorcycle: 0.0000, Bicycle: 0.0000 }
        MeanDICE: 0.4466
        overAllIOU: 0.8496
    

    Epoch 17:
      Train Loss: 2.2954, Train Accuracy: 0.9194
      Val Loss: 2.2917
      Metrics:
        val_loss: 2.2917
        val_accuracy: 0.9222
        IoU: { Unlabeled: 0.5042, Unused: 0.0000, Unused: 0.0000, Unused: 0.0000, Static: 0.0000, Dynamic: 0.0000, Ground: 0.0000, Road: 0.9572, Sidewalk: 0.7499, Parking: 0.0000, Rail track: 0.0000, Building: 0.8819, Wall: 0.0000, Fence: 0.6078, Guard rail: 0.0000, Bridge: 0.0000, Tunnel: 0.0000, Pole: 0.0000, Pole group: 0.4148, Traffic light: 0.0000, Traffic sign: 0.5490, Vegetation: 0.8899, Terrain: 0.6749, Sky: 0.9789, Person: 0.0000, Rider: 0.0000, Car: 0.8727, Truck: 0.0000, Bus: 0.0000, Caravan: 0.0000, Trailer: 0.0000, Train: 0.0000, Motorcycle: 0.0000, Bicycle: 0.0000 }
        MeanIoU: 0.4222
        PixelAccuracy: 0.9224
        DICE: { Unlabeled: 0.6697, Unused: 0.0000, Unused: 0.0000, Unused: 0.0000, Static: 0.0000, Dynamic: 0.0000, Ground: 0.0000, Road: 0.9781, Sidewalk: 0.8557, Parking: 0.0000, Rail track: 0.0000, Building: 0.9369, Wall: 0.0000, Fence: 0.7495, Guard rail: 0.0000, Bridge: 0.0000, Tunnel: 0.0000, Pole: 0.0000, Pole group: 0.5644, Traffic light: 0.0000, Traffic sign: 0.6734, Vegetation: 0.9416, Terrain: 0.7978, Sky: 0.9893, Person: 0.0000, Rider: 0.0000, Car: 0.9314, Truck: 0.0000, Bus: 0.0000, Caravan: 0.0000, Trailer: 0.0000, Train: 0.0000, Motorcycle: 0.0000, Bicycle: 0.0000 }
        MeanDICE: 0.4746
        overAllIOU: 0.8563
    

    Epoch 18:
      Train Loss: 2.2919, Train Accuracy: 0.9221
      Val Loss: 2.2907
      Metrics:
        val_loss: 2.2907
        val_accuracy: 0.9228
        IoU: { Unlabeled: 0.4987, Unused: 0.0000, Unused: 0.0000, Unused: 0.0000, Static: 0.0000, Dynamic: 0.0000, Ground: 0.0000, Road: 0.9573, Sidewalk: 0.7549, Parking: 0.0000, Rail track: 0.0000, Building: 0.8805, Wall: 0.0000, Fence: 0.6078, Guard rail: 0.0000, Bridge: 0.0000, Tunnel: 0.0000, Pole: 0.0000, Pole group: 0.4271, Traffic light: 0.0000, Traffic sign: 0.5655, Vegetation: 0.8899, Terrain: 0.6766, Sky: 0.9799, Person: 0.0000, Rider: 0.0000, Car: 0.8671, Truck: 0.0000, Bus: 0.0000, Caravan: 0.0000, Trailer: 0.0000, Train: 0.0000, Motorcycle: 0.0000, Bicycle: 0.0000 }
        MeanIoU: 0.4235
        PixelAccuracy: 0.9230
        DICE: { Unlabeled: 0.6648, Unused: 0.0000, Unused: 0.0000, Unused: 0.0000, Static: 0.0000, Dynamic: 0.0000, Ground: 0.0000, Road: 0.9781, Sidewalk: 0.8589, Parking: 0.0000, Rail track: 0.0000, Building: 0.9362, Wall: 0.0000, Fence: 0.7499, Guard rail: 0.0000, Bridge: 0.0000, Tunnel: 0.0000, Pole: 0.0000, Pole group: 0.5759, Traffic light: 0.0000, Traffic sign: 0.6865, Vegetation: 0.9416, Terrain: 0.8002, Sky: 0.9898, Person: 0.0000, Rider: 0.0000, Car: 0.9282, Truck: 0.0000, Bus: 0.0000, Caravan: 0.0000, Trailer: 0.0000, Train: 0.0000, Motorcycle: 0.0000, Bicycle: 0.0000 }
        MeanDICE: 0.4758
        overAllIOU: 0.8573
    

    Epoch 19:
      Train Loss: 2.2916, Train Accuracy: 0.9222
      Val Loss: 2.2885
      Metrics:
        val_loss: 2.2885
        val_accuracy: 0.9245
        IoU: { Unlabeled: 0.5104, Unused: 0.0000, Unused: 0.0000, Unused: 0.0000, Static: 0.0000, Dynamic: 0.0000, Ground: 0.0000, Road: 0.9578, Sidewalk: 0.7511, Parking: 0.0000, Rail track: 0.0000, Building: 0.8807, Wall: 0.0000, Fence: 0.6156, Guard rail: 0.0000, Bridge: 0.0000, Tunnel: 0.0000, Pole: 0.0000, Pole group: 0.4418, Traffic light: 0.0000, Traffic sign: 0.5683, Vegetation: 0.8972, Terrain: 0.6866, Sky: 0.9808, Person: 0.0000, Rider: 0.0000, Car: 0.8748, Truck: 0.0000, Bus: 0.0000, Caravan: 0.0000, Trailer: 0.0000, Train: 0.0000, Motorcycle: 0.0000, Bicycle: 0.0000 }
        MeanIoU: 0.4266
        PixelAccuracy: 0.9247
        DICE: { Unlabeled: 0.6751, Unused: 0.0000, Unused: 0.0000, Unused: 0.0000, Static: 0.0000, Dynamic: 0.0000, Ground: 0.0000, Road: 0.9784, Sidewalk: 0.8566, Parking: 0.0000, Rail track: 0.0000, Building: 0.9363, Wall: 0.0000, Fence: 0.7559, Guard rail: 0.0000, Bridge: 0.0000, Tunnel: 0.0000, Pole: 0.0000, Pole group: 0.5925, Traffic light: 0.0000, Traffic sign: 0.6894, Vegetation: 0.9457, Terrain: 0.8070, Sky: 0.9903, Person: 0.0000, Rider: 0.0000, Car: 0.9327, Truck: 0.0000, Bus: 0.0000, Caravan: 0.0000, Trailer: 0.0000, Train: 0.0000, Motorcycle: 0.0000, Bicycle: 0.0000 }
        MeanDICE: 0.4784
        overAllIOU: 0.8603
    

    Epoch 20:
      Train Loss: 2.2901, Train Accuracy: 0.9233
      Val Loss: 2.2902
      Metrics:
        val_loss: 2.2902
        val_accuracy: 0.9230
        IoU: { Unlabeled: 0.5003, Unused: 0.0000, Unused: 0.0000, Unused: 0.0000, Static: 0.0000, Dynamic: 0.0000, Ground: 0.0000, Road: 0.9582, Sidewalk: 0.7403, Parking: 0.0000, Rail track: 0.0000, Building: 0.8837, Wall: 0.0000, Fence: 0.6150, Guard rail: 0.0000, Bridge: 0.0000, Tunnel: 0.0000, Pole: 0.0000, Pole group: 0.4450, Traffic light: 0.0000, Traffic sign: 0.5728, Vegetation: 0.8889, Terrain: 0.6701, Sky: 0.9798, Person: 0.0000, Rider: 0.0000, Car: 0.8782, Truck: 0.0000, Bus: 0.0000, Caravan: 0.0000, Trailer: 0.0000, Train: 0.0000, Motorcycle: 0.0000, Bicycle: 0.0000 }
        MeanIoU: 0.4249
        PixelAccuracy: 0.9233
        DICE: { Unlabeled: 0.6663, Unused: 0.0000, Unused: 0.0000, Unused: 0.0000, Static: 0.0000, Dynamic: 0.0000, Ground: 0.0000, Road: 0.9786, Sidewalk: 0.8493, Parking: 0.0000, Rail track: 0.0000, Building: 0.9380, Wall: 0.0000, Fence: 0.7556, Guard rail: 0.0000, Bridge: 0.0000, Tunnel: 0.0000, Pole: 0.0000, Pole group: 0.5974, Traffic light: 0.0000, Traffic sign: 0.6925, Vegetation: 0.9410, Terrain: 0.7959, Sky: 0.9898, Person: 0.0000, Rider: 0.0000, Car: 0.9346, Truck: 0.0000, Bus: 0.0000, Caravan: 0.0000, Trailer: 0.0000, Train: 0.0000, Motorcycle: 0.0000, Bicycle: 0.0000 }
        MeanDICE: 0.4773
        overAllIOU: 0.8578
    

    Epoch 21:
      Train Loss: 2.2895, Train Accuracy: 0.9238
      Val Loss: 2.2906
      Metrics:
        val_loss: 2.2906
        val_accuracy: 0.9227
        IoU: { Unlabeled: 0.5053, Unused: 0.0000, Unused: 0.0000, Unused: 0.0000, Static: 0.0000, Dynamic: 0.0000, Ground: 0.0000, Road: 0.9581, Sidewalk: 0.7566, Parking: 0.0000, Rail track: 0.0000, Building: 0.8817, Wall: 0.0000, Fence: 0.6277, Guard rail: 0.0000, Bridge: 0.0000, Tunnel: 0.0000, Pole: 0.0000, Pole group: 0.4798, Traffic light: 0.0000, Traffic sign: 0.5715, Vegetation: 0.8825, Terrain: 0.6910, Sky: 0.9796, Person: 0.0000, Rider: 0.0000, Car: 0.8745, Truck: 0.0000, Bus: 0.0000, Caravan: 0.0000, Trailer: 0.0000, Train: 0.0000, Motorcycle: 0.0000, Bicycle: 0.0000 }
        MeanIoU: 0.4289
        PixelAccuracy: 0.9229
        DICE: { Unlabeled: 0.6706, Unused: 0.0000, Unused: 0.0000, Unused: 0.0000, Static: 0.0000, Dynamic: 0.0000, Ground: 0.0000, Road: 0.9785, Sidewalk: 0.8601, Parking: 0.0000, Rail track: 0.0000, Building: 0.9369, Wall: 0.0000, Fence: 0.7651, Guard rail: 0.0000, Bridge: 0.0000, Tunnel: 0.0000, Pole: 0.0000, Pole group: 0.6336, Traffic light: 0.0000, Traffic sign: 0.6915, Vegetation: 0.9373, Terrain: 0.8104, Sky: 0.9897, Person: 0.0000, Rider: 0.0000, Car: 0.9325, Truck: 0.0000, Bus: 0.0000, Caravan: 0.0000, Trailer: 0.0000, Train: 0.0000, Motorcycle: 0.0000, Bicycle: 0.0000 }
        MeanDICE: 0.4809
        overAllIOU: 0.8572
    

    Epoch 22:
      Train Loss: 2.2883, Train Accuracy: 0.9248
      Val Loss: 2.2885
      Metrics:
        val_loss: 2.2885
        val_accuracy: 0.9244
        IoU: { Unlabeled: 0.5131, Unused: 0.0000, Unused: 0.0000, Unused: 0.0000, Static: 0.0000, Dynamic: 0.0000, Ground: 0.0000, Road: 0.9582, Sidewalk: 0.7648, Parking: 0.0000, Rail track: 0.0000, Building: 0.8832, Wall: 0.0000, Fence: 0.6300, Guard rail: 0.0000, Bridge: 0.0000, Tunnel: 0.0000, Pole: 0.0000, Pole group: 0.5199, Traffic light: 0.0000, Traffic sign: 0.5865, Vegetation: 0.8960, Terrain: 0.6908, Sky: 0.9809, Person: 0.0000, Rider: 0.0000, Car: 0.8757, Truck: 0.0000, Bus: 0.0000, Caravan: 0.0000, Trailer: 0.0000, Train: 0.0000, Motorcycle: 0.0000, Bicycle: 0.0000 }
        MeanIoU: 0.4336
        PixelAccuracy: 0.9246
        DICE: { Unlabeled: 0.6775, Unused: 0.0000, Unused: 0.0000, Unused: 0.0000, Static: 0.0000, Dynamic: 0.0000, Ground: 0.0000, Road: 0.9786, Sidewalk: 0.8655, Parking: 0.0000, Rail track: 0.0000, Building: 0.9377, Wall: 0.0000, Fence: 0.7667, Guard rail: 0.0000, Bridge: 0.0000, Tunnel: 0.0000, Pole: 0.0000, Pole group: 0.6710, Traffic light: 0.0000, Traffic sign: 0.7033, Vegetation: 0.9450, Terrain: 0.8101, Sky: 0.9903, Person: 0.0000, Rider: 0.0000, Car: 0.9332, Truck: 0.0000, Bus: 0.0000, Caravan: 0.0000, Trailer: 0.0000, Train: 0.0000, Motorcycle: 0.0000, Bicycle: 0.0000 }
        MeanDICE: 0.4846
        overAllIOU: 0.8601
    

    Epoch 23:
      Train Loss: 2.2873, Train Accuracy: 0.9255
      Val Loss: 2.2868
      Metrics:
        val_loss: 2.2868
        val_accuracy: 0.9257
        IoU: { Unlabeled: 0.5143, Unused: 0.0000, Unused: 0.0000, Unused: 0.0000, Static: 0.0000, Dynamic: 0.0000, Ground: 0.0000, Road: 0.9590, Sidewalk: 0.7721, Parking: 0.0000, Rail track: 0.0000, Building: 0.8861, Wall: 0.0000, Fence: 0.6377, Guard rail: 0.0000, Bridge: 0.0000, Tunnel: 0.0000, Pole: 0.0000, Pole group: 0.5428, Traffic light: 0.0000, Traffic sign: 0.5925, Vegetation: 0.8964, Terrain: 0.6900, Sky: 0.9805, Person: 0.0000, Rider: 0.0000, Car: 0.8770, Truck: 0.0000, Bus: 0.0000, Caravan: 0.0000, Trailer: 0.0000, Train: 0.0000, Motorcycle: 0.0000, Bicycle: 0.0000 }
        MeanIoU: 0.4361
        PixelAccuracy: 0.9260
        DICE: { Unlabeled: 0.6785, Unused: 0.0000, Unused: 0.0000, Unused: 0.0000, Static: 0.0000, Dynamic: 0.0000, Ground: 0.0000, Road: 0.9790, Sidewalk: 0.8702, Parking: 0.0000, Rail track: 0.0000, Building: 0.9393, Wall: 0.0000, Fence: 0.7730, Guard rail: 0.0000, Bridge: 0.0000, Tunnel: 0.0000, Pole: 0.0000, Pole group: 0.6922, Traffic light: 0.0000, Traffic sign: 0.7079, Vegetation: 0.9452, Terrain: 0.8096, Sky: 0.9901, Person: 0.0000, Rider: 0.0000, Car: 0.9340, Truck: 0.0000, Bus: 0.0000, Caravan: 0.0000, Trailer: 0.0000, Train: 0.0000, Motorcycle: 0.0000, Bicycle: 0.0000 }
        MeanDICE: 0.4867
        overAllIOU: 0.8624
    

    Epoch 24:
      Train Loss: 2.2868, Train Accuracy: 0.9260
      Val Loss: 2.2857
      Metrics:
        val_loss: 2.2857
        val_accuracy: 0.9266
        IoU: { Unlabeled: 0.5196, Unused: 0.0000, Unused: 0.0000, Unused: 0.0000, Static: 0.0000, Dynamic: 0.0000, Ground: 0.0000, Road: 0.9584, Sidewalk: 0.7689, Parking: 0.0000, Rail track: 0.0000, Building: 0.8865, Wall: 0.0000, Fence: 0.6133, Guard rail: 0.0000, Bridge: 0.0000, Tunnel: 0.0000, Pole: 0.0000, Pole group: 0.5458, Traffic light: 0.0000, Traffic sign: 0.5955, Vegetation: 0.8999, Terrain: 0.7002, Sky: 0.9810, Person: 0.0000, Rider: 0.0000, Car: 0.8834, Truck: 0.0000, Bus: 0.0000, Caravan: 0.0000, Trailer: 0.0000, Train: 0.0000, Motorcycle: 0.0000, Bicycle: 0.0000 }
        MeanIoU: 0.4364
        PixelAccuracy: 0.9268
        DICE: { Unlabeled: 0.6832, Unused: 0.0000, Unused: 0.0000, Unused: 0.0000, Static: 0.0000, Dynamic: 0.0000, Ground: 0.0000, Road: 0.9787, Sidewalk: 0.8683, Parking: 0.0000, Rail track: 0.0000, Building: 0.9395, Wall: 0.0000, Fence: 0.7533, Guard rail: 0.0000, Bridge: 0.0000, Tunnel: 0.0000, Pole: 0.0000, Pole group: 0.6949, Traffic light: 0.0000, Traffic sign: 0.7106, Vegetation: 0.9472, Terrain: 0.8169, Sky: 0.9904, Person: 0.0000, Rider: 0.0000, Car: 0.9376, Truck: 0.0000, Bus: 0.0000, Caravan: 0.0000, Trailer: 0.0000, Train: 0.0000, Motorcycle: 0.0000, Bicycle: 0.0000 }
        MeanDICE: 0.4868
        overAllIOU: 0.8639
    

    Epoch 25:
      Train Loss: 2.2866, Train Accuracy: 0.9261
      Val Loss: 2.2859
      Metrics:
        val_loss: 2.2859
        val_accuracy: 0.9264
        IoU: { Unlabeled: 0.5247, Unused: 0.0000, Unused: 0.0000, Unused: 0.0000, Static: 0.0000, Dynamic: 0.0000, Ground: 0.0000, Road: 0.9599, Sidewalk: 0.7683, Parking: 0.0000, Rail track: 0.0000, Building: 0.8878, Wall: 0.0000, Fence: 0.6395, Guard rail: 0.0000, Bridge: 0.0000, Tunnel: 0.0000, Pole: 0.0000, Pole group: 0.5578, Traffic light: 0.0000, Traffic sign: 0.5988, Vegetation: 0.8988, Terrain: 0.6916, Sky: 0.9807, Person: 0.0000, Rider: 0.0000, Car: 0.8856, Truck: 0.0000, Bus: 0.0000, Caravan: 0.0000, Trailer: 0.0000, Train: 0.0000, Motorcycle: 0.0000, Bicycle: 0.0000 }
        MeanIoU: 0.4385
        PixelAccuracy: 0.9267
        DICE: { Unlabeled: 0.6876, Unused: 0.0000, Unused: 0.0000, Unused: 0.0000, Static: 0.0000, Dynamic: 0.0000, Ground: 0.0000, Road: 0.9795, Sidewalk: 0.8677, Parking: 0.0000, Rail track: 0.0000, Building: 0.9403, Wall: 0.0000, Fence: 0.7739, Guard rail: 0.0000, Bridge: 0.0000, Tunnel: 0.0000, Pole: 0.0000, Pole group: 0.7060, Traffic light: 0.0000, Traffic sign: 0.7124, Vegetation: 0.9466, Terrain: 0.8102, Sky: 0.9902, Person: 0.0000, Rider: 0.0000, Car: 0.9388, Truck: 0.0000, Bus: 0.0000, Caravan: 0.0000, Trailer: 0.0000, Train: 0.0000, Motorcycle: 0.0000, Bicycle: 0.0000 }
        MeanDICE: 0.4885
        overAllIOU: 0.8636
    

    Epoch 26:
      Train Loss: 2.2857, Train Accuracy: 0.9268
      Val Loss: 2.2846
      Metrics:
        val_loss: 2.2846
        val_accuracy: 0.9275
        IoU: { Unlabeled: 0.5250, Unused: 0.0000, Unused: 0.0000, Unused: 0.0000, Static: 0.0000, Dynamic: 0.0000, Ground: 0.0000, Road: 0.9604, Sidewalk: 0.7723, Parking: 0.0000, Rail track: 0.0000, Building: 0.8900, Wall: 0.0000, Fence: 0.6349, Guard rail: 0.0000, Bridge: 0.0000, Tunnel: 0.0000, Pole: 0.0000, Pole group: 0.5643, Traffic light: 0.0000, Traffic sign: 0.6028, Vegetation: 0.9021, Terrain: 0.7018, Sky: 0.9808, Person: 0.0000, Rider: 0.0000, Car: 0.8714, Truck: 0.0000, Bus: 0.0000, Caravan: 0.0000, Trailer: 0.0000, Train: 0.0000, Motorcycle: 0.0000, Bicycle: 0.0000 }
        MeanIoU: 0.4392
        PixelAccuracy: 0.9278
        DICE: { Unlabeled: 0.6878, Unused: 0.0000, Unused: 0.0000, Unused: 0.0000, Static: 0.0000, Dynamic: 0.0000, Ground: 0.0000, Road: 0.9797, Sidewalk: 0.8705, Parking: 0.0000, Rail track: 0.0000, Building: 0.9416, Wall: 0.0000, Fence: 0.7707, Guard rail: 0.0000, Bridge: 0.0000, Tunnel: 0.0000, Pole: 0.0000, Pole group: 0.7117, Traffic light: 0.0000, Traffic sign: 0.7159, Vegetation: 0.9484, Terrain: 0.8182, Sky: 0.9903, Person: 0.0000, Rider: 0.0000, Car: 0.9307, Truck: 0.0000, Bus: 0.0000, Caravan: 0.0000, Trailer: 0.0000, Train: 0.0000, Motorcycle: 0.0000, Bicycle: 0.0000 }
        MeanDICE: 0.4892
        overAllIOU: 0.8655
    

    Epoch 27:
      Train Loss: 2.2846, Train Accuracy: 0.9278
      Val Loss: 2.2842
      Metrics:
        val_loss: 2.2842
        val_accuracy: 0.9278
        IoU: { Unlabeled: 0.5219, Unused: 0.0000, Unused: 0.0000, Unused: 0.0000, Static: 0.0000, Dynamic: 0.0000, Ground: 0.0000, Road: 0.9603, Sidewalk: 0.7611, Parking: 0.0000, Rail track: 0.0000, Building: 0.8907, Wall: 0.0000, Fence: 0.6514, Guard rail: 0.0000, Bridge: 0.0000, Tunnel: 0.0000, Pole: 0.0000, Pole group: 0.5682, Traffic light: 0.0000, Traffic sign: 0.6009, Vegetation: 0.9024, Terrain: 0.7013, Sky: 0.9812, Person: 0.0000, Rider: 0.0000, Car: 0.8843, Truck: 0.0000, Bus: 0.0000, Caravan: 0.0000, Trailer: 0.0000, Train: 0.0000, Motorcycle: 0.0000, Bicycle: 0.0000 }
        MeanIoU: 0.4401
        PixelAccuracy: 0.9280
        DICE: { Unlabeled: 0.6852, Unused: 0.0000, Unused: 0.0000, Unused: 0.0000, Static: 0.0000, Dynamic: 0.0000, Ground: 0.0000, Road: 0.9797, Sidewalk: 0.8630, Parking: 0.0000, Rail track: 0.0000, Building: 0.9419, Wall: 0.0000, Fence: 0.7830, Guard rail: 0.0000, Bridge: 0.0000, Tunnel: 0.0000, Pole: 0.0000, Pole group: 0.7152, Traffic light: 0.0000, Traffic sign: 0.7149, Vegetation: 0.9485, Terrain: 0.8177, Sky: 0.9905, Person: 0.0000, Rider: 0.0000, Car: 0.9381, Truck: 0.0000, Bus: 0.0000, Caravan: 0.0000, Trailer: 0.0000, Train: 0.0000, Motorcycle: 0.0000, Bicycle: 0.0000 }
        MeanDICE: 0.4898
        overAllIOU: 0.8660
    

    Epoch 28:
      Train Loss: 2.2842, Train Accuracy: 0.9280
      Val Loss: 2.2854
      Metrics:
        val_loss: 2.2854
        val_accuracy: 0.9268
        IoU: { Unlabeled: 0.5127, Unused: 0.0000, Unused: 0.0000, Unused: 0.0000, Static: 0.0000, Dynamic: 0.0000, Ground: 0.0000, Road: 0.9608, Sidewalk: 0.7816, Parking: 0.0000, Rail track: 0.0000, Building: 0.8852, Wall: 0.0000, Fence: 0.6485, Guard rail: 0.0000, Bridge: 0.0000, Tunnel: 0.0000, Pole: 0.0000, Pole group: 0.5686, Traffic light: 0.0000, Traffic sign: 0.5942, Vegetation: 0.8987, Terrain: 0.6963, Sky: 0.9811, Person: 0.0000, Rider: 0.0000, Car: 0.8698, Truck: 0.0000, Bus: 0.0000, Caravan: 0.0000, Trailer: 0.0000, Train: 0.0000, Motorcycle: 0.0000, Bicycle: 0.0000 }
        MeanIoU: 0.4387
        PixelAccuracy: 0.9270
        DICE: { Unlabeled: 0.6772, Unused: 0.0000, Unused: 0.0000, Unused: 0.0000, Static: 0.0000, Dynamic: 0.0000, Ground: 0.0000, Road: 0.9799, Sidewalk: 0.8764, Parking: 0.0000, Rail track: 0.0000, Building: 0.9388, Wall: 0.0000, Fence: 0.7812, Guard rail: 0.0000, Bridge: 0.0000, Tunnel: 0.0000, Pole: 0.0000, Pole group: 0.7165, Traffic light: 0.0000, Traffic sign: 0.7107, Vegetation: 0.9465, Terrain: 0.8143, Sky: 0.9904, Person: 0.0000, Rider: 0.0000, Car: 0.9298, Truck: 0.0000, Bus: 0.0000, Caravan: 0.0000, Trailer: 0.0000, Train: 0.0000, Motorcycle: 0.0000, Bicycle: 0.0000 }
        MeanDICE: 0.4890
        overAllIOU: 0.8643
    

    Epoch 29:
      Train Loss: 2.2844, Train Accuracy: 0.9279
      Val Loss: 2.2850
      Metrics:
        val_loss: 2.2850
        val_accuracy: 0.9272
        IoU: { Unlabeled: 0.5254, Unused: 0.0000, Unused: 0.0000, Unused: 0.0000, Static: 0.0000, Dynamic: 0.0000, Ground: 0.0000, Road: 0.9604, Sidewalk: 0.7799, Parking: 0.0000, Rail track: 0.0000, Building: 0.8863, Wall: 0.0000, Fence: 0.6412, Guard rail: 0.0000, Bridge: 0.0000, Tunnel: 0.0000, Pole: 0.0000, Pole group: 0.5752, Traffic light: 0.0000, Traffic sign: 0.6075, Vegetation: 0.9001, Terrain: 0.7009, Sky: 0.9811, Person: 0.0000, Rider: 0.0000, Car: 0.8693, Truck: 0.0000, Bus: 0.0000, Caravan: 0.0000, Trailer: 0.0000, Train: 0.0000, Motorcycle: 0.0000, Bicycle: 0.0000 }
        MeanIoU: 0.4403
        PixelAccuracy: 0.9274
        DICE: { Unlabeled: 0.6882, Unused: 0.0000, Unused: 0.0000, Unused: 0.0000, Static: 0.0000, Dynamic: 0.0000, Ground: 0.0000, Road: 0.9797, Sidewalk: 0.8752, Parking: 0.0000, Rail track: 0.0000, Building: 0.9395, Wall: 0.0000, Fence: 0.7751, Guard rail: 0.0000, Bridge: 0.0000, Tunnel: 0.0000, Pole: 0.0000, Pole group: 0.7216, Traffic light: 0.0000, Traffic sign: 0.7217, Vegetation: 0.9473, Terrain: 0.8175, Sky: 0.9904, Person: 0.0000, Rider: 0.0000, Car: 0.9295, Truck: 0.0000, Bus: 0.0000, Caravan: 0.0000, Trailer: 0.0000, Train: 0.0000, Motorcycle: 0.0000, Bicycle: 0.0000 }
        MeanDICE: 0.4902
        overAllIOU: 0.8650
    

    Epoch 30:
      Train Loss: 2.2833, Train Accuracy: 0.9288
      Val Loss: 2.2837
      Metrics:
        val_loss: 2.2837
        val_accuracy: 0.9282
        IoU: { Unlabeled: 0.5252, Unused: 0.0000, Unused: 0.0000, Unused: 0.0000, Static: 0.0000, Dynamic: 0.0000, Ground: 0.0000, Road: 0.9611, Sidewalk: 0.7836, Parking: 0.0000, Rail track: 0.0000, Building: 0.8915, Wall: 0.0000, Fence: 0.6373, Guard rail: 0.0000, Bridge: 0.0000, Tunnel: 0.0000, Pole: 0.0000, Pole group: 0.5811, Traffic light: 0.0000, Traffic sign: 0.6038, Vegetation: 0.8972, Terrain: 0.7078, Sky: 0.9818, Person: 0.0000, Rider: 0.0000, Car: 0.8846, Truck: 0.0000, Bus: 0.0000, Caravan: 0.0000, Trailer: 0.0000, Train: 0.0000, Motorcycle: 0.0000, Bicycle: 0.0000 }
        MeanIoU: 0.4417
        PixelAccuracy: 0.9284
        DICE: { Unlabeled: 0.6880, Unused: 0.0000, Unused: 0.0000, Unused: 0.0000, Static: 0.0000, Dynamic: 0.0000, Ground: 0.0000, Road: 0.9801, Sidewalk: 0.8775, Parking: 0.0000, Rail track: 0.0000, Building: 0.9424, Wall: 0.0000, Fence: 0.7721, Guard rail: 0.0000, Bridge: 0.0000, Tunnel: 0.0000, Pole: 0.0000, Pole group: 0.7272, Traffic light: 0.0000, Traffic sign: 0.7192, Vegetation: 0.9456, Terrain: 0.8224, Sky: 0.9908, Person: 0.0000, Rider: 0.0000, Car: 0.9383, Truck: 0.0000, Bus: 0.0000, Caravan: 0.0000, Trailer: 0.0000, Train: 0.0000, Motorcycle: 0.0000, Bicycle: 0.0000 }
        MeanDICE: 0.4912
        overAllIOU: 0.8667
    

    Epoch 31:
      Train Loss: 2.2843, Train Accuracy: 0.9279
      Val Loss: 2.2825
      Metrics:
        val_loss: 2.2825
        val_accuracy: 0.9292
        IoU: { Unlabeled: 0.5253, Unused: 0.0000, Unused: 0.0000, Unused: 0.0000, Static: 0.0000, Dynamic: 0.0000, Ground: 0.0000, Road: 0.9612, Sidewalk: 0.7855, Parking: 0.0000, Rail track: 0.0000, Building: 0.8935, Wall: 0.0000, Fence: 0.6571, Guard rail: 0.0000, Bridge: 0.0000, Tunnel: 0.0000, Pole: 0.0000, Pole group: 0.5917, Traffic light: 0.0000, Traffic sign: 0.6105, Vegetation: 0.9041, Terrain: 0.7048, Sky: 0.9817, Person: 0.0000, Rider: 0.0000, Car: 0.8901, Truck: 0.0000, Bus: 0.0000, Caravan: 0.0000, Trailer: 0.0000, Train: 0.0000, Motorcycle: 0.0000, Bicycle: 0.0000 }
        MeanIoU: 0.4443
        PixelAccuracy: 0.9295
        DICE: { Unlabeled: 0.6881, Unused: 0.0000, Unused: 0.0000, Unused: 0.0000, Static: 0.0000, Dynamic: 0.0000, Ground: 0.0000, Road: 0.9801, Sidewalk: 0.8788, Parking: 0.0000, Rail track: 0.0000, Building: 0.9435, Wall: 0.0000, Fence: 0.7870, Guard rail: 0.0000, Bridge: 0.0000, Tunnel: 0.0000, Pole: 0.0000, Pole group: 0.7352, Traffic light: 0.0000, Traffic sign: 0.7234, Vegetation: 0.9495, Terrain: 0.8201, Sky: 0.9907, Person: 0.0000, Rider: 0.0000, Car: 0.9413, Truck: 0.0000, Bus: 0.0000, Caravan: 0.0000, Trailer: 0.0000, Train: 0.0000, Motorcycle: 0.0000, Bicycle: 0.0000 }
        MeanDICE: 0.4929
        overAllIOU: 0.8685
    

    Epoch 32:
      Train Loss: 2.2825, Train Accuracy: 0.9294
      Val Loss: 2.2830
      Metrics:
        val_loss: 2.2830
        val_accuracy: 0.9287
        IoU: { Unlabeled: 0.5286, Unused: 0.0000, Unused: 0.0000, Unused: 0.0000, Static: 0.0000, Dynamic: 0.0000, Ground: 0.0000, Road: 0.9614, Sidewalk: 0.7814, Parking: 0.0000, Rail track: 0.0000, Building: 0.8932, Wall: 0.0000, Fence: 0.6538, Guard rail: 0.0000, Bridge: 0.0000, Tunnel: 0.0000, Pole: 0.0000, Pole group: 0.5910, Traffic light: 0.0000, Traffic sign: 0.6101, Vegetation: 0.9079, Terrain: 0.7019, Sky: 0.9819, Person: 0.0000, Rider: 0.0000, Car: 0.8885, Truck: 0.0000, Bus: 0.0000, Caravan: 0.0000, Trailer: 0.0000, Train: 0.0000, Motorcycle: 0.0000, Bicycle: 0.0000 }
        MeanIoU: 0.4440
        PixelAccuracy: 0.9290
        DICE: { Unlabeled: 0.6910, Unused: 0.0000, Unused: 0.0000, Unused: 0.0000, Static: 0.0000, Dynamic: 0.0000, Ground: 0.0000, Road: 0.9803, Sidewalk: 0.8761, Parking: 0.0000, Rail track: 0.0000, Building: 0.9433, Wall: 0.0000, Fence: 0.7854, Guard rail: 0.0000, Bridge: 0.0000, Tunnel: 0.0000, Pole: 0.0000, Pole group: 0.7349, Traffic light: 0.0000, Traffic sign: 0.7241, Vegetation: 0.9516, Terrain: 0.8182, Sky: 0.9908, Person: 0.0000, Rider: 0.0000, Car: 0.9405, Truck: 0.0000, Bus: 0.0000, Caravan: 0.0000, Trailer: 0.0000, Train: 0.0000, Motorcycle: 0.0000, Bicycle: 0.0000 }
        MeanDICE: 0.4929
        overAllIOU: 0.8677
    

    Epoch 33:
      Train Loss: 2.2821, Train Accuracy: 0.9298
      Val Loss: 2.2840
      Metrics:
        val_loss: 2.2840
        val_accuracy: 0.9279
        IoU: { Unlabeled: 0.5258, Unused: 0.0000, Unused: 0.0000, Unused: 0.0000, Static: 0.0000, Dynamic: 0.0000, Ground: 0.0000, Road: 0.9607, Sidewalk: 0.7797, Parking: 0.0000, Rail track: 0.0000, Building: 0.8892, Wall: 0.0000, Fence: 0.6581, Guard rail: 0.0000, Bridge: 0.0000, Tunnel: 0.0000, Pole: 0.0000, Pole group: 0.5939, Traffic light: 0.0000, Traffic sign: 0.6134, Vegetation: 0.9026, Terrain: 0.6992, Sky: 0.9814, Person: 0.0000, Rider: 0.0000, Car: 0.8769, Truck: 0.0000, Bus: 0.0000, Caravan: 0.0000, Trailer: 0.0000, Train: 0.0000, Motorcycle: 0.0000, Bicycle: 0.0000 }
        MeanIoU: 0.4430
        PixelAccuracy: 0.9282
        DICE: { Unlabeled: 0.6885, Unused: 0.0000, Unused: 0.0000, Unused: 0.0000, Static: 0.0000, Dynamic: 0.0000, Ground: 0.0000, Road: 0.9799, Sidewalk: 0.8751, Parking: 0.0000, Rail track: 0.0000, Building: 0.9411, Wall: 0.0000, Fence: 0.7885, Guard rail: 0.0000, Bridge: 0.0000, Tunnel: 0.0000, Pole: 0.0000, Pole group: 0.7371, Traffic light: 0.0000, Traffic sign: 0.7274, Vegetation: 0.9487, Terrain: 0.8165, Sky: 0.9906, Person: 0.0000, Rider: 0.0000, Car: 0.9338, Truck: 0.0000, Bus: 0.0000, Caravan: 0.0000, Trailer: 0.0000, Train: 0.0000, Motorcycle: 0.0000, Bicycle: 0.0000 }
        MeanDICE: 0.4924
        overAllIOU: 0.8663
    

    Epoch 34:
      Train Loss: 2.2820, Train Accuracy: 0.9298
      Val Loss: 2.2821
      Metrics:
        val_loss: 2.2821
        val_accuracy: 0.9295
        IoU: { Unlabeled: 0.5289, Unused: 0.0000, Unused: 0.0000, Unused: 0.0000, Static: 0.0000, Dynamic: 0.0000, Ground: 0.0000, Road: 0.9620, Sidewalk: 0.7824, Parking: 0.0000, Rail track: 0.0000, Building: 0.8892, Wall: 0.0000, Fence: 0.6630, Guard rail: 0.0000, Bridge: 0.0000, Tunnel: 0.0000, Pole: 0.0000, Pole group: 0.5970, Traffic light: 0.0000, Traffic sign: 0.6166, Vegetation: 0.9079, Terrain: 0.7076, Sky: 0.9820, Person: 0.0000, Rider: 0.0000, Car: 0.8889, Truck: 0.0000, Bus: 0.0000, Caravan: 0.0000, Trailer: 0.0000, Train: 0.0000, Motorcycle: 0.0000, Bicycle: 0.0000 }
        MeanIoU: 0.4453
        PixelAccuracy: 0.9297
        DICE: { Unlabeled: 0.6912, Unused: 0.0000, Unused: 0.0000, Unused: 0.0000, Static: 0.0000, Dynamic: 0.0000, Ground: 0.0000, Road: 0.9806, Sidewalk: 0.8767, Parking: 0.0000, Rail track: 0.0000, Building: 0.9410, Wall: 0.0000, Fence: 0.7918, Guard rail: 0.0000, Bridge: 0.0000, Tunnel: 0.0000, Pole: 0.0000, Pole group: 0.7392, Traffic light: 0.0000, Traffic sign: 0.7309, Vegetation: 0.9516, Terrain: 0.8222, Sky: 0.9909, Person: 0.0000, Rider: 0.0000, Car: 0.9407, Truck: 0.0000, Bus: 0.0000, Caravan: 0.0000, Trailer: 0.0000, Train: 0.0000, Motorcycle: 0.0000, Bicycle: 0.0000 }
        MeanDICE: 0.4939
        overAllIOU: 0.8689
    

    Epoch 35:
      Train Loss: 2.2818, Train Accuracy: 0.9300
      Val Loss: 2.2823
      Metrics:
        val_loss: 2.2823
        val_accuracy: 0.9293
        IoU: { Unlabeled: 0.5285, Unused: 0.0000, Unused: 0.0000, Unused: 0.0000, Static: 0.0000, Dynamic: 0.0000, Ground: 0.0000, Road: 0.9617, Sidewalk: 0.7859, Parking: 0.0000, Rail track: 0.0000, Building: 0.8923, Wall: 0.0000, Fence: 0.6586, Guard rail: 0.0000, Bridge: 0.0000, Tunnel: 0.0000, Pole: 0.0000, Pole group: 0.5974, Traffic light: 0.0000, Traffic sign: 0.6106, Vegetation: 0.9072, Terrain: 0.7076, Sky: 0.9805, Person: 0.0000, Rider: 0.0000, Car: 0.8843, Truck: 0.0000, Bus: 0.0000, Caravan: 0.0000, Trailer: 0.0000, Train: 0.0000, Motorcycle: 0.0000, Bicycle: 0.0000 }
        MeanIoU: 0.4448
        PixelAccuracy: 0.9295
        DICE: { Unlabeled: 0.6908, Unused: 0.0000, Unused: 0.0000, Unused: 0.0000, Static: 0.0000, Dynamic: 0.0000, Ground: 0.0000, Road: 0.9804, Sidewalk: 0.8791, Parking: 0.0000, Rail track: 0.0000, Building: 0.9428, Wall: 0.0000, Fence: 0.7889, Guard rail: 0.0000, Bridge: 0.0000, Tunnel: 0.0000, Pole: 0.0000, Pole group: 0.7405, Traffic light: 0.0000, Traffic sign: 0.7285, Vegetation: 0.9512, Terrain: 0.8219, Sky: 0.9901, Person: 0.0000, Rider: 0.0000, Car: 0.9382, Truck: 0.0000, Bus: 0.0000, Caravan: 0.0000, Trailer: 0.0000, Train: 0.0000, Motorcycle: 0.0000, Bicycle: 0.0000 }
        MeanDICE: 0.4937
        overAllIOU: 0.8686
    

    Epoch 36:
      Train Loss: 2.2815, Train Accuracy: 0.9302
      Val Loss: 2.2824
      Metrics:
        val_loss: 2.2824
        val_accuracy: 0.9293
        IoU: { Unlabeled: 0.5307, Unused: 0.0000, Unused: 0.0000, Unused: 0.0000, Static: 0.0000, Dynamic: 0.0000, Ground: 0.0000, Road: 0.9618, Sidewalk: 0.7864, Parking: 0.0000, Rail track: 0.0000, Building: 0.8945, Wall: 0.0000, Fence: 0.6590, Guard rail: 0.0000, Bridge: 0.0000, Tunnel: 0.0000, Pole: 0.0000, Pole group: 0.5931, Traffic light: 0.0000, Traffic sign: 0.6211, Vegetation: 0.9074, Terrain: 0.7057, Sky: 0.9817, Person: 0.0000, Rider: 0.0000, Car: 0.8823, Truck: 0.0000, Bus: 0.0000, Caravan: 0.0000, Trailer: 0.0000, Train: 0.0000, Motorcycle: 0.0000, Bicycle: 0.0000 }
        MeanIoU: 0.4453
        PixelAccuracy: 0.9295
        DICE: { Unlabeled: 0.6928, Unused: 0.0000, Unused: 0.0000, Unused: 0.0000, Static: 0.0000, Dynamic: 0.0000, Ground: 0.0000, Road: 0.9805, Sidewalk: 0.8794, Parking: 0.0000, Rail track: 0.0000, Building: 0.9441, Wall: 0.0000, Fence: 0.7887, Guard rail: 0.0000, Bridge: 0.0000, Tunnel: 0.0000, Pole: 0.0000, Pole group: 0.7366, Traffic light: 0.0000, Traffic sign: 0.7350, Vegetation: 0.9514, Terrain: 0.8211, Sky: 0.9908, Person: 0.0000, Rider: 0.0000, Car: 0.9370, Truck: 0.0000, Bus: 0.0000, Caravan: 0.0000, Trailer: 0.0000, Train: 0.0000, Motorcycle: 0.0000, Bicycle: 0.0000 }
        MeanDICE: 0.4940
        overAllIOU: 0.8686
    

    Epoch 37:
      Train Loss: 2.2810, Train Accuracy: 0.9306
      Val Loss: 2.2813
      Metrics:
        val_loss: 2.2813
        val_accuracy: 0.9301
        IoU: { Unlabeled: 0.5369, Unused: 0.0000, Unused: 0.0000, Unused: 0.0000, Static: 0.0000, Dynamic: 0.0000, Ground: 0.0000, Road: 0.9626, Sidewalk: 0.7913, Parking: 0.0000, Rail track: 0.0000, Building: 0.8926, Wall: 0.0000, Fence: 0.6554, Guard rail: 0.0000, Bridge: 0.0000, Tunnel: 0.0000, Pole: 0.0000, Pole group: 0.5910, Traffic light: 0.0000, Traffic sign: 0.6435, Vegetation: 0.9097, Terrain: 0.7037, Sky: 0.9820, Person: 0.0000, Rider: 0.0000, Car: 0.8913, Truck: 0.0000, Bus: 0.0000, Caravan: 0.0000, Trailer: 0.0000, Train: 0.0000, Motorcycle: 0.0000, Bicycle: 0.0000 }
        MeanIoU: 0.4472
        PixelAccuracy: 0.9303
        DICE: { Unlabeled: 0.6980, Unused: 0.0000, Unused: 0.0000, Unused: 0.0000, Static: 0.0000, Dynamic: 0.0000, Ground: 0.0000, Road: 0.9809, Sidewalk: 0.8823, Parking: 0.0000, Rail track: 0.0000, Building: 0.9430, Wall: 0.0000, Fence: 0.7853, Guard rail: 0.0000, Bridge: 0.0000, Tunnel: 0.0000, Pole: 0.0000, Pole group: 0.7340, Traffic light: 0.0000, Traffic sign: 0.7589, Vegetation: 0.9526, Terrain: 0.8193, Sky: 0.9909, Person: 0.0000, Rider: 0.0000, Car: 0.9421, Truck: 0.0000, Bus: 0.0000, Caravan: 0.0000, Trailer: 0.0000, Train: 0.0000, Motorcycle: 0.0000, Bicycle: 0.0000 }
        MeanDICE: 0.4955
        overAllIOU: 0.8700
    

    Epoch 38:
      Train Loss: 2.2807, Train Accuracy: 0.9309
      Val Loss: 2.2832
      Metrics:
        val_loss: 2.2832
        val_accuracy: 0.9285
        IoU: { Unlabeled: 0.5291, Unused: 0.0000, Unused: 0.0000, Unused: 0.0000, Static: 0.0000, Dynamic: 0.0000, Ground: 0.0000, Road: 0.9608, Sidewalk: 0.7791, Parking: 0.0000, Rail track: 0.0000, Building: 0.8935, Wall: 0.0000, Fence: 0.6566, Guard rail: 0.0000, Bridge: 0.0000, Tunnel: 0.0000, Pole: 0.0000, Pole group: 0.6024, Traffic light: 0.0000, Traffic sign: 0.6482, Vegetation: 0.9066, Terrain: 0.7047, Sky: 0.9817, Person: 0.0000, Rider: 0.0000, Car: 0.8870, Truck: 0.0000, Bus: 0.0000, Caravan: 0.0000, Trailer: 0.0000, Train: 0.0000, Motorcycle: 0.0000, Bicycle: 0.0000 }
        MeanIoU: 0.4467
        PixelAccuracy: 0.9288
        DICE: { Unlabeled: 0.6914, Unused: 0.0000, Unused: 0.0000, Unused: 0.0000, Static: 0.0000, Dynamic: 0.0000, Ground: 0.0000, Road: 0.9800, Sidewalk: 0.8748, Parking: 0.0000, Rail track: 0.0000, Building: 0.9435, Wall: 0.0000, Fence: 0.7871, Guard rail: 0.0000, Bridge: 0.0000, Tunnel: 0.0000, Pole: 0.0000, Pole group: 0.7435, Traffic light: 0.0000, Traffic sign: 0.7625, Vegetation: 0.9509, Terrain: 0.8203, Sky: 0.9907, Person: 0.0000, Rider: 0.0000, Car: 0.9396, Truck: 0.0000, Bus: 0.0000, Caravan: 0.0000, Trailer: 0.0000, Train: 0.0000, Motorcycle: 0.0000, Bicycle: 0.0000 }
        MeanDICE: 0.4954
        overAllIOU: 0.8673
    

    Epoch 39:
      Train Loss: 2.2810, Train Accuracy: 0.9307
      Val Loss: 2.2853
      Metrics:
        val_loss: 2.2853
        val_accuracy: 0.9270
        IoU: { Unlabeled: 0.5205, Unused: 0.0000, Unused: 0.0000, Unused: 0.0000, Static: 0.0000, Dynamic: 0.0000, Ground: 0.0000, Road: 0.9606, Sidewalk: 0.7846, Parking: 0.0000, Rail track: 0.0000, Building: 0.8846, Wall: 0.0000, Fence: 0.6462, Guard rail: 0.0000, Bridge: 0.0000, Tunnel: 0.0000, Pole: 0.0000, Pole group: 0.6022, Traffic light: 0.0000, Traffic sign: 0.6111, Vegetation: 0.9046, Terrain: 0.7033, Sky: 0.9813, Person: 0.0000, Rider: 0.0000, Car: 0.8786, Truck: 0.0000, Bus: 0.0000, Caravan: 0.0000, Trailer: 0.0000, Train: 0.0000, Motorcycle: 0.0000, Bicycle: 0.0000 }
        MeanIoU: 0.4429
        PixelAccuracy: 0.9272
        DICE: { Unlabeled: 0.6840, Unused: 0.0000, Unused: 0.0000, Unused: 0.0000, Static: 0.0000, Dynamic: 0.0000, Ground: 0.0000, Road: 0.9799, Sidewalk: 0.8781, Parking: 0.0000, Rail track: 0.0000, Building: 0.9385, Wall: 0.0000, Fence: 0.7793, Guard rail: 0.0000, Bridge: 0.0000, Tunnel: 0.0000, Pole: 0.0000, Pole group: 0.7443, Traffic light: 0.0000, Traffic sign: 0.7344, Vegetation: 0.9498, Terrain: 0.8184, Sky: 0.9905, Person: 0.0000, Rider: 0.0000, Car: 0.9349, Truck: 0.0000, Bus: 0.0000, Caravan: 0.0000, Trailer: 0.0000, Train: 0.0000, Motorcycle: 0.0000, Bicycle: 0.0000 }
        MeanDICE: 0.4927
        overAllIOU: 0.8645
    

    Epoch 40:
      Train Loss: 2.2800, Train Accuracy: 0.9315
      Val Loss: 2.2813
      Metrics:
        val_loss: 2.2813
        val_accuracy: 0.9301
        IoU: { Unlabeled: 0.5318, Unused: 0.0000, Unused: 0.0000, Unused: 0.0000, Static: 0.0000, Dynamic: 0.0000, Ground: 0.0000, Road: 0.9612, Sidewalk: 0.7900, Parking: 0.0000, Rail track: 0.0000, Building: 0.8923, Wall: 0.0000, Fence: 0.6697, Guard rail: 0.0000, Bridge: 0.0000, Tunnel: 0.0000, Pole: 0.0000, Pole group: 0.5996, Traffic light: 0.0000, Traffic sign: 0.6657, Vegetation: 0.9101, Terrain: 0.7140, Sky: 0.9820, Person: 0.0000, Rider: 0.0000, Car: 0.8911, Truck: 0.0000, Bus: 0.0000, Caravan: 0.0000, Trailer: 0.0000, Train: 0.0000, Motorcycle: 0.0000, Bicycle: 0.0000 }
        MeanIoU: 0.4496
        PixelAccuracy: 0.9303
        DICE: { Unlabeled: 0.6936, Unused: 0.0000, Unused: 0.0000, Unused: 0.0000, Static: 0.0000, Dynamic: 0.0000, Ground: 0.0000, Road: 0.9801, Sidewalk: 0.8816, Parking: 0.0000, Rail track: 0.0000, Building: 0.9429, Wall: 0.0000, Fence: 0.7971, Guard rail: 0.0000, Bridge: 0.0000, Tunnel: 0.0000, Pole: 0.0000, Pole group: 0.7427, Traffic light: 0.0000, Traffic sign: 0.7756, Vegetation: 0.9529, Terrain: 0.8267, Sky: 0.9909, Person: 0.0000, Rider: 0.0000, Car: 0.9419, Truck: 0.0000, Bus: 0.0000, Caravan: 0.0000, Trailer: 0.0000, Train: 0.0000, Motorcycle: 0.0000, Bicycle: 0.0000 }
        MeanDICE: 0.4975
        overAllIOU: 0.8700
    

    Epoch 41:
      Train Loss: 2.2801, Train Accuracy: 0.9314
      Val Loss: 2.2816
      Metrics:
        val_loss: 2.2816
        val_accuracy: 0.9299
        IoU: { Unlabeled: 0.5379, Unused: 0.0000, Unused: 0.0000, Unused: 0.0000, Static: 0.0000, Dynamic: 0.0000, Ground: 0.0000, Road: 0.9630, Sidewalk: 0.7904, Parking: 0.0000, Rail track: 0.0000, Building: 0.8936, Wall: 0.0000, Fence: 0.6571, Guard rail: 0.0000, Bridge: 0.0000, Tunnel: 0.0000, Pole: 0.0000, Pole group: 0.6076, Traffic light: 0.0000, Traffic sign: 0.6747, Vegetation: 0.9071, Terrain: 0.7124, Sky: 0.9822, Person: 0.0000, Rider: 0.0000, Car: 0.8798, Truck: 0.0000, Bus: 0.0000, Caravan: 0.0000, Trailer: 0.0000, Train: 0.0000, Motorcycle: 0.0000, Bicycle: 0.0000 }
        MeanIoU: 0.4496
        PixelAccuracy: 0.9301
        DICE: { Unlabeled: 0.6989, Unused: 0.0000, Unused: 0.0000, Unused: 0.0000, Static: 0.0000, Dynamic: 0.0000, Ground: 0.0000, Road: 0.9811, Sidewalk: 0.8818, Parking: 0.0000, Rail track: 0.0000, Building: 0.9436, Wall: 0.0000, Fence: 0.7874, Guard rail: 0.0000, Bridge: 0.0000, Tunnel: 0.0000, Pole: 0.0000, Pole group: 0.7486, Traffic light: 0.0000, Traffic sign: 0.7833, Vegetation: 0.9512, Terrain: 0.8256, Sky: 0.9910, Person: 0.0000, Rider: 0.0000, Car: 0.9353, Truck: 0.0000, Bus: 0.0000, Caravan: 0.0000, Trailer: 0.0000, Train: 0.0000, Motorcycle: 0.0000, Bicycle: 0.0000 }
        MeanDICE: 0.4977
        overAllIOU: 0.8696
    

    Epoch 42:
      Train Loss: 2.2797, Train Accuracy: 0.9317
      Val Loss: 2.2810
      Metrics:
        val_loss: 2.2810
        val_accuracy: 0.9304
        IoU: { Unlabeled: 0.5370, Unused: 0.0000, Unused: 0.0000, Unused: 0.0000, Static: 0.0000, Dynamic: 0.0000, Ground: 0.0000, Road: 0.9626, Sidewalk: 0.7921, Parking: 0.0000, Rail track: 0.0000, Building: 0.8912, Wall: 0.0000, Fence: 0.6541, Guard rail: 0.0000, Bridge: 0.0000, Tunnel: 0.0000, Pole: 0.0000, Pole group: 0.6124, Traffic light: 0.0000, Traffic sign: 0.6786, Vegetation: 0.9122, Terrain: 0.7123, Sky: 0.9819, Person: 0.0000, Rider: 0.0000, Car: 0.8901, Truck: 0.0000, Bus: 0.0000, Caravan: 0.0000, Trailer: 0.0000, Train: 0.0000, Motorcycle: 0.0000, Bicycle: 0.0000 }
        MeanIoU: 0.4506
        PixelAccuracy: 0.9306
        DICE: { Unlabeled: 0.6981, Unused: 0.0000, Unused: 0.0000, Unused: 0.0000, Static: 0.0000, Dynamic: 0.0000, Ground: 0.0000, Road: 0.9809, Sidewalk: 0.8830, Parking: 0.0000, Rail track: 0.0000, Building: 0.9422, Wall: 0.0000, Fence: 0.7854, Guard rail: 0.0000, Bridge: 0.0000, Tunnel: 0.0000, Pole: 0.0000, Pole group: 0.7530, Traffic light: 0.0000, Traffic sign: 0.7889, Vegetation: 0.9540, Terrain: 0.8257, Sky: 0.9909, Person: 0.0000, Rider: 0.0000, Car: 0.9414, Truck: 0.0000, Bus: 0.0000, Caravan: 0.0000, Trailer: 0.0000, Train: 0.0000, Motorcycle: 0.0000, Bicycle: 0.0000 }
        MeanDICE: 0.4985
        overAllIOU: 0.8706
    

    Epoch 43:
      Train Loss: 2.2793, Train Accuracy: 0.9321
      Val Loss: 2.2806
      Metrics:
        val_loss: 2.2806
        val_accuracy: 0.9308
        IoU: { Unlabeled: 0.5319, Unused: 0.0000, Unused: 0.0000, Unused: 0.0000, Static: 0.0000, Dynamic: 0.0000, Ground: 0.0000, Road: 0.9635, Sidewalk: 0.7974, Parking: 0.0000, Rail track: 0.0000, Building: 0.8904, Wall: 0.0000, Fence: 0.6651, Guard rail: 0.0000, Bridge: 0.0000, Tunnel: 0.0000, Pole: 0.0000, Pole group: 0.6193, Traffic light: 0.0000, Traffic sign: 0.6804, Vegetation: 0.9109, Terrain: 0.7117, Sky: 0.9821, Person: 0.0000, Rider: 0.0000, Car: 0.8869, Truck: 0.0000, Bus: 0.0000, Caravan: 0.0000, Trailer: 0.0000, Train: 0.0000, Motorcycle: 0.0000, Bicycle: 0.0000 }
        MeanIoU: 0.4514
        PixelAccuracy: 0.9310
        DICE: { Unlabeled: 0.6938, Unused: 0.0000, Unused: 0.0000, Unused: 0.0000, Static: 0.0000, Dynamic: 0.0000, Ground: 0.0000, Road: 0.9814, Sidewalk: 0.8863, Parking: 0.0000, Rail track: 0.0000, Building: 0.9418, Wall: 0.0000, Fence: 0.7934, Guard rail: 0.0000, Bridge: 0.0000, Tunnel: 0.0000, Pole: 0.0000, Pole group: 0.7582, Traffic light: 0.0000, Traffic sign: 0.7919, Vegetation: 0.9533, Terrain: 0.8253, Sky: 0.9910, Person: 0.0000, Rider: 0.0000, Car: 0.9395, Truck: 0.0000, Bus: 0.0000, Caravan: 0.0000, Trailer: 0.0000, Train: 0.0000, Motorcycle: 0.0000, Bicycle: 0.0000 }
        MeanDICE: 0.4991
        overAllIOU: 0.8712
    

    Epoch 44:
      Train Loss: 2.2804, Train Accuracy: 0.9312
      Val Loss: 2.2798
      Metrics:
        val_loss: 2.2798
        val_accuracy: 0.9313
        IoU: { Unlabeled: 0.5410, Unused: 0.0000, Unused: 0.0000, Unused: 0.0000, Static: 0.0000, Dynamic: 0.0000, Ground: 0.0000, Road: 0.9633, Sidewalk: 0.7907, Parking: 0.0000, Rail track: 0.0000, Building: 0.8954, Wall: 0.0000, Fence: 0.6577, Guard rail: 0.0000, Bridge: 0.0000, Tunnel: 0.0000, Pole: 0.0000, Pole group: 0.6056, Traffic light: 0.0000, Traffic sign: 0.6973, Vegetation: 0.9101, Terrain: 0.7163, Sky: 0.9828, Person: 0.0000, Rider: 0.0000, Car: 0.8914, Truck: 0.0000, Bus: 0.0000, Caravan: 0.0000, Trailer: 0.0000, Train: 0.0000, Motorcycle: 0.0000, Bicycle: 0.0000 }
        MeanIoU: 0.4520
        PixelAccuracy: 0.9316
        DICE: { Unlabeled: 0.7014, Unused: 0.0000, Unused: 0.0000, Unused: 0.0000, Static: 0.0000, Dynamic: 0.0000, Ground: 0.0000, Road: 0.9812, Sidewalk: 0.8819, Parking: 0.0000, Rail track: 0.0000, Building: 0.9446, Wall: 0.0000, Fence: 0.7884, Guard rail: 0.0000, Bridge: 0.0000, Tunnel: 0.0000, Pole: 0.0000, Pole group: 0.7464, Traffic light: 0.0000, Traffic sign: 0.8046, Vegetation: 0.9529, Terrain: 0.8285, Sky: 0.9913, Person: 0.0000, Rider: 0.0000, Car: 0.9420, Truck: 0.0000, Bus: 0.0000, Caravan: 0.0000, Trailer: 0.0000, Train: 0.0000, Motorcycle: 0.0000, Bicycle: 0.0000 }
        MeanDICE: 0.4995
        overAllIOU: 0.8722
    

    Epoch 45:
      Train Loss: 2.2786, Train Accuracy: 0.9327
      Val Loss: 2.2790
      Metrics:
        val_loss: 2.2790
        val_accuracy: 0.9320
        IoU: { Unlabeled: 0.5402, Unused: 0.0000, Unused: 0.0000, Unused: 0.0000, Static: 0.0000, Dynamic: 0.0000, Ground: 0.0000, Road: 0.9631, Sidewalk: 0.7961, Parking: 0.0000, Rail track: 0.0000, Building: 0.8960, Wall: 0.0000, Fence: 0.6586, Guard rail: 0.0000, Bridge: 0.0000, Tunnel: 0.0000, Pole: 0.0000, Pole group: 0.6194, Traffic light: 0.0000, Traffic sign: 0.6985, Vegetation: 0.9122, Terrain: 0.7123, Sky: 0.9830, Person: 0.0000, Rider: 0.0000, Car: 0.8926, Truck: 0.0000, Bus: 0.0000, Caravan: 0.0000, Trailer: 0.0000, Train: 0.0000, Motorcycle: 0.0000, Bicycle: 0.0000 }
        MeanIoU: 0.4531
        PixelAccuracy: 0.9322
        DICE: { Unlabeled: 0.7007, Unused: 0.0000, Unused: 0.0000, Unused: 0.0000, Static: 0.0000, Dynamic: 0.0000, Ground: 0.0000, Road: 0.9811, Sidewalk: 0.8856, Parking: 0.0000, Rail track: 0.0000, Building: 0.9449, Wall: 0.0000, Fence: 0.7887, Guard rail: 0.0000, Bridge: 0.0000, Tunnel: 0.0000, Pole: 0.0000, Pole group: 0.7587, Traffic light: 0.0000, Traffic sign: 0.8070, Vegetation: 0.9540, Terrain: 0.8255, Sky: 0.9914, Person: 0.0000, Rider: 0.0000, Car: 0.9427, Truck: 0.0000, Bus: 0.0000, Caravan: 0.0000, Trailer: 0.0000, Train: 0.0000, Motorcycle: 0.0000, Bicycle: 0.0000 }
        MeanDICE: 0.5004
        overAllIOU: 0.8733
    

    Epoch 46:
      Train Loss: 2.2784, Train Accuracy: 0.9329
      Val Loss: 2.2808
      Metrics:
        val_loss: 2.2808
        val_accuracy: 0.9306
        IoU: { Unlabeled: 0.5386, Unused: 0.0000, Unused: 0.0000, Unused: 0.0000, Static: 0.0000, Dynamic: 0.0000, Ground: 0.0000, Road: 0.9630, Sidewalk: 0.7875, Parking: 0.0000, Rail track: 0.0000, Building: 0.8983, Wall: 0.0000, Fence: 0.6544, Guard rail: 0.0000, Bridge: 0.0000, Tunnel: 0.0000, Pole: 0.0000, Pole group: 0.6053, Traffic light: 0.0000, Traffic sign: 0.6790, Vegetation: 0.9107, Terrain: 0.6869, Sky: 0.9826, Person: 0.0000, Rider: 0.0000, Car: 0.8874, Truck: 0.0000, Bus: 0.0000, Caravan: 0.0000, Trailer: 0.0000, Train: 0.0000, Motorcycle: 0.0000, Bicycle: 0.0000 }
        MeanIoU: 0.4489
        PixelAccuracy: 0.9308
        DICE: { Unlabeled: 0.6995, Unused: 0.0000, Unused: 0.0000, Unused: 0.0000, Static: 0.0000, Dynamic: 0.0000, Ground: 0.0000, Road: 0.9811, Sidewalk: 0.8799, Parking: 0.0000, Rail track: 0.0000, Building: 0.9462, Wall: 0.0000, Fence: 0.7857, Guard rail: 0.0000, Bridge: 0.0000, Tunnel: 0.0000, Pole: 0.0000, Pole group: 0.7467, Traffic light: 0.0000, Traffic sign: 0.7891, Vegetation: 0.9532, Terrain: 0.8074, Sky: 0.9912, Person: 0.0000, Rider: 0.0000, Car: 0.9396, Truck: 0.0000, Bus: 0.0000, Caravan: 0.0000, Trailer: 0.0000, Train: 0.0000, Motorcycle: 0.0000, Bicycle: 0.0000 }
        MeanDICE: 0.4972
        overAllIOU: 0.8709
    

    Epoch 47:
      Train Loss: 2.2787, Train Accuracy: 0.9326
      Val Loss: 2.2799
      Metrics:
        val_loss: 2.2799
        val_accuracy: 0.9312
        IoU: { Unlabeled: 0.5349, Unused: 0.0000, Unused: 0.0000, Unused: 0.0000, Static: 0.0000, Dynamic: 0.0000, Ground: 0.0000, Road: 0.9631, Sidewalk: 0.7844, Parking: 0.0000, Rail track: 0.0000, Building: 0.8963, Wall: 0.0000, Fence: 0.6785, Guard rail: 0.0000, Bridge: 0.0000, Tunnel: 0.0000, Pole: 0.0000, Pole group: 0.6151, Traffic light: 0.0000, Traffic sign: 0.6955, Vegetation: 0.9095, Terrain: 0.7127, Sky: 0.9829, Person: 0.0000, Rider: 0.0000, Car: 0.8922, Truck: 0.0000, Bus: 0.0000, Caravan: 0.0000, Trailer: 0.0000, Train: 0.0000, Motorcycle: 0.0000, Bicycle: 0.0000 }
        MeanIoU: 0.4526
        PixelAccuracy: 0.9315
        DICE: { Unlabeled: 0.6963, Unused: 0.0000, Unused: 0.0000, Unused: 0.0000, Static: 0.0000, Dynamic: 0.0000, Ground: 0.0000, Road: 0.9812, Sidewalk: 0.8781, Parking: 0.0000, Rail track: 0.0000, Building: 0.9451, Wall: 0.0000, Fence: 0.8037, Guard rail: 0.0000, Bridge: 0.0000, Tunnel: 0.0000, Pole: 0.0000, Pole group: 0.7549, Traffic light: 0.0000, Traffic sign: 0.8038, Vegetation: 0.9525, Terrain: 0.8256, Sky: 0.9913, Person: 0.0000, Rider: 0.0000, Car: 0.9425, Truck: 0.0000, Bus: 0.0000, Caravan: 0.0000, Trailer: 0.0000, Train: 0.0000, Motorcycle: 0.0000, Bicycle: 0.0000 }
        MeanDICE: 0.5001
        overAllIOU: 0.8720
    

    Epoch 48:
      Train Loss: 2.2782, Train Accuracy: 0.9329
      Val Loss: 2.2791
      Metrics:
        val_loss: 2.2791
        val_accuracy: 0.9319
        IoU: { Unlabeled: 0.5406, Unused: 0.0000, Unused: 0.0000, Unused: 0.0000, Static: 0.0000, Dynamic: 0.0000, Ground: 0.0000, Road: 0.9623, Sidewalk: 0.7905, Parking: 0.0000, Rail track: 0.0000, Building: 0.8960, Wall: 0.0000, Fence: 0.6597, Guard rail: 0.0000, Bridge: 0.0000, Tunnel: 0.0000, Pole: 0.0000, Pole group: 0.6148, Traffic light: 0.0000, Traffic sign: 0.7107, Vegetation: 0.9132, Terrain: 0.7129, Sky: 0.9830, Person: 0.0000, Rider: 0.0000, Car: 0.8903, Truck: 0.0000, Bus: 0.0000, Caravan: 0.0000, Trailer: 0.0000, Train: 0.0000, Motorcycle: 0.0000, Bicycle: 0.0000 }
        MeanIoU: 0.4532
        PixelAccuracy: 0.9322
        DICE: { Unlabeled: 0.7011, Unused: 0.0000, Unused: 0.0000, Unused: 0.0000, Static: 0.0000, Dynamic: 0.0000, Ground: 0.0000, Road: 0.9807, Sidewalk: 0.8819, Parking: 0.0000, Rail track: 0.0000, Building: 0.9450, Wall: 0.0000, Fence: 0.7895, Guard rail: 0.0000, Bridge: 0.0000, Tunnel: 0.0000, Pole: 0.0000, Pole group: 0.7542, Traffic light: 0.0000, Traffic sign: 0.8164, Vegetation: 0.9545, Terrain: 0.8257, Sky: 0.9914, Person: 0.0000, Rider: 0.0000, Car: 0.9414, Truck: 0.0000, Bus: 0.0000, Caravan: 0.0000, Trailer: 0.0000, Train: 0.0000, Motorcycle: 0.0000, Bicycle: 0.0000 }
        MeanDICE: 0.5005
        overAllIOU: 0.8732
    

    Epoch 49:
      Train Loss: 2.2779, Train Accuracy: 0.9332
      Val Loss: 2.2815
      Metrics:
        val_loss: 2.2815
        val_accuracy: 0.9299
        IoU: { Unlabeled: 0.5309, Unused: 0.0000, Unused: 0.0000, Unused: 0.0000, Static: 0.0000, Dynamic: 0.0000, Ground: 0.0000, Road: 0.9636, Sidewalk: 0.7976, Parking: 0.0000, Rail track: 0.0000, Building: 0.8837, Wall: 0.0000, Fence: 0.6668, Guard rail: 0.0000, Bridge: 0.0000, Tunnel: 0.0000, Pole: 0.0000, Pole group: 0.6187, Traffic light: 0.0000, Traffic sign: 0.7144, Vegetation: 0.9088, Terrain: 0.7103, Sky: 0.9813, Person: 0.0000, Rider: 0.0000, Car: 0.8911, Truck: 0.0000, Bus: 0.0000, Caravan: 0.0000, Trailer: 0.0000, Train: 0.0000, Motorcycle: 0.0000, Bicycle: 0.0000 }
        MeanIoU: 0.4528
        PixelAccuracy: 0.9301
        DICE: { Unlabeled: 0.6929, Unused: 0.0000, Unused: 0.0000, Unused: 0.0000, Static: 0.0000, Dynamic: 0.0000, Ground: 0.0000, Road: 0.9814, Sidewalk: 0.8863, Parking: 0.0000, Rail track: 0.0000, Building: 0.9380, Wall: 0.0000, Fence: 0.7952, Guard rail: 0.0000, Bridge: 0.0000, Tunnel: 0.0000, Pole: 0.0000, Pole group: 0.7575, Traffic light: 0.0000, Traffic sign: 0.8209, Vegetation: 0.9521, Terrain: 0.8239, Sky: 0.9905, Person: 0.0000, Rider: 0.0000, Car: 0.9419, Truck: 0.0000, Bus: 0.0000, Caravan: 0.0000, Trailer: 0.0000, Train: 0.0000, Motorcycle: 0.0000, Bicycle: 0.0000 }
        MeanDICE: 0.5004
        overAllIOU: 0.8696
    

    Epoch 50:
      Train Loss: 2.2775, Train Accuracy: 0.9335
      Val Loss: 2.2792
      Metrics:
        val_loss: 2.2792
        val_accuracy: 0.9318
        IoU: { Unlabeled: 0.5377, Unused: 0.0000, Unused: 0.0000, Unused: 0.0000, Static: 0.0000, Dynamic: 0.0000, Ground: 0.0000, Road: 0.9645, Sidewalk: 0.7993, Parking: 0.0000, Rail track: 0.0000, Building: 0.8995, Wall: 0.0000, Fence: 0.6816, Guard rail: 0.0000, Bridge: 0.0000, Tunnel: 0.0000, Pole: 0.0000, Pole group: 0.6175, Traffic light: 0.0000, Traffic sign: 0.7107, Vegetation: 0.9069, Terrain: 0.7052, Sky: 0.9830, Person: 0.0000, Rider: 0.0000, Car: 0.8949, Truck: 0.0000, Bus: 0.0000, Caravan: 0.0000, Trailer: 0.0000, Train: 0.0000, Motorcycle: 0.0000, Bicycle: 0.0000 }
        MeanIoU: 0.4545
        PixelAccuracy: 0.9321
        DICE: { Unlabeled: 0.6986, Unused: 0.0000, Unused: 0.0000, Unused: 0.0000, Static: 0.0000, Dynamic: 0.0000, Ground: 0.0000, Road: 0.9819, Sidewalk: 0.8875, Parking: 0.0000, Rail track: 0.0000, Building: 0.9469, Wall: 0.0000, Fence: 0.8055, Guard rail: 0.0000, Bridge: 0.0000, Tunnel: 0.0000, Pole: 0.0000, Pole group: 0.7570, Traffic light: 0.0000, Traffic sign: 0.8181, Vegetation: 0.9510, Terrain: 0.8206, Sky: 0.9914, Person: 0.0000, Rider: 0.0000, Car: 0.9440, Truck: 0.0000, Bus: 0.0000, Caravan: 0.0000, Trailer: 0.0000, Train: 0.0000, Motorcycle: 0.0000, Bicycle: 0.0000 }
        MeanDICE: 0.5016
        overAllIOU: 0.8731
    
Training started at: 2025-01-03 11:25:20.892329
Training ended at: 2025-01-03 15:14:08.853806
Training duration: 3:48:47.961477
Results on Test Data Set :
  IoU:
    0 (Unlabeled): 0.5391669273376465
    1 (Unused): 0.000000
    2 (Unused): 0.000000
    3 (Unused): 0.000000
    4 (Static): 0.000000
    5 (Dynamic): 0.000000
    6 (Ground): 0.000000
    7 (Road): 0.9657529592514038
    8 (Sidewalk): 0.8131632804870605
    9 (Parking): 0.000000
    10 (Rail track): 0.000000
    11 (Building): 0.9023169875144958
    12 (Wall): 0.0
    13 (Fence): 0.6664639115333557
    14 (Guard rail): 0.000000
    15 (Bridge): 0.000000
    16 (Tunnel): 0.000000
    17 (Pole): 0.000000
    18 (Pole group): 0.6414090991020203
    19 (Traffic light): 0.0
    20 (Traffic sign): 0.7352501153945923
    21 (Vegetation): 0.9047576189041138
    22 (Terrain): 0.7073278427124023
    23 (Sky): 0.9837741255760193
    24 (Person): 0.0
    25 (Rider): 0.0
    26 (Car): 0.9020001888275146
    27 (Truck): 0.0
    28 (Bus): 0.0
    29 (Caravan): 0.0
    30 (Trailer): 0.0
    31 (Train): 0.0
    32 (Motorcycle): 0.0
    33 (Bicycle): 0.0
  MeanIoU: 0.45603927969932556
  IoUoverall: 0.8732364773750305
  PixelAccuracy: 0.932171
  DICE:
    0 (Unlabeled): 0.7000225186347961
    1 (Unused): 0.000000
    2 (Unused): 0.000000
    3 (Unused): 0.000000
    4 (Static): 0.000000
    5 (Dynamic): 0.000000
    6 (Ground): 0.000000
    7 (Road): 0.982548177242279
    8 (Sidewalk): 0.8960208296775818
    9 (Parking): 0.000000
    10 (Rail track): 0.000000
    11 (Building): 0.9485078454017639
    12 (Wall): 0.0
    13 (Fence): 0.7948908805847168
    14 (Guard rail): 0.000000
    15 (Bridge): 0.000000
    16 (Tunnel): 0.000000
    17 (Pole): 0.000000
    18 (Pole group): 0.7777600288391113
    19 (Traffic light): 0.0
    20 (Traffic sign): 0.8393307328224182
    21 (Vegetation): 0.9498578310012817
    22 (Terrain): 0.8198696970939636
    23 (Sky): 0.9918157458305359
    24 (Person): 0.0
    25 (Rider): 0.0
    26 (Car): 0.9482170343399048
    27 (Truck): 0.0
    28 (Bus): 0.0
    29 (Caravan): 0.0
    30 (Trailer): 0.0
    31 (Train): 0.0
    32 (Motorcycle): 0.0
    33 (Bicycle): 0.0
  MeanDICE: 0.502199
  val_loss: 2.279123
  val_accuracy: 0.932083

Testing started at: 2025-01-03 15:14:08.858371
Testing ended at: 2025-01-03 15:14:31.210422
Testing duration: 0:00:22.352051
