Model: UNetWithResNet
Loss Function: CombinedLoss
Optimizer: Adam
Learning Rate: 0.0001
Scheduler: CosineAnnealingLR
Scheduler Params: {'T_max': 50, 'eta_min': 1e-06}
Batch Size: 16
Epochs: 50
Seed: 42
Dataset Details:
Dataset Path: /net/ens/am4ip/datasets/project-dataset
Train Split: 0.8
Validation Split: 0.1
Test Split: 0.1
Augmentation Details:
Use Augmentation: False

    Epoch 1:
      Train Loss: 2.0756, Train Accuracy: 0.6698
      Val Loss: 1.9692
      Metrics:
        val_loss: 1.9692
        val_accuracy: 0.7317
        IoU: { Unlabeled: 0.0001, Unused: 0.0000, Unused: 0.0000, Unused: 0.0000, Static: 0.0000, Dynamic: 0.0000, Ground: 0.0000, Road: 0.8042, Sidewalk: 0.0922, Parking: 0.0000, Rail track: 0.0000, Building: 0.5996, Wall: 0.0000, Fence: 0.0000, Guard rail: 0.0000, Bridge: 0.0000, Tunnel: 0.0000, Pole: 0.0000, Pole group: 0.0000, Traffic light: 0.0000, Traffic sign: 0.0000, Vegetation: 0.6645, Terrain: 0.0000, Sky: 0.8695, Person: 0.0000, Rider: 0.0000, Car: 0.0000, Truck: 0.0000, Bus: 0.0000, Caravan: 0.0000, Trailer: 0.0000, Train: 0.0000, Motorcycle: 0.0000, Bicycle: 0.0000 }
        MeanIoU: 0.1583
        PixelAccuracy: 0.7324
        DICE: { Unlabeled: 0.0002, Unused: 0.0000, Unused: 0.0000, Unused: 0.0000, Static: 0.0000, Dynamic: 0.0000, Ground: 0.0000, Road: 0.8913, Sidewalk: 0.1683, Parking: 0.0000, Rail track: 0.0000, Building: 0.7492, Wall: 0.0000, Fence: 0.0000, Guard rail: 0.0000, Bridge: 0.0000, Tunnel: 0.0000, Pole: 0.0000, Pole group: 0.0000, Traffic light: 0.0000, Traffic sign: 0.0000, Vegetation: 0.7979, Terrain: 0.0000, Sky: 0.9300, Person: 0.0000, Rider: 0.0000, Car: 0.0000, Truck: 0.0000, Bus: 0.0000, Caravan: 0.0000, Trailer: 0.0000, Train: 0.0000, Motorcycle: 0.0000, Bicycle: 0.0000 }
        MeanDICE: 0.1536
        overAllIOU: 0.5784
    

    Epoch 2:
      Train Loss: 1.9051, Train Accuracy: 0.7682
      Val Loss: 1.8704
      Metrics:
        val_loss: 1.8704
        val_accuracy: 0.7851
        IoU: { Unlabeled: 0.0017, Unused: 0.0000, Unused: 0.0000, Unused: 0.0000, Static: 0.0000, Dynamic: 0.0000, Ground: 0.0000, Road: 0.8139, Sidewalk: 0.1108, Parking: 0.0000, Rail track: 0.0000, Building: 0.7127, Wall: 0.0000, Fence: 0.0000, Guard rail: 0.0000, Bridge: 0.0000, Tunnel: 0.0000, Pole: 0.0000, Pole group: 0.0000, Traffic light: 0.0000, Traffic sign: 0.0000, Vegetation: 0.7337, Terrain: 0.0000, Sky: 0.9037, Person: 0.0000, Rider: 0.0000, Car: 0.0001, Truck: 0.0000, Bus: 0.0000, Caravan: 0.0000, Trailer: 0.0000, Train: 0.0000, Motorcycle: 0.0000, Bicycle: 0.0000 }
        MeanIoU: 0.1712
        PixelAccuracy: 0.7859
        DICE: { Unlabeled: 0.0034, Unused: 0.0000, Unused: 0.0000, Unused: 0.0000, Static: 0.0000, Dynamic: 0.0000, Ground: 0.0000, Road: 0.8973, Sidewalk: 0.1968, Parking: 0.0000, Rail track: 0.0000, Building: 0.8320, Wall: 0.0000, Fence: 0.0000, Guard rail: 0.0000, Bridge: 0.0000, Tunnel: 0.0000, Pole: 0.0000, Pole group: 0.0000, Traffic light: 0.0000, Traffic sign: 0.0000, Vegetation: 0.8460, Terrain: 0.0000, Sky: 0.9493, Person: 0.0000, Rider: 0.0000, Car: 0.0002, Truck: 0.0000, Bus: 0.0000, Caravan: 0.0000, Trailer: 0.0000, Train: 0.0000, Motorcycle: 0.0000, Bicycle: 0.0000 }
        MeanDICE: 0.1924
        overAllIOU: 0.6477
    

    Epoch 3:
      Train Loss: 1.8490, Train Accuracy: 0.8042
      Val Loss: 1.8224
      Metrics:
        val_loss: 1.8224
        val_accuracy: 0.8321
        IoU: { Unlabeled: 0.0022, Unused: 0.0000, Unused: 0.0000, Unused: 0.0000, Static: 0.0000, Dynamic: 0.0000, Ground: 0.0000, Road: 0.8804, Sidewalk: 0.4298, Parking: 0.0000, Rail track: 0.0000, Building: 0.7564, Wall: 0.0000, Fence: 0.0014, Guard rail: 0.0000, Bridge: 0.0000, Tunnel: 0.0000, Pole: 0.0000, Pole group: 0.0000, Traffic light: 0.0000, Traffic sign: 0.0000, Vegetation: 0.7433, Terrain: 0.0095, Sky: 0.9065, Person: 0.0000, Rider: 0.0000, Car: 0.6883, Truck: 0.0000, Bus: 0.0000, Caravan: 0.0000, Trailer: 0.0000, Train: 0.0000, Motorcycle: 0.0000, Bicycle: 0.0000 }
        MeanIoU: 0.2309
        PixelAccuracy: 0.8327
        DICE: { Unlabeled: 0.0044, Unused: 0.0000, Unused: 0.0000, Unused: 0.0000, Static: 0.0000, Dynamic: 0.0000, Ground: 0.0000, Road: 0.9363, Sidewalk: 0.5983, Parking: 0.0000, Rail track: 0.0000, Building: 0.8611, Wall: 0.0000, Fence: 0.0028, Guard rail: 0.0000, Bridge: 0.0000, Tunnel: 0.0000, Pole: 0.0000, Pole group: 0.0000, Traffic light: 0.0000, Traffic sign: 0.0000, Vegetation: 0.8523, Terrain: 0.0182, Sky: 0.9509, Person: 0.0000, Rider: 0.0000, Car: 0.8134, Truck: 0.0000, Bus: 0.0000, Caravan: 0.0000, Trailer: 0.0000, Train: 0.0000, Motorcycle: 0.0000, Bicycle: 0.0000 }
        MeanDICE: 0.2632
        overAllIOU: 0.7137
    

    Epoch 4:
      Train Loss: 1.7922, Train Accuracy: 0.8356
      Val Loss: 1.7220
      Metrics:
        val_loss: 1.7220
        val_accuracy: 0.8307
        IoU: { Unlabeled: 0.0000, Unused: 0.0000, Unused: 0.0000, Unused: 0.0000, Static: 0.0000, Dynamic: 0.0000, Ground: 0.0000, Road: 0.8682, Sidewalk: 0.4455, Parking: 0.0000, Rail track: 0.0000, Building: 0.7144, Wall: 0.0000, Fence: 0.0000, Guard rail: 0.0000, Bridge: 0.0000, Tunnel: 0.0000, Pole: 0.0000, Pole group: 0.0000, Traffic light: 0.0000, Traffic sign: 0.0000, Vegetation: 0.7518, Terrain: 0.4477, Sky: 0.8962, Person: 0.0000, Rider: 0.0000, Car: 0.6898, Truck: 0.0000, Bus: 0.0000, Caravan: 0.0000, Trailer: 0.0000, Train: 0.0000, Motorcycle: 0.0000, Bicycle: 0.0000 }
        MeanIoU: 0.2516
        PixelAccuracy: 0.8312
        DICE: { Unlabeled: 0.0000, Unused: 0.0000, Unused: 0.0000, Unused: 0.0000, Static: 0.0000, Dynamic: 0.0000, Ground: 0.0000, Road: 0.9293, Sidewalk: 0.6126, Parking: 0.0000, Rail track: 0.0000, Building: 0.8330, Wall: 0.0000, Fence: 0.0000, Guard rail: 0.0000, Bridge: 0.0000, Tunnel: 0.0000, Pole: 0.0000, Pole group: 0.0000, Traffic light: 0.0000, Traffic sign: 0.0000, Vegetation: 0.8580, Terrain: 0.6041, Sky: 0.9452, Person: 0.0000, Rider: 0.0000, Car: 0.8148, Truck: 0.0000, Bus: 0.0000, Caravan: 0.0000, Trailer: 0.0000, Train: 0.0000, Motorcycle: 0.0000, Bicycle: 0.0000 }
        MeanDICE: 0.2925
        overAllIOU: 0.7114
    

    Epoch 5:
      Train Loss: 1.6283, Train Accuracy: 0.8313
      Val Loss: 1.5234
      Metrics:
        val_loss: 1.5234
        val_accuracy: 0.8376
        IoU: { Unlabeled: 0.0000, Unused: 0.0000, Unused: 0.0000, Unused: 0.0000, Static: 0.0000, Dynamic: 0.0000, Ground: 0.0000, Road: 0.8837, Sidewalk: 0.5006, Parking: 0.0000, Rail track: 0.0000, Building: 0.7365, Wall: 0.0000, Fence: 0.0000, Guard rail: 0.0000, Bridge: 0.0000, Tunnel: 0.0000, Pole: 0.0000, Pole group: 0.0000, Traffic light: 0.0000, Traffic sign: 0.0000, Vegetation: 0.7456, Terrain: 0.4969, Sky: 0.9037, Person: 0.0000, Rider: 0.0000, Car: 0.7257, Truck: 0.0000, Bus: 0.0000, Caravan: 0.0000, Trailer: 0.0000, Train: 0.0000, Motorcycle: 0.0000, Bicycle: 0.0000 }
        MeanIoU: 0.2610
        PixelAccuracy: 0.8381
        DICE: { Unlabeled: 0.0000, Unused: 0.0000, Unused: 0.0000, Unused: 0.0000, Static: 0.0000, Dynamic: 0.0000, Ground: 0.0000, Road: 0.9381, Sidewalk: 0.6630, Parking: 0.0000, Rail track: 0.0000, Building: 0.8479, Wall: 0.0000, Fence: 0.0000, Guard rail: 0.0000, Bridge: 0.0000, Tunnel: 0.0000, Pole: 0.0000, Pole group: 0.0000, Traffic light: 0.0000, Traffic sign: 0.0000, Vegetation: 0.8537, Terrain: 0.6547, Sky: 0.9493, Person: 0.0000, Rider: 0.0000, Car: 0.8400, Truck: 0.0000, Bus: 0.0000, Caravan: 0.0000, Trailer: 0.0000, Train: 0.0000, Motorcycle: 0.0000, Bicycle: 0.0000 }
        MeanDICE: 0.3004
        overAllIOU: 0.7217
    

    Epoch 6:
      Train Loss: 1.5044, Train Accuracy: 0.8401
      Val Loss: 1.4936
      Metrics:
        val_loss: 1.4936
        val_accuracy: 0.8436
        IoU: { Unlabeled: 0.0000, Unused: 0.0000, Unused: 0.0000, Unused: 0.0000, Static: 0.0000, Dynamic: 0.0000, Ground: 0.0000, Road: 0.8952, Sidewalk: 0.5471, Parking: 0.0000, Rail track: 0.0000, Building: 0.7473, Wall: 0.0000, Fence: 0.0000, Guard rail: 0.0000, Bridge: 0.0000, Tunnel: 0.0000, Pole: 0.0000, Pole group: 0.0000, Traffic light: 0.0000, Traffic sign: 0.0000, Vegetation: 0.7613, Terrain: 0.5142, Sky: 0.9100, Person: 0.0000, Rider: 0.0000, Car: 0.7293, Truck: 0.0000, Bus: 0.0000, Caravan: 0.0000, Trailer: 0.0000, Train: 0.0000, Motorcycle: 0.0000, Bicycle: 0.0000 }
        MeanIoU: 0.2669
        PixelAccuracy: 0.8441
        DICE: { Unlabeled: 0.0000, Unused: 0.0000, Unused: 0.0000, Unused: 0.0000, Static: 0.0000, Dynamic: 0.0000, Ground: 0.0000, Road: 0.9446, Sidewalk: 0.7038, Parking: 0.0000, Rail track: 0.0000, Building: 0.8550, Wall: 0.0000, Fence: 0.0000, Guard rail: 0.0000, Bridge: 0.0000, Tunnel: 0.0000, Pole: 0.0000, Pole group: 0.0000, Traffic light: 0.0000, Traffic sign: 0.0000, Vegetation: 0.8639, Terrain: 0.6725, Sky: 0.9529, Person: 0.0000, Rider: 0.0000, Car: 0.8426, Truck: 0.0000, Bus: 0.0000, Caravan: 0.0000, Trailer: 0.0000, Train: 0.0000, Motorcycle: 0.0000, Bicycle: 0.0000 }
        MeanDICE: 0.3050
        overAllIOU: 0.7306
    

    Epoch 7:
      Train Loss: 1.4909, Train Accuracy: 0.8447
      Val Loss: 1.4866
      Metrics:
        val_loss: 1.4866
        val_accuracy: 0.8456
        IoU: { Unlabeled: 0.0000, Unused: 0.0000, Unused: 0.0000, Unused: 0.0000, Static: 0.0000, Dynamic: 0.0000, Ground: 0.0000, Road: 0.8910, Sidewalk: 0.5558, Parking: 0.0000, Rail track: 0.0000, Building: 0.7528, Wall: 0.0000, Fence: 0.0000, Guard rail: 0.0000, Bridge: 0.0000, Tunnel: 0.0000, Pole: 0.0000, Pole group: 0.0000, Traffic light: 0.0000, Traffic sign: 0.0000, Vegetation: 0.7614, Terrain: 0.5447, Sky: 0.9159, Person: 0.0000, Rider: 0.0000, Car: 0.7516, Truck: 0.0000, Bus: 0.0000, Caravan: 0.0000, Trailer: 0.0000, Train: 0.0000, Motorcycle: 0.0000, Bicycle: 0.0000 }
        MeanIoU: 0.2705
        PixelAccuracy: 0.8462
        DICE: { Unlabeled: 0.0000, Unused: 0.0000, Unused: 0.0000, Unused: 0.0000, Static: 0.0000, Dynamic: 0.0000, Ground: 0.0000, Road: 0.9422, Sidewalk: 0.7109, Parking: 0.0000, Rail track: 0.0000, Building: 0.8586, Wall: 0.0000, Fence: 0.0000, Guard rail: 0.0000, Bridge: 0.0000, Tunnel: 0.0000, Pole: 0.0000, Pole group: 0.0000, Traffic light: 0.0000, Traffic sign: 0.0000, Vegetation: 0.8640, Terrain: 0.6976, Sky: 0.9561, Person: 0.0000, Rider: 0.0000, Car: 0.8574, Truck: 0.0000, Bus: 0.0000, Caravan: 0.0000, Trailer: 0.0000, Train: 0.0000, Motorcycle: 0.0000, Bicycle: 0.0000 }
        MeanDICE: 0.3077
        overAllIOU: 0.7337
    

    Epoch 8:
      Train Loss: 1.4855, Train Accuracy: 0.8470
      Val Loss: 1.4824
      Metrics:
        val_loss: 1.4824
        val_accuracy: 0.8479
        IoU: { Unlabeled: 0.0000, Unused: 0.0000, Unused: 0.0000, Unused: 0.0000, Static: 0.0000, Dynamic: 0.0000, Ground: 0.0000, Road: 0.9027, Sidewalk: 0.5345, Parking: 0.0000, Rail track: 0.0000, Building: 0.7526, Wall: 0.0000, Fence: 0.0000, Guard rail: 0.0000, Bridge: 0.0000, Tunnel: 0.0000, Pole: 0.0000, Pole group: 0.0000, Traffic light: 0.0000, Traffic sign: 0.0000, Vegetation: 0.7689, Terrain: 0.5639, Sky: 0.9150, Person: 0.0000, Rider: 0.0000, Car: 0.7642, Truck: 0.0000, Bus: 0.0000, Caravan: 0.0000, Trailer: 0.0000, Train: 0.0000, Motorcycle: 0.0000, Bicycle: 0.0000 }
        MeanIoU: 0.2720
        PixelAccuracy: 0.8485
        DICE: { Unlabeled: 0.0000, Unused: 0.0000, Unused: 0.0000, Unused: 0.0000, Static: 0.0000, Dynamic: 0.0000, Ground: 0.0000, Road: 0.9487, Sidewalk: 0.6934, Parking: 0.0000, Rail track: 0.0000, Building: 0.8585, Wall: 0.0000, Fence: 0.0000, Guard rail: 0.0000, Bridge: 0.0000, Tunnel: 0.0000, Pole: 0.0000, Pole group: 0.0000, Traffic light: 0.0000, Traffic sign: 0.0000, Vegetation: 0.8688, Terrain: 0.7146, Sky: 0.9555, Person: 0.0000, Rider: 0.0000, Car: 0.8656, Truck: 0.0000, Bus: 0.0000, Caravan: 0.0000, Trailer: 0.0000, Train: 0.0000, Motorcycle: 0.0000, Bicycle: 0.0000 }
        MeanDICE: 0.3086
        overAllIOU: 0.7371
    

    Epoch 9:
      Train Loss: 1.4811, Train Accuracy: 0.8495
      Val Loss: 1.4787
      Metrics:
        val_loss: 1.4787
        val_accuracy: 0.8503
        IoU: { Unlabeled: 0.0000, Unused: 0.0000, Unused: 0.0000, Unused: 0.0000, Static: 0.0000, Dynamic: 0.0000, Ground: 0.0000, Road: 0.9117, Sidewalk: 0.6021, Parking: 0.0000, Rail track: 0.0000, Building: 0.7556, Wall: 0.0000, Fence: 0.0000, Guard rail: 0.0000, Bridge: 0.0000, Tunnel: 0.0000, Pole: 0.0000, Pole group: 0.0000, Traffic light: 0.0000, Traffic sign: 0.0000, Vegetation: 0.7671, Terrain: 0.5818, Sky: 0.9144, Person: 0.0000, Rider: 0.0000, Car: 0.7655, Truck: 0.0000, Bus: 0.0000, Caravan: 0.0000, Trailer: 0.0000, Train: 0.0000, Motorcycle: 0.0000, Bicycle: 0.0000 }
        MeanIoU: 0.2769
        PixelAccuracy: 0.8508
        DICE: { Unlabeled: 0.0000, Unused: 0.0000, Unused: 0.0000, Unused: 0.0000, Static: 0.0000, Dynamic: 0.0000, Ground: 0.0000, Road: 0.9537, Sidewalk: 0.7494, Parking: 0.0000, Rail track: 0.0000, Building: 0.8604, Wall: 0.0000, Fence: 0.0000, Guard rail: 0.0000, Bridge: 0.0000, Tunnel: 0.0000, Pole: 0.0000, Pole group: 0.0000, Traffic light: 0.0000, Traffic sign: 0.0000, Vegetation: 0.8676, Terrain: 0.7298, Sky: 0.9552, Person: 0.0000, Rider: 0.0000, Car: 0.8661, Truck: 0.0000, Bus: 0.0000, Caravan: 0.0000, Trailer: 0.0000, Train: 0.0000, Motorcycle: 0.0000, Bicycle: 0.0000 }
        MeanDICE: 0.3126
        overAllIOU: 0.7407
    

    Epoch 10:
      Train Loss: 1.4779, Train Accuracy: 0.8511
      Val Loss: 1.4761
      Metrics:
        val_loss: 1.4761
        val_accuracy: 0.8505
        IoU: { Unlabeled: 0.0000, Unused: 0.0000, Unused: 0.0000, Unused: 0.0000, Static: 0.0000, Dynamic: 0.0000, Ground: 0.0000, Road: 0.8975, Sidewalk: 0.6144, Parking: 0.0000, Rail track: 0.0000, Building: 0.7544, Wall: 0.0000, Fence: 0.0000, Guard rail: 0.0000, Bridge: 0.0000, Tunnel: 0.0000, Pole: 0.0000, Pole group: 0.0000, Traffic light: 0.0000, Traffic sign: 0.0000, Vegetation: 0.7739, Terrain: 0.6093, Sky: 0.9163, Person: 0.0000, Rider: 0.0000, Car: 0.7834, Truck: 0.0000, Bus: 0.0000, Caravan: 0.0000, Trailer: 0.0000, Train: 0.0000, Motorcycle: 0.0000, Bicycle: 0.0000 }
        MeanIoU: 0.2796
        PixelAccuracy: 0.8511
        DICE: { Unlabeled: 0.0000, Unused: 0.0000, Unused: 0.0000, Unused: 0.0000, Static: 0.0000, Dynamic: 0.0000, Ground: 0.0000, Road: 0.9459, Sidewalk: 0.7594, Parking: 0.0000, Rail track: 0.0000, Building: 0.8596, Wall: 0.0000, Fence: 0.0000, Guard rail: 0.0000, Bridge: 0.0000, Tunnel: 0.0000, Pole: 0.0000, Pole group: 0.0000, Traffic light: 0.0000, Traffic sign: 0.0000, Vegetation: 0.8720, Terrain: 0.7524, Sky: 0.9563, Person: 0.0000, Rider: 0.0000, Car: 0.8776, Truck: 0.0000, Bus: 0.0000, Caravan: 0.0000, Trailer: 0.0000, Train: 0.0000, Motorcycle: 0.0000, Bicycle: 0.0000 }
        MeanDICE: 0.3147
        overAllIOU: 0.7410
    

    Epoch 11:
      Train Loss: 1.4760, Train Accuracy: 0.8520
      Val Loss: 1.4743
      Metrics:
        val_loss: 1.4743
        val_accuracy: 0.8516
        IoU: { Unlabeled: 0.0000, Unused: 0.0000, Unused: 0.0000, Unused: 0.0000, Static: 0.0000, Dynamic: 0.0000, Ground: 0.0000, Road: 0.9062, Sidewalk: 0.6466, Parking: 0.0000, Rail track: 0.0000, Building: 0.7483, Wall: 0.0000, Fence: 0.0000, Guard rail: 0.0000, Bridge: 0.0000, Tunnel: 0.0000, Pole: 0.0000, Pole group: 0.0000, Traffic light: 0.0000, Traffic sign: 0.0000, Vegetation: 0.7710, Terrain: 0.6230, Sky: 0.9205, Person: 0.0000, Rider: 0.0000, Car: 0.7836, Truck: 0.0000, Bus: 0.0000, Caravan: 0.0000, Trailer: 0.0000, Train: 0.0000, Motorcycle: 0.0000, Bicycle: 0.0000 }
        MeanIoU: 0.2822
        PixelAccuracy: 0.8521
        DICE: { Unlabeled: 0.0000, Unused: 0.0000, Unused: 0.0000, Unused: 0.0000, Static: 0.0000, Dynamic: 0.0000, Ground: 0.0000, Road: 0.9507, Sidewalk: 0.7840, Parking: 0.0000, Rail track: 0.0000, Building: 0.8557, Wall: 0.0000, Fence: 0.0000, Guard rail: 0.0000, Bridge: 0.0000, Tunnel: 0.0000, Pole: 0.0000, Pole group: 0.0000, Traffic light: 0.0000, Traffic sign: 0.0000, Vegetation: 0.8701, Terrain: 0.7625, Sky: 0.9586, Person: 0.0000, Rider: 0.0000, Car: 0.8777, Truck: 0.0000, Bus: 0.0000, Caravan: 0.0000, Trailer: 0.0000, Train: 0.0000, Motorcycle: 0.0000, Bicycle: 0.0000 }
        MeanDICE: 0.3166
        overAllIOU: 0.7427
    

    Epoch 12:
      Train Loss: 1.4745, Train Accuracy: 0.8526
      Val Loss: 1.4736
      Metrics:
        val_loss: 1.4736
        val_accuracy: 0.8522
        IoU: { Unlabeled: 0.0000, Unused: 0.0000, Unused: 0.0000, Unused: 0.0000, Static: 0.0000, Dynamic: 0.0000, Ground: 0.0000, Road: 0.9142, Sidewalk: 0.6581, Parking: 0.0000, Rail track: 0.0000, Building: 0.7513, Wall: 0.0000, Fence: 0.0000, Guard rail: 0.0000, Bridge: 0.0000, Tunnel: 0.0000, Pole: 0.0000, Pole group: 0.0000, Traffic light: 0.0000, Traffic sign: 0.0000, Vegetation: 0.7699, Terrain: 0.6254, Sky: 0.9177, Person: 0.0000, Rider: 0.0000, Car: 0.7632, Truck: 0.0000, Bus: 0.0000, Caravan: 0.0000, Trailer: 0.0000, Train: 0.0000, Motorcycle: 0.0000, Bicycle: 0.0000 }
        MeanIoU: 0.2822
        PixelAccuracy: 0.8527
        DICE: { Unlabeled: 0.0000, Unused: 0.0000, Unused: 0.0000, Unused: 0.0000, Static: 0.0000, Dynamic: 0.0000, Ground: 0.0000, Road: 0.9551, Sidewalk: 0.7924, Parking: 0.0000, Rail track: 0.0000, Building: 0.8576, Wall: 0.0000, Fence: 0.0000, Guard rail: 0.0000, Bridge: 0.0000, Tunnel: 0.0000, Pole: 0.0000, Pole group: 0.0000, Traffic light: 0.0000, Traffic sign: 0.0000, Vegetation: 0.8693, Terrain: 0.7638, Sky: 0.9571, Person: 0.0000, Rider: 0.0000, Car: 0.8645, Truck: 0.0000, Bus: 0.0000, Caravan: 0.0000, Trailer: 0.0000, Train: 0.0000, Motorcycle: 0.0000, Bicycle: 0.0000 }
        MeanDICE: 0.3167
        overAllIOU: 0.7436
    

    Epoch 13:
      Train Loss: 1.4735, Train Accuracy: 0.8532
      Val Loss: 1.4723
      Metrics:
        val_loss: 1.4723
        val_accuracy: 0.8528
        IoU: { Unlabeled: 0.0000, Unused: 0.0000, Unused: 0.0000, Unused: 0.0000, Static: 0.0000, Dynamic: 0.0000, Ground: 0.0000, Road: 0.9107, Sidewalk: 0.6514, Parking: 0.0000, Rail track: 0.0000, Building: 0.7549, Wall: 0.0000, Fence: 0.0000, Guard rail: 0.0000, Bridge: 0.0000, Tunnel: 0.0000, Pole: 0.0000, Pole group: 0.0000, Traffic light: 0.0000, Traffic sign: 0.0000, Vegetation: 0.7736, Terrain: 0.6231, Sky: 0.9169, Person: 0.0000, Rider: 0.0000, Car: 0.7812, Truck: 0.0000, Bus: 0.0000, Caravan: 0.0000, Trailer: 0.0000, Train: 0.0000, Motorcycle: 0.0000, Bicycle: 0.0000 }
        MeanIoU: 0.2829
        PixelAccuracy: 0.8534
        DICE: { Unlabeled: 0.0000, Unused: 0.0000, Unused: 0.0000, Unused: 0.0000, Static: 0.0000, Dynamic: 0.0000, Ground: 0.0000, Road: 0.9532, Sidewalk: 0.7874, Parking: 0.0000, Rail track: 0.0000, Building: 0.8600, Wall: 0.0000, Fence: 0.0000, Guard rail: 0.0000, Bridge: 0.0000, Tunnel: 0.0000, Pole: 0.0000, Pole group: 0.0000, Traffic light: 0.0000, Traffic sign: 0.0000, Vegetation: 0.8718, Terrain: 0.7620, Sky: 0.9566, Person: 0.0000, Rider: 0.0000, Car: 0.8760, Truck: 0.0000, Bus: 0.0000, Caravan: 0.0000, Trailer: 0.0000, Train: 0.0000, Motorcycle: 0.0000, Bicycle: 0.0000 }
        MeanDICE: 0.3170
        overAllIOU: 0.7445
    

    Epoch 14:
      Train Loss: 1.4726, Train Accuracy: 0.8535
      Val Loss: 1.4720
      Metrics:
        val_loss: 1.4720
        val_accuracy: 0.8533
        IoU: { Unlabeled: 0.0000, Unused: 0.0000, Unused: 0.0000, Unused: 0.0000, Static: 0.0000, Dynamic: 0.0000, Ground: 0.0000, Road: 0.9137, Sidewalk: 0.6553, Parking: 0.0000, Rail track: 0.0000, Building: 0.7522, Wall: 0.0000, Fence: 0.0000, Guard rail: 0.0000, Bridge: 0.0000, Tunnel: 0.0000, Pole: 0.0000, Pole group: 0.0000, Traffic light: 0.0000, Traffic sign: 0.0000, Vegetation: 0.7752, Terrain: 0.6202, Sky: 0.9185, Person: 0.0000, Rider: 0.0000, Car: 0.7816, Truck: 0.0000, Bus: 0.0000, Caravan: 0.0000, Trailer: 0.0000, Train: 0.0000, Motorcycle: 0.0000, Bicycle: 0.0000 }
        MeanIoU: 0.2831
        PixelAccuracy: 0.8539
        DICE: { Unlabeled: 0.0000, Unused: 0.0000, Unused: 0.0000, Unused: 0.0000, Static: 0.0000, Dynamic: 0.0000, Ground: 0.0000, Road: 0.9549, Sidewalk: 0.7905, Parking: 0.0000, Rail track: 0.0000, Building: 0.8582, Wall: 0.0000, Fence: 0.0000, Guard rail: 0.0000, Bridge: 0.0000, Tunnel: 0.0000, Pole: 0.0000, Pole group: 0.0000, Traffic light: 0.0000, Traffic sign: 0.0000, Vegetation: 0.8728, Terrain: 0.7601, Sky: 0.9575, Person: 0.0000, Rider: 0.0000, Car: 0.8765, Truck: 0.0000, Bus: 0.0000, Caravan: 0.0000, Trailer: 0.0000, Train: 0.0000, Motorcycle: 0.0000, Bicycle: 0.0000 }
        MeanDICE: 0.3172
        overAllIOU: 0.7453
    

    Epoch 15:
      Train Loss: 1.4719, Train Accuracy: 0.8540
      Val Loss: 1.4711
      Metrics:
        val_loss: 1.4711
        val_accuracy: 0.8534
        IoU: { Unlabeled: 0.0000, Unused: 0.0000, Unused: 0.0000, Unused: 0.0000, Static: 0.0000, Dynamic: 0.0000, Ground: 0.0000, Road: 0.9137, Sidewalk: 0.6686, Parking: 0.0000, Rail track: 0.0000, Building: 0.7557, Wall: 0.0000, Fence: 0.0000, Guard rail: 0.0000, Bridge: 0.0000, Tunnel: 0.0000, Pole: 0.0000, Pole group: 0.0000, Traffic light: 0.0000, Traffic sign: 0.0000, Vegetation: 0.7673, Terrain: 0.6318, Sky: 0.9182, Person: 0.0000, Rider: 0.0000, Car: 0.7897, Truck: 0.0000, Bus: 0.0000, Caravan: 0.0000, Trailer: 0.0000, Train: 0.0000, Motorcycle: 0.0000, Bicycle: 0.0000 }
        MeanIoU: 0.2846
        PixelAccuracy: 0.8540
        DICE: { Unlabeled: 0.0000, Unused: 0.0000, Unused: 0.0000, Unused: 0.0000, Static: 0.0000, Dynamic: 0.0000, Ground: 0.0000, Road: 0.9548, Sidewalk: 0.7999, Parking: 0.0000, Rail track: 0.0000, Building: 0.8605, Wall: 0.0000, Fence: 0.0000, Guard rail: 0.0000, Bridge: 0.0000, Tunnel: 0.0000, Pole: 0.0000, Pole group: 0.0000, Traffic light: 0.0000, Traffic sign: 0.0000, Vegetation: 0.8677, Terrain: 0.7683, Sky: 0.9573, Person: 0.0000, Rider: 0.0000, Car: 0.8816, Truck: 0.0000, Bus: 0.0000, Caravan: 0.0000, Trailer: 0.0000, Train: 0.0000, Motorcycle: 0.0000, Bicycle: 0.0000 }
        MeanDICE: 0.3182
        overAllIOU: 0.7454
    

    Epoch 16:
      Train Loss: 1.4713, Train Accuracy: 0.8543
      Val Loss: 1.4721
      Metrics:
        val_loss: 1.4721
        val_accuracy: 0.8521
        IoU: { Unlabeled: 0.0000, Unused: 0.0000, Unused: 0.0000, Unused: 0.0000, Static: 0.0000, Dynamic: 0.0000, Ground: 0.0000, Road: 0.9147, Sidewalk: 0.6676, Parking: 0.0000, Rail track: 0.0000, Building: 0.7358, Wall: 0.0000, Fence: 0.0000, Guard rail: 0.0000, Bridge: 0.0000, Tunnel: 0.0000, Pole: 0.0000, Pole group: 0.0000, Traffic light: 0.0000, Traffic sign: 0.0000, Vegetation: 0.7785, Terrain: 0.6202, Sky: 0.9209, Person: 0.0000, Rider: 0.0000, Car: 0.7761, Truck: 0.0000, Bus: 0.0000, Caravan: 0.0000, Trailer: 0.0000, Train: 0.0000, Motorcycle: 0.0000, Bicycle: 0.0000 }
        MeanIoU: 0.2829
        PixelAccuracy: 0.8526
        DICE: { Unlabeled: 0.0000, Unused: 0.0000, Unused: 0.0000, Unused: 0.0000, Static: 0.0000, Dynamic: 0.0000, Ground: 0.0000, Road: 0.9554, Sidewalk: 0.7992, Parking: 0.0000, Rail track: 0.0000, Building: 0.8474, Wall: 0.0000, Fence: 0.0000, Guard rail: 0.0000, Bridge: 0.0000, Tunnel: 0.0000, Pole: 0.0000, Pole group: 0.0000, Traffic light: 0.0000, Traffic sign: 0.0000, Vegetation: 0.8749, Terrain: 0.7600, Sky: 0.9588, Person: 0.0000, Rider: 0.0000, Car: 0.8730, Truck: 0.0000, Bus: 0.0000, Caravan: 0.0000, Trailer: 0.0000, Train: 0.0000, Motorcycle: 0.0000, Bicycle: 0.0000 }
        MeanDICE: 0.3171
        overAllIOU: 0.7434
    

    Epoch 17:
      Train Loss: 1.4705, Train Accuracy: 0.8546
      Val Loss: 1.4698
      Metrics:
        val_loss: 1.4698
        val_accuracy: 0.8540
        IoU: { Unlabeled: 0.0000, Unused: 0.0000, Unused: 0.0000, Unused: 0.0000, Static: 0.0000, Dynamic: 0.0000, Ground: 0.0000, Road: 0.9147, Sidewalk: 0.6782, Parking: 0.0000, Rail track: 0.0000, Building: 0.7526, Wall: 0.0000, Fence: 0.0000, Guard rail: 0.0000, Bridge: 0.0000, Tunnel: 0.0000, Pole: 0.0000, Pole group: 0.0000, Traffic light: 0.0000, Traffic sign: 0.0000, Vegetation: 0.7781, Terrain: 0.6350, Sky: 0.9134, Person: 0.0000, Rider: 0.0000, Car: 0.7930, Truck: 0.0000, Bus: 0.0000, Caravan: 0.0000, Trailer: 0.0000, Train: 0.0000, Motorcycle: 0.0000, Bicycle: 0.0000 }
        MeanIoU: 0.2856
        PixelAccuracy: 0.8545
        DICE: { Unlabeled: 0.0000, Unused: 0.0000, Unused: 0.0000, Unused: 0.0000, Static: 0.0000, Dynamic: 0.0000, Ground: 0.0000, Road: 0.9554, Sidewalk: 0.8072, Parking: 0.0000, Rail track: 0.0000, Building: 0.8584, Wall: 0.0000, Fence: 0.0000, Guard rail: 0.0000, Bridge: 0.0000, Tunnel: 0.0000, Pole: 0.0000, Pole group: 0.0000, Traffic light: 0.0000, Traffic sign: 0.0000, Vegetation: 0.8746, Terrain: 0.7722, Sky: 0.9547, Person: 0.0000, Rider: 0.0000, Car: 0.8838, Truck: 0.0000, Bus: 0.0000, Caravan: 0.0000, Trailer: 0.0000, Train: 0.0000, Motorcycle: 0.0000, Bicycle: 0.0000 }
        MeanDICE: 0.3191
        overAllIOU: 0.7463
    

    Epoch 18:
      Train Loss: 1.4669, Train Accuracy: 0.8592
      Val Loss: 1.4618
      Metrics:
        val_loss: 1.4618
        val_accuracy: 0.8651
        IoU: { Unlabeled: 0.1698, Unused: 0.0000, Unused: 0.0000, Unused: 0.0000, Static: 0.0000, Dynamic: 0.0000, Ground: 0.0000, Road: 0.9353, Sidewalk: 0.6803, Parking: 0.0000, Rail track: 0.0000, Building: 0.7986, Wall: 0.0000, Fence: 0.0000, Guard rail: 0.0000, Bridge: 0.0000, Tunnel: 0.0000, Pole: 0.0000, Pole group: 0.0000, Traffic light: 0.0000, Traffic sign: 0.0000, Vegetation: 0.8175, Terrain: 0.6331, Sky: 0.9163, Person: 0.0000, Rider: 0.0000, Car: 0.7903, Truck: 0.0000, Bus: 0.0000, Caravan: 0.0000, Trailer: 0.0000, Train: 0.0000, Motorcycle: 0.0000, Bicycle: 0.0000 }
        MeanIoU: 0.3000
        PixelAccuracy: 0.8656
        DICE: { Unlabeled: 0.2901, Unused: 0.0000, Unused: 0.0000, Unused: 0.0000, Static: 0.0000, Dynamic: 0.0000, Ground: 0.0000, Road: 0.9665, Sidewalk: 0.8085, Parking: 0.0000, Rail track: 0.0000, Building: 0.8877, Wall: 0.0000, Fence: 0.0000, Guard rail: 0.0000, Bridge: 0.0000, Tunnel: 0.0000, Pole: 0.0000, Pole group: 0.0000, Traffic light: 0.0000, Traffic sign: 0.0000, Vegetation: 0.8993, Terrain: 0.7711, Sky: 0.9563, Person: 0.0000, Rider: 0.0000, Car: 0.8818, Truck: 0.0000, Bus: 0.0000, Caravan: 0.0000, Trailer: 0.0000, Train: 0.0000, Motorcycle: 0.0000, Bicycle: 0.0000 }
        MeanDICE: 0.3376
        overAllIOU: 0.7633
    

    Epoch 19:
      Train Loss: 1.4595, Train Accuracy: 0.8681
      Val Loss: 1.4580
      Metrics:
        val_loss: 1.4580
        val_accuracy: 0.8691
        IoU: { Unlabeled: 0.2054, Unused: 0.0000, Unused: 0.0000, Unused: 0.0000, Static: 0.0000, Dynamic: 0.0000, Ground: 0.0000, Road: 0.9353, Sidewalk: 0.6834, Parking: 0.0000, Rail track: 0.0000, Building: 0.8091, Wall: 0.0000, Fence: 0.0000, Guard rail: 0.0000, Bridge: 0.0000, Tunnel: 0.0000, Pole: 0.0000, Pole group: 0.0000, Traffic light: 0.0000, Traffic sign: 0.0000, Vegetation: 0.8227, Terrain: 0.6386, Sky: 0.9272, Person: 0.0000, Rider: 0.0000, Car: 0.8072, Truck: 0.0000, Bus: 0.0000, Caravan: 0.0000, Trailer: 0.0000, Train: 0.0000, Motorcycle: 0.0000, Bicycle: 0.0000 }
        MeanIoU: 0.3046
        PixelAccuracy: 0.8695
        DICE: { Unlabeled: 0.3405, Unused: 0.0000, Unused: 0.0000, Unused: 0.0000, Static: 0.0000, Dynamic: 0.0000, Ground: 0.0000, Road: 0.9665, Sidewalk: 0.8107, Parking: 0.0000, Rail track: 0.0000, Building: 0.8943, Wall: 0.0000, Fence: 0.0000, Guard rail: 0.0000, Bridge: 0.0000, Tunnel: 0.0000, Pole: 0.0000, Pole group: 0.0000, Traffic light: 0.0000, Traffic sign: 0.0000, Vegetation: 0.9025, Terrain: 0.7747, Sky: 0.9622, Person: 0.0000, Rider: 0.0000, Car: 0.8924, Truck: 0.0000, Bus: 0.0000, Caravan: 0.0000, Trailer: 0.0000, Train: 0.0000, Motorcycle: 0.0000, Bicycle: 0.0000 }
        MeanDICE: 0.3419
        overAllIOU: 0.7694
    

    Epoch 20:
      Train Loss: 1.4571, Train Accuracy: 0.8709
      Val Loss: 1.4569
      Metrics:
        val_loss: 1.4569
        val_accuracy: 0.8698
        IoU: { Unlabeled: 0.2158, Unused: 0.0000, Unused: 0.0000, Unused: 0.0000, Static: 0.0000, Dynamic: 0.0000, Ground: 0.0000, Road: 0.9363, Sidewalk: 0.6900, Parking: 0.0000, Rail track: 0.0000, Building: 0.8164, Wall: 0.0000, Fence: 0.0000, Guard rail: 0.0000, Bridge: 0.0000, Tunnel: 0.0000, Pole: 0.0000, Pole group: 0.0000, Traffic light: 0.0000, Traffic sign: 0.0000, Vegetation: 0.8326, Terrain: 0.6359, Sky: 0.9254, Person: 0.0000, Rider: 0.0000, Car: 0.8068, Truck: 0.0000, Bus: 0.0000, Caravan: 0.0000, Trailer: 0.0000, Train: 0.0000, Motorcycle: 0.0000, Bicycle: 0.0000 }
        MeanIoU: 0.3062
        PixelAccuracy: 0.8703
        DICE: { Unlabeled: 0.3548, Unused: 0.0000, Unused: 0.0000, Unused: 0.0000, Static: 0.0000, Dynamic: 0.0000, Ground: 0.0000, Road: 0.9671, Sidewalk: 0.8157, Parking: 0.0000, Rail track: 0.0000, Building: 0.8988, Wall: 0.0000, Fence: 0.0000, Guard rail: 0.0000, Bridge: 0.0000, Tunnel: 0.0000, Pole: 0.0000, Pole group: 0.0000, Traffic light: 0.0000, Traffic sign: 0.0000, Vegetation: 0.9085, Terrain: 0.7719, Sky: 0.9612, Person: 0.0000, Rider: 0.0000, Car: 0.8922, Truck: 0.0000, Bus: 0.0000, Caravan: 0.0000, Trailer: 0.0000, Train: 0.0000, Motorcycle: 0.0000, Bicycle: 0.0000 }
        MeanDICE: 0.3432
        overAllIOU: 0.7706
    

    Epoch 21:
      Train Loss: 1.4556, Train Accuracy: 0.8725
      Val Loss: 1.4555
      Metrics:
        val_loss: 1.4555
        val_accuracy: 0.8713
        IoU: { Unlabeled: 0.2308, Unused: 0.0000, Unused: 0.0000, Unused: 0.0000, Static: 0.0000, Dynamic: 0.0000, Ground: 0.0000, Road: 0.9353, Sidewalk: 0.6912, Parking: 0.0000, Rail track: 0.0000, Building: 0.8212, Wall: 0.0000, Fence: 0.0000, Guard rail: 0.0000, Bridge: 0.0000, Tunnel: 0.0000, Pole: 0.0000, Pole group: 0.0000, Traffic light: 0.0000, Traffic sign: 0.0000, Vegetation: 0.8335, Terrain: 0.6402, Sky: 0.9302, Person: 0.0000, Rider: 0.0000, Car: 0.8131, Truck: 0.0000, Bus: 0.0000, Caravan: 0.0000, Trailer: 0.0000, Train: 0.0000, Motorcycle: 0.0000, Bicycle: 0.0000 }
        MeanIoU: 0.3081
        PixelAccuracy: 0.8718
        DICE: { Unlabeled: 0.3748, Unused: 0.0000, Unused: 0.0000, Unused: 0.0000, Static: 0.0000, Dynamic: 0.0000, Ground: 0.0000, Road: 0.9665, Sidewalk: 0.8166, Parking: 0.0000, Rail track: 0.0000, Building: 0.9017, Wall: 0.0000, Fence: 0.0000, Guard rail: 0.0000, Bridge: 0.0000, Tunnel: 0.0000, Pole: 0.0000, Pole group: 0.0000, Traffic light: 0.0000, Traffic sign: 0.0000, Vegetation: 0.9090, Terrain: 0.7758, Sky: 0.9638, Person: 0.0000, Rider: 0.0000, Car: 0.8963, Truck: 0.0000, Bus: 0.0000, Caravan: 0.0000, Trailer: 0.0000, Train: 0.0000, Motorcycle: 0.0000, Bicycle: 0.0000 }
        MeanDICE: 0.3450
        overAllIOU: 0.7729
    

    Epoch 22:
      Train Loss: 1.4543, Train Accuracy: 0.8739
      Val Loss: 1.4547
      Metrics:
        val_loss: 1.4547
        val_accuracy: 0.8722
        IoU: { Unlabeled: 0.2135, Unused: 0.0000, Unused: 0.0000, Unused: 0.0000, Static: 0.0000, Dynamic: 0.0000, Ground: 0.0000, Road: 0.9337, Sidewalk: 0.6966, Parking: 0.0000, Rail track: 0.0000, Building: 0.8207, Wall: 0.0000, Fence: 0.0000, Guard rail: 0.0000, Bridge: 0.0000, Tunnel: 0.0000, Pole: 0.0000, Pole group: 0.0000, Traffic light: 0.0000, Traffic sign: 0.0000, Vegetation: 0.8373, Terrain: 0.6526, Sky: 0.9310, Person: 0.0000, Rider: 0.0000, Car: 0.8189, Truck: 0.0000, Bus: 0.0000, Caravan: 0.0000, Trailer: 0.0000, Train: 0.0000, Motorcycle: 0.0000, Bicycle: 0.0000 }
        MeanIoU: 0.3085
        PixelAccuracy: 0.8726
        DICE: { Unlabeled: 0.3516, Unused: 0.0000, Unused: 0.0000, Unused: 0.0000, Static: 0.0000, Dynamic: 0.0000, Ground: 0.0000, Road: 0.9656, Sidewalk: 0.8201, Parking: 0.0000, Rail track: 0.0000, Building: 0.9014, Wall: 0.0000, Fence: 0.0000, Guard rail: 0.0000, Bridge: 0.0000, Tunnel: 0.0000, Pole: 0.0000, Pole group: 0.0000, Traffic light: 0.0000, Traffic sign: 0.0000, Vegetation: 0.9113, Terrain: 0.7852, Sky: 0.9642, Person: 0.0000, Rider: 0.0000, Car: 0.8997, Truck: 0.0000, Bus: 0.0000, Caravan: 0.0000, Trailer: 0.0000, Train: 0.0000, Motorcycle: 0.0000, Bicycle: 0.0000 }
        MeanDICE: 0.3447
        overAllIOU: 0.7743
    

    Epoch 23:
      Train Loss: 1.4533, Train Accuracy: 0.8748
      Val Loss: 1.4536
      Metrics:
        val_loss: 1.4536
        val_accuracy: 0.8735
        IoU: { Unlabeled: 0.2409, Unused: 0.0000, Unused: 0.0000, Unused: 0.0000, Static: 0.0000, Dynamic: 0.0000, Ground: 0.0000, Road: 0.9376, Sidewalk: 0.7013, Parking: 0.0000, Rail track: 0.0000, Building: 0.8274, Wall: 0.0000, Fence: 0.0000, Guard rail: 0.0000, Bridge: 0.0000, Tunnel: 0.0000, Pole: 0.0000, Pole group: 0.0000, Traffic light: 0.0000, Traffic sign: 0.0000, Vegetation: 0.8408, Terrain: 0.6545, Sky: 0.9294, Person: 0.0000, Rider: 0.0000, Car: 0.8167, Truck: 0.0000, Bus: 0.0000, Caravan: 0.0000, Trailer: 0.0000, Train: 0.0000, Motorcycle: 0.0000, Bicycle: 0.0000 }
        MeanIoU: 0.3108
        PixelAccuracy: 0.8739
        DICE: { Unlabeled: 0.3880, Unused: 0.0000, Unused: 0.0000, Unused: 0.0000, Static: 0.0000, Dynamic: 0.0000, Ground: 0.0000, Road: 0.9677, Sidewalk: 0.8232, Parking: 0.0000, Rail track: 0.0000, Building: 0.9055, Wall: 0.0000, Fence: 0.0000, Guard rail: 0.0000, Bridge: 0.0000, Tunnel: 0.0000, Pole: 0.0000, Pole group: 0.0000, Traffic light: 0.0000, Traffic sign: 0.0000, Vegetation: 0.9134, Terrain: 0.7863, Sky: 0.9634, Person: 0.0000, Rider: 0.0000, Car: 0.8983, Truck: 0.0000, Bus: 0.0000, Caravan: 0.0000, Trailer: 0.0000, Train: 0.0000, Motorcycle: 0.0000, Bicycle: 0.0000 }
        MeanDICE: 0.3472
        overAllIOU: 0.7763
    

    Epoch 24:
      Train Loss: 1.4524, Train Accuracy: 0.8757
      Val Loss: 1.4537
      Metrics:
        val_loss: 1.4537
        val_accuracy: 0.8731
        IoU: { Unlabeled: 0.2454, Unused: 0.0000, Unused: 0.0000, Unused: 0.0000, Static: 0.0000, Dynamic: 0.0000, Ground: 0.0000, Road: 0.9385, Sidewalk: 0.6998, Parking: 0.0000, Rail track: 0.0000, Building: 0.8262, Wall: 0.0000, Fence: 0.0000, Guard rail: 0.0000, Bridge: 0.0000, Tunnel: 0.0000, Pole: 0.0000, Pole group: 0.0000, Traffic light: 0.0000, Traffic sign: 0.0000, Vegetation: 0.8393, Terrain: 0.6504, Sky: 0.9301, Person: 0.0000, Rider: 0.0000, Car: 0.8118, Truck: 0.0000, Bus: 0.0000, Caravan: 0.0000, Trailer: 0.0000, Train: 0.0000, Motorcycle: 0.0000, Bicycle: 0.0000 }
        MeanIoU: 0.3105
        PixelAccuracy: 0.8736
        DICE: { Unlabeled: 0.3939, Unused: 0.0000, Unused: 0.0000, Unused: 0.0000, Static: 0.0000, Dynamic: 0.0000, Ground: 0.0000, Road: 0.9682, Sidewalk: 0.8223, Parking: 0.0000, Rail track: 0.0000, Building: 0.9047, Wall: 0.0000, Fence: 0.0000, Guard rail: 0.0000, Bridge: 0.0000, Tunnel: 0.0000, Pole: 0.0000, Pole group: 0.0000, Traffic light: 0.0000, Traffic sign: 0.0000, Vegetation: 0.9125, Terrain: 0.7840, Sky: 0.9638, Person: 0.0000, Rider: 0.0000, Car: 0.8951, Truck: 0.0000, Bus: 0.0000, Caravan: 0.0000, Trailer: 0.0000, Train: 0.0000, Motorcycle: 0.0000, Bicycle: 0.0000 }
        MeanDICE: 0.3472
        overAllIOU: 0.7758
    

    Epoch 25:
      Train Loss: 1.4517, Train Accuracy: 0.8765
      Val Loss: 1.4528
      Metrics:
        val_loss: 1.4528
        val_accuracy: 0.8738
        IoU: { Unlabeled: 0.2396, Unused: 0.0000, Unused: 0.0000, Unused: 0.0000, Static: 0.0000, Dynamic: 0.0000, Ground: 0.0000, Road: 0.9356, Sidewalk: 0.6998, Parking: 0.0000, Rail track: 0.0000, Building: 0.8218, Wall: 0.0000, Fence: 0.0000, Guard rail: 0.0000, Bridge: 0.0000, Tunnel: 0.0000, Pole: 0.0000, Pole group: 0.0000, Traffic light: 0.0000, Traffic sign: 0.0000, Vegetation: 0.8383, Terrain: 0.6626, Sky: 0.9346, Person: 0.0000, Rider: 0.0000, Car: 0.8231, Truck: 0.0000, Bus: 0.0000, Caravan: 0.0000, Trailer: 0.0000, Train: 0.0000, Motorcycle: 0.0000, Bicycle: 0.0000 }
        MeanIoU: 0.3112
        PixelAccuracy: 0.8743
        DICE: { Unlabeled: 0.3863, Unused: 0.0000, Unused: 0.0000, Unused: 0.0000, Static: 0.0000, Dynamic: 0.0000, Ground: 0.0000, Road: 0.9667, Sidewalk: 0.8223, Parking: 0.0000, Rail track: 0.0000, Building: 0.9021, Wall: 0.0000, Fence: 0.0000, Guard rail: 0.0000, Bridge: 0.0000, Tunnel: 0.0000, Pole: 0.0000, Pole group: 0.0000, Traffic light: 0.0000, Traffic sign: 0.0000, Vegetation: 0.9119, Terrain: 0.7913, Sky: 0.9661, Person: 0.0000, Rider: 0.0000, Car: 0.9023, Truck: 0.0000, Bus: 0.0000, Caravan: 0.0000, Trailer: 0.0000, Train: 0.0000, Motorcycle: 0.0000, Bicycle: 0.0000 }
        MeanDICE: 0.3474
        overAllIOU: 0.7768
    

    Epoch 26:
      Train Loss: 1.4513, Train Accuracy: 0.8768
      Val Loss: 1.4522
      Metrics:
        val_loss: 1.4522
        val_accuracy: 0.8747
        IoU: { Unlabeled: 0.2526, Unused: 0.0000, Unused: 0.0000, Unused: 0.0000, Static: 0.0000, Dynamic: 0.0000, Ground: 0.0000, Road: 0.9394, Sidewalk: 0.7058, Parking: 0.0000, Rail track: 0.0000, Building: 0.8294, Wall: 0.0000, Fence: 0.0000, Guard rail: 0.0000, Bridge: 0.0000, Tunnel: 0.0000, Pole: 0.0000, Pole group: 0.0000, Traffic light: 0.0000, Traffic sign: 0.0000, Vegetation: 0.8433, Terrain: 0.6628, Sky: 0.9330, Person: 0.0000, Rider: 0.0000, Car: 0.8143, Truck: 0.0000, Bus: 0.0000, Caravan: 0.0000, Trailer: 0.0000, Train: 0.0000, Motorcycle: 0.0000, Bicycle: 0.0000 }
        MeanIoU: 0.3125
        PixelAccuracy: 0.8752
        DICE: { Unlabeled: 0.4031, Unused: 0.0000, Unused: 0.0000, Unused: 0.0000, Static: 0.0000, Dynamic: 0.0000, Ground: 0.0000, Road: 0.9687, Sidewalk: 0.8265, Parking: 0.0000, Rail track: 0.0000, Building: 0.9067, Wall: 0.0000, Fence: 0.0000, Guard rail: 0.0000, Bridge: 0.0000, Tunnel: 0.0000, Pole: 0.0000, Pole group: 0.0000, Traffic light: 0.0000, Traffic sign: 0.0000, Vegetation: 0.9149, Terrain: 0.7927, Sky: 0.9653, Person: 0.0000, Rider: 0.0000, Car: 0.8971, Truck: 0.0000, Bus: 0.0000, Caravan: 0.0000, Trailer: 0.0000, Train: 0.0000, Motorcycle: 0.0000, Bicycle: 0.0000 }
        MeanDICE: 0.3487
        overAllIOU: 0.7783
    

    Epoch 27:
      Train Loss: 1.4507, Train Accuracy: 0.8774
      Val Loss: 1.4516
      Metrics:
        val_loss: 1.4516
        val_accuracy: 0.8748
        IoU: { Unlabeled: 0.2400, Unused: 0.0000, Unused: 0.0000, Unused: 0.0000, Static: 0.0000, Dynamic: 0.0000, Ground: 0.0000, Road: 0.9372, Sidewalk: 0.7152, Parking: 0.0000, Rail track: 0.0000, Building: 0.8245, Wall: 0.0000, Fence: 0.0000, Guard rail: 0.0000, Bridge: 0.0000, Tunnel: 0.0000, Pole: 0.0000, Pole group: 0.0000, Traffic light: 0.0000, Traffic sign: 0.0000, Vegetation: 0.8434, Terrain: 0.6595, Sky: 0.9337, Person: 0.0000, Rider: 0.0000, Car: 0.8214, Truck: 0.0000, Bus: 0.0000, Caravan: 0.0000, Trailer: 0.0000, Train: 0.0000, Motorcycle: 0.0000, Bicycle: 0.0000 }
        MeanIoU: 0.3122
        PixelAccuracy: 0.8753
        DICE: { Unlabeled: 0.3869, Unused: 0.0000, Unused: 0.0000, Unused: 0.0000, Static: 0.0000, Dynamic: 0.0000, Ground: 0.0000, Road: 0.9676, Sidewalk: 0.8331, Parking: 0.0000, Rail track: 0.0000, Building: 0.9037, Wall: 0.0000, Fence: 0.0000, Guard rail: 0.0000, Bridge: 0.0000, Tunnel: 0.0000, Pole: 0.0000, Pole group: 0.0000, Traffic light: 0.0000, Traffic sign: 0.0000, Vegetation: 0.9149, Terrain: 0.7911, Sky: 0.9657, Person: 0.0000, Rider: 0.0000, Car: 0.9013, Truck: 0.0000, Bus: 0.0000, Caravan: 0.0000, Trailer: 0.0000, Train: 0.0000, Motorcycle: 0.0000, Bicycle: 0.0000 }
        MeanDICE: 0.3482
        overAllIOU: 0.7784
    

    Epoch 28:
      Train Loss: 1.4503, Train Accuracy: 0.8778
      Val Loss: 1.4514
      Metrics:
        val_loss: 1.4514
        val_accuracy: 0.8753
        IoU: { Unlabeled: 0.2551, Unused: 0.0000, Unused: 0.0000, Unused: 0.0000, Static: 0.0000, Dynamic: 0.0000, Ground: 0.0000, Road: 0.9359, Sidewalk: 0.7124, Parking: 0.0000, Rail track: 0.0000, Building: 0.8311, Wall: 0.0000, Fence: 0.0000, Guard rail: 0.0000, Bridge: 0.0000, Tunnel: 0.0000, Pole: 0.0000, Pole group: 0.0000, Traffic light: 0.0000, Traffic sign: 0.0000, Vegetation: 0.8426, Terrain: 0.6582, Sky: 0.9340, Person: 0.0000, Rider: 0.0000, Car: 0.8230, Truck: 0.0000, Bus: 0.0000, Caravan: 0.0000, Trailer: 0.0000, Train: 0.0000, Motorcycle: 0.0000, Bicycle: 0.0000 }
        MeanIoU: 0.3132
        PixelAccuracy: 0.8757
        DICE: { Unlabeled: 0.4063, Unused: 0.0000, Unused: 0.0000, Unused: 0.0000, Static: 0.0000, Dynamic: 0.0000, Ground: 0.0000, Road: 0.9669, Sidewalk: 0.8312, Parking: 0.0000, Rail track: 0.0000, Building: 0.9077, Wall: 0.0000, Fence: 0.0000, Guard rail: 0.0000, Bridge: 0.0000, Tunnel: 0.0000, Pole: 0.0000, Pole group: 0.0000, Traffic light: 0.0000, Traffic sign: 0.0000, Vegetation: 0.9145, Terrain: 0.7896, Sky: 0.9658, Person: 0.0000, Rider: 0.0000, Car: 0.9019, Truck: 0.0000, Bus: 0.0000, Caravan: 0.0000, Trailer: 0.0000, Train: 0.0000, Motorcycle: 0.0000, Bicycle: 0.0000 }
        MeanDICE: 0.3492
        overAllIOU: 0.7791
    

    Epoch 29:
      Train Loss: 1.4497, Train Accuracy: 0.8783
      Val Loss: 1.4513
      Metrics:
        val_loss: 1.4513
        val_accuracy: 0.8755
        IoU: { Unlabeled: 0.2613, Unused: 0.0000, Unused: 0.0000, Unused: 0.0000, Static: 0.0000, Dynamic: 0.0000, Ground: 0.0000, Road: 0.9426, Sidewalk: 0.7002, Parking: 0.0000, Rail track: 0.0000, Building: 0.8310, Wall: 0.0000, Fence: 0.0000, Guard rail: 0.0000, Bridge: 0.0000, Tunnel: 0.0000, Pole: 0.0000, Pole group: 0.0000, Traffic light: 0.0000, Traffic sign: 0.0000, Vegetation: 0.8422, Terrain: 0.6600, Sky: 0.9355, Person: 0.0000, Rider: 0.0000, Car: 0.8204, Truck: 0.0000, Bus: 0.0000, Caravan: 0.0000, Trailer: 0.0000, Train: 0.0000, Motorcycle: 0.0000, Bicycle: 0.0000 }
        MeanIoU: 0.3132
        PixelAccuracy: 0.8760
        DICE: { Unlabeled: 0.4141, Unused: 0.0000, Unused: 0.0000, Unused: 0.0000, Static: 0.0000, Dynamic: 0.0000, Ground: 0.0000, Road: 0.9704, Sidewalk: 0.8227, Parking: 0.0000, Rail track: 0.0000, Building: 0.9076, Wall: 0.0000, Fence: 0.0000, Guard rail: 0.0000, Bridge: 0.0000, Tunnel: 0.0000, Pole: 0.0000, Pole group: 0.0000, Traffic light: 0.0000, Traffic sign: 0.0000, Vegetation: 0.9142, Terrain: 0.7911, Sky: 0.9666, Person: 0.0000, Rider: 0.0000, Car: 0.9008, Truck: 0.0000, Bus: 0.0000, Caravan: 0.0000, Trailer: 0.0000, Train: 0.0000, Motorcycle: 0.0000, Bicycle: 0.0000 }
        MeanDICE: 0.3494
        overAllIOU: 0.7795
    

    Epoch 30:
      Train Loss: 1.4493, Train Accuracy: 0.8787
      Val Loss: 1.4507
      Metrics:
        val_loss: 1.4507
        val_accuracy: 0.8759
        IoU: { Unlabeled: 0.2612, Unused: 0.0000, Unused: 0.0000, Unused: 0.0000, Static: 0.0000, Dynamic: 0.0000, Ground: 0.0000, Road: 0.9369, Sidewalk: 0.7123, Parking: 0.0000, Rail track: 0.0000, Building: 0.8332, Wall: 0.0000, Fence: 0.0000, Guard rail: 0.0000, Bridge: 0.0000, Tunnel: 0.0000, Pole: 0.0000, Pole group: 0.0000, Traffic light: 0.0000, Traffic sign: 0.0000, Vegetation: 0.8458, Terrain: 0.6671, Sky: 0.9350, Person: 0.0000, Rider: 0.0000, Car: 0.8274, Truck: 0.0000, Bus: 0.0000, Caravan: 0.0000, Trailer: 0.0000, Train: 0.0000, Motorcycle: 0.0000, Bicycle: 0.0000 }
        MeanIoU: 0.3145
        PixelAccuracy: 0.8763
        DICE: { Unlabeled: 0.4140, Unused: 0.0000, Unused: 0.0000, Unused: 0.0000, Static: 0.0000, Dynamic: 0.0000, Ground: 0.0000, Road: 0.9674, Sidewalk: 0.8312, Parking: 0.0000, Rail track: 0.0000, Building: 0.9090, Wall: 0.0000, Fence: 0.0000, Guard rail: 0.0000, Bridge: 0.0000, Tunnel: 0.0000, Pole: 0.0000, Pole group: 0.0000, Traffic light: 0.0000, Traffic sign: 0.0000, Vegetation: 0.9163, Terrain: 0.7954, Sky: 0.9664, Person: 0.0000, Rider: 0.0000, Car: 0.9050, Truck: 0.0000, Bus: 0.0000, Caravan: 0.0000, Trailer: 0.0000, Train: 0.0000, Motorcycle: 0.0000, Bicycle: 0.0000 }
        MeanDICE: 0.3503
        overAllIOU: 0.7801
    

    Epoch 31:
      Train Loss: 1.4492, Train Accuracy: 0.8788
      Val Loss: 1.4509
      Metrics:
        val_loss: 1.4509
        val_accuracy: 0.8754
        IoU: { Unlabeled: 0.2623, Unused: 0.0000, Unused: 0.0000, Unused: 0.0000, Static: 0.0000, Dynamic: 0.0000, Ground: 0.0000, Road: 0.9386, Sidewalk: 0.7134, Parking: 0.0000, Rail track: 0.0000, Building: 0.8321, Wall: 0.0000, Fence: 0.0000, Guard rail: 0.0000, Bridge: 0.0000, Tunnel: 0.0000, Pole: 0.0000, Pole group: 0.0000, Traffic light: 0.0000, Traffic sign: 0.0000, Vegetation: 0.8463, Terrain: 0.6636, Sky: 0.9350, Person: 0.0000, Rider: 0.0000, Car: 0.8260, Truck: 0.0000, Bus: 0.0000, Caravan: 0.0000, Trailer: 0.0000, Train: 0.0000, Motorcycle: 0.0000, Bicycle: 0.0000 }
        MeanIoU: 0.3144
        PixelAccuracy: 0.8758
        DICE: { Unlabeled: 0.4154, Unused: 0.0000, Unused: 0.0000, Unused: 0.0000, Static: 0.0000, Dynamic: 0.0000, Ground: 0.0000, Road: 0.9683, Sidewalk: 0.8318, Parking: 0.0000, Rail track: 0.0000, Building: 0.9083, Wall: 0.0000, Fence: 0.0000, Guard rail: 0.0000, Bridge: 0.0000, Tunnel: 0.0000, Pole: 0.0000, Pole group: 0.0000, Traffic light: 0.0000, Traffic sign: 0.0000, Vegetation: 0.9166, Terrain: 0.7936, Sky: 0.9664, Person: 0.0000, Rider: 0.0000, Car: 0.9041, Truck: 0.0000, Bus: 0.0000, Caravan: 0.0000, Trailer: 0.0000, Train: 0.0000, Motorcycle: 0.0000, Bicycle: 0.0000 }
        MeanDICE: 0.3503
        overAllIOU: 0.7794
    

    Epoch 32:
      Train Loss: 1.4488, Train Accuracy: 0.8792
      Val Loss: 1.4503
      Metrics:
        val_loss: 1.4503
        val_accuracy: 0.8765
        IoU: { Unlabeled: 0.2662, Unused: 0.0000, Unused: 0.0000, Unused: 0.0000, Static: 0.0000, Dynamic: 0.0000, Ground: 0.0000, Road: 0.9433, Sidewalk: 0.7001, Parking: 0.0000, Rail track: 0.0000, Building: 0.8331, Wall: 0.0000, Fence: 0.0000, Guard rail: 0.0000, Bridge: 0.0000, Tunnel: 0.0000, Pole: 0.0000, Pole group: 0.0000, Traffic light: 0.0000, Traffic sign: 0.0000, Vegetation: 0.8475, Terrain: 0.6677, Sky: 0.9367, Person: 0.0000, Rider: 0.0000, Car: 0.8218, Truck: 0.0000, Bus: 0.0000, Caravan: 0.0000, Trailer: 0.0000, Train: 0.0000, Motorcycle: 0.0000, Bicycle: 0.0000 }
        MeanIoU: 0.3144
        PixelAccuracy: 0.8770
        DICE: { Unlabeled: 0.4202, Unused: 0.0000, Unused: 0.0000, Unused: 0.0000, Static: 0.0000, Dynamic: 0.0000, Ground: 0.0000, Road: 0.9708, Sidewalk: 0.8225, Parking: 0.0000, Rail track: 0.0000, Building: 0.9089, Wall: 0.0000, Fence: 0.0000, Guard rail: 0.0000, Bridge: 0.0000, Tunnel: 0.0000, Pole: 0.0000, Pole group: 0.0000, Traffic light: 0.0000, Traffic sign: 0.0000, Vegetation: 0.9174, Terrain: 0.7964, Sky: 0.9673, Person: 0.0000, Rider: 0.0000, Car: 0.9016, Truck: 0.0000, Bus: 0.0000, Caravan: 0.0000, Trailer: 0.0000, Train: 0.0000, Motorcycle: 0.0000, Bicycle: 0.0000 }
        MeanDICE: 0.3503
        overAllIOU: 0.7811
    

    Epoch 33:
      Train Loss: 1.4485, Train Accuracy: 0.8795
      Val Loss: 1.4506
      Metrics:
        val_loss: 1.4506
        val_accuracy: 0.8758
        IoU: { Unlabeled: 0.2603, Unused: 0.0000, Unused: 0.0000, Unused: 0.0000, Static: 0.0000, Dynamic: 0.0000, Ground: 0.0000, Road: 0.9396, Sidewalk: 0.7059, Parking: 0.0000, Rail track: 0.0000, Building: 0.8309, Wall: 0.0000, Fence: 0.0000, Guard rail: 0.0000, Bridge: 0.0000, Tunnel: 0.0000, Pole: 0.0000, Pole group: 0.0000, Traffic light: 0.0000, Traffic sign: 0.0000, Vegetation: 0.8452, Terrain: 0.6596, Sky: 0.9347, Person: 0.0000, Rider: 0.0000, Car: 0.8215, Truck: 0.0000, Bus: 0.0000, Caravan: 0.0000, Trailer: 0.0000, Train: 0.0000, Motorcycle: 0.0000, Bicycle: 0.0000 }
        MeanIoU: 0.3134
        PixelAccuracy: 0.8762
        DICE: { Unlabeled: 0.4128, Unused: 0.0000, Unused: 0.0000, Unused: 0.0000, Static: 0.0000, Dynamic: 0.0000, Ground: 0.0000, Road: 0.9688, Sidewalk: 0.8266, Parking: 0.0000, Rail track: 0.0000, Building: 0.9075, Wall: 0.0000, Fence: 0.0000, Guard rail: 0.0000, Bridge: 0.0000, Tunnel: 0.0000, Pole: 0.0000, Pole group: 0.0000, Traffic light: 0.0000, Traffic sign: 0.0000, Vegetation: 0.9160, Terrain: 0.7897, Sky: 0.9662, Person: 0.0000, Rider: 0.0000, Car: 0.9013, Truck: 0.0000, Bus: 0.0000, Caravan: 0.0000, Trailer: 0.0000, Train: 0.0000, Motorcycle: 0.0000, Bicycle: 0.0000 }
        MeanDICE: 0.3494
        overAllIOU: 0.7799
    

    Epoch 34:
      Train Loss: 1.4482, Train Accuracy: 0.8798
      Val Loss: 1.4499
      Metrics:
        val_loss: 1.4499
        val_accuracy: 0.8769
        IoU: { Unlabeled: 0.2627, Unused: 0.0000, Unused: 0.0000, Unused: 0.0000, Static: 0.0000, Dynamic: 0.0000, Ground: 0.0000, Road: 0.9395, Sidewalk: 0.7213, Parking: 0.0000, Rail track: 0.0000, Building: 0.8296, Wall: 0.0000, Fence: 0.0000, Guard rail: 0.0000, Bridge: 0.0000, Tunnel: 0.0000, Pole: 0.0000, Pole group: 0.0000, Traffic light: 0.0000, Traffic sign: 0.0000, Vegetation: 0.8478, Terrain: 0.6573, Sky: 0.9366, Person: 0.0000, Rider: 0.0000, Car: 0.8297, Truck: 0.0000, Bus: 0.0000, Caravan: 0.0000, Trailer: 0.0000, Train: 0.0000, Motorcycle: 0.0000, Bicycle: 0.0000 }
        MeanIoU: 0.3148
        PixelAccuracy: 0.8773
        DICE: { Unlabeled: 0.4159, Unused: 0.0000, Unused: 0.0000, Unused: 0.0000, Static: 0.0000, Dynamic: 0.0000, Ground: 0.0000, Road: 0.9688, Sidewalk: 0.8372, Parking: 0.0000, Rail track: 0.0000, Building: 0.9068, Wall: 0.0000, Fence: 0.0000, Guard rail: 0.0000, Bridge: 0.0000, Tunnel: 0.0000, Pole: 0.0000, Pole group: 0.0000, Traffic light: 0.0000, Traffic sign: 0.0000, Vegetation: 0.9175, Terrain: 0.7890, Sky: 0.9672, Person: 0.0000, Rider: 0.0000, Car: 0.9063, Truck: 0.0000, Bus: 0.0000, Caravan: 0.0000, Trailer: 0.0000, Train: 0.0000, Motorcycle: 0.0000, Bicycle: 0.0000 }
        MeanDICE: 0.3505
        overAllIOU: 0.7817
    

    Epoch 35:
      Train Loss: 1.4479, Train Accuracy: 0.8802
      Val Loss: 1.4497
      Metrics:
        val_loss: 1.4497
        val_accuracy: 0.8772
        IoU: { Unlabeled: 0.2671, Unused: 0.0000, Unused: 0.0000, Unused: 0.0000, Static: 0.0000, Dynamic: 0.0000, Ground: 0.0000, Road: 0.9414, Sidewalk: 0.7068, Parking: 0.0000, Rail track: 0.0000, Building: 0.8317, Wall: 0.0000, Fence: 0.0000, Guard rail: 0.0000, Bridge: 0.0000, Tunnel: 0.0000, Pole: 0.0000, Pole group: 0.0000, Traffic light: 0.0000, Traffic sign: 0.0000, Vegetation: 0.8476, Terrain: 0.6701, Sky: 0.9373, Person: 0.0000, Rider: 0.0000, Car: 0.8254, Truck: 0.0000, Bus: 0.0000, Caravan: 0.0000, Trailer: 0.0000, Train: 0.0000, Motorcycle: 0.0000, Bicycle: 0.0000 }
        MeanIoU: 0.3149
        PixelAccuracy: 0.8776
        DICE: { Unlabeled: 0.4214, Unused: 0.0000, Unused: 0.0000, Unused: 0.0000, Static: 0.0000, Dynamic: 0.0000, Ground: 0.0000, Road: 0.9698, Sidewalk: 0.8272, Parking: 0.0000, Rail track: 0.0000, Building: 0.9080, Wall: 0.0000, Fence: 0.0000, Guard rail: 0.0000, Bridge: 0.0000, Tunnel: 0.0000, Pole: 0.0000, Pole group: 0.0000, Traffic light: 0.0000, Traffic sign: 0.0000, Vegetation: 0.9174, Terrain: 0.7972, Sky: 0.9676, Person: 0.0000, Rider: 0.0000, Car: 0.9036, Truck: 0.0000, Bus: 0.0000, Caravan: 0.0000, Trailer: 0.0000, Train: 0.0000, Motorcycle: 0.0000, Bicycle: 0.0000 }
        MeanDICE: 0.3507
        overAllIOU: 0.7822
    

    Epoch 36:
      Train Loss: 1.4476, Train Accuracy: 0.8804
      Val Loss: 1.4495
      Metrics:
        val_loss: 1.4495
        val_accuracy: 0.8769
        IoU: { Unlabeled: 0.2646, Unused: 0.0000, Unused: 0.0000, Unused: 0.0000, Static: 0.0000, Dynamic: 0.0000, Ground: 0.0000, Road: 0.9412, Sidewalk: 0.7134, Parking: 0.0000, Rail track: 0.0000, Building: 0.8325, Wall: 0.0000, Fence: 0.0000, Guard rail: 0.0000, Bridge: 0.0000, Tunnel: 0.0000, Pole: 0.0000, Pole group: 0.0000, Traffic light: 0.0000, Traffic sign: 0.0000, Vegetation: 0.8488, Terrain: 0.6691, Sky: 0.9367, Person: 0.0000, Rider: 0.0000, Car: 0.8241, Truck: 0.0000, Bus: 0.0000, Caravan: 0.0000, Trailer: 0.0000, Train: 0.0000, Motorcycle: 0.0000, Bicycle: 0.0000 }
        MeanIoU: 0.3151
        PixelAccuracy: 0.8773
        DICE: { Unlabeled: 0.4182, Unused: 0.0000, Unused: 0.0000, Unused: 0.0000, Static: 0.0000, Dynamic: 0.0000, Ground: 0.0000, Road: 0.9697, Sidewalk: 0.8318, Parking: 0.0000, Rail track: 0.0000, Building: 0.9085, Wall: 0.0000, Fence: 0.0000, Guard rail: 0.0000, Bridge: 0.0000, Tunnel: 0.0000, Pole: 0.0000, Pole group: 0.0000, Traffic light: 0.0000, Traffic sign: 0.0000, Vegetation: 0.9181, Terrain: 0.7978, Sky: 0.9673, Person: 0.0000, Rider: 0.0000, Car: 0.9029, Truck: 0.0000, Bus: 0.0000, Caravan: 0.0000, Trailer: 0.0000, Train: 0.0000, Motorcycle: 0.0000, Bicycle: 0.0000 }
        MeanDICE: 0.3508
        overAllIOU: 0.7817
    

    Epoch 37:
      Train Loss: 1.4475, Train Accuracy: 0.8805
      Val Loss: 1.4502
      Metrics:
        val_loss: 1.4502
        val_accuracy: 0.8760
        IoU: { Unlabeled: 0.2546, Unused: 0.0000, Unused: 0.0000, Unused: 0.0000, Static: 0.0000, Dynamic: 0.0000, Ground: 0.0000, Road: 0.9420, Sidewalk: 0.7151, Parking: 0.0000, Rail track: 0.0000, Building: 0.8332, Wall: 0.0000, Fence: 0.0000, Guard rail: 0.0000, Bridge: 0.0000, Tunnel: 0.0000, Pole: 0.0000, Pole group: 0.0000, Traffic light: 0.0000, Traffic sign: 0.0000, Vegetation: 0.8388, Terrain: 0.6692, Sky: 0.9359, Person: 0.0000, Rider: 0.0000, Car: 0.8231, Truck: 0.0000, Bus: 0.0000, Caravan: 0.0000, Trailer: 0.0000, Train: 0.0000, Motorcycle: 0.0000, Bicycle: 0.0000 }
        MeanIoU: 0.3142
        PixelAccuracy: 0.8765
        DICE: { Unlabeled: 0.4056, Unused: 0.0000, Unused: 0.0000, Unused: 0.0000, Static: 0.0000, Dynamic: 0.0000, Ground: 0.0000, Road: 0.9701, Sidewalk: 0.8330, Parking: 0.0000, Rail track: 0.0000, Building: 0.9089, Wall: 0.0000, Fence: 0.0000, Guard rail: 0.0000, Bridge: 0.0000, Tunnel: 0.0000, Pole: 0.0000, Pole group: 0.0000, Traffic light: 0.0000, Traffic sign: 0.0000, Vegetation: 0.9122, Terrain: 0.7972, Sky: 0.9668, Person: 0.0000, Rider: 0.0000, Car: 0.9024, Truck: 0.0000, Bus: 0.0000, Caravan: 0.0000, Trailer: 0.0000, Train: 0.0000, Motorcycle: 0.0000, Bicycle: 0.0000 }
        MeanDICE: 0.3498
        overAllIOU: 0.7803
    

    Epoch 38:
      Train Loss: 1.4472, Train Accuracy: 0.8809
      Val Loss: 1.4497
      Metrics:
        val_loss: 1.4497
        val_accuracy: 0.8768
        IoU: { Unlabeled: 0.2682, Unused: 0.0000, Unused: 0.0000, Unused: 0.0000, Static: 0.0000, Dynamic: 0.0000, Ground: 0.0000, Road: 0.9390, Sidewalk: 0.7193, Parking: 0.0000, Rail track: 0.0000, Building: 0.8323, Wall: 0.0000, Fence: 0.0000, Guard rail: 0.0000, Bridge: 0.0000, Tunnel: 0.0000, Pole: 0.0000, Pole group: 0.0000, Traffic light: 0.0000, Traffic sign: 0.0000, Vegetation: 0.8500, Terrain: 0.6584, Sky: 0.9354, Person: 0.0000, Rider: 0.0000, Car: 0.8215, Truck: 0.0000, Bus: 0.0000, Caravan: 0.0000, Trailer: 0.0000, Train: 0.0000, Motorcycle: 0.0000, Bicycle: 0.0000 }
        MeanIoU: 0.3148
        PixelAccuracy: 0.8773
        DICE: { Unlabeled: 0.4228, Unused: 0.0000, Unused: 0.0000, Unused: 0.0000, Static: 0.0000, Dynamic: 0.0000, Ground: 0.0000, Road: 0.9685, Sidewalk: 0.8359, Parking: 0.0000, Rail track: 0.0000, Building: 0.9084, Wall: 0.0000, Fence: 0.0000, Guard rail: 0.0000, Bridge: 0.0000, Tunnel: 0.0000, Pole: 0.0000, Pole group: 0.0000, Traffic light: 0.0000, Traffic sign: 0.0000, Vegetation: 0.9188, Terrain: 0.7894, Sky: 0.9666, Person: 0.0000, Rider: 0.0000, Car: 0.9013, Truck: 0.0000, Bus: 0.0000, Caravan: 0.0000, Trailer: 0.0000, Train: 0.0000, Motorcycle: 0.0000, Bicycle: 0.0000 }
        MeanDICE: 0.3506
        overAllIOU: 0.7816
    

    Epoch 39:
      Train Loss: 1.4473, Train Accuracy: 0.8807
      Val Loss: 1.4496
      Metrics:
        val_loss: 1.4496
        val_accuracy: 0.8766
        IoU: { Unlabeled: 0.2680, Unused: 0.0000, Unused: 0.0000, Unused: 0.0000, Static: 0.0000, Dynamic: 0.0000, Ground: 0.0000, Road: 0.9413, Sidewalk: 0.7112, Parking: 0.0000, Rail track: 0.0000, Building: 0.8272, Wall: 0.0000, Fence: 0.0000, Guard rail: 0.0000, Bridge: 0.0000, Tunnel: 0.0000, Pole: 0.0000, Pole group: 0.0000, Traffic light: 0.0000, Traffic sign: 0.0000, Vegetation: 0.8482, Terrain: 0.6663, Sky: 0.9370, Person: 0.0000, Rider: 0.0000, Car: 0.8249, Truck: 0.0000, Bus: 0.0000, Caravan: 0.0000, Trailer: 0.0000, Train: 0.0000, Motorcycle: 0.0000, Bicycle: 0.0000 }
        MeanIoU: 0.3148
        PixelAccuracy: 0.8770
        DICE: { Unlabeled: 0.4225, Unused: 0.0000, Unused: 0.0000, Unused: 0.0000, Static: 0.0000, Dynamic: 0.0000, Ground: 0.0000, Road: 0.9697, Sidewalk: 0.8303, Parking: 0.0000, Rail track: 0.0000, Building: 0.9053, Wall: 0.0000, Fence: 0.0000, Guard rail: 0.0000, Bridge: 0.0000, Tunnel: 0.0000, Pole: 0.0000, Pole group: 0.0000, Traffic light: 0.0000, Traffic sign: 0.0000, Vegetation: 0.9178, Terrain: 0.7958, Sky: 0.9674, Person: 0.0000, Rider: 0.0000, Car: 0.9034, Truck: 0.0000, Bus: 0.0000, Caravan: 0.0000, Trailer: 0.0000, Train: 0.0000, Motorcycle: 0.0000, Bicycle: 0.0000 }
        MeanDICE: 0.3507
        overAllIOU: 0.7812
    

    Epoch 40:
      Train Loss: 1.4470, Train Accuracy: 0.8810
      Val Loss: 1.4488
      Metrics:
        val_loss: 1.4488
        val_accuracy: 0.8777
        IoU: { Unlabeled: 0.2671, Unused: 0.0000, Unused: 0.0000, Unused: 0.0000, Static: 0.0000, Dynamic: 0.0000, Ground: 0.0000, Road: 0.9407, Sidewalk: 0.7202, Parking: 0.0000, Rail track: 0.0000, Building: 0.8343, Wall: 0.0000, Fence: 0.0000, Guard rail: 0.0000, Bridge: 0.0000, Tunnel: 0.0000, Pole: 0.0000, Pole group: 0.0000, Traffic light: 0.0000, Traffic sign: 0.0000, Vegetation: 0.8486, Terrain: 0.6707, Sky: 0.9350, Person: 0.0000, Rider: 0.0000, Car: 0.8314, Truck: 0.0000, Bus: 0.0000, Caravan: 0.0000, Trailer: 0.0000, Train: 0.0000, Motorcycle: 0.0000, Bicycle: 0.0000 }
        MeanIoU: 0.3161
        PixelAccuracy: 0.8782
        DICE: { Unlabeled: 0.4215, Unused: 0.0000, Unused: 0.0000, Unused: 0.0000, Static: 0.0000, Dynamic: 0.0000, Ground: 0.0000, Road: 0.9694, Sidewalk: 0.8365, Parking: 0.0000, Rail track: 0.0000, Building: 0.9096, Wall: 0.0000, Fence: 0.0000, Guard rail: 0.0000, Bridge: 0.0000, Tunnel: 0.0000, Pole: 0.0000, Pole group: 0.0000, Traffic light: 0.0000, Traffic sign: 0.0000, Vegetation: 0.9180, Terrain: 0.7986, Sky: 0.9664, Person: 0.0000, Rider: 0.0000, Car: 0.9074, Truck: 0.0000, Bus: 0.0000, Caravan: 0.0000, Trailer: 0.0000, Train: 0.0000, Motorcycle: 0.0000, Bicycle: 0.0000 }
        MeanDICE: 0.3515
        overAllIOU: 0.7831
    

    Epoch 41:
      Train Loss: 1.4469, Train Accuracy: 0.8812
      Val Loss: 1.4491
      Metrics:
        val_loss: 1.4491
        val_accuracy: 0.8775
        IoU: { Unlabeled: 0.2693, Unused: 0.0000, Unused: 0.0000, Unused: 0.0000, Static: 0.0000, Dynamic: 0.0000, Ground: 0.0000, Road: 0.9410, Sidewalk: 0.7177, Parking: 0.0000, Rail track: 0.0000, Building: 0.8311, Wall: 0.0000, Fence: 0.0000, Guard rail: 0.0000, Bridge: 0.0000, Tunnel: 0.0000, Pole: 0.0000, Pole group: 0.0000, Traffic light: 0.0000, Traffic sign: 0.0000, Vegetation: 0.8506, Terrain: 0.6666, Sky: 0.9365, Person: 0.0000, Rider: 0.0000, Car: 0.8235, Truck: 0.0000, Bus: 0.0000, Caravan: 0.0000, Trailer: 0.0000, Train: 0.0000, Motorcycle: 0.0000, Bicycle: 0.0000 }
        MeanIoU: 0.3154
        PixelAccuracy: 0.8779
        DICE: { Unlabeled: 0.4241, Unused: 0.0000, Unused: 0.0000, Unused: 0.0000, Static: 0.0000, Dynamic: 0.0000, Ground: 0.0000, Road: 0.9696, Sidewalk: 0.8347, Parking: 0.0000, Rail track: 0.0000, Building: 0.9076, Wall: 0.0000, Fence: 0.0000, Guard rail: 0.0000, Bridge: 0.0000, Tunnel: 0.0000, Pole: 0.0000, Pole group: 0.0000, Traffic light: 0.0000, Traffic sign: 0.0000, Vegetation: 0.9192, Terrain: 0.7955, Sky: 0.9672, Person: 0.0000, Rider: 0.0000, Car: 0.9026, Truck: 0.0000, Bus: 0.0000, Caravan: 0.0000, Trailer: 0.0000, Train: 0.0000, Motorcycle: 0.0000, Bicycle: 0.0000 }
        MeanDICE: 0.3511
        overAllIOU: 0.7827
    

    Epoch 42:
      Train Loss: 1.4466, Train Accuracy: 0.8815
      Val Loss: 1.4491
      Metrics:
        val_loss: 1.4491
        val_accuracy: 0.8774
        IoU: { Unlabeled: 0.2640, Unused: 0.0000, Unused: 0.0000, Unused: 0.0000, Static: 0.0000, Dynamic: 0.0000, Ground: 0.0000, Road: 0.9424, Sidewalk: 0.7130, Parking: 0.0000, Rail track: 0.0000, Building: 0.8316, Wall: 0.0000, Fence: 0.0000, Guard rail: 0.0000, Bridge: 0.0000, Tunnel: 0.0000, Pole: 0.0000, Pole group: 0.0000, Traffic light: 0.0000, Traffic sign: 0.0000, Vegetation: 0.8475, Terrain: 0.6596, Sky: 0.9374, Person: 0.0000, Rider: 0.0000, Car: 0.8302, Truck: 0.0000, Bus: 0.0000, Caravan: 0.0000, Trailer: 0.0000, Train: 0.0000, Motorcycle: 0.0000, Bicycle: 0.0000 }
        MeanIoU: 0.3149
        PixelAccuracy: 0.8779
        DICE: { Unlabeled: 0.4175, Unused: 0.0000, Unused: 0.0000, Unused: 0.0000, Static: 0.0000, Dynamic: 0.0000, Ground: 0.0000, Road: 0.9703, Sidewalk: 0.8312, Parking: 0.0000, Rail track: 0.0000, Building: 0.9080, Wall: 0.0000, Fence: 0.0000, Guard rail: 0.0000, Bridge: 0.0000, Tunnel: 0.0000, Pole: 0.0000, Pole group: 0.0000, Traffic light: 0.0000, Traffic sign: 0.0000, Vegetation: 0.9174, Terrain: 0.7912, Sky: 0.9677, Person: 0.0000, Rider: 0.0000, Car: 0.9067, Truck: 0.0000, Bus: 0.0000, Caravan: 0.0000, Trailer: 0.0000, Train: 0.0000, Motorcycle: 0.0000, Bicycle: 0.0000 }
        MeanDICE: 0.3506
        overAllIOU: 0.7826
    

    Epoch 43:
      Train Loss: 1.4467, Train Accuracy: 0.8814
      Val Loss: 1.4492
      Metrics:
        val_loss: 1.4492
        val_accuracy: 0.8773
        IoU: { Unlabeled: 0.2683, Unused: 0.0000, Unused: 0.0000, Unused: 0.0000, Static: 0.0000, Dynamic: 0.0000, Ground: 0.0000, Road: 0.9414, Sidewalk: 0.7160, Parking: 0.0000, Rail track: 0.0000, Building: 0.8341, Wall: 0.0000, Fence: 0.0000, Guard rail: 0.0000, Bridge: 0.0000, Tunnel: 0.0000, Pole: 0.0000, Pole group: 0.0000, Traffic light: 0.0000, Traffic sign: 0.0000, Vegetation: 0.8503, Terrain: 0.6667, Sky: 0.9359, Person: 0.0000, Rider: 0.0000, Car: 0.8267, Truck: 0.0000, Bus: 0.0000, Caravan: 0.0000, Trailer: 0.0000, Train: 0.0000, Motorcycle: 0.0000, Bicycle: 0.0000 }
        MeanIoU: 0.3156
        PixelAccuracy: 0.8778
        DICE: { Unlabeled: 0.4229, Unused: 0.0000, Unused: 0.0000, Unused: 0.0000, Static: 0.0000, Dynamic: 0.0000, Ground: 0.0000, Road: 0.9698, Sidewalk: 0.8334, Parking: 0.0000, Rail track: 0.0000, Building: 0.9095, Wall: 0.0000, Fence: 0.0000, Guard rail: 0.0000, Bridge: 0.0000, Tunnel: 0.0000, Pole: 0.0000, Pole group: 0.0000, Traffic light: 0.0000, Traffic sign: 0.0000, Vegetation: 0.9190, Terrain: 0.7963, Sky: 0.9669, Person: 0.0000, Rider: 0.0000, Car: 0.9044, Truck: 0.0000, Bus: 0.0000, Caravan: 0.0000, Trailer: 0.0000, Train: 0.0000, Motorcycle: 0.0000, Bicycle: 0.0000 }
        MeanDICE: 0.3512
        overAllIOU: 0.7824
    

    Epoch 44:
      Train Loss: 1.4463, Train Accuracy: 0.8819
      Val Loss: 1.4484
      Metrics:
        val_loss: 1.4484
        val_accuracy: 0.8782
        IoU: { Unlabeled: 0.2721, Unused: 0.0000, Unused: 0.0000, Unused: 0.0000, Static: 0.0000, Dynamic: 0.0000, Ground: 0.0000, Road: 0.9417, Sidewalk: 0.7180, Parking: 0.0000, Rail track: 0.0000, Building: 0.8331, Wall: 0.0000, Fence: 0.0000, Guard rail: 0.0000, Bridge: 0.0000, Tunnel: 0.0000, Pole: 0.0000, Pole group: 0.0000, Traffic light: 0.0000, Traffic sign: 0.0000, Vegetation: 0.8502, Terrain: 0.6677, Sky: 0.9376, Person: 0.0000, Rider: 0.0000, Car: 0.8319, Truck: 0.0000, Bus: 0.0000, Caravan: 0.0000, Trailer: 0.0000, Train: 0.0000, Motorcycle: 0.0000, Bicycle: 0.0000 }
        MeanIoU: 0.3163
        PixelAccuracy: 0.8786
        DICE: { Unlabeled: 0.4276, Unused: 0.0000, Unused: 0.0000, Unused: 0.0000, Static: 0.0000, Dynamic: 0.0000, Ground: 0.0000, Road: 0.9699, Sidewalk: 0.8349, Parking: 0.0000, Rail track: 0.0000, Building: 0.9088, Wall: 0.0000, Fence: 0.0000, Guard rail: 0.0000, Bridge: 0.0000, Tunnel: 0.0000, Pole: 0.0000, Pole group: 0.0000, Traffic light: 0.0000, Traffic sign: 0.0000, Vegetation: 0.9189, Terrain: 0.7973, Sky: 0.9678, Person: 0.0000, Rider: 0.0000, Car: 0.9076, Truck: 0.0000, Bus: 0.0000, Caravan: 0.0000, Trailer: 0.0000, Train: 0.0000, Motorcycle: 0.0000, Bicycle: 0.0000 }
        MeanDICE: 0.3518
        overAllIOU: 0.7838
    

    Epoch 45:
      Train Loss: 1.4462, Train Accuracy: 0.8820
      Val Loss: 1.4484
      Metrics:
        val_loss: 1.4484
        val_accuracy: 0.8782
        IoU: { Unlabeled: 0.2763, Unused: 0.0000, Unused: 0.0000, Unused: 0.0000, Static: 0.0000, Dynamic: 0.0000, Ground: 0.0000, Road: 0.9430, Sidewalk: 0.7123, Parking: 0.0000, Rail track: 0.0000, Building: 0.8340, Wall: 0.0000, Fence: 0.0000, Guard rail: 0.0000, Bridge: 0.0000, Tunnel: 0.0000, Pole: 0.0000, Pole group: 0.0000, Traffic light: 0.0000, Traffic sign: 0.0000, Vegetation: 0.8512, Terrain: 0.6675, Sky: 0.9366, Person: 0.0000, Rider: 0.0000, Car: 0.8317, Truck: 0.0000, Bus: 0.0000, Caravan: 0.0000, Trailer: 0.0000, Train: 0.0000, Motorcycle: 0.0000, Bicycle: 0.0000 }
        MeanIoU: 0.3163
        PixelAccuracy: 0.8787
        DICE: { Unlabeled: 0.4328, Unused: 0.0000, Unused: 0.0000, Unused: 0.0000, Static: 0.0000, Dynamic: 0.0000, Ground: 0.0000, Road: 0.9706, Sidewalk: 0.8310, Parking: 0.0000, Rail track: 0.0000, Building: 0.9094, Wall: 0.0000, Fence: 0.0000, Guard rail: 0.0000, Bridge: 0.0000, Tunnel: 0.0000, Pole: 0.0000, Pole group: 0.0000, Traffic light: 0.0000, Traffic sign: 0.0000, Vegetation: 0.9195, Terrain: 0.7972, Sky: 0.9673, Person: 0.0000, Rider: 0.0000, Car: 0.9076, Truck: 0.0000, Bus: 0.0000, Caravan: 0.0000, Trailer: 0.0000, Train: 0.0000, Motorcycle: 0.0000, Bicycle: 0.0000 }
        MeanDICE: 0.3519
        overAllIOU: 0.7839
    

    Epoch 46:
      Train Loss: 1.4460, Train Accuracy: 0.8823
      Val Loss: 1.4493
      Metrics:
        val_loss: 1.4493
        val_accuracy: 0.8772
        IoU: { Unlabeled: 0.2597, Unused: 0.0000, Unused: 0.0000, Unused: 0.0000, Static: 0.0000, Dynamic: 0.0000, Ground: 0.0000, Road: 0.9406, Sidewalk: 0.7185, Parking: 0.0000, Rail track: 0.0000, Building: 0.8303, Wall: 0.0000, Fence: 0.0000, Guard rail: 0.0000, Bridge: 0.0000, Tunnel: 0.0000, Pole: 0.0000, Pole group: 0.0000, Traffic light: 0.0000, Traffic sign: 0.0000, Vegetation: 0.8439, Terrain: 0.6654, Sky: 0.9348, Person: 0.0000, Rider: 0.0000, Car: 0.8293, Truck: 0.0000, Bus: 0.0000, Caravan: 0.0000, Trailer: 0.0000, Train: 0.0000, Motorcycle: 0.0000, Bicycle: 0.0000 }
        MeanIoU: 0.3147
        PixelAccuracy: 0.8777
        DICE: { Unlabeled: 0.4120, Unused: 0.0000, Unused: 0.0000, Unused: 0.0000, Static: 0.0000, Dynamic: 0.0000, Ground: 0.0000, Road: 0.9693, Sidewalk: 0.8352, Parking: 0.0000, Rail track: 0.0000, Building: 0.9071, Wall: 0.0000, Fence: 0.0000, Guard rail: 0.0000, Bridge: 0.0000, Tunnel: 0.0000, Pole: 0.0000, Pole group: 0.0000, Traffic light: 0.0000, Traffic sign: 0.0000, Vegetation: 0.9152, Terrain: 0.7946, Sky: 0.9662, Person: 0.0000, Rider: 0.0000, Car: 0.9061, Truck: 0.0000, Bus: 0.0000, Caravan: 0.0000, Trailer: 0.0000, Train: 0.0000, Motorcycle: 0.0000, Bicycle: 0.0000 }
        MeanDICE: 0.3503
        overAllIOU: 0.7823
    

    Epoch 47:
      Train Loss: 1.4460, Train Accuracy: 0.8823
      Val Loss: 1.4482
      Metrics:
        val_loss: 1.4482
        val_accuracy: 0.8782
        IoU: { Unlabeled: 0.2724, Unused: 0.0000, Unused: 0.0000, Unused: 0.0000, Static: 0.0000, Dynamic: 0.0000, Ground: 0.0000, Road: 0.9416, Sidewalk: 0.7195, Parking: 0.0000, Rail track: 0.0000, Building: 0.8368, Wall: 0.0000, Fence: 0.0000, Guard rail: 0.0000, Bridge: 0.0000, Tunnel: 0.0000, Pole: 0.0000, Pole group: 0.0000, Traffic light: 0.0000, Traffic sign: 0.0000, Vegetation: 0.8512, Terrain: 0.6719, Sky: 0.9374, Person: 0.0000, Rider: 0.0000, Car: 0.8281, Truck: 0.0000, Bus: 0.0000, Caravan: 0.0000, Trailer: 0.0000, Train: 0.0000, Motorcycle: 0.0000, Bicycle: 0.0000 }
        MeanIoU: 0.3166
        PixelAccuracy: 0.8787
        DICE: { Unlabeled: 0.4280, Unused: 0.0000, Unused: 0.0000, Unused: 0.0000, Static: 0.0000, Dynamic: 0.0000, Ground: 0.0000, Road: 0.9699, Sidewalk: 0.8358, Parking: 0.0000, Rail track: 0.0000, Building: 0.9111, Wall: 0.0000, Fence: 0.0000, Guard rail: 0.0000, Bridge: 0.0000, Tunnel: 0.0000, Pole: 0.0000, Pole group: 0.0000, Traffic light: 0.0000, Traffic sign: 0.0000, Vegetation: 0.9195, Terrain: 0.7997, Sky: 0.9676, Person: 0.0000, Rider: 0.0000, Car: 0.9054, Truck: 0.0000, Bus: 0.0000, Caravan: 0.0000, Trailer: 0.0000, Train: 0.0000, Motorcycle: 0.0000, Bicycle: 0.0000 }
        MeanDICE: 0.3520
        overAllIOU: 0.7839
    

    Epoch 48:
      Train Loss: 1.4459, Train Accuracy: 0.8824
      Val Loss: 1.4488
      Metrics:
        val_loss: 1.4488
        val_accuracy: 0.8777
        IoU: { Unlabeled: 0.2686, Unused: 0.0000, Unused: 0.0000, Unused: 0.0000, Static: 0.0000, Dynamic: 0.0000, Ground: 0.0000, Road: 0.9397, Sidewalk: 0.7203, Parking: 0.0000, Rail track: 0.0000, Building: 0.8367, Wall: 0.0000, Fence: 0.0000, Guard rail: 0.0000, Bridge: 0.0000, Tunnel: 0.0000, Pole: 0.0000, Pole group: 0.0000, Traffic light: 0.0000, Traffic sign: 0.0000, Vegetation: 0.8447, Terrain: 0.6688, Sky: 0.9375, Person: 0.0000, Rider: 0.0000, Car: 0.8263, Truck: 0.0000, Bus: 0.0000, Caravan: 0.0000, Trailer: 0.0000, Train: 0.0000, Motorcycle: 0.0000, Bicycle: 0.0000 }
        MeanIoU: 0.3158
        PixelAccuracy: 0.8782
        DICE: { Unlabeled: 0.4233, Unused: 0.0000, Unused: 0.0000, Unused: 0.0000, Static: 0.0000, Dynamic: 0.0000, Ground: 0.0000, Road: 0.9689, Sidewalk: 0.8364, Parking: 0.0000, Rail track: 0.0000, Building: 0.9110, Wall: 0.0000, Fence: 0.0000, Guard rail: 0.0000, Bridge: 0.0000, Tunnel: 0.0000, Pole: 0.0000, Pole group: 0.0000, Traffic light: 0.0000, Traffic sign: 0.0000, Vegetation: 0.9157, Terrain: 0.7972, Sky: 0.9677, Person: 0.0000, Rider: 0.0000, Car: 0.9041, Truck: 0.0000, Bus: 0.0000, Caravan: 0.0000, Trailer: 0.0000, Train: 0.0000, Motorcycle: 0.0000, Bicycle: 0.0000 }
        MeanDICE: 0.3513
        overAllIOU: 0.7831
    

    Epoch 49:
      Train Loss: 1.4459, Train Accuracy: 0.8823
      Val Loss: 1.4483
      Metrics:
        val_loss: 1.4483
        val_accuracy: 0.8783
        IoU: { Unlabeled: 0.2729, Unused: 0.0000, Unused: 0.0000, Unused: 0.0000, Static: 0.0000, Dynamic: 0.0000, Ground: 0.0000, Road: 0.9412, Sidewalk: 0.7266, Parking: 0.0000, Rail track: 0.0000, Building: 0.8353, Wall: 0.0000, Fence: 0.0000, Guard rail: 0.0000, Bridge: 0.0000, Tunnel: 0.0000, Pole: 0.0000, Pole group: 0.0000, Traffic light: 0.0000, Traffic sign: 0.0000, Vegetation: 0.8488, Terrain: 0.6689, Sky: 0.9381, Person: 0.0000, Rider: 0.0000, Car: 0.8302, Truck: 0.0000, Bus: 0.0000, Caravan: 0.0000, Trailer: 0.0000, Train: 0.0000, Motorcycle: 0.0000, Bicycle: 0.0000 }
        MeanIoU: 0.3167
        PixelAccuracy: 0.8787
        DICE: { Unlabeled: 0.4286, Unused: 0.0000, Unused: 0.0000, Unused: 0.0000, Static: 0.0000, Dynamic: 0.0000, Ground: 0.0000, Road: 0.9697, Sidewalk: 0.8407, Parking: 0.0000, Rail track: 0.0000, Building: 0.9102, Wall: 0.0000, Fence: 0.0000, Guard rail: 0.0000, Bridge: 0.0000, Tunnel: 0.0000, Pole: 0.0000, Pole group: 0.0000, Traffic light: 0.0000, Traffic sign: 0.0000, Vegetation: 0.9181, Terrain: 0.7980, Sky: 0.9680, Person: 0.0000, Rider: 0.0000, Car: 0.9067, Truck: 0.0000, Bus: 0.0000, Caravan: 0.0000, Trailer: 0.0000, Train: 0.0000, Motorcycle: 0.0000, Bicycle: 0.0000 }
        MeanDICE: 0.3521
        overAllIOU: 0.7839
    

    Epoch 50:
      Train Loss: 1.4456, Train Accuracy: 0.8827
      Val Loss: 1.4486
      Metrics:
        val_loss: 1.4486
        val_accuracy: 0.8778
        IoU: { Unlabeled: 0.2870, Unused: 0.0000, Unused: 0.0000, Unused: 0.0000, Static: 0.0000, Dynamic: 0.0000, Ground: 0.0000, Road: 0.9426, Sidewalk: 0.7192, Parking: 0.0000, Rail track: 0.0000, Building: 0.8349, Wall: 0.0000, Fence: 0.0000, Guard rail: 0.0000, Bridge: 0.0000, Tunnel: 0.0000, Pole: 0.0000, Pole group: 0.0000, Traffic light: 0.0000, Traffic sign: 0.0000, Vegetation: 0.8476, Terrain: 0.6720, Sky: 0.9367, Person: 0.0000, Rider: 0.0000, Car: 0.8276, Truck: 0.0000, Bus: 0.0000, Caravan: 0.0000, Trailer: 0.0000, Train: 0.0000, Motorcycle: 0.0000, Bicycle: 0.0000 }
        MeanIoU: 0.3171
        PixelAccuracy: 0.8782
        DICE: { Unlabeled: 0.4458, Unused: 0.0000, Unused: 0.0000, Unused: 0.0000, Static: 0.0000, Dynamic: 0.0000, Ground: 0.0000, Road: 0.9704, Sidewalk: 0.8358, Parking: 0.0000, Rail track: 0.0000, Building: 0.9099, Wall: 0.0000, Fence: 0.0000, Guard rail: 0.0000, Bridge: 0.0000, Tunnel: 0.0000, Pole: 0.0000, Pole group: 0.0000, Traffic light: 0.0000, Traffic sign: 0.0000, Vegetation: 0.9174, Terrain: 0.8001, Sky: 0.9673, Person: 0.0000, Rider: 0.0000, Car: 0.9051, Truck: 0.0000, Bus: 0.0000, Caravan: 0.0000, Trailer: 0.0000, Train: 0.0000, Motorcycle: 0.0000, Bicycle: 0.0000 }
        MeanDICE: 0.3527
        overAllIOU: 0.7832
    
Training started at: 2025-01-03 14:56:31.981435
Training ended at: 2025-01-03 16:39:16.177112
Training duration: 1:42:44.195677
Results on Test Data Set :
  IoU:
    0 (Unlabeled): 0.28613781929016113
    1 (Unused): 0.000000
    2 (Unused): 0.000000
    3 (Unused): 0.000000
    4 (Static): 0.000000
    5 (Dynamic): 0.000000
    6 (Ground): 0.000000
    7 (Road): 0.9432765245437622
    8 (Sidewalk): 0.7298666834831238
    9 (Parking): 0.000000
    10 (Rail track): 0.000000
    11 (Building): 0.8377788662910461
    12 (Wall): 0.0
    13 (Fence): 0.0
    14 (Guard rail): 0.000000
    15 (Bridge): 0.000000
    16 (Tunnel): 0.000000
    17 (Pole): 0.000000
    18 (Pole group): 0.0
    19 (Traffic light): 0.0
    20 (Traffic sign): 0.0
    21 (Vegetation): 0.8487198352813721
    22 (Terrain): 0.6731820702552795
    23 (Sky): 0.9360451102256775
    24 (Person): 0.0
    25 (Rider): 0.0
    26 (Car): 0.832527756690979
    27 (Truck): 0.0
    28 (Bus): 0.0
    29 (Caravan): 0.0
    30 (Trailer): 0.0
    31 (Train): 0.0
    32 (Motorcycle): 0.0
    33 (Bicycle): 0.0
  MeanIoU: 0.3168230950832367
  IoUoverall: 0.782213032245636
  PixelAccuracy: 0.877639
  DICE:
    0 (Unlabeled): 0.44476431608200073
    1 (Unused): 0.000000
    2 (Unused): 0.000000
    3 (Unused): 0.000000
    4 (Static): 0.000000
    5 (Dynamic): 0.000000
    6 (Ground): 0.000000
    7 (Road): 0.9707732796669006
    8 (Sidewalk): 0.8431477546691895
    9 (Parking): 0.000000
    10 (Rail track): 0.000000
    11 (Building): 0.9116856455802917
    12 (Wall): 0.0
    13 (Fence): 0.0
    14 (Guard rail): 0.000000
    15 (Bridge): 0.000000
    16 (Tunnel): 0.000000
    17 (Pole): 0.000000
    18 (Pole group): 0.0
    19 (Traffic light): 0.0
    20 (Traffic sign): 0.0
    21 (Vegetation): 0.9180387258529663
    22 (Terrain): 0.7985798716545105
    23 (Sky): 0.9669550657272339
    24 (Person): 0.0
    25 (Rider): 0.0
    26 (Car): 0.9082704186439514
    27 (Truck): 0.0
    28 (Bus): 0.0
    29 (Caravan): 0.0
    30 (Trailer): 0.0
    31 (Train): 0.0
    32 (Motorcycle): 0.0
    33 (Bicycle): 0.0
  MeanDICE: 0.351909
  val_loss: 1.448288
  val_accuracy: 0.877643

Testing started at: 2025-01-03 16:39:16.182219
Testing ended at: 2025-01-03 16:39:29.229977
Testing duration: 0:00:13.047758
