Model: UNet
Loss Function: FocalLoss
Optimizer: Adam
Learning Rate: 0.0001
Scheduler: CosineAnnealingLR
Scheduler Params: {'T_max': 50, 'eta_min': 1e-06}
Batch Size: 16
Epochs: 50
Seed: 42
Dataset Details:
Dataset Path: /net/ens/am4ip/datasets/project-dataset
Train Split: 0.8
Validation Split: 0.1
Test Split: 0.1
Augmentation Details:
Use Augmentation: True
  horizontal_flip: True
  rotation_range: 15
  brightness_adjust: 0.2
  contrast_adjust: 0.2
  scale_range: [0.8, 1.2]
  gaussian_noise: 0.05
  random_crop: [256, 256]

    Epoch 1:
      Train Loss: 0.7441, Train Accuracy: 0.5061
      Val Loss: 0.7029
      Metrics:
        val_loss: 0.7029
        val_accuracy: 0.6242
        IoU: { Unlabeled: 0.1304, Unused: 0.0000, Unused: 0.0000, Unused: 0.0000, Static: 0.0000, Dynamic: 0.0000, Ground: 0.0000, Road: 0.8044, Sidewalk: 0.0000, Parking: 0.0000, Rail track: 0.0000, Building: 0.3238, Wall: 0.0000, Fence: 0.0000, Guard rail: 0.0000, Bridge: 0.0000, Tunnel: 0.0000, Pole: 0.0000, Pole group: 0.0000, Traffic light: 0.0000, Traffic sign: 0.0000, Vegetation: 0.3583, Terrain: 0.0000, Sky: 0.7038, Person: 0.0000, Rider: 0.0000, Car: 0.0000, Truck: 0.0000, Bus: 0.0000, Caravan: 0.0000, Trailer: 0.0000, Train: 0.0000, Motorcycle: 0.0000, Bicycle: 0.0000 }
        MeanIoU: 0.1212
        PixelAccuracy: 0.6243
        DICE: { Unlabeled: 0.2306, Unused: 0.0000, Unused: 0.0000, Unused: 0.0000, Static: 0.0000, Dynamic: 0.0000, Ground: 0.0000, Road: 0.8914, Sidewalk: 0.0001, Parking: 0.0000, Rail track: 0.0000, Building: 0.4831, Wall: 0.0000, Fence: 0.0000, Guard rail: 0.0000, Bridge: 0.0000, Tunnel: 0.0000, Pole: 0.0000, Pole group: 0.0000, Traffic light: 0.0000, Traffic sign: 0.0000, Vegetation: 0.5259, Terrain: 0.0000, Sky: 0.8253, Person: 0.0000, Rider: 0.0000, Car: 0.0000, Truck: 0.0000, Bus: 0.0000, Caravan: 0.0000, Trailer: 0.0000, Train: 0.0000, Motorcycle: 0.0000, Bicycle: 0.0000 }
        MeanDICE: 0.1420
        overAllIOU: 0.4548
    

    Epoch 2:
      Train Loss: 0.6819, Train Accuracy: 0.6732
      Val Loss: 0.6595
      Metrics:
        val_loss: 0.6595
        val_accuracy: 0.7043
        IoU: { Unlabeled: 0.0002, Unused: 0.0000, Unused: 0.0000, Unused: 0.0000, Static: 0.0000, Dynamic: 0.0000, Ground: 0.0000, Road: 0.7781, Sidewalk: 0.0000, Parking: 0.0000, Rail track: 0.0000, Building: 0.5206, Wall: 0.0000, Fence: 0.0000, Guard rail: 0.0000, Bridge: 0.0000, Tunnel: 0.0000, Pole: 0.0000, Pole group: 0.0000, Traffic light: 0.0000, Traffic sign: 0.0000, Vegetation: 0.4885, Terrain: 0.0000, Sky: 0.7264, Person: 0.0000, Rider: 0.0000, Car: 0.0000, Truck: 0.0000, Bus: 0.0000, Caravan: 0.0000, Trailer: 0.0000, Train: 0.0000, Motorcycle: 0.0000, Bicycle: 0.0000 }
        MeanIoU: 0.1313
        PixelAccuracy: 0.7043
        DICE: { Unlabeled: 0.0005, Unused: 0.0000, Unused: 0.0000, Unused: 0.0000, Static: 0.0000, Dynamic: 0.0000, Ground: 0.0000, Road: 0.8748, Sidewalk: 0.0000, Parking: 0.0000, Rail track: 0.0000, Building: 0.6829, Wall: 0.0000, Fence: 0.0000, Guard rail: 0.0000, Bridge: 0.0000, Tunnel: 0.0000, Pole: 0.0000, Pole group: 0.0000, Traffic light: 0.0000, Traffic sign: 0.0000, Vegetation: 0.6551, Terrain: 0.0000, Sky: 0.8407, Person: 0.0000, Rider: 0.0000, Car: 0.0000, Truck: 0.0000, Bus: 0.0000, Caravan: 0.0000, Trailer: 0.0000, Train: 0.0000, Motorcycle: 0.0000, Bicycle: 0.0000 }
        MeanDICE: 0.1595
        overAllIOU: 0.5441
    

    Epoch 3:
      Train Loss: 0.6482, Train Accuracy: 0.7125
      Val Loss: 0.6435
      Metrics:
        val_loss: 0.6435
        val_accuracy: 0.7030
        IoU: { Unlabeled: 0.0000, Unused: 0.0000, Unused: 0.0000, Unused: 0.0000, Static: 0.0000, Dynamic: 0.0000, Ground: 0.0000, Road: 0.7589, Sidewalk: 0.0000, Parking: 0.0000, Rail track: 0.0000, Building: 0.5768, Wall: 0.0000, Fence: 0.0000, Guard rail: 0.0000, Bridge: 0.0000, Tunnel: 0.0000, Pole: 0.0000, Pole group: 0.0000, Traffic light: 0.0000, Traffic sign: 0.0000, Vegetation: 0.5073, Terrain: 0.0000, Sky: 0.6980, Person: 0.0000, Rider: 0.0000, Car: 0.0000, Truck: 0.0000, Bus: 0.0000, Caravan: 0.0000, Trailer: 0.0000, Train: 0.0000, Motorcycle: 0.0000, Bicycle: 0.0000 }
        MeanIoU: 0.1327
        PixelAccuracy: 0.7032
        DICE: { Unlabeled: 0.0000, Unused: 0.0000, Unused: 0.0000, Unused: 0.0000, Static: 0.0000, Dynamic: 0.0000, Ground: 0.0000, Road: 0.8625, Sidewalk: 0.0000, Parking: 0.0000, Rail track: 0.0000, Building: 0.7306, Wall: 0.0000, Fence: 0.0000, Guard rail: 0.0000, Bridge: 0.0000, Tunnel: 0.0000, Pole: 0.0000, Pole group: 0.0000, Traffic light: 0.0000, Traffic sign: 0.0000, Vegetation: 0.6722, Terrain: 0.0000, Sky: 0.8208, Person: 0.0000, Rider: 0.0000, Car: 0.0000, Truck: 0.0000, Bus: 0.0000, Caravan: 0.0000, Trailer: 0.0000, Train: 0.0000, Motorcycle: 0.0000, Bicycle: 0.0000 }
        MeanDICE: 0.1612
        overAllIOU: 0.5427
    

    Epoch 4:
      Train Loss: 0.6342, Train Accuracy: 0.7323
      Val Loss: 0.6267
      Metrics:
        val_loss: 0.6267
        val_accuracy: 0.7544
        IoU: { Unlabeled: 0.0000, Unused: 0.0000, Unused: 0.0000, Unused: 0.0000, Static: 0.0000, Dynamic: 0.0000, Ground: 0.0000, Road: 0.7688, Sidewalk: 0.0000, Parking: 0.0000, Rail track: 0.0000, Building: 0.6682, Wall: 0.0000, Fence: 0.0000, Guard rail: 0.0000, Bridge: 0.0000, Tunnel: 0.0000, Pole: 0.0000, Pole group: 0.0000, Traffic light: 0.0000, Traffic sign: 0.0000, Vegetation: 0.5812, Terrain: 0.0000, Sky: 0.7879, Person: 0.0000, Rider: 0.0000, Car: 0.3219, Truck: 0.0000, Bus: 0.0000, Caravan: 0.0000, Trailer: 0.0000, Train: 0.0000, Motorcycle: 0.0000, Bicycle: 0.0000 }
        MeanIoU: 0.1634
        PixelAccuracy: 0.7548
        DICE: { Unlabeled: 0.0000, Unused: 0.0000, Unused: 0.0000, Unused: 0.0000, Static: 0.0000, Dynamic: 0.0000, Ground: 0.0000, Road: 0.8689, Sidewalk: 0.0000, Parking: 0.0000, Rail track: 0.0000, Building: 0.8002, Wall: 0.0000, Fence: 0.0000, Guard rail: 0.0000, Bridge: 0.0000, Tunnel: 0.0000, Pole: 0.0000, Pole group: 0.0000, Traffic light: 0.0000, Traffic sign: 0.0000, Vegetation: 0.7344, Terrain: 0.0000, Sky: 0.8808, Person: 0.0000, Rider: 0.0000, Car: 0.4752, Truck: 0.0000, Bus: 0.0000, Caravan: 0.0000, Trailer: 0.0000, Train: 0.0000, Motorcycle: 0.0000, Bicycle: 0.0000 }
        MeanDICE: 0.1964
        overAllIOU: 0.6066
    

    Epoch 5:
      Train Loss: 0.6267, Train Accuracy: 0.7499
      Val Loss: 0.6235
      Metrics:
        val_loss: 0.6235
        val_accuracy: 0.7574
        IoU: { Unlabeled: 0.0000, Unused: 0.0000, Unused: 0.0000, Unused: 0.0000, Static: 0.0000, Dynamic: 0.0000, Ground: 0.0000, Road: 0.7846, Sidewalk: 0.0000, Parking: 0.0000, Rail track: 0.0000, Building: 0.6776, Wall: 0.0000, Fence: 0.0000, Guard rail: 0.0000, Bridge: 0.0000, Tunnel: 0.0000, Pole: 0.0000, Pole group: 0.0000, Traffic light: 0.0000, Traffic sign: 0.0000, Vegetation: 0.5834, Terrain: 0.0000, Sky: 0.7915, Person: 0.0000, Rider: 0.0000, Car: 0.3611, Truck: 0.0000, Bus: 0.0000, Caravan: 0.0000, Trailer: 0.0000, Train: 0.0000, Motorcycle: 0.0000, Bicycle: 0.0000 }
        MeanIoU: 0.1671
        PixelAccuracy: 0.7579
        DICE: { Unlabeled: 0.0000, Unused: 0.0000, Unused: 0.0000, Unused: 0.0000, Static: 0.0000, Dynamic: 0.0000, Ground: 0.0000, Road: 0.8789, Sidewalk: 0.0000, Parking: 0.0000, Rail track: 0.0000, Building: 0.8070, Wall: 0.0000, Fence: 0.0000, Guard rail: 0.0000, Bridge: 0.0000, Tunnel: 0.0000, Pole: 0.0000, Pole group: 0.0000, Traffic light: 0.0000, Traffic sign: 0.0000, Vegetation: 0.7363, Terrain: 0.0000, Sky: 0.8831, Person: 0.0000, Rider: 0.0000, Car: 0.5222, Truck: 0.0000, Bus: 0.0000, Caravan: 0.0000, Trailer: 0.0000, Train: 0.0000, Motorcycle: 0.0000, Bicycle: 0.0000 }
        MeanDICE: 0.2000
        overAllIOU: 0.6105
    

    Epoch 6:
      Train Loss: 0.6217, Train Accuracy: 0.7621
      Val Loss: 0.6200
      Metrics:
        val_loss: 0.6200
        val_accuracy: 0.7661
        IoU: { Unlabeled: 0.0000, Unused: 0.0000, Unused: 0.0000, Unused: 0.0000, Static: 0.0000, Dynamic: 0.0000, Ground: 0.0000, Road: 0.7901, Sidewalk: 0.0000, Parking: 0.0000, Rail track: 0.0000, Building: 0.6823, Wall: 0.0000, Fence: 0.0000, Guard rail: 0.0000, Bridge: 0.0000, Tunnel: 0.0000, Pole: 0.0000, Pole group: 0.0000, Traffic light: 0.0000, Traffic sign: 0.0000, Vegetation: 0.6075, Terrain: 0.0000, Sky: 0.8023, Person: 0.0000, Rider: 0.0000, Car: 0.3741, Truck: 0.0000, Bus: 0.0000, Caravan: 0.0000, Trailer: 0.0000, Train: 0.0000, Motorcycle: 0.0000, Bicycle: 0.0000 }
        MeanIoU: 0.1701
        PixelAccuracy: 0.7667
        DICE: { Unlabeled: 0.0000, Unused: 0.0000, Unused: 0.0000, Unused: 0.0000, Static: 0.0000, Dynamic: 0.0000, Ground: 0.0000, Road: 0.8824, Sidewalk: 0.0000, Parking: 0.0000, Rail track: 0.0000, Building: 0.8104, Wall: 0.0000, Fence: 0.0000, Guard rail: 0.0000, Bridge: 0.0000, Tunnel: 0.0000, Pole: 0.0000, Pole group: 0.0000, Traffic light: 0.0000, Traffic sign: 0.0000, Vegetation: 0.7550, Terrain: 0.0000, Sky: 0.8898, Person: 0.0000, Rider: 0.0000, Car: 0.5371, Truck: 0.0000, Bus: 0.0000, Caravan: 0.0000, Trailer: 0.0000, Train: 0.0000, Motorcycle: 0.0000, Bicycle: 0.0000 }
        MeanDICE: 0.2024
        overAllIOU: 0.6220
    

    Epoch 7:
      Train Loss: 0.6196, Train Accuracy: 0.7673
      Val Loss: 0.6179
      Metrics:
        val_loss: 0.6179
        val_accuracy: 0.7717
        IoU: { Unlabeled: 0.0000, Unused: 0.0000, Unused: 0.0000, Unused: 0.0000, Static: 0.0000, Dynamic: 0.0000, Ground: 0.0000, Road: 0.8095, Sidewalk: 0.0000, Parking: 0.0000, Rail track: 0.0000, Building: 0.6872, Wall: 0.0000, Fence: 0.0000, Guard rail: 0.0000, Bridge: 0.0000, Tunnel: 0.0000, Pole: 0.0000, Pole group: 0.0000, Traffic light: 0.0000, Traffic sign: 0.0000, Vegetation: 0.6143, Terrain: 0.0000, Sky: 0.8080, Person: 0.0000, Rider: 0.0000, Car: 0.3946, Truck: 0.0000, Bus: 0.0000, Caravan: 0.0000, Trailer: 0.0000, Train: 0.0000, Motorcycle: 0.0000, Bicycle: 0.0000 }
        MeanIoU: 0.1731
        PixelAccuracy: 0.7721
        DICE: { Unlabeled: 0.0000, Unused: 0.0000, Unused: 0.0000, Unused: 0.0000, Static: 0.0000, Dynamic: 0.0000, Ground: 0.0000, Road: 0.8944, Sidewalk: 0.0000, Parking: 0.0000, Rail track: 0.0000, Building: 0.8139, Wall: 0.0000, Fence: 0.0000, Guard rail: 0.0000, Bridge: 0.0000, Tunnel: 0.0000, Pole: 0.0000, Pole group: 0.0000, Traffic light: 0.0000, Traffic sign: 0.0000, Vegetation: 0.7602, Terrain: 0.0000, Sky: 0.8934, Person: 0.0000, Rider: 0.0000, Car: 0.5574, Truck: 0.0000, Bus: 0.0000, Caravan: 0.0000, Trailer: 0.0000, Train: 0.0000, Motorcycle: 0.0000, Bicycle: 0.0000 }
        MeanDICE: 0.2048
        overAllIOU: 0.6292
    

    Epoch 8:
      Train Loss: 0.6177, Train Accuracy: 0.7727
      Val Loss: 0.6177
      Metrics:
        val_loss: 0.6177
        val_accuracy: 0.7721
        IoU: { Unlabeled: 0.0000, Unused: 0.0000, Unused: 0.0000, Unused: 0.0000, Static: 0.0000, Dynamic: 0.0000, Ground: 0.0000, Road: 0.8214, Sidewalk: 0.0000, Parking: 0.0000, Rail track: 0.0000, Building: 0.7034, Wall: 0.0000, Fence: 0.0000, Guard rail: 0.0000, Bridge: 0.0000, Tunnel: 0.0000, Pole: 0.0000, Pole group: 0.0000, Traffic light: 0.0000, Traffic sign: 0.0000, Vegetation: 0.6011, Terrain: 0.0000, Sky: 0.8215, Person: 0.0000, Rider: 0.0000, Car: 0.4042, Truck: 0.0000, Bus: 0.0000, Caravan: 0.0000, Trailer: 0.0000, Train: 0.0000, Motorcycle: 0.0000, Bicycle: 0.0000 }
        MeanIoU: 0.1751
        PixelAccuracy: 0.7723
        DICE: { Unlabeled: 0.0000, Unused: 0.0000, Unused: 0.0000, Unused: 0.0000, Static: 0.0000, Dynamic: 0.0000, Ground: 0.0000, Road: 0.9016, Sidewalk: 0.0000, Parking: 0.0000, Rail track: 0.0000, Building: 0.8252, Wall: 0.0000, Fence: 0.0000, Guard rail: 0.0000, Bridge: 0.0000, Tunnel: 0.0000, Pole: 0.0000, Pole group: 0.0000, Traffic light: 0.0000, Traffic sign: 0.0000, Vegetation: 0.7502, Terrain: 0.0000, Sky: 0.9015, Person: 0.0000, Rider: 0.0000, Car: 0.5706, Truck: 0.0000, Bus: 0.0000, Caravan: 0.0000, Trailer: 0.0000, Train: 0.0000, Motorcycle: 0.0000, Bicycle: 0.0000 }
        MeanDICE: 0.2063
        overAllIOU: 0.6295
    

    Epoch 9:
      Train Loss: 0.6161, Train Accuracy: 0.7772
      Val Loss: 0.6160
      Metrics:
        val_loss: 0.6160
        val_accuracy: 0.7769
        IoU: { Unlabeled: 0.0000, Unused: 0.0000, Unused: 0.0000, Unused: 0.0000, Static: 0.0000, Dynamic: 0.0000, Ground: 0.0000, Road: 0.7820, Sidewalk: 0.0000, Parking: 0.0000, Rail track: 0.0000, Building: 0.7046, Wall: 0.0000, Fence: 0.0000, Guard rail: 0.0000, Bridge: 0.0000, Tunnel: 0.0000, Pole: 0.0000, Pole group: 0.0000, Traffic light: 0.0000, Traffic sign: 0.0000, Vegetation: 0.6542, Terrain: 0.0000, Sky: 0.8165, Person: 0.0000, Rider: 0.0000, Car: 0.4177, Truck: 0.0000, Bus: 0.0000, Caravan: 0.0000, Trailer: 0.0000, Train: 0.0000, Motorcycle: 0.0000, Bicycle: 0.0000 }
        MeanIoU: 0.1764
        PixelAccuracy: 0.7774
        DICE: { Unlabeled: 0.0000, Unused: 0.0000, Unused: 0.0000, Unused: 0.0000, Static: 0.0000, Dynamic: 0.0000, Ground: 0.0000, Road: 0.8773, Sidewalk: 0.0000, Parking: 0.0000, Rail track: 0.0000, Building: 0.8259, Wall: 0.0000, Fence: 0.0000, Guard rail: 0.0000, Bridge: 0.0000, Tunnel: 0.0000, Pole: 0.0000, Pole group: 0.0000, Traffic light: 0.0000, Traffic sign: 0.0000, Vegetation: 0.7904, Terrain: 0.0000, Sky: 0.8985, Person: 0.0000, Rider: 0.0000, Car: 0.5832, Truck: 0.0000, Bus: 0.0000, Caravan: 0.0000, Trailer: 0.0000, Train: 0.0000, Motorcycle: 0.0000, Bicycle: 0.0000 }
        MeanDICE: 0.2077
        overAllIOU: 0.6362
    

    Epoch 10:
      Train Loss: 0.6151, Train Accuracy: 0.7801
      Val Loss: 0.6145
      Metrics:
        val_loss: 0.6145
        val_accuracy: 0.7815
        IoU: { Unlabeled: 0.0000, Unused: 0.0000, Unused: 0.0000, Unused: 0.0000, Static: 0.0000, Dynamic: 0.0000, Ground: 0.0000, Road: 0.7995, Sidewalk: 0.0000, Parking: 0.0000, Rail track: 0.0000, Building: 0.7037, Wall: 0.0000, Fence: 0.0000, Guard rail: 0.0000, Bridge: 0.0000, Tunnel: 0.0000, Pole: 0.0000, Pole group: 0.0000, Traffic light: 0.0000, Traffic sign: 0.0000, Vegetation: 0.6554, Terrain: 0.0000, Sky: 0.8118, Person: 0.0000, Rider: 0.0000, Car: 0.4670, Truck: 0.0000, Bus: 0.0000, Caravan: 0.0000, Trailer: 0.0000, Train: 0.0000, Motorcycle: 0.0000, Bicycle: 0.0000 }
        MeanIoU: 0.1797
        PixelAccuracy: 0.7821
        DICE: { Unlabeled: 0.0000, Unused: 0.0000, Unused: 0.0000, Unused: 0.0000, Static: 0.0000, Dynamic: 0.0000, Ground: 0.0000, Road: 0.8882, Sidewalk: 0.0000, Parking: 0.0000, Rail track: 0.0000, Building: 0.8255, Wall: 0.0000, Fence: 0.0000, Guard rail: 0.0000, Bridge: 0.0000, Tunnel: 0.0000, Pole: 0.0000, Pole group: 0.0000, Traffic light: 0.0000, Traffic sign: 0.0000, Vegetation: 0.7913, Terrain: 0.0000, Sky: 0.8958, Person: 0.0000, Rider: 0.0000, Car: 0.6319, Truck: 0.0000, Bus: 0.0000, Caravan: 0.0000, Trailer: 0.0000, Train: 0.0000, Motorcycle: 0.0000, Bicycle: 0.0000 }
        MeanDICE: 0.2107
        overAllIOU: 0.6425
    

    Epoch 11:
      Train Loss: 0.6141, Train Accuracy: 0.7833
      Val Loss: 0.6151
      Metrics:
        val_loss: 0.6151
        val_accuracy: 0.7791
        IoU: { Unlabeled: 0.0000, Unused: 0.0000, Unused: 0.0000, Unused: 0.0000, Static: 0.0000, Dynamic: 0.0000, Ground: 0.0000, Road: 0.8276, Sidewalk: 0.0000, Parking: 0.0000, Rail track: 0.0000, Building: 0.6874, Wall: 0.0000, Fence: 0.0000, Guard rail: 0.0000, Bridge: 0.0000, Tunnel: 0.0000, Pole: 0.0000, Pole group: 0.0000, Traffic light: 0.0000, Traffic sign: 0.0000, Vegetation: 0.6118, Terrain: 0.0000, Sky: 0.8353, Person: 0.0000, Rider: 0.0000, Car: 0.4750, Truck: 0.0000, Bus: 0.0000, Caravan: 0.0000, Trailer: 0.0000, Train: 0.0000, Motorcycle: 0.0000, Bicycle: 0.0000 }
        MeanIoU: 0.1797
        PixelAccuracy: 0.7797
        DICE: { Unlabeled: 0.0000, Unused: 0.0000, Unused: 0.0000, Unused: 0.0000, Static: 0.0000, Dynamic: 0.0000, Ground: 0.0000, Road: 0.9054, Sidewalk: 0.0000, Parking: 0.0000, Rail track: 0.0000, Building: 0.8141, Wall: 0.0000, Fence: 0.0000, Guard rail: 0.0000, Bridge: 0.0000, Tunnel: 0.0000, Pole: 0.0000, Pole group: 0.0000, Traffic light: 0.0000, Traffic sign: 0.0000, Vegetation: 0.7583, Terrain: 0.0000, Sky: 0.9099, Person: 0.0000, Rider: 0.0000, Car: 0.6373, Truck: 0.0000, Bus: 0.0000, Caravan: 0.0000, Trailer: 0.0000, Train: 0.0000, Motorcycle: 0.0000, Bicycle: 0.0000 }
        MeanDICE: 0.2103
        overAllIOU: 0.6392
    

    Epoch 12:
      Train Loss: 0.6134, Train Accuracy: 0.7857
      Val Loss: 0.6133
      Metrics:
        val_loss: 0.6133
        val_accuracy: 0.7854
        IoU: { Unlabeled: 0.0000, Unused: 0.0000, Unused: 0.0000, Unused: 0.0000, Static: 0.0000, Dynamic: 0.0000, Ground: 0.0000, Road: 0.8047, Sidewalk: 0.0000, Parking: 0.0000, Rail track: 0.0000, Building: 0.7040, Wall: 0.0000, Fence: 0.0000, Guard rail: 0.0000, Bridge: 0.0000, Tunnel: 0.0000, Pole: 0.0000, Pole group: 0.0000, Traffic light: 0.0000, Traffic sign: 0.0000, Vegetation: 0.6520, Terrain: 0.0000, Sky: 0.8334, Person: 0.0000, Rider: 0.0000, Car: 0.4831, Truck: 0.0000, Bus: 0.0000, Caravan: 0.0000, Trailer: 0.0000, Train: 0.0000, Motorcycle: 0.0000, Bicycle: 0.0000 }
        MeanIoU: 0.1817
        PixelAccuracy: 0.7859
        DICE: { Unlabeled: 0.0000, Unused: 0.0000, Unused: 0.0000, Unused: 0.0000, Static: 0.0000, Dynamic: 0.0000, Ground: 0.0000, Road: 0.8914, Sidewalk: 0.0000, Parking: 0.0000, Rail track: 0.0000, Building: 0.8257, Wall: 0.0000, Fence: 0.0000, Guard rail: 0.0000, Bridge: 0.0000, Tunnel: 0.0000, Pole: 0.0000, Pole group: 0.0000, Traffic light: 0.0000, Traffic sign: 0.0000, Vegetation: 0.7887, Terrain: 0.0000, Sky: 0.9087, Person: 0.0000, Rider: 0.0000, Car: 0.6457, Truck: 0.0000, Bus: 0.0000, Caravan: 0.0000, Trailer: 0.0000, Train: 0.0000, Motorcycle: 0.0000, Bicycle: 0.0000 }
        MeanDICE: 0.2121
        overAllIOU: 0.6477
    

    Epoch 13:
      Train Loss: 0.6130, Train Accuracy: 0.7868
      Val Loss: 0.6130
      Metrics:
        val_loss: 0.6130
        val_accuracy: 0.7861
        IoU: { Unlabeled: 0.0000, Unused: 0.0000, Unused: 0.0000, Unused: 0.0000, Static: 0.0000, Dynamic: 0.0000, Ground: 0.0000, Road: 0.8189, Sidewalk: 0.0000, Parking: 0.0000, Rail track: 0.0000, Building: 0.7089, Wall: 0.0000, Fence: 0.0000, Guard rail: 0.0000, Bridge: 0.0000, Tunnel: 0.0000, Pole: 0.0000, Pole group: 0.0000, Traffic light: 0.0000, Traffic sign: 0.0000, Vegetation: 0.6682, Terrain: 0.0000, Sky: 0.8297, Person: 0.0000, Rider: 0.0000, Car: 0.4517, Truck: 0.0000, Bus: 0.0000, Caravan: 0.0000, Trailer: 0.0000, Train: 0.0000, Motorcycle: 0.0000, Bicycle: 0.0000 }
        MeanIoU: 0.1817
        PixelAccuracy: 0.7867
        DICE: { Unlabeled: 0.0000, Unused: 0.0000, Unused: 0.0000, Unused: 0.0000, Static: 0.0000, Dynamic: 0.0000, Ground: 0.0000, Road: 0.9001, Sidewalk: 0.0000, Parking: 0.0000, Rail track: 0.0000, Building: 0.8290, Wall: 0.0000, Fence: 0.0000, Guard rail: 0.0000, Bridge: 0.0000, Tunnel: 0.0000, Pole: 0.0000, Pole group: 0.0000, Traffic light: 0.0000, Traffic sign: 0.0000, Vegetation: 0.8004, Terrain: 0.0000, Sky: 0.9066, Person: 0.0000, Rider: 0.0000, Car: 0.6186, Truck: 0.0000, Bus: 0.0000, Caravan: 0.0000, Trailer: 0.0000, Train: 0.0000, Motorcycle: 0.0000, Bicycle: 0.0000 }
        MeanDICE: 0.2119
        overAllIOU: 0.6489
    

    Epoch 14:
      Train Loss: 0.6122, Train Accuracy: 0.7895
      Val Loss: 0.6119
      Metrics:
        val_loss: 0.6119
        val_accuracy: 0.7895
        IoU: { Unlabeled: 0.0000, Unused: 0.0000, Unused: 0.0000, Unused: 0.0000, Static: 0.0000, Dynamic: 0.0000, Ground: 0.0000, Road: 0.8087, Sidewalk: 0.0000, Parking: 0.0000, Rail track: 0.0000, Building: 0.7005, Wall: 0.0000, Fence: 0.0000, Guard rail: 0.0000, Bridge: 0.0000, Tunnel: 0.0000, Pole: 0.0000, Pole group: 0.0000, Traffic light: 0.0000, Traffic sign: 0.0000, Vegetation: 0.6761, Terrain: 0.0000, Sky: 0.8495, Person: 0.0000, Rider: 0.0000, Car: 0.4888, Truck: 0.0000, Bus: 0.0000, Caravan: 0.0000, Trailer: 0.0000, Train: 0.0000, Motorcycle: 0.0000, Bicycle: 0.0000 }
        MeanIoU: 0.1842
        PixelAccuracy: 0.7902
        DICE: { Unlabeled: 0.0000, Unused: 0.0000, Unused: 0.0000, Unused: 0.0000, Static: 0.0000, Dynamic: 0.0000, Ground: 0.0000, Road: 0.8939, Sidewalk: 0.0000, Parking: 0.0000, Rail track: 0.0000, Building: 0.8232, Wall: 0.0000, Fence: 0.0000, Guard rail: 0.0000, Bridge: 0.0000, Tunnel: 0.0000, Pole: 0.0000, Pole group: 0.0000, Traffic light: 0.0000, Traffic sign: 0.0000, Vegetation: 0.8063, Terrain: 0.0000, Sky: 0.9184, Person: 0.0000, Rider: 0.0000, Car: 0.6503, Truck: 0.0000, Bus: 0.0000, Caravan: 0.0000, Trailer: 0.0000, Train: 0.0000, Motorcycle: 0.0000, Bicycle: 0.0000 }
        MeanDICE: 0.2139
        overAllIOU: 0.6536
    

    Epoch 15:
      Train Loss: 0.6120, Train Accuracy: 0.7899
      Val Loss: 0.6121
      Metrics:
        val_loss: 0.6121
        val_accuracy: 0.7888
        IoU: { Unlabeled: 0.0000, Unused: 0.0000, Unused: 0.0000, Unused: 0.0000, Static: 0.0000, Dynamic: 0.0000, Ground: 0.0000, Road: 0.8054, Sidewalk: 0.0000, Parking: 0.0000, Rail track: 0.0000, Building: 0.7207, Wall: 0.0000, Fence: 0.0000, Guard rail: 0.0000, Bridge: 0.0000, Tunnel: 0.0000, Pole: 0.0000, Pole group: 0.0000, Traffic light: 0.0000, Traffic sign: 0.0000, Vegetation: 0.6492, Terrain: 0.0000, Sky: 0.8445, Person: 0.0000, Rider: 0.0000, Car: 0.4986, Truck: 0.0000, Bus: 0.0000, Caravan: 0.0000, Trailer: 0.0000, Train: 0.0000, Motorcycle: 0.0000, Bicycle: 0.0000 }
        MeanIoU: 0.1839
        PixelAccuracy: 0.7895
        DICE: { Unlabeled: 0.0000, Unused: 0.0000, Unused: 0.0000, Unused: 0.0000, Static: 0.0000, Dynamic: 0.0000, Ground: 0.0000, Road: 0.8919, Sidewalk: 0.0000, Parking: 0.0000, Rail track: 0.0000, Building: 0.8373, Wall: 0.0000, Fence: 0.0000, Guard rail: 0.0000, Bridge: 0.0000, Tunnel: 0.0000, Pole: 0.0000, Pole group: 0.0000, Traffic light: 0.0000, Traffic sign: 0.0000, Vegetation: 0.7866, Terrain: 0.0000, Sky: 0.9153, Person: 0.0000, Rider: 0.0000, Car: 0.6607, Truck: 0.0000, Bus: 0.0000, Caravan: 0.0000, Trailer: 0.0000, Train: 0.0000, Motorcycle: 0.0000, Bicycle: 0.0000 }
        MeanDICE: 0.2138
        overAllIOU: 0.6526
    

    Epoch 16:
      Train Loss: 0.6109, Train Accuracy: 0.7938
      Val Loss: 0.6107
      Metrics:
        val_loss: 0.6107
        val_accuracy: 0.7938
        IoU: { Unlabeled: 0.0000, Unused: 0.0000, Unused: 0.0000, Unused: 0.0000, Static: 0.0000, Dynamic: 0.0000, Ground: 0.0000, Road: 0.8159, Sidewalk: 0.0000, Parking: 0.0000, Rail track: 0.0000, Building: 0.6990, Wall: 0.0000, Fence: 0.0000, Guard rail: 0.0000, Bridge: 0.0000, Tunnel: 0.0000, Pole: 0.0000, Pole group: 0.0000, Traffic light: 0.0000, Traffic sign: 0.0000, Vegetation: 0.6858, Terrain: 0.0000, Sky: 0.8589, Person: 0.0000, Rider: 0.0000, Car: 0.4976, Truck: 0.0000, Bus: 0.0000, Caravan: 0.0000, Trailer: 0.0000, Train: 0.0000, Motorcycle: 0.0000, Bicycle: 0.0000 }
        MeanIoU: 0.1859
        PixelAccuracy: 0.7945
        DICE: { Unlabeled: 0.0000, Unused: 0.0000, Unused: 0.0000, Unused: 0.0000, Static: 0.0000, Dynamic: 0.0000, Ground: 0.0000, Road: 0.8983, Sidewalk: 0.0000, Parking: 0.0000, Rail track: 0.0000, Building: 0.8221, Wall: 0.0000, Fence: 0.0000, Guard rail: 0.0000, Bridge: 0.0000, Tunnel: 0.0000, Pole: 0.0000, Pole group: 0.0000, Traffic light: 0.0000, Traffic sign: 0.0000, Vegetation: 0.8131, Terrain: 0.0000, Sky: 0.9239, Person: 0.0000, Rider: 0.0000, Car: 0.6593, Truck: 0.0000, Bus: 0.0000, Caravan: 0.0000, Trailer: 0.0000, Train: 0.0000, Motorcycle: 0.0000, Bicycle: 0.0000 }
        MeanDICE: 0.2151
        overAllIOU: 0.6594
    

    Epoch 17:
      Train Loss: 0.6108, Train Accuracy: 0.7940
      Val Loss: 0.6120
      Metrics:
        val_loss: 0.6120
        val_accuracy: 0.7893
        IoU: { Unlabeled: 0.0000, Unused: 0.0000, Unused: 0.0000, Unused: 0.0000, Static: 0.0000, Dynamic: 0.0000, Ground: 0.0000, Road: 0.7888, Sidewalk: 0.0000, Parking: 0.0000, Rail track: 0.0000, Building: 0.7203, Wall: 0.0000, Fence: 0.0000, Guard rail: 0.0000, Bridge: 0.0000, Tunnel: 0.0000, Pole: 0.0000, Pole group: 0.0000, Traffic light: 0.0000, Traffic sign: 0.0000, Vegetation: 0.6683, Terrain: 0.0000, Sky: 0.8422, Person: 0.0000, Rider: 0.0000, Car: 0.5128, Truck: 0.0000, Bus: 0.0000, Caravan: 0.0000, Trailer: 0.0000, Train: 0.0000, Motorcycle: 0.0000, Bicycle: 0.0000 }
        MeanIoU: 0.1846
        PixelAccuracy: 0.7900
        DICE: { Unlabeled: 0.0000, Unused: 0.0000, Unused: 0.0000, Unused: 0.0000, Static: 0.0000, Dynamic: 0.0000, Ground: 0.0000, Road: 0.8816, Sidewalk: 0.0000, Parking: 0.0000, Rail track: 0.0000, Building: 0.8369, Wall: 0.0000, Fence: 0.0000, Guard rail: 0.0000, Bridge: 0.0000, Tunnel: 0.0000, Pole: 0.0000, Pole group: 0.0000, Traffic light: 0.0000, Traffic sign: 0.0000, Vegetation: 0.8004, Terrain: 0.0000, Sky: 0.9141, Person: 0.0000, Rider: 0.0000, Car: 0.6730, Truck: 0.0000, Bus: 0.0000, Caravan: 0.0000, Trailer: 0.0000, Train: 0.0000, Motorcycle: 0.0000, Bicycle: 0.0000 }
        MeanDICE: 0.2145
        overAllIOU: 0.6533
    

    Epoch 18:
      Train Loss: 0.6101, Train Accuracy: 0.7962
      Val Loss: 0.6102
      Metrics:
        val_loss: 0.6102
        val_accuracy: 0.7954
        IoU: { Unlabeled: 0.0000, Unused: 0.0000, Unused: 0.0000, Unused: 0.0000, Static: 0.0000, Dynamic: 0.0000, Ground: 0.0000, Road: 0.8132, Sidewalk: 0.0000, Parking: 0.0000, Rail track: 0.0000, Building: 0.6947, Wall: 0.0000, Fence: 0.0000, Guard rail: 0.0000, Bridge: 0.0000, Tunnel: 0.0000, Pole: 0.0000, Pole group: 0.0000, Traffic light: 0.0000, Traffic sign: 0.0000, Vegetation: 0.6861, Terrain: 0.0000, Sky: 0.8569, Person: 0.0000, Rider: 0.0000, Car: 0.5448, Truck: 0.0000, Bus: 0.0000, Caravan: 0.0000, Trailer: 0.0000, Train: 0.0000, Motorcycle: 0.0000, Bicycle: 0.0000 }
        MeanIoU: 0.1879
        PixelAccuracy: 0.7960
        DICE: { Unlabeled: 0.0000, Unused: 0.0000, Unused: 0.0000, Unused: 0.0000, Static: 0.0000, Dynamic: 0.0000, Ground: 0.0000, Road: 0.8967, Sidewalk: 0.0000, Parking: 0.0000, Rail track: 0.0000, Building: 0.8191, Wall: 0.0000, Fence: 0.0000, Guard rail: 0.0000, Bridge: 0.0000, Tunnel: 0.0000, Pole: 0.0000, Pole group: 0.0000, Traffic light: 0.0000, Traffic sign: 0.0000, Vegetation: 0.8132, Terrain: 0.0000, Sky: 0.9227, Person: 0.0000, Rider: 0.0000, Car: 0.7010, Truck: 0.0000, Bus: 0.0000, Caravan: 0.0000, Trailer: 0.0000, Train: 0.0000, Motorcycle: 0.0000, Bicycle: 0.0000 }
        MeanDICE: 0.2169
        overAllIOU: 0.6615
    

    Epoch 19:
      Train Loss: 0.6097, Train Accuracy: 0.7976
      Val Loss: 0.6098
      Metrics:
        val_loss: 0.6098
        val_accuracy: 0.7965
        IoU: { Unlabeled: 0.0000, Unused: 0.0000, Unused: 0.0000, Unused: 0.0000, Static: 0.0000, Dynamic: 0.0000, Ground: 0.0000, Road: 0.8116, Sidewalk: 0.0000, Parking: 0.0000, Rail track: 0.0000, Building: 0.7353, Wall: 0.0000, Fence: 0.0000, Guard rail: 0.0000, Bridge: 0.0000, Tunnel: 0.0000, Pole: 0.0000, Pole group: 0.0000, Traffic light: 0.0000, Traffic sign: 0.0000, Vegetation: 0.6737, Terrain: 0.0000, Sky: 0.8544, Person: 0.0000, Rider: 0.0000, Car: 0.5151, Truck: 0.0000, Bus: 0.0000, Caravan: 0.0000, Trailer: 0.0000, Train: 0.0000, Motorcycle: 0.0000, Bicycle: 0.0000 }
        MeanIoU: 0.1876
        PixelAccuracy: 0.7972
        DICE: { Unlabeled: 0.0000, Unused: 0.0000, Unused: 0.0000, Unused: 0.0000, Static: 0.0000, Dynamic: 0.0000, Ground: 0.0000, Road: 0.8957, Sidewalk: 0.0000, Parking: 0.0000, Rail track: 0.0000, Building: 0.8469, Wall: 0.0000, Fence: 0.0000, Guard rail: 0.0000, Bridge: 0.0000, Tunnel: 0.0000, Pole: 0.0000, Pole group: 0.0000, Traffic light: 0.0000, Traffic sign: 0.0000, Vegetation: 0.8042, Terrain: 0.0000, Sky: 0.9212, Person: 0.0000, Rider: 0.0000, Car: 0.6759, Truck: 0.0000, Bus: 0.0000, Caravan: 0.0000, Trailer: 0.0000, Train: 0.0000, Motorcycle: 0.0000, Bicycle: 0.0000 }
        MeanDICE: 0.2165
        overAllIOU: 0.6632
    

    Epoch 20:
      Train Loss: 0.6099, Train Accuracy: 0.7970
      Val Loss: 0.6100
      Metrics:
        val_loss: 0.6100
        val_accuracy: 0.7958
        IoU: { Unlabeled: 0.0000, Unused: 0.0000, Unused: 0.0000, Unused: 0.0000, Static: 0.0000, Dynamic: 0.0000, Ground: 0.0000, Road: 0.8262, Sidewalk: 0.0000, Parking: 0.0000, Rail track: 0.0000, Building: 0.7218, Wall: 0.0000, Fence: 0.0000, Guard rail: 0.0000, Bridge: 0.0000, Tunnel: 0.0000, Pole: 0.0000, Pole group: 0.0000, Traffic light: 0.0000, Traffic sign: 0.0000, Vegetation: 0.6580, Terrain: 0.0000, Sky: 0.8654, Person: 0.0000, Rider: 0.0000, Car: 0.5220, Truck: 0.0000, Bus: 0.0000, Caravan: 0.0000, Trailer: 0.0000, Train: 0.0000, Motorcycle: 0.0000, Bicycle: 0.0000 }
        MeanIoU: 0.1878
        PixelAccuracy: 0.7966
        DICE: { Unlabeled: 0.0000, Unused: 0.0000, Unused: 0.0000, Unused: 0.0000, Static: 0.0000, Dynamic: 0.0000, Ground: 0.0000, Road: 0.9045, Sidewalk: 0.0000, Parking: 0.0000, Rail track: 0.0000, Building: 0.8379, Wall: 0.0000, Fence: 0.0000, Guard rail: 0.0000, Bridge: 0.0000, Tunnel: 0.0000, Pole: 0.0000, Pole group: 0.0000, Traffic light: 0.0000, Traffic sign: 0.0000, Vegetation: 0.7930, Terrain: 0.0000, Sky: 0.9276, Person: 0.0000, Rider: 0.0000, Car: 0.6819, Truck: 0.0000, Bus: 0.0000, Caravan: 0.0000, Trailer: 0.0000, Train: 0.0000, Motorcycle: 0.0000, Bicycle: 0.0000 }
        MeanDICE: 0.2166
        overAllIOU: 0.6623
    

    Epoch 21:
      Train Loss: 0.6091, Train Accuracy: 0.7996
      Val Loss: 0.6087
      Metrics:
        val_loss: 0.6087
        val_accuracy: 0.8003
        IoU: { Unlabeled: 0.0000, Unused: 0.0000, Unused: 0.0000, Unused: 0.0000, Static: 0.0000, Dynamic: 0.0000, Ground: 0.0000, Road: 0.8150, Sidewalk: 0.0000, Parking: 0.0000, Rail track: 0.0000, Building: 0.7245, Wall: 0.0000, Fence: 0.0000, Guard rail: 0.0000, Bridge: 0.0000, Tunnel: 0.0000, Pole: 0.0000, Pole group: 0.0000, Traffic light: 0.0000, Traffic sign: 0.0000, Vegetation: 0.6843, Terrain: 0.0000, Sky: 0.8676, Person: 0.0000, Rider: 0.0000, Car: 0.5517, Truck: 0.0000, Bus: 0.0000, Caravan: 0.0000, Trailer: 0.0000, Train: 0.0000, Motorcycle: 0.0000, Bicycle: 0.0000 }
        MeanIoU: 0.1904
        PixelAccuracy: 0.8009
        DICE: { Unlabeled: 0.0000, Unused: 0.0000, Unused: 0.0000, Unused: 0.0000, Static: 0.0000, Dynamic: 0.0000, Ground: 0.0000, Road: 0.8978, Sidewalk: 0.0000, Parking: 0.0000, Rail track: 0.0000, Building: 0.8396, Wall: 0.0000, Fence: 0.0000, Guard rail: 0.0000, Bridge: 0.0000, Tunnel: 0.0000, Pole: 0.0000, Pole group: 0.0000, Traffic light: 0.0000, Traffic sign: 0.0000, Vegetation: 0.8118, Terrain: 0.0000, Sky: 0.9289, Person: 0.0000, Rider: 0.0000, Car: 0.7069, Truck: 0.0000, Bus: 0.0000, Caravan: 0.0000, Trailer: 0.0000, Train: 0.0000, Motorcycle: 0.0000, Bicycle: 0.0000 }
        MeanDICE: 0.2187
        overAllIOU: 0.6683
    

    Epoch 22:
      Train Loss: 0.6091, Train Accuracy: 0.7996
      Val Loss: 0.6085
      Metrics:
        val_loss: 0.6085
        val_accuracy: 0.8011
        IoU: { Unlabeled: 0.0000, Unused: 0.0000, Unused: 0.0000, Unused: 0.0000, Static: 0.0000, Dynamic: 0.0000, Ground: 0.0000, Road: 0.8038, Sidewalk: 0.0000, Parking: 0.0000, Rail track: 0.0000, Building: 0.7198, Wall: 0.0000, Fence: 0.0000, Guard rail: 0.0000, Bridge: 0.0000, Tunnel: 0.0000, Pole: 0.0000, Pole group: 0.0000, Traffic light: 0.0000, Traffic sign: 0.0000, Vegetation: 0.7089, Terrain: 0.0000, Sky: 0.8666, Person: 0.0000, Rider: 0.0000, Car: 0.5575, Truck: 0.0000, Bus: 0.0000, Caravan: 0.0000, Trailer: 0.0000, Train: 0.0000, Motorcycle: 0.0000, Bicycle: 0.0000 }
        MeanIoU: 0.1911
        PixelAccuracy: 0.8017
        DICE: { Unlabeled: 0.0000, Unused: 0.0000, Unused: 0.0000, Unused: 0.0000, Static: 0.0000, Dynamic: 0.0000, Ground: 0.0000, Road: 0.8909, Sidewalk: 0.0000, Parking: 0.0000, Rail track: 0.0000, Building: 0.8365, Wall: 0.0000, Fence: 0.0000, Guard rail: 0.0000, Bridge: 0.0000, Tunnel: 0.0000, Pole: 0.0000, Pole group: 0.0000, Traffic light: 0.0000, Traffic sign: 0.0000, Vegetation: 0.8292, Terrain: 0.0000, Sky: 0.9283, Person: 0.0000, Rider: 0.0000, Car: 0.7122, Truck: 0.0000, Bus: 0.0000, Caravan: 0.0000, Trailer: 0.0000, Train: 0.0000, Motorcycle: 0.0000, Bicycle: 0.0000 }
        MeanDICE: 0.2193
        overAllIOU: 0.6693
    

    Epoch 23:
      Train Loss: 0.6088, Train Accuracy: 0.8004
      Val Loss: 0.6105
      Metrics:
        val_loss: 0.6105
        val_accuracy: 0.7939
        IoU: { Unlabeled: 0.0000, Unused: 0.0000, Unused: 0.0000, Unused: 0.0000, Static: 0.0000, Dynamic: 0.0000, Ground: 0.0000, Road: 0.8187, Sidewalk: 0.0000, Parking: 0.0000, Rail track: 0.0000, Building: 0.7166, Wall: 0.0000, Fence: 0.0000, Guard rail: 0.0000, Bridge: 0.0000, Tunnel: 0.0000, Pole: 0.0000, Pole group: 0.0000, Traffic light: 0.0000, Traffic sign: 0.0000, Vegetation: 0.6627, Terrain: 0.0000, Sky: 0.8475, Person: 0.0000, Rider: 0.0000, Car: 0.5359, Truck: 0.0000, Bus: 0.0000, Caravan: 0.0000, Trailer: 0.0000, Train: 0.0000, Motorcycle: 0.0000, Bicycle: 0.0000 }
        MeanIoU: 0.1871
        PixelAccuracy: 0.7946
        DICE: { Unlabeled: 0.0000, Unused: 0.0000, Unused: 0.0000, Unused: 0.0000, Static: 0.0000, Dynamic: 0.0000, Ground: 0.0000, Road: 0.9000, Sidewalk: 0.0000, Parking: 0.0000, Rail track: 0.0000, Building: 0.8344, Wall: 0.0000, Fence: 0.0000, Guard rail: 0.0000, Bridge: 0.0000, Tunnel: 0.0000, Pole: 0.0000, Pole group: 0.0000, Traffic light: 0.0000, Traffic sign: 0.0000, Vegetation: 0.7965, Terrain: 0.0000, Sky: 0.9172, Person: 0.0000, Rider: 0.0000, Car: 0.6939, Truck: 0.0000, Bus: 0.0000, Caravan: 0.0000, Trailer: 0.0000, Train: 0.0000, Motorcycle: 0.0000, Bicycle: 0.0000 }
        MeanDICE: 0.2164
        overAllIOU: 0.6595
    

    Epoch 24:
      Train Loss: 0.6084, Train Accuracy: 0.8018
      Val Loss: 0.6089
      Metrics:
        val_loss: 0.6089
        val_accuracy: 0.7997
        IoU: { Unlabeled: 0.0000, Unused: 0.0000, Unused: 0.0000, Unused: 0.0000, Static: 0.0000, Dynamic: 0.0000, Ground: 0.0000, Road: 0.8196, Sidewalk: 0.0000, Parking: 0.0000, Rail track: 0.0000, Building: 0.7223, Wall: 0.0000, Fence: 0.0000, Guard rail: 0.0000, Bridge: 0.0000, Tunnel: 0.0000, Pole: 0.0000, Pole group: 0.0000, Traffic light: 0.0000, Traffic sign: 0.0000, Vegetation: 0.6893, Terrain: 0.0000, Sky: 0.8549, Person: 0.0000, Rider: 0.0000, Car: 0.5452, Truck: 0.0000, Bus: 0.0000, Caravan: 0.0000, Trailer: 0.0000, Train: 0.0000, Motorcycle: 0.0000, Bicycle: 0.0000 }
        MeanIoU: 0.1898
        PixelAccuracy: 0.8003
        DICE: { Unlabeled: 0.0000, Unused: 0.0000, Unused: 0.0000, Unused: 0.0000, Static: 0.0000, Dynamic: 0.0000, Ground: 0.0000, Road: 0.9006, Sidewalk: 0.0000, Parking: 0.0000, Rail track: 0.0000, Building: 0.8382, Wall: 0.0000, Fence: 0.0000, Guard rail: 0.0000, Bridge: 0.0000, Tunnel: 0.0000, Pole: 0.0000, Pole group: 0.0000, Traffic light: 0.0000, Traffic sign: 0.0000, Vegetation: 0.8154, Terrain: 0.0000, Sky: 0.9215, Person: 0.0000, Rider: 0.0000, Car: 0.7013, Truck: 0.0000, Bus: 0.0000, Caravan: 0.0000, Trailer: 0.0000, Train: 0.0000, Motorcycle: 0.0000, Bicycle: 0.0000 }
        MeanDICE: 0.2183
        overAllIOU: 0.6674
    

    Epoch 25:
      Train Loss: 0.6081, Train Accuracy: 0.8028
      Val Loss: 0.6078
      Metrics:
        val_loss: 0.6078
        val_accuracy: 0.8035
        IoU: { Unlabeled: 0.0000, Unused: 0.0000, Unused: 0.0000, Unused: 0.0000, Static: 0.0000, Dynamic: 0.0000, Ground: 0.0000, Road: 0.8162, Sidewalk: 0.0000, Parking: 0.0000, Rail track: 0.0000, Building: 0.7316, Wall: 0.0000, Fence: 0.0000, Guard rail: 0.0000, Bridge: 0.0000, Tunnel: 0.0000, Pole: 0.0000, Pole group: 0.0000, Traffic light: 0.0000, Traffic sign: 0.0000, Vegetation: 0.6955, Terrain: 0.0000, Sky: 0.8659, Person: 0.0000, Rider: 0.0000, Car: 0.5692, Truck: 0.0000, Bus: 0.0000, Caravan: 0.0000, Trailer: 0.0000, Train: 0.0000, Motorcycle: 0.0000, Bicycle: 0.0000 }
        MeanIoU: 0.1922
        PixelAccuracy: 0.8040
        DICE: { Unlabeled: 0.0000, Unused: 0.0000, Unused: 0.0000, Unused: 0.0000, Static: 0.0000, Dynamic: 0.0000, Ground: 0.0000, Road: 0.8985, Sidewalk: 0.0000, Parking: 0.0000, Rail track: 0.0000, Building: 0.8446, Wall: 0.0000, Fence: 0.0000, Guard rail: 0.0000, Bridge: 0.0000, Tunnel: 0.0000, Pole: 0.0000, Pole group: 0.0000, Traffic light: 0.0000, Traffic sign: 0.0000, Vegetation: 0.8199, Terrain: 0.0000, Sky: 0.9279, Person: 0.0000, Rider: 0.0000, Car: 0.7215, Truck: 0.0000, Bus: 0.0000, Caravan: 0.0000, Trailer: 0.0000, Train: 0.0000, Motorcycle: 0.0000, Bicycle: 0.0000 }
        MeanDICE: 0.2201
        overAllIOU: 0.6726
    

    Epoch 26:
      Train Loss: 0.6081, Train Accuracy: 0.8028
      Val Loss: 0.6088
      Metrics:
        val_loss: 0.6088
        val_accuracy: 0.7999
        IoU: { Unlabeled: 0.0000, Unused: 0.0000, Unused: 0.0000, Unused: 0.0000, Static: 0.0000, Dynamic: 0.0000, Ground: 0.0000, Road: 0.8029, Sidewalk: 0.0000, Parking: 0.0000, Rail track: 0.0000, Building: 0.7102, Wall: 0.0000, Fence: 0.0000, Guard rail: 0.0000, Bridge: 0.0000, Tunnel: 0.0000, Pole: 0.0000, Pole group: 0.0000, Traffic light: 0.0000, Traffic sign: 0.0000, Vegetation: 0.7078, Terrain: 0.0000, Sky: 0.8642, Person: 0.0000, Rider: 0.0000, Car: 0.5641, Truck: 0.0000, Bus: 0.0000, Caravan: 0.0000, Trailer: 0.0000, Train: 0.0000, Motorcycle: 0.0000, Bicycle: 0.0000 }
        MeanIoU: 0.1907
        PixelAccuracy: 0.8005
        DICE: { Unlabeled: 0.0000, Unused: 0.0000, Unused: 0.0000, Unused: 0.0000, Static: 0.0000, Dynamic: 0.0000, Ground: 0.0000, Road: 0.8903, Sidewalk: 0.0000, Parking: 0.0000, Rail track: 0.0000, Building: 0.8300, Wall: 0.0000, Fence: 0.0000, Guard rail: 0.0000, Bridge: 0.0000, Tunnel: 0.0000, Pole: 0.0000, Pole group: 0.0000, Traffic light: 0.0000, Traffic sign: 0.0000, Vegetation: 0.8283, Terrain: 0.0000, Sky: 0.9269, Person: 0.0000, Rider: 0.0000, Car: 0.7170, Truck: 0.0000, Bus: 0.0000, Caravan: 0.0000, Trailer: 0.0000, Train: 0.0000, Motorcycle: 0.0000, Bicycle: 0.0000 }
        MeanDICE: 0.2191
        overAllIOU: 0.6677
    

    Epoch 27:
      Train Loss: 0.6078, Train Accuracy: 0.8039
      Val Loss: 0.6073
      Metrics:
        val_loss: 0.6073
        val_accuracy: 0.8048
        IoU: { Unlabeled: 0.0000, Unused: 0.0000, Unused: 0.0000, Unused: 0.0000, Static: 0.0000, Dynamic: 0.0000, Ground: 0.0000, Road: 0.8155, Sidewalk: 0.0000, Parking: 0.0000, Rail track: 0.0000, Building: 0.7210, Wall: 0.0000, Fence: 0.0000, Guard rail: 0.0000, Bridge: 0.0000, Tunnel: 0.0000, Pole: 0.0000, Pole group: 0.0000, Traffic light: 0.0000, Traffic sign: 0.0000, Vegetation: 0.7192, Terrain: 0.0000, Sky: 0.8743, Person: 0.0000, Rider: 0.0000, Car: 0.5489, Truck: 0.0000, Bus: 0.0000, Caravan: 0.0000, Trailer: 0.0000, Train: 0.0000, Motorcycle: 0.0000, Bicycle: 0.0000 }
        MeanIoU: 0.1923
        PixelAccuracy: 0.8055
        DICE: { Unlabeled: 0.0000, Unused: 0.0000, Unused: 0.0000, Unused: 0.0000, Static: 0.0000, Dynamic: 0.0000, Ground: 0.0000, Road: 0.8980, Sidewalk: 0.0000, Parking: 0.0000, Rail track: 0.0000, Building: 0.8374, Wall: 0.0000, Fence: 0.0000, Guard rail: 0.0000, Bridge: 0.0000, Tunnel: 0.0000, Pole: 0.0000, Pole group: 0.0000, Traffic light: 0.0000, Traffic sign: 0.0000, Vegetation: 0.8362, Terrain: 0.0000, Sky: 0.9328, Person: 0.0000, Rider: 0.0000, Car: 0.7046, Truck: 0.0000, Bus: 0.0000, Caravan: 0.0000, Trailer: 0.0000, Train: 0.0000, Motorcycle: 0.0000, Bicycle: 0.0000 }
        MeanDICE: 0.2199
        overAllIOU: 0.6747
    

    Epoch 28:
      Train Loss: 0.6073, Train Accuracy: 0.8054
      Val Loss: 0.6070
      Metrics:
        val_loss: 0.6070
        val_accuracy: 0.8057
        IoU: { Unlabeled: 0.0000, Unused: 0.0000, Unused: 0.0000, Unused: 0.0000, Static: 0.0000, Dynamic: 0.0000, Ground: 0.0000, Road: 0.8164, Sidewalk: 0.0000, Parking: 0.0000, Rail track: 0.0000, Building: 0.7270, Wall: 0.0000, Fence: 0.0000, Guard rail: 0.0000, Bridge: 0.0000, Tunnel: 0.0000, Pole: 0.0000, Pole group: 0.0000, Traffic light: 0.0000, Traffic sign: 0.0000, Vegetation: 0.7121, Terrain: 0.0000, Sky: 0.8743, Person: 0.0000, Rider: 0.0000, Car: 0.5693, Truck: 0.0000, Bus: 0.0000, Caravan: 0.0000, Trailer: 0.0000, Train: 0.0000, Motorcycle: 0.0000, Bicycle: 0.0000 }
        MeanIoU: 0.1933
        PixelAccuracy: 0.8063
        DICE: { Unlabeled: 0.0000, Unused: 0.0000, Unused: 0.0000, Unused: 0.0000, Static: 0.0000, Dynamic: 0.0000, Ground: 0.0000, Road: 0.8986, Sidewalk: 0.0000, Parking: 0.0000, Rail track: 0.0000, Building: 0.8414, Wall: 0.0000, Fence: 0.0000, Guard rail: 0.0000, Bridge: 0.0000, Tunnel: 0.0000, Pole: 0.0000, Pole group: 0.0000, Traffic light: 0.0000, Traffic sign: 0.0000, Vegetation: 0.8313, Terrain: 0.0000, Sky: 0.9327, Person: 0.0000, Rider: 0.0000, Car: 0.7220, Truck: 0.0000, Bus: 0.0000, Caravan: 0.0000, Trailer: 0.0000, Train: 0.0000, Motorcycle: 0.0000, Bicycle: 0.0000 }
        MeanDICE: 0.2208
        overAllIOU: 0.6759
    

    Epoch 29:
      Train Loss: 0.6072, Train Accuracy: 0.8058
      Val Loss: 0.6075
      Metrics:
        val_loss: 0.6075
        val_accuracy: 0.8042
        IoU: { Unlabeled: 0.0000, Unused: 0.0000, Unused: 0.0000, Unused: 0.0000, Static: 0.0000, Dynamic: 0.0000, Ground: 0.0000, Road: 0.8308, Sidewalk: 0.0000, Parking: 0.0000, Rail track: 0.0000, Building: 0.7202, Wall: 0.0000, Fence: 0.0000, Guard rail: 0.0000, Bridge: 0.0000, Tunnel: 0.0000, Pole: 0.0000, Pole group: 0.0000, Traffic light: 0.0000, Traffic sign: 0.0000, Vegetation: 0.6908, Terrain: 0.0000, Sky: 0.8749, Person: 0.0000, Rider: 0.0000, Car: 0.5776, Truck: 0.0000, Bus: 0.0000, Caravan: 0.0000, Trailer: 0.0000, Train: 0.0000, Motorcycle: 0.0000, Bicycle: 0.0000 }
        MeanIoU: 0.1931
        PixelAccuracy: 0.8048
        DICE: { Unlabeled: 0.0000, Unused: 0.0000, Unused: 0.0000, Unused: 0.0000, Static: 0.0000, Dynamic: 0.0000, Ground: 0.0000, Road: 0.9073, Sidewalk: 0.0000, Parking: 0.0000, Rail track: 0.0000, Building: 0.8368, Wall: 0.0000, Fence: 0.0000, Guard rail: 0.0000, Bridge: 0.0000, Tunnel: 0.0000, Pole: 0.0000, Pole group: 0.0000, Traffic light: 0.0000, Traffic sign: 0.0000, Vegetation: 0.8165, Terrain: 0.0000, Sky: 0.9330, Person: 0.0000, Rider: 0.0000, Car: 0.7285, Truck: 0.0000, Bus: 0.0000, Caravan: 0.0000, Trailer: 0.0000, Train: 0.0000, Motorcycle: 0.0000, Bicycle: 0.0000 }
        MeanDICE: 0.2207
        overAllIOU: 0.6738
    

    Epoch 30:
      Train Loss: 0.6073, Train Accuracy: 0.8055
      Val Loss: 0.6076
      Metrics:
        val_loss: 0.6076
        val_accuracy: 0.8039
        IoU: { Unlabeled: 0.0000, Unused: 0.0000, Unused: 0.0000, Unused: 0.0000, Static: 0.0000, Dynamic: 0.0000, Ground: 0.0000, Road: 0.8243, Sidewalk: 0.0000, Parking: 0.0000, Rail track: 0.0000, Building: 0.7072, Wall: 0.0000, Fence: 0.0000, Guard rail: 0.0000, Bridge: 0.0000, Tunnel: 0.0000, Pole: 0.0000, Pole group: 0.0000, Traffic light: 0.0000, Traffic sign: 0.0000, Vegetation: 0.7121, Terrain: 0.0000, Sky: 0.8670, Person: 0.0000, Rider: 0.0000, Car: 0.5679, Truck: 0.0000, Bus: 0.0000, Caravan: 0.0000, Trailer: 0.0000, Train: 0.0000, Motorcycle: 0.0000, Bicycle: 0.0000 }
        MeanIoU: 0.1922
        PixelAccuracy: 0.8044
        DICE: { Unlabeled: 0.0000, Unused: 0.0000, Unused: 0.0000, Unused: 0.0000, Static: 0.0000, Dynamic: 0.0000, Ground: 0.0000, Road: 0.9033, Sidewalk: 0.0000, Parking: 0.0000, Rail track: 0.0000, Building: 0.8280, Wall: 0.0000, Fence: 0.0000, Guard rail: 0.0000, Bridge: 0.0000, Tunnel: 0.0000, Pole: 0.0000, Pole group: 0.0000, Traffic light: 0.0000, Traffic sign: 0.0000, Vegetation: 0.8314, Terrain: 0.0000, Sky: 0.9286, Person: 0.0000, Rider: 0.0000, Car: 0.7206, Truck: 0.0000, Bus: 0.0000, Caravan: 0.0000, Trailer: 0.0000, Train: 0.0000, Motorcycle: 0.0000, Bicycle: 0.0000 }
        MeanDICE: 0.2201
        overAllIOU: 0.6732
    

    Epoch 31:
      Train Loss: 0.6067, Train Accuracy: 0.8075
      Val Loss: 0.6067
      Metrics:
        val_loss: 0.6067
        val_accuracy: 0.8068
        IoU: { Unlabeled: 0.0000, Unused: 0.0000, Unused: 0.0000, Unused: 0.0000, Static: 0.0000, Dynamic: 0.0000, Ground: 0.0000, Road: 0.8097, Sidewalk: 0.0000, Parking: 0.0000, Rail track: 0.0000, Building: 0.7430, Wall: 0.0000, Fence: 0.0000, Guard rail: 0.0000, Bridge: 0.0000, Tunnel: 0.0000, Pole: 0.0000, Pole group: 0.0000, Traffic light: 0.0000, Traffic sign: 0.0000, Vegetation: 0.7097, Terrain: 0.0000, Sky: 0.8818, Person: 0.0000, Rider: 0.0000, Car: 0.5692, Truck: 0.0000, Bus: 0.0000, Caravan: 0.0000, Trailer: 0.0000, Train: 0.0000, Motorcycle: 0.0000, Bicycle: 0.0000 }
        MeanIoU: 0.1941
        PixelAccuracy: 0.8075
        DICE: { Unlabeled: 0.0000, Unused: 0.0000, Unused: 0.0000, Unused: 0.0000, Static: 0.0000, Dynamic: 0.0000, Ground: 0.0000, Road: 0.8945, Sidewalk: 0.0000, Parking: 0.0000, Rail track: 0.0000, Building: 0.8521, Wall: 0.0000, Fence: 0.0000, Guard rail: 0.0000, Bridge: 0.0000, Tunnel: 0.0000, Pole: 0.0000, Pole group: 0.0000, Traffic light: 0.0000, Traffic sign: 0.0000, Vegetation: 0.8296, Terrain: 0.0000, Sky: 0.9370, Person: 0.0000, Rider: 0.0000, Car: 0.7224, Truck: 0.0000, Bus: 0.0000, Caravan: 0.0000, Trailer: 0.0000, Train: 0.0000, Motorcycle: 0.0000, Bicycle: 0.0000 }
        MeanDICE: 0.2213
        overAllIOU: 0.6776
    

    Epoch 32:
      Train Loss: 0.6067, Train Accuracy: 0.8075
      Val Loss: 0.6066
      Metrics:
        val_loss: 0.6066
        val_accuracy: 0.8070
        IoU: { Unlabeled: 0.0000, Unused: 0.0000, Unused: 0.0000, Unused: 0.0000, Static: 0.0000, Dynamic: 0.0000, Ground: 0.0000, Road: 0.8246, Sidewalk: 0.0000, Parking: 0.0000, Rail track: 0.0000, Building: 0.7240, Wall: 0.0000, Fence: 0.0000, Guard rail: 0.0000, Bridge: 0.0000, Tunnel: 0.0000, Pole: 0.0000, Pole group: 0.0000, Traffic light: 0.0000, Traffic sign: 0.0000, Vegetation: 0.7072, Terrain: 0.0000, Sky: 0.8803, Person: 0.0000, Rider: 0.0000, Car: 0.5884, Truck: 0.0000, Bus: 0.0000, Caravan: 0.0000, Trailer: 0.0000, Train: 0.0000, Motorcycle: 0.0000, Bicycle: 0.0000 }
        MeanIoU: 0.1946
        PixelAccuracy: 0.8076
        DICE: { Unlabeled: 0.0000, Unused: 0.0000, Unused: 0.0000, Unused: 0.0000, Static: 0.0000, Dynamic: 0.0000, Ground: 0.0000, Road: 0.9036, Sidewalk: 0.0000, Parking: 0.0000, Rail track: 0.0000, Building: 0.8394, Wall: 0.0000, Fence: 0.0000, Guard rail: 0.0000, Bridge: 0.0000, Tunnel: 0.0000, Pole: 0.0000, Pole group: 0.0000, Traffic light: 0.0000, Traffic sign: 0.0000, Vegetation: 0.8279, Terrain: 0.0000, Sky: 0.9361, Person: 0.0000, Rider: 0.0000, Car: 0.7381, Truck: 0.0000, Bus: 0.0000, Caravan: 0.0000, Trailer: 0.0000, Train: 0.0000, Motorcycle: 0.0000, Bicycle: 0.0000 }
        MeanDICE: 0.2218
        overAllIOU: 0.6777
    

    Epoch 33:
      Train Loss: 0.6065, Train Accuracy: 0.8081
      Val Loss: 0.6064
      Metrics:
        val_loss: 0.6064
        val_accuracy: 0.8078
        IoU: { Unlabeled: 0.0000, Unused: 0.0000, Unused: 0.0000, Unused: 0.0000, Static: 0.0000, Dynamic: 0.0000, Ground: 0.0000, Road: 0.8274, Sidewalk: 0.0000, Parking: 0.0000, Rail track: 0.0000, Building: 0.7304, Wall: 0.0000, Fence: 0.0000, Guard rail: 0.0000, Bridge: 0.0000, Tunnel: 0.0000, Pole: 0.0000, Pole group: 0.0000, Traffic light: 0.0000, Traffic sign: 0.0000, Vegetation: 0.7153, Terrain: 0.0000, Sky: 0.8844, Person: 0.0000, Rider: 0.0000, Car: 0.5431, Truck: 0.0000, Bus: 0.0000, Caravan: 0.0000, Trailer: 0.0000, Train: 0.0000, Motorcycle: 0.0000, Bicycle: 0.0000 }
        MeanIoU: 0.1933
        PixelAccuracy: 0.8084
        DICE: { Unlabeled: 0.0000, Unused: 0.0000, Unused: 0.0000, Unused: 0.0000, Static: 0.0000, Dynamic: 0.0000, Ground: 0.0000, Road: 0.9052, Sidewalk: 0.0000, Parking: 0.0000, Rail track: 0.0000, Building: 0.8437, Wall: 0.0000, Fence: 0.0000, Guard rail: 0.0000, Bridge: 0.0000, Tunnel: 0.0000, Pole: 0.0000, Pole group: 0.0000, Traffic light: 0.0000, Traffic sign: 0.0000, Vegetation: 0.8336, Terrain: 0.0000, Sky: 0.9384, Person: 0.0000, Rider: 0.0000, Car: 0.7005, Truck: 0.0000, Bus: 0.0000, Caravan: 0.0000, Trailer: 0.0000, Train: 0.0000, Motorcycle: 0.0000, Bicycle: 0.0000 }
        MeanDICE: 0.2205
        overAllIOU: 0.6788
    

    Epoch 34:
      Train Loss: 0.6063, Train Accuracy: 0.8089
      Val Loss: 0.6080
      Metrics:
        val_loss: 0.6080
        val_accuracy: 0.8024
        IoU: { Unlabeled: 0.0000, Unused: 0.0000, Unused: 0.0000, Unused: 0.0000, Static: 0.0000, Dynamic: 0.0000, Ground: 0.0000, Road: 0.8409, Sidewalk: 0.0000, Parking: 0.0000, Rail track: 0.0000, Building: 0.7277, Wall: 0.0000, Fence: 0.0000, Guard rail: 0.0000, Bridge: 0.0000, Tunnel: 0.0000, Pole: 0.0000, Pole group: 0.0000, Traffic light: 0.0000, Traffic sign: 0.0000, Vegetation: 0.6726, Terrain: 0.0000, Sky: 0.8595, Person: 0.0000, Rider: 0.0000, Car: 0.5676, Truck: 0.0000, Bus: 0.0000, Caravan: 0.0000, Trailer: 0.0000, Train: 0.0000, Motorcycle: 0.0000, Bicycle: 0.0000 }
        MeanIoU: 0.1918
        PixelAccuracy: 0.8031
        DICE: { Unlabeled: 0.0000, Unused: 0.0000, Unused: 0.0000, Unused: 0.0000, Static: 0.0000, Dynamic: 0.0000, Ground: 0.0000, Road: 0.9133, Sidewalk: 0.0000, Parking: 0.0000, Rail track: 0.0000, Building: 0.8420, Wall: 0.0000, Fence: 0.0000, Guard rail: 0.0000, Bridge: 0.0000, Tunnel: 0.0000, Pole: 0.0000, Pole group: 0.0000, Traffic light: 0.0000, Traffic sign: 0.0000, Vegetation: 0.8034, Terrain: 0.0000, Sky: 0.9243, Person: 0.0000, Rider: 0.0000, Car: 0.7201, Truck: 0.0000, Bus: 0.0000, Caravan: 0.0000, Trailer: 0.0000, Train: 0.0000, Motorcycle: 0.0000, Bicycle: 0.0000 }
        MeanDICE: 0.2197
        overAllIOU: 0.6713
    

    Epoch 35:
      Train Loss: 0.6063, Train Accuracy: 0.8086
      Val Loss: 0.6067
      Metrics:
        val_loss: 0.6067
        val_accuracy: 0.8067
        IoU: { Unlabeled: 0.0000, Unused: 0.0000, Unused: 0.0000, Unused: 0.0000, Static: 0.0000, Dynamic: 0.0000, Ground: 0.0000, Road: 0.8304, Sidewalk: 0.0000, Parking: 0.0000, Rail track: 0.0000, Building: 0.7211, Wall: 0.0000, Fence: 0.0000, Guard rail: 0.0000, Bridge: 0.0000, Tunnel: 0.0000, Pole: 0.0000, Pole group: 0.0000, Traffic light: 0.0000, Traffic sign: 0.0000, Vegetation: 0.6963, Terrain: 0.0000, Sky: 0.8720, Person: 0.0000, Rider: 0.0000, Car: 0.6001, Truck: 0.0000, Bus: 0.0000, Caravan: 0.0000, Trailer: 0.0000, Train: 0.0000, Motorcycle: 0.0000, Bicycle: 0.0000 }
        MeanIoU: 0.1945
        PixelAccuracy: 0.8073
        DICE: { Unlabeled: 0.0000, Unused: 0.0000, Unused: 0.0000, Unused: 0.0000, Static: 0.0000, Dynamic: 0.0000, Ground: 0.0000, Road: 0.9071, Sidewalk: 0.0000, Parking: 0.0000, Rail track: 0.0000, Building: 0.8375, Wall: 0.0000, Fence: 0.0000, Guard rail: 0.0000, Bridge: 0.0000, Tunnel: 0.0000, Pole: 0.0000, Pole group: 0.0000, Traffic light: 0.0000, Traffic sign: 0.0000, Vegetation: 0.8204, Terrain: 0.0000, Sky: 0.9314, Person: 0.0000, Rider: 0.0000, Car: 0.7450, Truck: 0.0000, Bus: 0.0000, Caravan: 0.0000, Trailer: 0.0000, Train: 0.0000, Motorcycle: 0.0000, Bicycle: 0.0000 }
        MeanDICE: 0.2217
        overAllIOU: 0.6773
    

    Epoch 36:
      Train Loss: 0.6060, Train Accuracy: 0.8098
      Val Loss: 0.6054
      Metrics:
        val_loss: 0.6054
        val_accuracy: 0.8110
        IoU: { Unlabeled: 0.0000, Unused: 0.0000, Unused: 0.0000, Unused: 0.0000, Static: 0.0000, Dynamic: 0.0000, Ground: 0.0000, Road: 0.8229, Sidewalk: 0.0000, Parking: 0.0000, Rail track: 0.0000, Building: 0.7387, Wall: 0.0000, Fence: 0.0000, Guard rail: 0.0000, Bridge: 0.0000, Tunnel: 0.0000, Pole: 0.0000, Pole group: 0.0000, Traffic light: 0.0000, Traffic sign: 0.0000, Vegetation: 0.7120, Terrain: 0.0000, Sky: 0.8782, Person: 0.0000, Rider: 0.0000, Car: 0.6256, Truck: 0.0000, Bus: 0.0000, Caravan: 0.0000, Trailer: 0.0000, Train: 0.0000, Motorcycle: 0.0000, Bicycle: 0.0000 }
        MeanIoU: 0.1974
        PixelAccuracy: 0.8117
        DICE: { Unlabeled: 0.0000, Unused: 0.0000, Unused: 0.0000, Unused: 0.0000, Static: 0.0000, Dynamic: 0.0000, Ground: 0.0000, Road: 0.9025, Sidewalk: 0.0000, Parking: 0.0000, Rail track: 0.0000, Building: 0.8493, Wall: 0.0000, Fence: 0.0000, Guard rail: 0.0000, Bridge: 0.0000, Tunnel: 0.0000, Pole: 0.0000, Pole group: 0.0000, Traffic light: 0.0000, Traffic sign: 0.0000, Vegetation: 0.8311, Terrain: 0.0000, Sky: 0.9350, Person: 0.0000, Rider: 0.0000, Car: 0.7671, Truck: 0.0000, Bus: 0.0000, Caravan: 0.0000, Trailer: 0.0000, Train: 0.0000, Motorcycle: 0.0000, Bicycle: 0.0000 }
        MeanDICE: 0.2239
        overAllIOU: 0.6834
    

    Epoch 37:
      Train Loss: 0.6061, Train Accuracy: 0.8095
      Val Loss: 0.6061
      Metrics:
        val_loss: 0.6061
        val_accuracy: 0.8086
        IoU: { Unlabeled: 0.0000, Unused: 0.0000, Unused: 0.0000, Unused: 0.0000, Static: 0.0000, Dynamic: 0.0000, Ground: 0.0000, Road: 0.8183, Sidewalk: 0.0000, Parking: 0.0000, Rail track: 0.0000, Building: 0.7337, Wall: 0.0000, Fence: 0.0000, Guard rail: 0.0000, Bridge: 0.0000, Tunnel: 0.0000, Pole: 0.0000, Pole group: 0.0000, Traffic light: 0.0000, Traffic sign: 0.0000, Vegetation: 0.7225, Terrain: 0.0000, Sky: 0.8790, Person: 0.0000, Rider: 0.0000, Car: 0.5666, Truck: 0.0000, Bus: 0.0000, Caravan: 0.0000, Trailer: 0.0000, Train: 0.0000, Motorcycle: 0.0000, Bicycle: 0.0000 }
        MeanIoU: 0.1945
        PixelAccuracy: 0.8093
        DICE: { Unlabeled: 0.0000, Unused: 0.0000, Unused: 0.0000, Unused: 0.0000, Static: 0.0000, Dynamic: 0.0000, Ground: 0.0000, Road: 0.8997, Sidewalk: 0.0000, Parking: 0.0000, Rail track: 0.0000, Building: 0.8460, Wall: 0.0000, Fence: 0.0000, Guard rail: 0.0000, Bridge: 0.0000, Tunnel: 0.0000, Pole: 0.0000, Pole group: 0.0000, Traffic light: 0.0000, Traffic sign: 0.0000, Vegetation: 0.8383, Terrain: 0.0000, Sky: 0.9354, Person: 0.0000, Rider: 0.0000, Car: 0.7193, Truck: 0.0000, Bus: 0.0000, Caravan: 0.0000, Trailer: 0.0000, Train: 0.0000, Motorcycle: 0.0000, Bicycle: 0.0000 }
        MeanDICE: 0.2215
        overAllIOU: 0.6801
    

    Epoch 38:
      Train Loss: 0.6056, Train Accuracy: 0.8110
      Val Loss: 0.6056
      Metrics:
        val_loss: 0.6056
        val_accuracy: 0.8104
        IoU: { Unlabeled: 0.0000, Unused: 0.0000, Unused: 0.0000, Unused: 0.0000, Static: 0.0000, Dynamic: 0.0000, Ground: 0.0000, Road: 0.8226, Sidewalk: 0.0000, Parking: 0.0000, Rail track: 0.0000, Building: 0.7342, Wall: 0.0000, Fence: 0.0000, Guard rail: 0.0000, Bridge: 0.0000, Tunnel: 0.0000, Pole: 0.0000, Pole group: 0.0000, Traffic light: 0.0000, Traffic sign: 0.0000, Vegetation: 0.7195, Terrain: 0.0000, Sky: 0.8829, Person: 0.0000, Rider: 0.0000, Car: 0.5902, Truck: 0.0000, Bus: 0.0000, Caravan: 0.0000, Trailer: 0.0000, Train: 0.0000, Motorcycle: 0.0000, Bicycle: 0.0000 }
        MeanIoU: 0.1960
        PixelAccuracy: 0.8110
        DICE: { Unlabeled: 0.0000, Unused: 0.0000, Unused: 0.0000, Unused: 0.0000, Static: 0.0000, Dynamic: 0.0000, Ground: 0.0000, Road: 0.9023, Sidewalk: 0.0000, Parking: 0.0000, Rail track: 0.0000, Building: 0.8462, Wall: 0.0000, Fence: 0.0000, Guard rail: 0.0000, Bridge: 0.0000, Tunnel: 0.0000, Pole: 0.0000, Pole group: 0.0000, Traffic light: 0.0000, Traffic sign: 0.0000, Vegetation: 0.8363, Terrain: 0.0000, Sky: 0.9376, Person: 0.0000, Rider: 0.0000, Car: 0.7389, Truck: 0.0000, Bus: 0.0000, Caravan: 0.0000, Trailer: 0.0000, Train: 0.0000, Motorcycle: 0.0000, Bicycle: 0.0000 }
        MeanDICE: 0.2227
        overAllIOU: 0.6824
    

    Epoch 39:
      Train Loss: 0.6057, Train Accuracy: 0.8107
      Val Loss: 0.6060
      Metrics:
        val_loss: 0.6060
        val_accuracy: 0.8090
        IoU: { Unlabeled: 0.0000, Unused: 0.0000, Unused: 0.0000, Unused: 0.0000, Static: 0.0000, Dynamic: 0.0000, Ground: 0.0000, Road: 0.8270, Sidewalk: 0.0000, Parking: 0.0000, Rail track: 0.0000, Building: 0.7353, Wall: 0.0000, Fence: 0.0000, Guard rail: 0.0000, Bridge: 0.0000, Tunnel: 0.0000, Pole: 0.0000, Pole group: 0.0000, Traffic light: 0.0000, Traffic sign: 0.0000, Vegetation: 0.7016, Terrain: 0.0000, Sky: 0.8776, Person: 0.0000, Rider: 0.0000, Car: 0.6020, Truck: 0.0000, Bus: 0.0000, Caravan: 0.0000, Trailer: 0.0000, Train: 0.0000, Motorcycle: 0.0000, Bicycle: 0.0000 }
        MeanIoU: 0.1957
        PixelAccuracy: 0.8096
        DICE: { Unlabeled: 0.0000, Unused: 0.0000, Unused: 0.0000, Unused: 0.0000, Static: 0.0000, Dynamic: 0.0000, Ground: 0.0000, Road: 0.9050, Sidewalk: 0.0000, Parking: 0.0000, Rail track: 0.0000, Building: 0.8471, Wall: 0.0000, Fence: 0.0000, Guard rail: 0.0000, Bridge: 0.0000, Tunnel: 0.0000, Pole: 0.0000, Pole group: 0.0000, Traffic light: 0.0000, Traffic sign: 0.0000, Vegetation: 0.8242, Terrain: 0.0000, Sky: 0.9346, Person: 0.0000, Rider: 0.0000, Car: 0.7483, Truck: 0.0000, Bus: 0.0000, Caravan: 0.0000, Trailer: 0.0000, Train: 0.0000, Motorcycle: 0.0000, Bicycle: 0.0000 }
        MeanDICE: 0.2226
        overAllIOU: 0.6805
    

    Epoch 40:
      Train Loss: 0.6059, Train Accuracy: 0.8102
      Val Loss: 0.6066
      Metrics:
        val_loss: 0.6066
        val_accuracy: 0.8070
        IoU: { Unlabeled: 0.0000, Unused: 0.0000, Unused: 0.0000, Unused: 0.0000, Static: 0.0000, Dynamic: 0.0000, Ground: 0.0000, Road: 0.8379, Sidewalk: 0.0000, Parking: 0.0000, Rail track: 0.0000, Building: 0.7436, Wall: 0.0000, Fence: 0.0000, Guard rail: 0.0000, Bridge: 0.0000, Tunnel: 0.0000, Pole: 0.0000, Pole group: 0.0000, Traffic light: 0.0000, Traffic sign: 0.0000, Vegetation: 0.6920, Terrain: 0.0000, Sky: 0.8697, Person: 0.0000, Rider: 0.0000, Car: 0.5506, Truck: 0.0000, Bus: 0.0000, Caravan: 0.0000, Trailer: 0.0000, Train: 0.0000, Motorcycle: 0.0000, Bicycle: 0.0000 }
        MeanIoU: 0.1931
        PixelAccuracy: 0.8077
        DICE: { Unlabeled: 0.0000, Unused: 0.0000, Unused: 0.0000, Unused: 0.0000, Static: 0.0000, Dynamic: 0.0000, Ground: 0.0000, Road: 0.9115, Sidewalk: 0.0000, Parking: 0.0000, Rail track: 0.0000, Building: 0.8525, Wall: 0.0000, Fence: 0.0000, Guard rail: 0.0000, Bridge: 0.0000, Tunnel: 0.0000, Pole: 0.0000, Pole group: 0.0000, Traffic light: 0.0000, Traffic sign: 0.0000, Vegetation: 0.8173, Terrain: 0.0000, Sky: 0.9301, Person: 0.0000, Rider: 0.0000, Car: 0.7069, Truck: 0.0000, Bus: 0.0000, Caravan: 0.0000, Trailer: 0.0000, Train: 0.0000, Motorcycle: 0.0000, Bicycle: 0.0000 }
        MeanDICE: 0.2204
        overAllIOU: 0.6778
    

    Epoch 41:
      Train Loss: 0.6053, Train Accuracy: 0.8122
      Val Loss: 0.6054
      Metrics:
        val_loss: 0.6054
        val_accuracy: 0.8110
        IoU: { Unlabeled: 0.0000, Unused: 0.0000, Unused: 0.0000, Unused: 0.0000, Static: 0.0000, Dynamic: 0.0000, Ground: 0.0000, Road: 0.8297, Sidewalk: 0.0000, Parking: 0.0000, Rail track: 0.0000, Building: 0.7245, Wall: 0.0000, Fence: 0.0000, Guard rail: 0.0000, Bridge: 0.0000, Tunnel: 0.0000, Pole: 0.0000, Pole group: 0.0000, Traffic light: 0.0000, Traffic sign: 0.0000, Vegetation: 0.7175, Terrain: 0.0000, Sky: 0.8870, Person: 0.0000, Rider: 0.0000, Car: 0.6089, Truck: 0.0000, Bus: 0.0000, Caravan: 0.0000, Trailer: 0.0000, Train: 0.0000, Motorcycle: 0.0000, Bicycle: 0.0000 }
        MeanIoU: 0.1969
        PixelAccuracy: 0.8118
        DICE: { Unlabeled: 0.0000, Unused: 0.0000, Unused: 0.0000, Unused: 0.0000, Static: 0.0000, Dynamic: 0.0000, Ground: 0.0000, Road: 0.9067, Sidewalk: 0.0000, Parking: 0.0000, Rail track: 0.0000, Building: 0.8398, Wall: 0.0000, Fence: 0.0000, Guard rail: 0.0000, Bridge: 0.0000, Tunnel: 0.0000, Pole: 0.0000, Pole group: 0.0000, Traffic light: 0.0000, Traffic sign: 0.0000, Vegetation: 0.8349, Terrain: 0.0000, Sky: 0.9399, Person: 0.0000, Rider: 0.0000, Car: 0.7540, Truck: 0.0000, Bus: 0.0000, Caravan: 0.0000, Trailer: 0.0000, Train: 0.0000, Motorcycle: 0.0000, Bicycle: 0.0000 }
        MeanDICE: 0.2234
        overAllIOU: 0.6836
    

    Epoch 42:
      Train Loss: 0.6052, Train Accuracy: 0.8124
      Val Loss: 0.6056
      Metrics:
        val_loss: 0.6056
        val_accuracy: 0.8107
        IoU: { Unlabeled: 0.0000, Unused: 0.0000, Unused: 0.0000, Unused: 0.0000, Static: 0.0000, Dynamic: 0.0000, Ground: 0.0000, Road: 0.8314, Sidewalk: 0.0000, Parking: 0.0000, Rail track: 0.0000, Building: 0.7129, Wall: 0.0000, Fence: 0.0000, Guard rail: 0.0000, Bridge: 0.0000, Tunnel: 0.0000, Pole: 0.0000, Pole group: 0.0000, Traffic light: 0.0000, Traffic sign: 0.0000, Vegetation: 0.7236, Terrain: 0.0000, Sky: 0.8883, Person: 0.0000, Rider: 0.0000, Car: 0.6066, Truck: 0.0000, Bus: 0.0000, Caravan: 0.0000, Trailer: 0.0000, Train: 0.0000, Motorcycle: 0.0000, Bicycle: 0.0000 }
        MeanIoU: 0.1967
        PixelAccuracy: 0.8113
        DICE: { Unlabeled: 0.0000, Unused: 0.0000, Unused: 0.0000, Unused: 0.0000, Static: 0.0000, Dynamic: 0.0000, Ground: 0.0000, Road: 0.9077, Sidewalk: 0.0000, Parking: 0.0000, Rail track: 0.0000, Building: 0.8319, Wall: 0.0000, Fence: 0.0000, Guard rail: 0.0000, Bridge: 0.0000, Tunnel: 0.0000, Pole: 0.0000, Pole group: 0.0000, Traffic light: 0.0000, Traffic sign: 0.0000, Vegetation: 0.8390, Terrain: 0.0000, Sky: 0.9407, Person: 0.0000, Rider: 0.0000, Car: 0.7525, Truck: 0.0000, Bus: 0.0000, Caravan: 0.0000, Trailer: 0.0000, Train: 0.0000, Motorcycle: 0.0000, Bicycle: 0.0000 }
        MeanDICE: 0.2232
        overAllIOU: 0.6829
    

    Epoch 43:
      Train Loss: 0.6051, Train Accuracy: 0.8129
      Val Loss: 0.6053
      Metrics:
        val_loss: 0.6053
        val_accuracy: 0.8114
        IoU: { Unlabeled: 0.0000, Unused: 0.0000, Unused: 0.0000, Unused: 0.0000, Static: 0.0000, Dynamic: 0.0000, Ground: 0.0000, Road: 0.8302, Sidewalk: 0.0000, Parking: 0.0000, Rail track: 0.0000, Building: 0.7335, Wall: 0.0000, Fence: 0.0000, Guard rail: 0.0000, Bridge: 0.0000, Tunnel: 0.0000, Pole: 0.0000, Pole group: 0.0000, Traffic light: 0.0000, Traffic sign: 0.0000, Vegetation: 0.7003, Terrain: 0.0000, Sky: 0.8885, Person: 0.0000, Rider: 0.0000, Car: 0.6302, Truck: 0.0000, Bus: 0.0000, Caravan: 0.0000, Trailer: 0.0000, Train: 0.0000, Motorcycle: 0.0000, Bicycle: 0.0000 }
        MeanIoU: 0.1977
        PixelAccuracy: 0.8121
        DICE: { Unlabeled: 0.0000, Unused: 0.0000, Unused: 0.0000, Unused: 0.0000, Static: 0.0000, Dynamic: 0.0000, Ground: 0.0000, Road: 0.9069, Sidewalk: 0.0000, Parking: 0.0000, Rail track: 0.0000, Building: 0.8459, Wall: 0.0000, Fence: 0.0000, Guard rail: 0.0000, Bridge: 0.0000, Tunnel: 0.0000, Pole: 0.0000, Pole group: 0.0000, Traffic light: 0.0000, Traffic sign: 0.0000, Vegetation: 0.8231, Terrain: 0.0000, Sky: 0.9408, Person: 0.0000, Rider: 0.0000, Car: 0.7702, Truck: 0.0000, Bus: 0.0000, Caravan: 0.0000, Trailer: 0.0000, Train: 0.0000, Motorcycle: 0.0000, Bicycle: 0.0000 }
        MeanDICE: 0.2240
        overAllIOU: 0.6840
    

    Epoch 44:
      Train Loss: 0.6052, Train Accuracy: 0.8124
      Val Loss: 0.6055
      Metrics:
        val_loss: 0.6055
        val_accuracy: 0.8108
        IoU: { Unlabeled: 0.0000, Unused: 0.0000, Unused: 0.0000, Unused: 0.0000, Static: 0.0000, Dynamic: 0.0000, Ground: 0.0000, Road: 0.8220, Sidewalk: 0.0000, Parking: 0.0000, Rail track: 0.0000, Building: 0.7301, Wall: 0.0000, Fence: 0.0000, Guard rail: 0.0000, Bridge: 0.0000, Tunnel: 0.0000, Pole: 0.0000, Pole group: 0.0000, Traffic light: 0.0000, Traffic sign: 0.0000, Vegetation: 0.7242, Terrain: 0.0000, Sky: 0.8882, Person: 0.0000, Rider: 0.0000, Car: 0.5825, Truck: 0.0000, Bus: 0.0000, Caravan: 0.0000, Trailer: 0.0000, Train: 0.0000, Motorcycle: 0.0000, Bicycle: 0.0000 }
        MeanIoU: 0.1958
        PixelAccuracy: 0.8112
        DICE: { Unlabeled: 0.0000, Unused: 0.0000, Unused: 0.0000, Unused: 0.0000, Static: 0.0000, Dynamic: 0.0000, Ground: 0.0000, Road: 0.9020, Sidewalk: 0.0000, Parking: 0.0000, Rail track: 0.0000, Building: 0.8436, Wall: 0.0000, Fence: 0.0000, Guard rail: 0.0000, Bridge: 0.0000, Tunnel: 0.0000, Pole: 0.0000, Pole group: 0.0000, Traffic light: 0.0000, Traffic sign: 0.0000, Vegetation: 0.8396, Terrain: 0.0000, Sky: 0.9407, Person: 0.0000, Rider: 0.0000, Car: 0.7325, Truck: 0.0000, Bus: 0.0000, Caravan: 0.0000, Trailer: 0.0000, Train: 0.0000, Motorcycle: 0.0000, Bicycle: 0.0000 }
        MeanDICE: 0.2225
        overAllIOU: 0.6827
    

    Epoch 45:
      Train Loss: 0.6048, Train Accuracy: 0.8137
      Val Loss: 0.6045
      Metrics:
        val_loss: 0.6045
        val_accuracy: 0.8140
        IoU: { Unlabeled: 0.0000, Unused: 0.0000, Unused: 0.0000, Unused: 0.0000, Static: 0.0000, Dynamic: 0.0000, Ground: 0.0000, Road: 0.8239, Sidewalk: 0.0000, Parking: 0.0000, Rail track: 0.0000, Building: 0.7324, Wall: 0.0000, Fence: 0.0000, Guard rail: 0.0000, Bridge: 0.0000, Tunnel: 0.0000, Pole: 0.0000, Pole group: 0.0000, Traffic light: 0.0000, Traffic sign: 0.0000, Vegetation: 0.7344, Terrain: 0.0000, Sky: 0.8877, Person: 0.0000, Rider: 0.0000, Car: 0.6209, Truck: 0.0000, Bus: 0.0000, Caravan: 0.0000, Trailer: 0.0000, Train: 0.0000, Motorcycle: 0.0000, Bicycle: 0.0000 }
        MeanIoU: 0.1986
        PixelAccuracy: 0.8147
        DICE: { Unlabeled: 0.0000, Unused: 0.0000, Unused: 0.0000, Unused: 0.0000, Static: 0.0000, Dynamic: 0.0000, Ground: 0.0000, Road: 0.9031, Sidewalk: 0.0000, Parking: 0.0000, Rail track: 0.0000, Building: 0.8451, Wall: 0.0000, Fence: 0.0000, Guard rail: 0.0000, Bridge: 0.0000, Tunnel: 0.0000, Pole: 0.0000, Pole group: 0.0000, Traffic light: 0.0000, Traffic sign: 0.0000, Vegetation: 0.8464, Terrain: 0.0000, Sky: 0.9404, Person: 0.0000, Rider: 0.0000, Car: 0.7636, Truck: 0.0000, Bus: 0.0000, Caravan: 0.0000, Trailer: 0.0000, Train: 0.0000, Motorcycle: 0.0000, Bicycle: 0.0000 }
        MeanDICE: 0.2246
        overAllIOU: 0.6877
    

    Epoch 46:
      Train Loss: 0.6048, Train Accuracy: 0.8138
      Val Loss: 0.6052
      Metrics:
        val_loss: 0.6052
        val_accuracy: 0.8119
        IoU: { Unlabeled: 0.0000, Unused: 0.0000, Unused: 0.0000, Unused: 0.0000, Static: 0.0000, Dynamic: 0.0000, Ground: 0.0000, Road: 0.8375, Sidewalk: 0.0000, Parking: 0.0000, Rail track: 0.0000, Building: 0.7374, Wall: 0.0000, Fence: 0.0000, Guard rail: 0.0000, Bridge: 0.0000, Tunnel: 0.0000, Pole: 0.0000, Pole group: 0.0000, Traffic light: 0.0000, Traffic sign: 0.0000, Vegetation: 0.7016, Terrain: 0.0000, Sky: 0.8845, Person: 0.0000, Rider: 0.0000, Car: 0.6268, Truck: 0.0000, Bus: 0.0000, Caravan: 0.0000, Trailer: 0.0000, Train: 0.0000, Motorcycle: 0.0000, Bicycle: 0.0000 }
        MeanIoU: 0.1979
        PixelAccuracy: 0.8125
        DICE: { Unlabeled: 0.0000, Unused: 0.0000, Unused: 0.0000, Unused: 0.0000, Static: 0.0000, Dynamic: 0.0000, Ground: 0.0000, Road: 0.9113, Sidewalk: 0.0000, Parking: 0.0000, Rail track: 0.0000, Building: 0.8484, Wall: 0.0000, Fence: 0.0000, Guard rail: 0.0000, Bridge: 0.0000, Tunnel: 0.0000, Pole: 0.0000, Pole group: 0.0000, Traffic light: 0.0000, Traffic sign: 0.0000, Vegetation: 0.8239, Terrain: 0.0000, Sky: 0.9385, Person: 0.0000, Rider: 0.0000, Car: 0.7678, Truck: 0.0000, Bus: 0.0000, Caravan: 0.0000, Trailer: 0.0000, Train: 0.0000, Motorcycle: 0.0000, Bicycle: 0.0000 }
        MeanDICE: 0.2241
        overAllIOU: 0.6846
    

    Epoch 47:
      Train Loss: 0.6046, Train Accuracy: 0.8144
      Val Loss: 0.6064
      Metrics:
        val_loss: 0.6064
        val_accuracy: 0.8080
        IoU: { Unlabeled: 0.0000, Unused: 0.0000, Unused: 0.0000, Unused: 0.0000, Static: 0.0000, Dynamic: 0.0000, Ground: 0.0000, Road: 0.8458, Sidewalk: 0.0000, Parking: 0.0000, Rail track: 0.0000, Building: 0.7454, Wall: 0.0000, Fence: 0.0000, Guard rail: 0.0000, Bridge: 0.0000, Tunnel: 0.0000, Pole: 0.0000, Pole group: 0.0000, Traffic light: 0.0000, Traffic sign: 0.0000, Vegetation: 0.6597, Terrain: 0.0000, Sky: 0.8872, Person: 0.0000, Rider: 0.0000, Car: 0.6077, Truck: 0.0000, Bus: 0.0000, Caravan: 0.0000, Trailer: 0.0000, Train: 0.0000, Motorcycle: 0.0000, Bicycle: 0.0000 }
        MeanIoU: 0.1958
        PixelAccuracy: 0.8086
        DICE: { Unlabeled: 0.0000, Unused: 0.0000, Unused: 0.0000, Unused: 0.0000, Static: 0.0000, Dynamic: 0.0000, Ground: 0.0000, Road: 0.9162, Sidewalk: 0.0000, Parking: 0.0000, Rail track: 0.0000, Building: 0.8537, Wall: 0.0000, Fence: 0.0000, Guard rail: 0.0000, Bridge: 0.0000, Tunnel: 0.0000, Pole: 0.0000, Pole group: 0.0000, Traffic light: 0.0000, Traffic sign: 0.0000, Vegetation: 0.7941, Terrain: 0.0000, Sky: 0.9401, Person: 0.0000, Rider: 0.0000, Car: 0.7529, Truck: 0.0000, Bus: 0.0000, Caravan: 0.0000, Trailer: 0.0000, Train: 0.0000, Motorcycle: 0.0000, Bicycle: 0.0000 }
        MeanDICE: 0.2225
        overAllIOU: 0.6791
    

    Epoch 48:
      Train Loss: 0.6048, Train Accuracy: 0.8138
      Val Loss: 0.6046
      Metrics:
        val_loss: 0.6046
        val_accuracy: 0.8137
        IoU: { Unlabeled: 0.0000, Unused: 0.0000, Unused: 0.0000, Unused: 0.0000, Static: 0.0000, Dynamic: 0.0000, Ground: 0.0000, Road: 0.8309, Sidewalk: 0.0000, Parking: 0.0000, Rail track: 0.0000, Building: 0.7398, Wall: 0.0000, Fence: 0.0000, Guard rail: 0.0000, Bridge: 0.0000, Tunnel: 0.0000, Pole: 0.0000, Pole group: 0.0000, Traffic light: 0.0000, Traffic sign: 0.0000, Vegetation: 0.7169, Terrain: 0.0000, Sky: 0.8929, Person: 0.0000, Rider: 0.0000, Car: 0.6061, Truck: 0.0000, Bus: 0.0000, Caravan: 0.0000, Trailer: 0.0000, Train: 0.0000, Motorcycle: 0.0000, Bicycle: 0.0000 }
        MeanIoU: 0.1979
        PixelAccuracy: 0.8144
        DICE: { Unlabeled: 0.0000, Unused: 0.0000, Unused: 0.0000, Unused: 0.0000, Static: 0.0000, Dynamic: 0.0000, Ground: 0.0000, Road: 0.9073, Sidewalk: 0.0000, Parking: 0.0000, Rail track: 0.0000, Building: 0.8501, Wall: 0.0000, Fence: 0.0000, Guard rail: 0.0000, Bridge: 0.0000, Tunnel: 0.0000, Pole: 0.0000, Pole group: 0.0000, Traffic light: 0.0000, Traffic sign: 0.0000, Vegetation: 0.8345, Terrain: 0.0000, Sky: 0.9433, Person: 0.0000, Rider: 0.0000, Car: 0.7512, Truck: 0.0000, Bus: 0.0000, Caravan: 0.0000, Trailer: 0.0000, Train: 0.0000, Motorcycle: 0.0000, Bicycle: 0.0000 }
        MeanDICE: 0.2240
        overAllIOU: 0.6873
    

    Epoch 49:
      Train Loss: 0.6044, Train Accuracy: 0.8150
      Val Loss: 0.6046
      Metrics:
        val_loss: 0.6046
        val_accuracy: 0.8137
        IoU: { Unlabeled: 0.0000, Unused: 0.0000, Unused: 0.0000, Unused: 0.0000, Static: 0.0000, Dynamic: 0.0000, Ground: 0.0000, Road: 0.8301, Sidewalk: 0.0000, Parking: 0.0000, Rail track: 0.0000, Building: 0.7505, Wall: 0.0000, Fence: 0.0000, Guard rail: 0.0000, Bridge: 0.0000, Tunnel: 0.0000, Pole: 0.0000, Pole group: 0.0000, Traffic light: 0.0000, Traffic sign: 0.0000, Vegetation: 0.7173, Terrain: 0.0000, Sky: 0.8881, Person: 0.0000, Rider: 0.0000, Car: 0.5915, Truck: 0.0000, Bus: 0.0000, Caravan: 0.0000, Trailer: 0.0000, Train: 0.0000, Motorcycle: 0.0000, Bicycle: 0.0000 }
        MeanIoU: 0.1974
        PixelAccuracy: 0.8144
        DICE: { Unlabeled: 0.0000, Unused: 0.0000, Unused: 0.0000, Unused: 0.0000, Static: 0.0000, Dynamic: 0.0000, Ground: 0.0000, Road: 0.9068, Sidewalk: 0.0000, Parking: 0.0000, Rail track: 0.0000, Building: 0.8571, Wall: 0.0000, Fence: 0.0000, Guard rail: 0.0000, Bridge: 0.0000, Tunnel: 0.0000, Pole: 0.0000, Pole group: 0.0000, Traffic light: 0.0000, Traffic sign: 0.0000, Vegetation: 0.8349, Terrain: 0.0000, Sky: 0.9406, Person: 0.0000, Rider: 0.0000, Car: 0.7400, Truck: 0.0000, Bus: 0.0000, Caravan: 0.0000, Trailer: 0.0000, Train: 0.0000, Motorcycle: 0.0000, Bicycle: 0.0000 }
        MeanDICE: 0.2236
        overAllIOU: 0.6873
    
Training started at: 2025-01-03 11:19:38.131602
Training ended at: 2025-01-03 14:54:51.668524
Training duration: 3:35:13.536922
Results on Test Data Set :
  IoU:
    0 (Unlabeled): 0.0
    1 (Unused): 0.000000
    2 (Unused): 0.000000
    3 (Unused): 0.000000
    4 (Static): 0.000000
    5 (Dynamic): 0.000000
    6 (Ground): 0.000000
    7 (Road): 0.8357473611831665
    8 (Sidewalk): 0.0
    9 (Parking): 0.000000
    10 (Rail track): 0.000000
    11 (Building): 0.7445831298828125
    12 (Wall): 0.0
    13 (Fence): 0.0
    14 (Guard rail): 0.000000
    15 (Bridge): 0.000000
    16 (Tunnel): 0.000000
    17 (Pole): 0.000000
    18 (Pole group): 0.0
    19 (Traffic light): 0.0
    20 (Traffic sign): 0.0
    21 (Vegetation): 0.6965406537055969
    22 (Terrain): 0.0
    23 (Sky): 0.8871562480926514
    24 (Person): 0.0
    25 (Rider): 0.0
    26 (Car): 0.6555185317993164
    27 (Truck): 0.0
    28 (Bus): 0.0
    29 (Caravan): 0.0
    30 (Trailer): 0.0
    31 (Train): 0.0
    32 (Motorcycle): 0.0
    33 (Bicycle): 0.0
  MeanIoU: 0.19883404672145844
  IoUoverall: 0.6843616366386414
  PixelAccuracy: 0.812420
  DICE:
    0 (Unlabeled): 0.0
    1 (Unused): 0.000000
    2 (Unused): 0.000000
    3 (Unused): 0.000000
    4 (Static): 0.000000
    5 (Dynamic): 0.000000
    6 (Ground): 0.000000
    7 (Road): 0.9103654026985168
    8 (Sidewalk): 0.0
    9 (Parking): 0.000000
    10 (Rail track): 0.000000
    11 (Building): 0.8533874750137329
    12 (Wall): 0.0
    13 (Fence): 0.0
    14 (Guard rail): 0.000000
    15 (Bridge): 0.000000
    16 (Tunnel): 0.000000
    17 (Pole): 0.000000
    18 (Pole group): 0.0
    19 (Traffic light): 0.0
    20 (Traffic sign): 0.0
    21 (Vegetation): 0.8205779790878296
    22 (Terrain): 0.0
    23 (Sky): 0.9400875568389893
    24 (Person): 0.0
    25 (Rider): 0.0
    26 (Car): 0.7905666828155518
    27 (Truck): 0.0
    28 (Bus): 0.0
    29 (Caravan): 0.0
    30 (Trailer): 0.0
    31 (Train): 0.0
    32 (Motorcycle): 0.0
    33 (Bicycle): 0.0
  MeanDICE: 0.224593
  val_loss: 0.605189
  val_accuracy: 0.812412

Testing started at: 2025-01-03 14:54:51.674015
Testing ended at: 2025-01-03 14:55:13.311093
Testing duration: 0:00:21.637078
